#
# There is insufficient memory for the Java Runtime Environment to continue.
# Native memory allocation (malloc) failed to allocate 1186080 bytes. Error detail: Chunk::new
# Possible reasons:
#   The system is out of physical RAM or swap space
#   This process is running with CompressedOops enabled, and the Java Heap may be blocking the growth of the native heap
# Possible solutions:
#   Reduce memory load on the system
#   Increase physical memory or swap space
#   Check if swap backing store is full
#   Decrease Java heap size (-Xmx/-Xms)
#   Decrease number of Java threads
#   Decrease Java thread stack sizes (-Xss)
#   Set larger code cache with -XX:ReservedCodeCacheSize=
#   JVM is running with Unscaled Compressed Oops mode in which the Java heap is
#     placed in the first 4GB address space. The Java Heap base address is the
#     maximum limit for the native heap growth. Please use -XX:HeapBaseMinAddress
#     to set the Java Heap base and to place the Java Heap above 4GB virtual address.
# This output file may be truncated or incomplete.
#
#  Out of Memory Error (arena.cpp:168), pid=12504, tid=19920
#
# JRE version: OpenJDK Runtime Environment Temurin-21.0.8+9 (21.0.8+9) (build 21.0.8+9-LTS)
# Java VM: OpenJDK 64-Bit Server VM Temurin-21.0.8+9 (21.0.8+9-LTS, mixed mode, sharing, tiered, compressed oops, compressed class ptrs, parallel gc, windows-amd64)
# No core dump will be written. Minidumps are not enabled by default on client versions of Windows
#

---------------  S U M M A R Y ------------

Command Line: --add-modules=ALL-SYSTEM --add-opens=java.base/java.util=ALL-UNNAMED --add-opens=java.base/java.lang=ALL-UNNAMED --add-opens=java.base/sun.nio.fs=ALL-UNNAMED -Declipse.application=org.eclipse.jdt.ls.core.id1 -Dosgi.bundles.defaultStartLevel=4 -Declipse.product=org.eclipse.jdt.ls.core.product -Djava.import.generatesMetadataFilesAtProjectRoot=false -DDetectVMInstallationsJob.disabled=true -Dfile.encoding=utf8 -XX:+UseParallelGC -XX:GCTimeRatio=4 -XX:AdaptiveSizePolicyWeight=90 -Dsun.zip.disableMemoryMapping=true -Xmx2G -Xms100m -Xlog:disable -javaagent:c:\Users\hmfar\.vscode\extensions\redhat.java-1.44.0-win32-x64\lombok\lombok-1.18.39-4050.jar -XX:+HeapDumpOnOutOfMemoryError -XX:HeapDumpPath=c:\Users\hmfar\AppData\Roaming\Code\User\workspaceStorage\b6be3db273aae4f6e34850daa762c5b9\redhat.java -Daether.dependencyCollector.impl=bf c:\Users\hmfar\.vscode\extensions\redhat.java-1.44.0-win32-x64\server\plugins\org.eclipse.equinox.launcher_1.7.0.v20250519-0528.jar -configuration c:\Users\hmfar\AppData\Roaming\Code\User\globalStorage\redhat.java\1.44.0\config_win -data c:\Users\hmfar\AppData\Roaming\Code\User\workspaceStorage\b6be3db273aae4f6e34850daa762c5b9\redhat.java\jdt_ws --pipe=\\.\pipe\lsp-88f8b3854fea80e791bbfb5134fce444-sock

Host: 11th Gen Intel(R) Core(TM) i5-11300H @ 3.10GHz, 8 cores, 7G,  Windows 11 , 64 bit Build 26100 (10.0.26100.4768)
Time: Wed Sep  3 20:07:52 2025 Bangladesh Standard Time elapsed time: 27.820865 seconds (0d 0h 0m 27s)

---------------  T H R E A D  ---------------

Current thread (0x00000000196d0fc0):  JavaThread "C2 CompilerThread0" daemon [_thread_in_native, id=19920, stack(0x000000005c920000,0x000000005ca20000) (1024K)]


Current CompileTask:
C2:27820 15081   !   4       org.eclipse.jdt.internal.core.index.DiskIndex::mergeWith (623 bytes)

Stack: [0x000000005c920000,0x000000005ca20000]
Native frames: (J=compiled Java code, j=interpreted, Vv=VM code, C=native code)
V  [jvm.dll+0x6d2449]
V  [jvm.dll+0x8ae341]
V  [jvm.dll+0x8b08be]
V  [jvm.dll+0x8b0fa3]
V  [jvm.dll+0x280c96]
V  [jvm.dll+0xc581d]
V  [jvm.dll+0xc5d53]
V  [jvm.dll+0x3b919c]
V  [jvm.dll+0x1e1409]
V  [jvm.dll+0x249022]
V  [jvm.dll+0x2484af]
V  [jvm.dll+0x1c89ee]
V  [jvm.dll+0x257d4d]
V  [jvm.dll+0x2562ea]
V  [jvm.dll+0x3f2d16]
V  [jvm.dll+0x857e6b]
V  [jvm.dll+0x6d0b0d]
C  [ucrtbase.dll+0x37b0]
C  [KERNEL32.DLL+0x2e8d7]
C  [ntdll.dll+0x3c34c]


---------------  P R O C E S S  ---------------

Threads class SMR info:
_java_thread_list=0x000000007088bb60, length=65, elements={
0x0000000002c4d830, 0x0000000002d0c290, 0x0000000002d0cde0, 0x00000000196b5e80,
0x00000000196b6ad0, 0x00000000196c37c0, 0x00000000196cb650, 0x00000000196d0fc0,
0x00000000196d55a0, 0x000000005cbc5250, 0x000000005ce3dcd0, 0x00000000616fe260,
0x0000000061d0b5c0, 0x000000006166c580, 0x000000006166d3f0, 0x0000000061eecc70,
0x0000000061c52fc0, 0x0000000061d91a50, 0x0000000061d8e5d0, 0x0000000061d8f980,
0x0000000061d913c0, 0x0000000061d8ec60, 0x0000000061d90010, 0x0000000062364070,
0x0000000062364d90, 0x0000000062365420, 0x0000000062364700, 0x0000000062366e60,
0x00000000623674f0, 0x00000000623688a0, 0x0000000062365ab0, 0x0000000062366140,
0x00000000623695c0, 0x0000000062368f30, 0x0000000062367b80, 0x0000000062369c50,
0x00000000623667d0, 0x000000006236a2e0, 0x000000006236a970, 0x0000000064f5b870,
0x0000000064f5e660, 0x0000000064f5ecf0, 0x0000000064f5d2b0, 0x0000000064f5f380,
0x0000000064f5bf00, 0x0000000064f5fa10, 0x0000000064f5c590, 0x0000000064f600a0,
0x0000000064f5cc20, 0x0000000064f61450, 0x0000000064f62e90, 0x0000000064f62170,
0x0000000064f62800, 0x0000000061d906a0, 0x00000000679e7580, 0x00000000679e6ef0,
0x00000000679e7c10, 0x00000000679e82a0, 0x00000000679e8930, 0x00000000679e9ce0,
0x00000000679ec440, 0x00000000679ed7f0, 0x00000000726a7010, 0x00000000726a4f40,
0x00000000726a48b0
}

Java Threads: ( => current thread )
  0x0000000002c4d830 JavaThread "main"                              [_thread_blocked, id=8716, stack(0x0000000002200000,0x0000000002300000) (1024K)]
  0x0000000002d0c290 JavaThread "Reference Handler"          daemon [_thread_blocked, id=23132, stack(0x000000005c320000,0x000000005c420000) (1024K)]
  0x0000000002d0cde0 JavaThread "Finalizer"                  daemon [_thread_blocked, id=22788, stack(0x000000005c420000,0x000000005c520000) (1024K)]
  0x00000000196b5e80 JavaThread "Signal Dispatcher"          daemon [_thread_blocked, id=20980, stack(0x000000005c520000,0x000000005c620000) (1024K)]
  0x00000000196b6ad0 JavaThread "Attach Listener"            daemon [_thread_blocked, id=14332, stack(0x000000005c620000,0x000000005c720000) (1024K)]
  0x00000000196c37c0 JavaThread "Service Thread"             daemon [_thread_blocked, id=1664, stack(0x000000005c720000,0x000000005c820000) (1024K)]
  0x00000000196cb650 JavaThread "Monitor Deflation Thread"   daemon [_thread_blocked, id=13784, stack(0x000000005c820000,0x000000005c920000) (1024K)]
=>0x00000000196d0fc0 JavaThread "C2 CompilerThread0"         daemon [_thread_in_native, id=19920, stack(0x000000005c920000,0x000000005ca20000) (1024K)]
  0x00000000196d55a0 JavaThread "C1 CompilerThread0"         daemon [_thread_in_native, id=18372, stack(0x000000005ca20000,0x000000005cb20000) (1024K)]
  0x000000005cbc5250 JavaThread "Common-Cleaner"             daemon [_thread_blocked, id=17764, stack(0x0000000061000000,0x0000000061100000) (1024K)]
  0x000000005ce3dcd0 JavaThread "Notification Thread"        daemon [_thread_blocked, id=11692, stack(0x0000000061a00000,0x0000000061b00000) (1024K)]
  0x00000000616fe260 JavaThread "Active Thread: Equinox Container: 4d49ab46-37ad-4d80-aa7a-91f2f0646105"        [_thread_blocked, id=19868, stack(0x0000000063330000,0x0000000063430000) (1024K)]
  0x0000000061d0b5c0 JavaThread "Refresh Thread: Equinox Container: 4d49ab46-37ad-4d80-aa7a-91f2f0646105" daemon [_thread_blocked, id=17888, stack(0x0000000063530000,0x0000000063630000) (1024K)]
  0x000000006166c580 JavaThread "Framework Event Dispatcher: Equinox Container: 4d49ab46-37ad-4d80-aa7a-91f2f0646105" daemon [_thread_blocked, id=3896, stack(0x0000000063630000,0x0000000063730000) (1024K)]
  0x000000006166d3f0 JavaThread "Start Level: Equinox Container: 4d49ab46-37ad-4d80-aa7a-91f2f0646105" daemon [_thread_blocked, id=8432, stack(0x0000000063730000,0x0000000063830000) (1024K)]
  0x0000000061eecc70 JavaThread "Bundle File Closer"         daemon [_thread_blocked, id=6624, stack(0x0000000063930000,0x0000000063a30000) (1024K)]
  0x0000000061c52fc0 JavaThread "SCR Component Actor"        daemon [_thread_blocked, id=16784, stack(0x0000000063a30000,0x0000000063b30000) (1024K)]
  0x0000000061d91a50 JavaThread "Worker-JM"                         [_thread_blocked, id=18060, stack(0x0000000063c30000,0x0000000063d30000) (1024K)]
  0x0000000061d8e5d0 JavaThread "JNA Cleaner"                daemon [_thread_blocked, id=12344, stack(0x0000000064070000,0x0000000064170000) (1024K)]
  0x0000000061d8f980 JavaThread "Worker-0"                          [_thread_blocked, id=1504, stack(0x0000000064170000,0x0000000064270000) (1024K)]
  0x0000000061d913c0 JavaThread "Worker-1"                          [_thread_blocked, id=8440, stack(0x0000000064270000,0x0000000064370000) (1024K)]
  0x0000000061d8ec60 JavaThread "Worker-2"                          [_thread_blocked, id=428, stack(0x0000000064370000,0x0000000064470000) (1024K)]
  0x0000000061d90010 JavaThread "Java indexing"              daemon [_thread_in_Java, id=19408, stack(0x0000000066410000,0x0000000066510000) (1024K)]
  0x0000000062364070 JavaThread "Worker-3: Check JDK Index"         [_thread_blocked, id=11096, stack(0x0000000066510000,0x0000000066610000) (1024K)]
  0x0000000062364d90 JavaThread "Thread-2"                   daemon [_thread_in_native, id=20532, stack(0x00000000667e0000,0x00000000668e0000) (1024K)]
  0x0000000062365420 JavaThread "Thread-3"                   daemon [_thread_in_native, id=18688, stack(0x0000000066d40000,0x0000000066e40000) (1024K)]
  0x0000000062364700 JavaThread "Thread-4"                   daemon [_thread_in_native, id=18272, stack(0x0000000066e40000,0x0000000066f40000) (1024K)]
  0x0000000062366e60 JavaThread "Thread-5"                   daemon [_thread_in_native, id=11856, stack(0x0000000066f40000,0x0000000067040000) (1024K)]
  0x00000000623674f0 JavaThread "Thread-6"                   daemon [_thread_in_native, id=1120, stack(0x0000000067040000,0x0000000067140000) (1024K)]
  0x00000000623688a0 JavaThread "Thread-7"                   daemon [_thread_in_native, id=16248, stack(0x0000000067140000,0x0000000067240000) (1024K)]
  0x0000000062365ab0 JavaThread "Thread-8"                   daemon [_thread_in_native, id=4880, stack(0x0000000067240000,0x0000000067340000) (1024K)]
  0x0000000062366140 JavaThread "Thread-9"                   daemon [_thread_in_native, id=1588, stack(0x0000000067340000,0x0000000067440000) (1024K)]
  0x00000000623695c0 JavaThread "Thread-10"                  daemon [_thread_in_native, id=16540, stack(0x0000000067440000,0x0000000067540000) (1024K)]
  0x0000000062368f30 JavaThread "Worker-4"                          [_thread_blocked, id=9660, stack(0x0000000067540000,0x0000000067640000) (1024K)]
  0x0000000062367b80 JavaThread "pool-2-thread-1"                   [_thread_blocked, id=5880, stack(0x0000000067640000,0x0000000067740000) (1024K)]
  0x0000000062369c50 JavaThread "Worker-5: Java indexing... "        [_thread_blocked, id=10740, stack(0x0000000067740000,0x0000000067840000) (1024K)]
  0x00000000623667d0 JavaThread "Worker-6"                          [_thread_blocked, id=23276, stack(0x0000000066610000,0x0000000066710000) (1024K)]
  0x000000006236a2e0 JavaThread "WorkspaceEventsHandler"            [_thread_blocked, id=1084, stack(0x0000000066b40000,0x0000000066c40000) (1024K)]
  0x000000006236a970 JavaThread "pool-1-thread-1"                   [_thread_blocked, id=14532, stack(0x0000000066c40000,0x0000000066d40000) (1024K)]
  0x0000000064f5b870 JavaThread "LocalFile Deleter"          daemon [_thread_blocked, id=11200, stack(0x0000000068810000,0x0000000068910000) (1024K)]
  0x0000000064f5e660 JavaThread "LocalFile Deleter"          daemon [_thread_blocked, id=2804, stack(0x0000000068910000,0x0000000068a10000) (1024K)]
  0x0000000064f5ecf0 JavaThread "LocalFile Deleter"          daemon [_thread_blocked, id=17276, stack(0x0000000068a10000,0x0000000068b10000) (1024K)]
  0x0000000064f5d2b0 JavaThread "LocalFile Deleter"          daemon [_thread_blocked, id=15456, stack(0x0000000068b10000,0x0000000068c10000) (1024K)]
  0x0000000064f5f380 JavaThread "LocalFile Deleter"          daemon [_thread_blocked, id=15480, stack(0x0000000068c10000,0x0000000068d10000) (1024K)]
  0x0000000064f5bf00 JavaThread "LocalFile Deleter"          daemon [_thread_blocked, id=14964, stack(0x0000000071590000,0x0000000071690000) (1024K)]
  0x0000000064f5fa10 JavaThread "LocalFile Deleter"          daemon [_thread_blocked, id=18316, stack(0x0000000071690000,0x0000000071790000) (1024K)]
  0x0000000064f5c590 JavaThread "LocalFile Deleter"          daemon [_thread_blocked, id=2428, stack(0x0000000071790000,0x0000000071890000) (1024K)]
  0x0000000064f600a0 JavaThread "Compiler Source File Reader" daemon [_thread_blocked, id=8848, stack(0x0000000071bf0000,0x0000000071cf0000) (1024K)]
  0x0000000064f5cc20 JavaThread "Compiler Source File Reader" daemon [_thread_blocked, id=20508, stack(0x0000000071cf0000,0x0000000071df0000) (1024K)]
  0x0000000064f61450 JavaThread "Compiler Source File Reader" daemon [_thread_blocked, id=10016, stack(0x0000000071df0000,0x0000000071ef0000) (1024K)]
  0x0000000064f62e90 JavaThread "Compiler Source File Reader" daemon [_thread_blocked, id=14036, stack(0x0000000071ef0000,0x0000000071ff0000) (1024K)]
  0x0000000064f62170 JavaThread "Compiler Source File Reader" daemon [_thread_blocked, id=12772, stack(0x0000000071ff0000,0x00000000720f0000) (1024K)]
  0x0000000064f62800 JavaThread "Compiler Source File Reader" daemon [_thread_blocked, id=2360, stack(0x00000000720f0000,0x00000000721f0000) (1024K)]
  0x0000000061d906a0 JavaThread "Compiler Processing Task"   daemon [_thread_blocked, id=8708, stack(0x0000000063b30000,0x0000000063c30000) (1024K)]
  0x00000000679e7580 JavaThread "Compiler Class File Writer" daemon [_thread_blocked, id=10060, stack(0x0000000071890000,0x0000000071990000) (1024K)]
  0x00000000679e6ef0 JavaThread "Compiler Class File Writer" daemon [_thread_blocked, id=14080, stack(0x0000000071990000,0x0000000071a90000) (1024K)]
  0x00000000679e7c10 JavaThread "Compiler Class File Writer" daemon [_thread_blocked, id=13396, stack(0x0000000071a90000,0x0000000071b90000) (1024K)]
  0x00000000679e82a0 JavaThread "Compiler Class File Writer" daemon [_thread_blocked, id=15052, stack(0x00000000721f0000,0x00000000722f0000) (1024K)]
  0x00000000679e8930 JavaThread "Compiler Class File Writer" daemon [_thread_blocked, id=13980, stack(0x00000000722f0000,0x00000000723f0000) (1024K)]
  0x00000000679e9ce0 JavaThread "Compiler Class File Writer" daemon [_thread_blocked, id=7872, stack(0x00000000743a0000,0x00000000744a0000) (1024K)]
  0x00000000679ec440 JavaThread "ForkJoinPool.commonPool-worker-1" daemon [_thread_blocked, id=7516, stack(0x00000000748d0000,0x00000000749d0000) (1024K)]
  0x00000000679ed7f0 JavaThread "ForkJoinPool.commonPool-worker-2" daemon [_thread_blocked, id=320, stack(0x00000000744a0000,0x00000000745a0000) (1024K)]
  0x00000000726a7010 JavaThread "ForkJoinPool.commonPool-worker-3" daemon [_thread_blocked, id=22888, stack(0x00000000746a0000,0x00000000747a0000) (1024K)]
  0x00000000726a4f40 JavaThread "ForkJoinPool.commonPool-worker-4" daemon [_thread_blocked, id=18332, stack(0x00000000747a0000,0x00000000748a0000) (1024K)]
  0x00000000726a48b0 JavaThread "ForkJoinPool.commonPool-worker-5" daemon [_thread_blocked, id=10964, stack(0x00000000749d0000,0x0000000074ad0000) (1024K)]
Total: 65

Other Threads:
  0x0000000002cf1be0 VMThread "VM Thread"                           [id=16084, stack(0x000000005c220000,0x000000005c320000) (1024K)]
  0x0000000002cbbe50 WatcherThread "VM Periodic Task Thread"        [id=8272, stack(0x00000000196f0000,0x00000000197f0000) (1024K)]
  0x0000000002c6bea0 WorkerThread "GC Thread#0"                     [id=12688, stack(0x0000000002a00000,0x0000000002b00000) (1024K)]
  0x0000000061706250 WorkerThread "GC Thread#1"                     [id=16356, stack(0x0000000062d30000,0x0000000062e30000) (1024K)]
  0x00000000617065f0 WorkerThread "GC Thread#2"                     [id=19616, stack(0x0000000062e30000,0x0000000062f30000) (1024K)]
  0x000000006182e000 WorkerThread "GC Thread#3"                     [id=11828, stack(0x0000000062f30000,0x0000000063030000) (1024K)]
  0x0000000061455ef0 WorkerThread "GC Thread#4"                     [id=2528, stack(0x0000000063030000,0x0000000063130000) (1024K)]
  0x00000000615737a0 WorkerThread "GC Thread#5"                     [id=2000, stack(0x0000000063130000,0x0000000063230000) (1024K)]
  0x0000000061573b40 WorkerThread "GC Thread#6"                     [id=8596, stack(0x0000000063230000,0x0000000063330000) (1024K)]
  0x000000006192ad60 WorkerThread "GC Thread#7"                     [id=17612, stack(0x0000000063430000,0x0000000063530000) (1024K)]
Total: 10

Threads with active compile tasks:
C2 CompilerThread0  27843 15081   !   4       org.eclipse.jdt.internal.core.index.DiskIndex::mergeWith (623 bytes)
Total: 1

VM state: not at safepoint (normal execution)

VM Mutex/Monitor currently owned by a thread: None

Heap address: 0x0000000080000000, size: 2048 MB, Compressed Oops mode: 32-bit

CDS archive(s) mapped at: [0x000000001a000000-0x000000001aba0000-0x000000001aba0000), size 12189696, SharedBaseAddress: 0x000000001a000000, ArchiveRelocationMode: 1.
Compressed class space mapped at: 0x000000001b000000-0x000000005b000000, reserved size: 1073741824
Narrow klass base: 0x000000001a000000, Narrow klass shift: 0, Narrow klass range: 0x100000000

GC Precious Log:
 CardTable entry size: 512
 CPUs: 8 total, 8 available
 Memory: 7975M
 Large Page Support: Disabled
 NUMA Support: Disabled
 Compressed Oops: Enabled (32-bit)
 Alignments: Space 512K, Generation 512K, Heap 2M
 Heap Min Capacity: 100M
 Heap Initial Capacity: 100M
 Heap Max Capacity: 2G
 Pre-touch: Disabled
 Parallel Workers: 8

Heap:
 PSYoungGen      total 8192K, used 4299K [0x00000000d5580000, 0x00000000d5f00000, 0x0000000100000000)
  eden space 7168K, 48% used [0x00000000d5580000,0x00000000d58eae48,0x00000000d5c80000)
  from space 1024K, 78% used [0x00000000d5e00000,0x00000000d5ec8000,0x00000000d5f00000)
  to   space 1024K, 0% used [0x00000000d5d00000,0x00000000d5d00000,0x00000000d5e00000)
 ParOldGen       total 593920K, used 593591K [0x0000000080000000, 0x00000000a4400000, 0x00000000d5580000)
  object space 593920K, 99% used [0x0000000080000000,0x00000000a43ade28,0x00000000a4400000)
 Metaspace       used 68513K, committed 70016K, reserved 1114112K
  class space    used 7038K, committed 7744K, reserved 1048576K

Card table byte_map: [0x00000000025f0000,0x0000000002a00000] _byte_map_base: 0x00000000021f0000

Marking Bits: (ParMarkBitMap*) 0x00007ffc03c5a340
 Begin Bits: [0x00000000150f0000, 0x00000000170f0000)
 End Bits:   [0x00000000170f0000, 0x00000000190f0000)

Polling page: 0x00000000009f0000

Metaspace:

Usage:
  Non-class:     60.03 MB used.
      Class:      6.87 MB used.
       Both:     66.91 MB used.

Virtual space:
  Non-class space:       64.00 MB reserved,      60.81 MB ( 95%) committed,  1 nodes.
      Class space:        1.00 GB reserved,       7.56 MB ( <1%) committed,  1 nodes.
             Both:        1.06 GB reserved,      68.38 MB (  6%) committed. 

Chunk freelists:
   Non-Class:  2.64 MB
       Class:  8.38 MB
        Both:  11.02 MB

MaxMetaspaceSize: unlimited
CompressedClassSpaceSize: 1.00 GB
Initial GC threshold: 21.00 MB
Current GC threshold: 98.12 MB
CDS: on
 - commit_granule_bytes: 65536.
 - commit_granule_words: 8192.
 - virtual_space_node_default_size: 8388608.
 - enlarge_chunks_in_place: 1.
 - use_allocation_guard: 0.


Internal statistics:

num_allocs_failed_limit: 13.
num_arena_births: 1346.
num_arena_deaths: 14.
num_vsnodes_births: 2.
num_vsnodes_deaths: 0.
num_space_committed: 1094.
num_space_uncommitted: 0.
num_chunks_returned_to_freelist: 27.
num_chunks_taken_from_freelist: 4620.
num_chunk_merges: 17.
num_chunk_splits: 2854.
num_chunks_enlarged: 1631.
num_inconsistent_stats: 0.

CodeHeap 'non-profiled nmethods': size=120000Kb used=10675Kb max_used=10675Kb free=109324Kb
 bounds [0x000000000d910000, 0x000000000e380000, 0x0000000014e40000]
CodeHeap 'profiled nmethods': size=120000Kb used=33106Kb max_used=33106Kb free=86893Kb
 bounds [0x0000000005e40000, 0x0000000007ea0000, 0x000000000d370000]
CodeHeap 'non-nmethods': size=5760Kb used=1458Kb max_used=1527Kb free=4301Kb
 bounds [0x000000000d370000, 0x000000000d5e0000, 0x000000000d910000]
CodeCache: size=245760Kb, used=45239Kb, max_used=45308Kb, free=200518Kb
 total_blobs=15023, nmethods=14255, adapters=672, full_count=0
Compilation: enabled, stopped_count=0, restarted_count=0

Compilation events (20 events):
Event: 26.514 Thread 0x00000000196d55a0 nmethod 15078 0x0000000007e8b490 code [0x0000000007e8b640, 0x0000000007e8b7a0]
Event: 26.634 Thread 0x00000000196d0fc0 15079       4       org.eclipse.jdt.internal.compiler.util.Util::scanTypeSignature (206 bytes)
Event: 26.639 Thread 0x00000000196d0fc0 nmethod 15079 0x000000000e37bf90 code [0x000000000e37c180, 0x000000000e37c748]
Event: 26.648 Thread 0x00000000196d55a0 15080       3       org.eclipse.jdt.internal.compiler.classfmt.AnnotationInfo::readTargetValue (322 bytes)
Event: 26.648 Thread 0x00000000196d55a0 nmethod 15080 0x0000000007e8b890 code [0x0000000007e8bb20, 0x0000000007e8cb58]
Event: 26.661 Thread 0x00000000196d0fc0 15081   !   4       org.eclipse.jdt.internal.core.index.DiskIndex::mergeWith (623 bytes)
Event: 26.699 Thread 0x00000000196d55a0 15082       3       sun.nio.cs.StreamEncoder::implFlushBuffer (15 bytes)
Event: 26.699 Thread 0x00000000196d55a0 nmethod 15082 0x0000000007e8d110 code [0x0000000007e8d2c0, 0x0000000007e8d450]
Event: 26.699 Thread 0x00000000196d55a0 15083       3       org.eclipse.core.internal.jobs.JobChangeEvent::<init> (38 bytes)
Event: 26.699 Thread 0x00000000196d55a0 nmethod 15083 0x0000000007e8d510 code [0x0000000007e8d6c0, 0x0000000007e8d888]
Event: 26.699 Thread 0x00000000196d55a0 15084       3       org.eclipse.core.runtime.jobs.IJobChangeListener$1::done (11 bytes)
Event: 26.700 Thread 0x00000000196d55a0 nmethod 15084 0x0000000007e8d990 code [0x0000000007e8db40, 0x0000000007e8dd18]
Event: 26.729 Thread 0x00000000196d55a0 15085       3       org.eclipse.jdt.internal.compiler.classfmt.AnnotationInfo::scanElementValue (256 bytes)
Event: 26.729 Thread 0x00000000196d55a0 nmethod 15085 0x0000000007e8de10 code [0x0000000007e8e040, 0x0000000007e8ea88]
Event: 26.736 Thread 0x00000000196d55a0 15086       3       com.google.gson.stream.JsonWriter::beginObject (12 bytes)
Event: 26.737 Thread 0x00000000196d55a0 nmethod 15086 0x0000000007e8ed90 code [0x0000000007e8efa0, 0x0000000007e8f3a0]
Event: 26.737 Thread 0x00000000196d55a0 15087       3       com.google.gson.stream.JsonWriter::endObject (9 bytes)
Event: 26.737 Thread 0x00000000196d55a0 nmethod 15087 0x0000000007e8f590 code [0x0000000007e8f740, 0x0000000007e8f890]
Event: 26.775 Thread 0x00000000196d55a0 15088       1       org.eclipse.jdt.internal.compiler.classfmt.RecordComponentInfo::sizeInBytes (5 bytes)
Event: 26.775 Thread 0x00000000196d55a0 nmethod 15088 0x000000000e37cb90 code [0x000000000e37cd20, 0x000000000e37cde8]

GC Heap History (20 events):
Event: 26.641 GC heap after
{Heap after GC invocations=753 (full 3):
 PSYoungGen      total 6656K, used 832K [0x00000000d5580000, 0x00000000d5d00000, 0x0000000100000000)
  eden space 5632K, 0% used [0x00000000d5580000,0x00000000d5580000,0x00000000d5b00000)
  from space 1024K, 81% used [0x00000000d5c00000,0x00000000d5cd0000,0x00000000d5d00000)
  to   space 1024K, 0% used [0x00000000d5b00000,0x00000000d5b00000,0x00000000d5c00000)
 ParOldGen       total 585216K, used 584750K [0x0000000080000000, 0x00000000a3b80000, 0x00000000d5580000)
  object space 585216K, 99% used [0x0000000080000000,0x00000000a3b0baf8,0x00000000a3b80000)
 Metaspace       used 68510K, committed 70016K, reserved 1114112K
  class space    used 7038K, committed 7744K, reserved 1048576K
}
Event: 26.651 GC heap before
{Heap before GC invocations=754 (full 3):
 PSYoungGen      total 6656K, used 6464K [0x00000000d5580000, 0x00000000d5d00000, 0x0000000100000000)
  eden space 5632K, 100% used [0x00000000d5580000,0x00000000d5b00000,0x00000000d5b00000)
  from space 1024K, 81% used [0x00000000d5c00000,0x00000000d5cd0000,0x00000000d5d00000)
  to   space 1024K, 0% used [0x00000000d5b00000,0x00000000d5b00000,0x00000000d5c00000)
 ParOldGen       total 585216K, used 584750K [0x0000000080000000, 0x00000000a3b80000, 0x00000000d5580000)
  object space 585216K, 99% used [0x0000000080000000,0x00000000a3b0baf8,0x00000000a3b80000)
 Metaspace       used 68510K, committed 70016K, reserved 1114112K
  class space    used 7038K, committed 7744K, reserved 1048576K
}
Event: 26.653 GC heap after
{Heap after GC invocations=754 (full 3):
 PSYoungGen      total 6656K, used 1016K [0x00000000d5580000, 0x00000000d5e00000, 0x0000000100000000)
  eden space 5632K, 0% used [0x00000000d5580000,0x00000000d5580000,0x00000000d5b00000)
  from space 1024K, 99% used [0x00000000d5b00000,0x00000000d5bfe008,0x00000000d5c00000)
  to   space 1536K, 0% used [0x00000000d5c80000,0x00000000d5c80000,0x00000000d5e00000)
 ParOldGen       total 585728K, used 585462K [0x0000000080000000, 0x00000000a3c00000, 0x00000000d5580000)
  object space 585728K, 99% used [0x0000000080000000,0x00000000a3bbdaf8,0x00000000a3c00000)
 Metaspace       used 68510K, committed 70016K, reserved 1114112K
  class space    used 7038K, committed 7744K, reserved 1048576K
}
Event: 26.708 GC heap before
{Heap before GC invocations=755 (full 3):
 PSYoungGen      total 6656K, used 6648K [0x00000000d5580000, 0x00000000d5e00000, 0x0000000100000000)
  eden space 5632K, 100% used [0x00000000d5580000,0x00000000d5b00000,0x00000000d5b00000)
  from space 1024K, 99% used [0x00000000d5b00000,0x00000000d5bfe008,0x00000000d5c00000)
  to   space 1536K, 0% used [0x00000000d5c80000,0x00000000d5c80000,0x00000000d5e00000)
 ParOldGen       total 585728K, used 585462K [0x0000000080000000, 0x00000000a3c00000, 0x00000000d5580000)
  object space 585728K, 99% used [0x0000000080000000,0x00000000a3bbdaf8,0x00000000a3c00000)
 Metaspace       used 68512K, committed 70016K, reserved 1114112K
  class space    used 7038K, committed 7744K, reserved 1048576K
}
Event: 26.710 GC heap after
{Heap after GC invocations=755 (full 3):
 PSYoungGen      total 6656K, used 672K [0x00000000d5580000, 0x00000000d5d80000, 0x0000000100000000)
  eden space 5632K, 0% used [0x00000000d5580000,0x00000000d5580000,0x00000000d5b00000)
  from space 1024K, 65% used [0x00000000d5c80000,0x00000000d5d28008,0x00000000d5d80000)
  to   space 1024K, 0% used [0x00000000d5b00000,0x00000000d5b00000,0x00000000d5c00000)
 ParOldGen       total 586752K, used 586350K [0x0000000080000000, 0x00000000a3d00000, 0x00000000d5580000)
  object space 586752K, 99% used [0x0000000080000000,0x00000000a3c9bb00,0x00000000a3d00000)
 Metaspace       used 68512K, committed 70016K, reserved 1114112K
  class space    used 7038K, committed 7744K, reserved 1048576K
}
Event: 26.720 GC heap before
{Heap before GC invocations=756 (full 3):
 PSYoungGen      total 6656K, used 6304K [0x00000000d5580000, 0x00000000d5d80000, 0x0000000100000000)
  eden space 5632K, 100% used [0x00000000d5580000,0x00000000d5b00000,0x00000000d5b00000)
  from space 1024K, 65% used [0x00000000d5c80000,0x00000000d5d28008,0x00000000d5d80000)
  to   space 1024K, 0% used [0x00000000d5b00000,0x00000000d5b00000,0x00000000d5c00000)
 ParOldGen       total 586752K, used 586350K [0x0000000080000000, 0x00000000a3d00000, 0x00000000d5580000)
  object space 586752K, 99% used [0x0000000080000000,0x00000000a3c9bb00,0x00000000a3d00000)
 Metaspace       used 68512K, committed 70016K, reserved 1114112K
  class space    used 7038K, committed 7744K, reserved 1048576K
}
Event: 26.721 GC heap after
{Heap after GC invocations=756 (full 3):
 PSYoungGen      total 6656K, used 864K [0x00000000d5580000, 0x00000000d5d00000, 0x0000000100000000)
  eden space 5632K, 0% used [0x00000000d5580000,0x00000000d5580000,0x00000000d5b00000)
  from space 1024K, 84% used [0x00000000d5b00000,0x00000000d5bd8000,0x00000000d5c00000)
  to   space 1024K, 0% used [0x00000000d5c00000,0x00000000d5c00000,0x00000000d5d00000)
 ParOldGen       total 587264K, used 586894K [0x0000000080000000, 0x00000000a3d80000, 0x00000000d5580000)
  object space 587264K, 99% used [0x0000000080000000,0x00000000a3d23b08,0x00000000a3d80000)
 Metaspace       used 68512K, committed 70016K, reserved 1114112K
  class space    used 7038K, committed 7744K, reserved 1048576K
}
Event: 26.732 GC heap before
{Heap before GC invocations=757 (full 3):
 PSYoungGen      total 6656K, used 6496K [0x00000000d5580000, 0x00000000d5d00000, 0x0000000100000000)
  eden space 5632K, 100% used [0x00000000d5580000,0x00000000d5b00000,0x00000000d5b00000)
  from space 1024K, 84% used [0x00000000d5b00000,0x00000000d5bd8000,0x00000000d5c00000)
  to   space 1024K, 0% used [0x00000000d5c00000,0x00000000d5c00000,0x00000000d5d00000)
 ParOldGen       total 587264K, used 586894K [0x0000000080000000, 0x00000000a3d80000, 0x00000000d5580000)
  object space 587264K, 99% used [0x0000000080000000,0x00000000a3d23b08,0x00000000a3d80000)
 Metaspace       used 68512K, committed 70016K, reserved 1114112K
  class space    used 7038K, committed 7744K, reserved 1048576K
}
Event: 26.733 GC heap after
{Heap after GC invocations=757 (full 3):
 PSYoungGen      total 6656K, used 854K [0x00000000d5580000, 0x00000000d5d00000, 0x0000000100000000)
  eden space 5632K, 0% used [0x00000000d5580000,0x00000000d5580000,0x00000000d5b00000)
  from space 1024K, 83% used [0x00000000d5c00000,0x00000000d5cd5808,0x00000000d5d00000)
  to   space 1024K, 0% used [0x00000000d5b00000,0x00000000d5b00000,0x00000000d5c00000)
 ParOldGen       total 587776K, used 587614K [0x0000000080000000, 0x00000000a3e00000, 0x00000000d5580000)
  object space 587776K, 99% used [0x0000000080000000,0x00000000a3dd7b08,0x00000000a3e00000)
 Metaspace       used 68512K, committed 70016K, reserved 1114112K
  class space    used 7038K, committed 7744K, reserved 1048576K
}
Event: 26.744 GC heap before
{Heap before GC invocations=758 (full 3):
 PSYoungGen      total 6656K, used 6486K [0x00000000d5580000, 0x00000000d5d00000, 0x0000000100000000)
  eden space 5632K, 100% used [0x00000000d5580000,0x00000000d5b00000,0x00000000d5b00000)
  from space 1024K, 83% used [0x00000000d5c00000,0x00000000d5cd5808,0x00000000d5d00000)
  to   space 1024K, 0% used [0x00000000d5b00000,0x00000000d5b00000,0x00000000d5c00000)
 ParOldGen       total 587776K, used 587614K [0x0000000080000000, 0x00000000a3e00000, 0x00000000d5580000)
  object space 587776K, 99% used [0x0000000080000000,0x00000000a3dd7b08,0x00000000a3e00000)
 Metaspace       used 68513K, committed 70016K, reserved 1114112K
  class space    used 7038K, committed 7744K, reserved 1048576K
}
Event: 26.745 GC heap after
{Heap after GC invocations=758 (full 3):
 PSYoungGen      total 6656K, used 768K [0x00000000d5580000, 0x00000000d5d00000, 0x0000000100000000)
  eden space 5632K, 0% used [0x00000000d5580000,0x00000000d5580000,0x00000000d5b00000)
  from space 1024K, 75% used [0x00000000d5b00000,0x00000000d5bc0000,0x00000000d5c00000)
  to   space 1024K, 0% used [0x00000000d5c00000,0x00000000d5c00000,0x00000000d5d00000)
 ParOldGen       total 588800K, used 588412K [0x0000000080000000, 0x00000000a3f00000, 0x00000000d5580000)
  object space 588800K, 99% used [0x0000000080000000,0x00000000a3e9f310,0x00000000a3f00000)
 Metaspace       used 68513K, committed 70016K, reserved 1114112K
  class space    used 7038K, committed 7744K, reserved 1048576K
}
Event: 26.754 GC heap before
{Heap before GC invocations=759 (full 3):
 PSYoungGen      total 6656K, used 6400K [0x00000000d5580000, 0x00000000d5d00000, 0x0000000100000000)
  eden space 5632K, 100% used [0x00000000d5580000,0x00000000d5b00000,0x00000000d5b00000)
  from space 1024K, 75% used [0x00000000d5b00000,0x00000000d5bc0000,0x00000000d5c00000)
  to   space 1024K, 0% used [0x00000000d5c00000,0x00000000d5c00000,0x00000000d5d00000)
 ParOldGen       total 588800K, used 588412K [0x0000000080000000, 0x00000000a3f00000, 0x00000000d5580000)
  object space 588800K, 99% used [0x0000000080000000,0x00000000a3e9f310,0x00000000a3f00000)
 Metaspace       used 68513K, committed 70016K, reserved 1114112K
  class space    used 7038K, committed 7744K, reserved 1048576K
}
Event: 26.756 GC heap after
{Heap after GC invocations=759 (full 3):
 PSYoungGen      total 6656K, used 844K [0x00000000d5580000, 0x00000000d5d00000, 0x0000000100000000)
  eden space 5632K, 0% used [0x00000000d5580000,0x00000000d5580000,0x00000000d5b00000)
  from space 1024K, 82% used [0x00000000d5c00000,0x00000000d5cd3008,0x00000000d5d00000)
  to   space 1024K, 0% used [0x00000000d5b00000,0x00000000d5b00000,0x00000000d5c00000)
 ParOldGen       total 589312K, used 589116K [0x0000000080000000, 0x00000000a3f80000, 0x00000000d5580000)
  object space 589312K, 99% used [0x0000000080000000,0x00000000a3f4f310,0x00000000a3f80000)
 Metaspace       used 68513K, committed 70016K, reserved 1114112K
  class space    used 7038K, committed 7744K, reserved 1048576K
}
Event: 26.764 GC heap before
{Heap before GC invocations=760 (full 3):
 PSYoungGen      total 6656K, used 6476K [0x00000000d5580000, 0x00000000d5d00000, 0x0000000100000000)
  eden space 5632K, 100% used [0x00000000d5580000,0x00000000d5b00000,0x00000000d5b00000)
  from space 1024K, 82% used [0x00000000d5c00000,0x00000000d5cd3008,0x00000000d5d00000)
  to   space 1024K, 0% used [0x00000000d5b00000,0x00000000d5b00000,0x00000000d5c00000)
 ParOldGen       total 589312K, used 589116K [0x0000000080000000, 0x00000000a3f80000, 0x00000000d5580000)
  object space 589312K, 99% used [0x0000000080000000,0x00000000a3f4f310,0x00000000a3f80000)
 Metaspace       used 68513K, committed 70016K, reserved 1114112K
  class space    used 7038K, committed 7744K, reserved 1048576K
}
Event: 26.765 GC heap after
{Heap after GC invocations=760 (full 3):
 PSYoungGen      total 6656K, used 768K [0x00000000d5580000, 0x00000000d5d00000, 0x0000000100000000)
  eden space 5632K, 0% used [0x00000000d5580000,0x00000000d5580000,0x00000000d5b00000)
  from space 1024K, 75% used [0x00000000d5b00000,0x00000000d5bc0000,0x00000000d5c00000)
  to   space 1024K, 0% used [0x00000000d5c00000,0x00000000d5c00000,0x00000000d5d00000)
 ParOldGen       total 590336K, used 589872K [0x0000000080000000, 0x00000000a4080000, 0x00000000d5580000)
  object space 590336K, 99% used [0x0000000080000000,0x00000000a400c318,0x00000000a4080000)
 Metaspace       used 68513K, committed 70016K, reserved 1114112K
  class space    used 7038K, committed 7744K, reserved 1048576K
}
Event: 26.775 GC heap before
{Heap before GC invocations=761 (full 3):
 PSYoungGen      total 6656K, used 6400K [0x00000000d5580000, 0x00000000d5d00000, 0x0000000100000000)
  eden space 5632K, 100% used [0x00000000d5580000,0x00000000d5b00000,0x00000000d5b00000)
  from space 1024K, 75% used [0x00000000d5b00000,0x00000000d5bc0000,0x00000000d5c00000)
  to   space 1024K, 0% used [0x00000000d5c00000,0x00000000d5c00000,0x00000000d5d00000)
 ParOldGen       total 590336K, used 589872K [0x0000000080000000, 0x00000000a4080000, 0x00000000d5580000)
  object space 590336K, 99% used [0x0000000080000000,0x00000000a400c318,0x00000000a4080000)
 Metaspace       used 68513K, committed 70016K, reserved 1114112K
  class space    used 7038K, committed 7744K, reserved 1048576K
}
Event: 26.777 GC heap after
{Heap after GC invocations=761 (full 3):
 PSYoungGen      total 6656K, used 864K [0x00000000d5580000, 0x00000000d5d00000, 0x0000000100000000)
  eden space 5632K, 0% used [0x00000000d5580000,0x00000000d5580000,0x00000000d5b00000)
  from space 1024K, 84% used [0x00000000d5c00000,0x00000000d5cd8000,0x00000000d5d00000)
  to   space 1024K, 0% used [0x00000000d5b00000,0x00000000d5b00000,0x00000000d5c00000)
 ParOldGen       total 590848K, used 590551K [0x0000000080000000, 0x00000000a4100000, 0x00000000d5580000)
  object space 590848K, 99% used [0x0000000080000000,0x00000000a40b5e20,0x00000000a4100000)
 Metaspace       used 68513K, committed 70016K, reserved 1114112K
  class space    used 7038K, committed 7744K, reserved 1048576K
}
Event: 26.785 GC heap before
{Heap before GC invocations=762 (full 3):
 PSYoungGen      total 6656K, used 6496K [0x00000000d5580000, 0x00000000d5d00000, 0x0000000100000000)
  eden space 5632K, 100% used [0x00000000d5580000,0x00000000d5b00000,0x00000000d5b00000)
  from space 1024K, 84% used [0x00000000d5c00000,0x00000000d5cd8000,0x00000000d5d00000)
  to   space 1024K, 0% used [0x00000000d5b00000,0x00000000d5b00000,0x00000000d5c00000)
 ParOldGen       total 590848K, used 590551K [0x0000000080000000, 0x00000000a4100000, 0x00000000d5580000)
  object space 590848K, 99% used [0x0000000080000000,0x00000000a40b5e20,0x00000000a4100000)
 Metaspace       used 68513K, committed 70016K, reserved 1114112K
  class space    used 7038K, committed 7744K, reserved 1048576K
}
Event: 26.788 GC heap after
{Heap after GC invocations=762 (full 3):
 PSYoungGen      total 6656K, used 736K [0x00000000d5580000, 0x00000000d5d00000, 0x0000000100000000)
  eden space 5632K, 0% used [0x00000000d5580000,0x00000000d5580000,0x00000000d5b00000)
  from space 1024K, 71% used [0x00000000d5b00000,0x00000000d5bb8000,0x00000000d5c00000)
  to   space 1024K, 0% used [0x00000000d5c00000,0x00000000d5c00000,0x00000000d5d00000)
 ParOldGen       total 591360K, used 591279K [0x0000000080000000, 0x00000000a4180000, 0x00000000d5580000)
  object space 591360K, 99% used [0x0000000080000000,0x00000000a416be20,0x00000000a4180000)
 Metaspace       used 68513K, committed 70016K, reserved 1114112K
  class space    used 7038K, committed 7744K, reserved 1048576K
}
Event: 26.797 GC heap before
{Heap before GC invocations=763 (full 3):
 PSYoungGen      total 6656K, used 6368K [0x00000000d5580000, 0x00000000d5d00000, 0x0000000100000000)
  eden space 5632K, 100% used [0x00000000d5580000,0x00000000d5b00000,0x00000000d5b00000)
  from space 1024K, 71% used [0x00000000d5b00000,0x00000000d5bb8000,0x00000000d5c00000)
  to   space 1024K, 0% used [0x00000000d5c00000,0x00000000d5c00000,0x00000000d5d00000)
 ParOldGen       total 591360K, used 591279K [0x0000000080000000, 0x00000000a4180000, 0x00000000d5580000)
  object space 591360K, 99% used [0x0000000080000000,0x00000000a416be20,0x00000000a4180000)
 Metaspace       used 68513K, committed 70016K, reserved 1114112K
  class space    used 7038K, committed 7744K, reserved 1048576K
}

Dll operation events (10 events):
Event: 0.014 Loaded shared library c:\Users\hmfar\.vscode\extensions\redhat.java-1.44.0-win32-x64\jre\21.0.8-win32-x86_64\bin\java.dll
Event: 0.109 Loaded shared library c:\Users\hmfar\.vscode\extensions\redhat.java-1.44.0-win32-x64\jre\21.0.8-win32-x86_64\bin\zip.dll
Event: 0.133 Loaded shared library C:\Users\hmfar\.vscode\extensions\redhat.java-1.44.0-win32-x64\jre\21.0.8-win32-x86_64\bin\instrument.dll
Event: 0.137 Loaded shared library C:\Users\hmfar\.vscode\extensions\redhat.java-1.44.0-win32-x64\jre\21.0.8-win32-x86_64\bin\net.dll
Event: 0.140 Loaded shared library C:\Users\hmfar\.vscode\extensions\redhat.java-1.44.0-win32-x64\jre\21.0.8-win32-x86_64\bin\nio.dll
Event: 0.143 Loaded shared library C:\Users\hmfar\.vscode\extensions\redhat.java-1.44.0-win32-x64\jre\21.0.8-win32-x86_64\bin\zip.dll
Event: 0.162 Loaded shared library C:\Users\hmfar\.vscode\extensions\redhat.java-1.44.0-win32-x64\jre\21.0.8-win32-x86_64\bin\jimage.dll
Event: 0.238 Loaded shared library c:\Users\hmfar\.vscode\extensions\redhat.java-1.44.0-win32-x64\jre\21.0.8-win32-x86_64\bin\verify.dll
Event: 1.219 Loaded shared library C:\Users\hmfar\AppData\Roaming\Code\User\globalStorage\redhat.java\1.44.0\config_win\org.eclipse.equinox.launcher\org.eclipse.equinox.launcher.win32.win32.x86_64_1.2.1400.v20250730-1736\eclipse_11913.dll
Event: 2.529 Loaded shared library C:\Users\hmfar\AppData\Local\Temp\jna-99394546\jna2098801958360307016.dll

Deoptimization events (20 events):
Event: 21.926 Thread 0x0000000061d90010 DEOPT PACKING pc=0x000000000e2c9cf4 sp=0x000000006650f020
Event: 21.926 Thread 0x0000000061d90010 DEOPT UNPACKING pc=0x000000000d3c6da2 sp=0x000000006650f020 mode 2
Event: 22.313 Thread 0x0000000061d90010 DEOPT PACKING pc=0x0000000005e77aed sp=0x000000006650f390
Event: 22.313 Thread 0x0000000061d90010 DEOPT UNPACKING pc=0x000000000d3c78e2 sp=0x000000006650e888 mode 0
Event: 22.448 Thread 0x0000000062368f30 DEOPT PACKING pc=0x0000000006080f7e sp=0x000000006763eee0
Event: 22.448 Thread 0x0000000062368f30 DEOPT UNPACKING pc=0x000000000d3c78e2 sp=0x000000006763e378 mode 0
Event: 26.380 Thread 0x0000000061d90010 Uncommon trap: trap_request=0xffffff45 fr.pc=0x000000000e1c21f8 relative=0x0000000000000498
Event: 26.380 Thread 0x0000000061d90010 Uncommon trap: reason=unstable_if action=reinterpret pc=0x000000000e1c21f8 method=org.eclipse.jdt.internal.compiler.classfmt.MethodInfo.decodeMethodAnnotations(IZLorg/eclipse/jdt/internal/compiler/classfmt/MethodInfo;)[Lorg/eclipse/jdt/internal/compiler/c
Event: 26.380 Thread 0x0000000061d90010 DEOPT PACKING pc=0x000000000e1c21f8 sp=0x000000006650f1a0
Event: 26.380 Thread 0x0000000061d90010 DEOPT UNPACKING pc=0x000000000d3c6da2 sp=0x000000006650f138 mode 2
Event: 26.381 Thread 0x0000000061d90010 Uncommon trap: trap_request=0xffffff3d fr.pc=0x000000000e36d5a8 relative=0x0000000000001508
Event: 26.381 Thread 0x0000000061d90010 Uncommon trap: reason=unstable_fused_if action=reinterpret pc=0x000000000e36d5a8 method=org.eclipse.jdt.core.Signature.encodeTypeSignature([CIZILjava/lang/StringBuilder;)I @ 38 c2
Event: 26.381 Thread 0x0000000061d90010 DEOPT PACKING pc=0x000000000e36d5a8 sp=0x000000006650f130
Event: 26.381 Thread 0x0000000061d90010 DEOPT UNPACKING pc=0x000000000d3c6da2 sp=0x000000006650f108 mode 2
Event: 26.661 Thread 0x0000000061d90010 DEOPT PACKING pc=0x0000000007a409b8 sp=0x000000006650f240
Event: 26.661 Thread 0x0000000061d90010 DEOPT UNPACKING pc=0x000000000d3c78e2 sp=0x000000006650e858 mode 0
Event: 26.720 Thread 0x0000000061d90010 Uncommon trap: trap_request=0xffffff45 fr.pc=0x000000000e322d44 relative=0x00000000000002e4
Event: 26.720 Thread 0x0000000061d90010 Uncommon trap: reason=unstable_if action=reinterpret pc=0x000000000e322d44 method=org.eclipse.jdt.internal.compiler.classfmt.AnnotationInfo.scanElementValue(I)I @ 167 c2
Event: 26.720 Thread 0x0000000061d90010 DEOPT PACKING pc=0x000000000e322d44 sp=0x000000006650f060
Event: 26.720 Thread 0x0000000061d90010 DEOPT UNPACKING pc=0x000000000d3c6da2 sp=0x000000006650efd8 mode 2

Classes loaded (20 events):
Event: 17.575 Loading class java/nio/charset/CharacterCodingException
Event: 17.575 Loading class java/nio/charset/CharacterCodingException done
Event: 17.575 Loading class java/io/SequenceInputStream
Event: 17.575 Loading class java/io/SequenceInputStream done
Event: 17.682 Loading class java/util/concurrent/CompletableFuture$UniApply
Event: 17.682 Loading class java/util/concurrent/CompletableFuture$UniCompletion
Event: 17.682 Loading class java/util/concurrent/CompletableFuture$UniCompletion done
Event: 17.682 Loading class java/util/concurrent/CompletableFuture$UniApply done
Event: 17.683 Loading class java/util/concurrent/CompletableFuture$UniAccept
Event: 17.683 Loading class java/util/concurrent/CompletableFuture$UniAccept done
Event: 17.683 Loading class java/util/concurrent/CompletableFuture$UniExceptionally
Event: 17.683 Loading class java/util/concurrent/CompletableFuture$UniExceptionally done
Event: 17.731 Loading class java/util/Hashtable$KeySet
Event: 17.731 Loading class java/util/Hashtable$KeySet done
Event: 17.942 Loading class java/lang/invoke/MethodHandleImpl$CountingWrapper$1
Event: 17.943 Loading class java/lang/invoke/MethodHandleImpl$CountingWrapper$1 done
Event: 18.150 Loading class java/lang/UnsupportedClassVersionError
Event: 18.150 Loading class java/lang/UnsupportedClassVersionError done
Event: 20.170 Loading class java/util/HashMap$EntrySpliterator
Event: 20.170 Loading class java/util/HashMap$EntrySpliterator done

Classes unloaded (7 events):
Event: 3.031 Thread 0x0000000002cf1be0 Unloading class 0x000000001b1a7000 'java/lang/invoke/LambdaForm$MH+0x000000001b1a7000'
Event: 3.031 Thread 0x0000000002cf1be0 Unloading class 0x000000001b1a6c00 'java/lang/invoke/LambdaForm$MH+0x000000001b1a6c00'
Event: 3.031 Thread 0x0000000002cf1be0 Unloading class 0x000000001b1a6800 'java/lang/invoke/LambdaForm$MH+0x000000001b1a6800'
Event: 3.031 Thread 0x0000000002cf1be0 Unloading class 0x000000001b1a6400 'java/lang/invoke/LambdaForm$MH+0x000000001b1a6400'
Event: 3.031 Thread 0x0000000002cf1be0 Unloading class 0x000000001b1a6000 'java/lang/invoke/LambdaForm$BMH+0x000000001b1a6000'
Event: 3.031 Thread 0x0000000002cf1be0 Unloading class 0x000000001b1a5c00 'java/lang/invoke/LambdaForm$DMH+0x000000001b1a5c00'
Event: 3.031 Thread 0x0000000002cf1be0 Unloading class 0x000000001b1a4800 'java/lang/invoke/LambdaForm$DMH+0x000000001b1a4800'

Classes redefined (0 events):
No events

Internal exceptions (20 events):
Event: 22.503 Thread 0x0000000061d90010 Exception <a 'sun/nio/fs/WindowsException'{0x00000000d58a28b8}> (0x00000000d58a28b8) 
thrown [s\src\hotspot\share\prims\jni.cpp, line 520]
Event: 22.546 Thread 0x0000000061d90010 Exception <a 'sun/nio/fs/WindowsException'{0x00000000d584fb58}> (0x00000000d584fb58) 
thrown [s\src\hotspot\share\prims\jni.cpp, line 520]
Event: 22.599 Thread 0x0000000061d90010 Exception <a 'sun/nio/fs/WindowsException'{0x00000000d5ad97c8}> (0x00000000d5ad97c8) 
thrown [s\src\hotspot\share\prims\jni.cpp, line 520]
Event: 22.718 Thread 0x0000000061d90010 Exception <a 'sun/nio/fs/WindowsException'{0x00000000d5943210}> (0x00000000d5943210) 
thrown [s\src\hotspot\share\prims\jni.cpp, line 520]
Event: 22.798 Thread 0x0000000061d90010 Exception <a 'sun/nio/fs/WindowsException'{0x00000000d56db4b0}> (0x00000000d56db4b0) 
thrown [s\src\hotspot\share\prims\jni.cpp, line 520]
Event: 23.844 Thread 0x0000000061d90010 Exception <a 'sun/nio/fs/WindowsException'{0x00000000d55aae48}> (0x00000000d55aae48) 
thrown [s\src\hotspot\share\prims\jni.cpp, line 520]
Event: 23.855 Thread 0x0000000061d90010 Exception <a 'sun/nio/fs/WindowsException'{0x00000000d55c95d0}> (0x00000000d55c95d0) 
thrown [s\src\hotspot\share\prims\jni.cpp, line 520]
Event: 23.865 Thread 0x0000000061d90010 Exception <a 'sun/nio/fs/WindowsException'{0x00000000d55e2278}> (0x00000000d55e2278) 
thrown [s\src\hotspot\share\prims\jni.cpp, line 520]
Event: 26.052 Thread 0x0000000061d90010 Exception <a 'sun/nio/fs/WindowsException'{0x00000000d5726ec8}> (0x00000000d5726ec8) 
thrown [s\src\hotspot\share\prims\jni.cpp, line 520]
Event: 26.078 Thread 0x0000000061d90010 Exception <a 'sun/nio/fs/WindowsException'{0x00000000d5a58720}> (0x00000000d5a58720) 
thrown [s\src\hotspot\share\prims\jni.cpp, line 520]
Event: 26.133 Thread 0x0000000061d90010 Exception <a 'sun/nio/fs/WindowsException'{0x00000000d57ecf90}> (0x00000000d57ecf90) 
thrown [s\src\hotspot\share\prims\jni.cpp, line 520]
Event: 26.157 Thread 0x0000000061d90010 Exception <a 'sun/nio/fs/WindowsException'{0x00000000d592c768}> (0x00000000d592c768) 
thrown [s\src\hotspot\share\prims\jni.cpp, line 520]
Event: 26.189 Thread 0x0000000061d90010 Exception <a 'sun/nio/fs/WindowsException'{0x00000000d57926e0}> (0x00000000d57926e0) 
thrown [s\src\hotspot\share\prims\jni.cpp, line 520]
Event: 26.200 Thread 0x0000000061d90010 Exception <a 'sun/nio/fs/WindowsException'{0x00000000d57dc670}> (0x00000000d57dc670) 
thrown [s\src\hotspot\share\prims\jni.cpp, line 520]
Event: 26.368 Thread 0x0000000061d90010 Exception <a 'sun/nio/fs/WindowsException'{0x00000000d5adc6c0}> (0x00000000d5adc6c0) 
thrown [s\src\hotspot\share\prims\jni.cpp, line 520]
Event: 26.397 Thread 0x0000000061d90010 Exception <a 'sun/nio/fs/WindowsException'{0x00000000d57a1e40}> (0x00000000d57a1e40) 
thrown [s\src\hotspot\share\prims\jni.cpp, line 520]
Event: 26.419 Thread 0x0000000061d90010 Exception <a 'sun/nio/fs/WindowsException'{0x00000000d594a0a8}> (0x00000000d594a0a8) 
thrown [s\src\hotspot\share\prims\jni.cpp, line 520]
Event: 26.512 Thread 0x0000000061d90010 Exception <a 'sun/nio/fs/WindowsException'{0x00000000d59cc9d8}> (0x00000000d59cc9d8) 
thrown [s\src\hotspot\share\prims\jni.cpp, line 520]
Event: 26.548 Thread 0x0000000061d90010 Exception <a 'sun/nio/fs/WindowsException'{0x00000000d5a901c8}> (0x00000000d5a901c8) 
thrown [s\src\hotspot\share\prims\jni.cpp, line 520]
Event: 26.696 Thread 0x0000000061d90010 Exception <a 'sun/nio/fs/WindowsException'{0x00000000d59c6660}> (0x00000000d59c6660) 
thrown [s\src\hotspot\share\prims\jni.cpp, line 520]

ZGC Phase Switch (0 events):
No events

VM Operations (20 events):
Event: 26.641 Executing VM operation: ParallelGCFailedAllocation (Allocation Failure) done
Event: 26.651 Executing VM operation: ParallelGCFailedAllocation (Allocation Failure)
Event: 26.653 Executing VM operation: ParallelGCFailedAllocation (Allocation Failure) done
Event: 26.708 Executing VM operation: ParallelGCFailedAllocation (Allocation Failure)
Event: 26.710 Executing VM operation: ParallelGCFailedAllocation (Allocation Failure) done
Event: 26.720 Executing VM operation: ParallelGCFailedAllocation (Allocation Failure)
Event: 26.721 Executing VM operation: ParallelGCFailedAllocation (Allocation Failure) done
Event: 26.732 Executing VM operation: ParallelGCFailedAllocation (Allocation Failure)
Event: 26.733 Executing VM operation: ParallelGCFailedAllocation (Allocation Failure) done
Event: 26.744 Executing VM operation: ParallelGCFailedAllocation (Allocation Failure)
Event: 26.745 Executing VM operation: ParallelGCFailedAllocation (Allocation Failure) done
Event: 26.754 Executing VM operation: ParallelGCFailedAllocation (Allocation Failure)
Event: 26.756 Executing VM operation: ParallelGCFailedAllocation (Allocation Failure) done
Event: 26.764 Executing VM operation: ParallelGCFailedAllocation (Allocation Failure)
Event: 26.766 Executing VM operation: ParallelGCFailedAllocation (Allocation Failure) done
Event: 26.775 Executing VM operation: ParallelGCFailedAllocation (Allocation Failure)
Event: 26.777 Executing VM operation: ParallelGCFailedAllocation (Allocation Failure) done
Event: 26.785 Executing VM operation: ParallelGCFailedAllocation (Allocation Failure)
Event: 26.788 Executing VM operation: ParallelGCFailedAllocation (Allocation Failure) done
Event: 26.797 Executing VM operation: ParallelGCFailedAllocation (Allocation Failure)

Memory protections (0 events):
No events

Nmethod flushes (20 events):
Event: 12.916 Thread 0x0000000002cf1be0 flushing  nmethod 0x0000000006737b90
Event: 12.916 Thread 0x0000000002cf1be0 flushing  nmethod 0x000000000673e510
Event: 12.916 Thread 0x0000000002cf1be0 flushing  nmethod 0x000000000674cb90
Event: 12.916 Thread 0x0000000002cf1be0 flushing  nmethod 0x0000000006750090
Event: 12.916 Thread 0x0000000002cf1be0 flushing  nmethod 0x0000000006752790
Event: 12.916 Thread 0x0000000002cf1be0 flushing  nmethod 0x0000000006756310
Event: 12.916 Thread 0x0000000002cf1be0 flushing  nmethod 0x000000000675f110
Event: 12.916 Thread 0x0000000002cf1be0 flushing  nmethod 0x0000000006764a10
Event: 12.916 Thread 0x0000000002cf1be0 flushing  nmethod 0x000000000678da90
Event: 12.916 Thread 0x0000000002cf1be0 flushing  nmethod 0x000000000678e090
Event: 12.916 Thread 0x0000000002cf1be0 flushing  nmethod 0x000000000678e910
Event: 12.916 Thread 0x0000000002cf1be0 flushing  nmethod 0x000000000678f590
Event: 12.916 Thread 0x0000000002cf1be0 flushing  nmethod 0x0000000006796110
Event: 12.916 Thread 0x0000000002cf1be0 flushing  nmethod 0x000000000679fc90
Event: 12.916 Thread 0x0000000002cf1be0 flushing  nmethod 0x00000000067dcb90
Event: 12.916 Thread 0x0000000002cf1be0 flushing  nmethod 0x000000000680a490
Event: 12.916 Thread 0x0000000002cf1be0 flushing  nmethod 0x000000000680aa10
Event: 12.916 Thread 0x0000000002cf1be0 flushing  nmethod 0x0000000006828d90
Event: 12.916 Thread 0x0000000002cf1be0 flushing  nmethod 0x0000000006847b10
Event: 12.916 Thread 0x0000000002cf1be0 flushing  nmethod 0x0000000006851a10

Events (20 events):
Event: 15.816 Thread 0x00000000679eaa00 Thread exited: 0x00000000679eaa00
Event: 16.194 Thread 0x0000000061d913c0 Thread added: 0x00000000679ec440
Event: 16.194 Thread 0x0000000061d913c0 Thread added: 0x00000000679ed7f0
Event: 16.195 Thread 0x0000000061d913c0 Thread added: 0x00000000679ea370
Event: 16.195 Thread 0x0000000061d913c0 Thread added: 0x00000000679ede80
Event: 16.195 Thread 0x0000000061d913c0 Thread added: 0x00000000679eaa00
Event: 16.240 Thread 0x00000000679ea370 Thread exited: 0x00000000679ea370
Event: 16.240 Thread 0x00000000679ed7f0 Thread exited: 0x00000000679ed7f0
Event: 16.240 Thread 0x00000000679eaa00 Thread exited: 0x00000000679eaa00
Event: 16.240 Thread 0x00000000679ec440 Thread exited: 0x00000000679ec440
Event: 16.240 Thread 0x00000000679ede80 Thread exited: 0x00000000679ede80
Event: 17.683 Thread 0x000000006236a970 Thread added: 0x00000000679ec440
Event: 17.693 Thread 0x000000006236a970 Thread added: 0x00000000679ed7f0
Event: 17.786 Thread 0x0000000061d8ec60 Thread added: 0x00000000679ea370
Event: 19.824 Thread 0x00000000679ec440 Thread added: 0x00000000726a7010
Event: 19.825 Thread 0x00000000679ed7f0 Thread added: 0x00000000726a4f40
Event: 19.825 Thread 0x0000000062368f30 Thread added: 0x00000000726a48b0
Event: 21.436 Thread 0x00000000613b7e60 Thread exited: 0x00000000613b7e60
Event: 21.436 Thread 0x000000005ccc3960 Thread exited: 0x000000005ccc3960
Event: 22.800 Thread 0x00000000679ea370 Thread exited: 0x00000000679ea370


Dynamic libraries:
0x00007ff7f9820000 - 0x00007ff7f982e000 	c:\Users\hmfar\.vscode\extensions\redhat.java-1.44.0-win32-x64\jre\21.0.8-win32-x86_64\bin\java.exe
0x00007ffc97600000 - 0x00007ffc97867000 	C:\WINDOWS\SYSTEM32\ntdll.dll
0x00007ffc955b0000 - 0x00007ffc95679000 	C:\WINDOWS\System32\KERNEL32.DLL
0x00007ffc94d50000 - 0x00007ffc95140000 	C:\WINDOWS\System32\KERNELBASE.dll
0x00007ffc94730000 - 0x00007ffc9487b000 	C:\WINDOWS\System32\ucrtbase.dll
0x00007ffc6dff0000 - 0x00007ffc6e00e000 	c:\Users\hmfar\.vscode\extensions\redhat.java-1.44.0-win32-x64\jre\21.0.8-win32-x86_64\bin\VCRUNTIME140.dll
0x00007ffc85980000 - 0x00007ffc85998000 	c:\Users\hmfar\.vscode\extensions\redhat.java-1.44.0-win32-x64\jre\21.0.8-win32-x86_64\bin\jli.dll
0x00007ffc95ff0000 - 0x00007ffc961b5000 	C:\WINDOWS\System32\USER32.dll
0x00007ffc94c80000 - 0x00007ffc94ca7000 	C:\WINDOWS\System32\win32u.dll
0x00007ffc7c0f0000 - 0x00007ffc7c38a000 	C:\WINDOWS\WinSxS\amd64_microsoft.windows.common-controls_6595b64144ccf1df_6.0.26100.4768_none_3e0c112ce331287c\COMCTL32.dll
0x00007ffc961d0000 - 0x00007ffc961fb000 	C:\WINDOWS\System32\GDI32.dll
0x00007ffc96380000 - 0x00007ffc96429000 	C:\WINDOWS\System32\msvcrt.dll
0x00007ffc94880000 - 0x00007ffc949b8000 	C:\WINDOWS\System32\gdi32full.dll
0x00007ffc94bd0000 - 0x00007ffc94c73000 	C:\WINDOWS\System32\msvcp_win.dll
0x00007ffc95570000 - 0x00007ffc9559f000 	C:\WINDOWS\System32\IMM32.DLL
0x00007ffc84560000 - 0x00007ffc8456c000 	c:\Users\hmfar\.vscode\extensions\redhat.java-1.44.0-win32-x64\jre\21.0.8-win32-x86_64\bin\vcruntime140_1.dll
0x00007ffc37000000 - 0x00007ffc3708d000 	c:\Users\hmfar\.vscode\extensions\redhat.java-1.44.0-win32-x64\jre\21.0.8-win32-x86_64\bin\msvcp140.dll
0x00007ffc02fa0000 - 0x00007ffc03d37000 	c:\Users\hmfar\.vscode\extensions\redhat.java-1.44.0-win32-x64\jre\21.0.8-win32-x86_64\bin\server\jvm.dll
0x00007ffc95390000 - 0x00007ffc95444000 	C:\WINDOWS\System32\ADVAPI32.dll
0x00007ffc95450000 - 0x00007ffc954f6000 	C:\WINDOWS\System32\sechost.dll
0x00007ffc958f0000 - 0x00007ffc95a08000 	C:\WINDOWS\System32\RPCRT4.dll
0x00007ffc95c90000 - 0x00007ffc95d04000 	C:\WINDOWS\System32\WS2_32.dll
0x00007ffc94590000 - 0x00007ffc945ee000 	C:\WINDOWS\SYSTEM32\POWRPROF.dll
0x00007ffc7d560000 - 0x00007ffc7d595000 	C:\WINDOWS\SYSTEM32\WINMM.dll
0x00007ffc83ad0000 - 0x00007ffc83adb000 	C:\WINDOWS\SYSTEM32\VERSION.dll
0x00007ffc94570000 - 0x00007ffc94584000 	C:\WINDOWS\SYSTEM32\UMPDC.dll
0x00007ffc93480000 - 0x00007ffc9349b000 	C:\WINDOWS\SYSTEM32\kernel.appcore.dll
0x00007ffc77480000 - 0x00007ffc7748a000 	c:\Users\hmfar\.vscode\extensions\redhat.java-1.44.0-win32-x64\jre\21.0.8-win32-x86_64\bin\jimage.dll
0x00007ffc91c00000 - 0x00007ffc91e41000 	C:\WINDOWS\SYSTEM32\DBGHELP.DLL
0x00007ffc96ae0000 - 0x00007ffc96e65000 	C:\WINDOWS\System32\combase.dll
0x00007ffc96200000 - 0x00007ffc962e0000 	C:\WINDOWS\System32\OLEAUT32.dll
0x00007ffc78140000 - 0x00007ffc78183000 	C:\WINDOWS\SYSTEM32\dbgcore.DLL
0x00007ffc94cb0000 - 0x00007ffc94d49000 	C:\WINDOWS\System32\bcryptPrimitives.dll
0x00007ffc845c0000 - 0x00007ffc845cf000 	c:\Users\hmfar\.vscode\extensions\redhat.java-1.44.0-win32-x64\jre\21.0.8-win32-x86_64\bin\instrument.dll
0x00007ffc6dfc0000 - 0x00007ffc6dfdf000 	c:\Users\hmfar\.vscode\extensions\redhat.java-1.44.0-win32-x64\jre\21.0.8-win32-x86_64\bin\java.dll
0x00007ffc96e70000 - 0x00007ffc975bd000 	C:\WINDOWS\System32\SHELL32.dll
0x00007ffc94a50000 - 0x00007ffc94bc3000 	C:\WINDOWS\System32\wintypes.dll
0x00007ffc922d0000 - 0x00007ffc92b30000 	C:\WINDOWS\SYSTEM32\windows.storage.dll
0x00007ffc95d10000 - 0x00007ffc95e05000 	C:\WINDOWS\System32\SHCORE.dll
0x00007ffc95500000 - 0x00007ffc9556a000 	C:\WINDOWS\System32\shlwapi.dll
0x00007ffc94650000 - 0x00007ffc94679000 	C:\WINDOWS\SYSTEM32\profapi.dll
0x00007ffc6c670000 - 0x00007ffc6c688000 	c:\Users\hmfar\.vscode\extensions\redhat.java-1.44.0-win32-x64\jre\21.0.8-win32-x86_64\bin\zip.dll
0x00007ffc84430000 - 0x00007ffc84440000 	C:\Users\hmfar\.vscode\extensions\redhat.java-1.44.0-win32-x64\jre\21.0.8-win32-x86_64\bin\net.dll
0x00007ffc83860000 - 0x00007ffc8397e000 	C:\WINDOWS\SYSTEM32\WINHTTP.dll
0x00007ffc939f0000 - 0x00007ffc93a5b000 	C:\WINDOWS\system32\mswsock.dll
0x00007ffc84220000 - 0x00007ffc84236000 	C:\Users\hmfar\.vscode\extensions\redhat.java-1.44.0-win32-x64\jre\21.0.8-win32-x86_64\bin\nio.dll
0x00007ffc84160000 - 0x00007ffc84170000 	c:\Users\hmfar\.vscode\extensions\redhat.java-1.44.0-win32-x64\jre\21.0.8-win32-x86_64\bin\verify.dll
0x00007ffc6a3b0000 - 0x00007ffc6a3f5000 	C:\Users\hmfar\AppData\Roaming\Code\User\globalStorage\redhat.java\1.44.0\config_win\org.eclipse.equinox.launcher\org.eclipse.equinox.launcher.win32.win32.x86_64_1.2.1400.v20250730-1736\eclipse_11913.dll
0x00007ffc95e40000 - 0x00007ffc95fe0000 	C:\WINDOWS\System32\ole32.dll
0x00007ffc93ce0000 - 0x00007ffc93cfb000 	C:\WINDOWS\SYSTEM32\CRYPTSP.dll
0x00007ffc933d0000 - 0x00007ffc9340b000 	C:\WINDOWS\system32\rsaenh.dll
0x00007ffc93aa0000 - 0x00007ffc93acb000 	C:\WINDOWS\SYSTEM32\USERENV.dll
0x00007ffc94620000 - 0x00007ffc94646000 	C:\WINDOWS\SYSTEM32\bcrypt.dll
0x00007ffc93d00000 - 0x00007ffc93d0c000 	C:\WINDOWS\SYSTEM32\CRYPTBASE.dll
0x00007ffc92e50000 - 0x00007ffc92e83000 	C:\WINDOWS\SYSTEM32\IPHLPAPI.DLL
0x00007ffc96620000 - 0x00007ffc9662a000 	C:\WINDOWS\System32\NSI.dll
0x00007ffc66b60000 - 0x00007ffc66ba9000 	C:\Users\hmfar\AppData\Local\Temp\jna-99394546\jna2098801958360307016.dll
0x00007ffc962f0000 - 0x00007ffc962f8000 	C:\WINDOWS\System32\PSAPI.DLL
0x00007ffc810c0000 - 0x00007ffc810df000 	C:\WINDOWS\SYSTEM32\dhcpcsvc6.DLL
0x00007ffc80c10000 - 0x00007ffc80c35000 	C:\WINDOWS\SYSTEM32\dhcpcsvc.DLL

JVMTI agents:
c:\Users\hmfar\.vscode\extensions\redhat.java-1.44.0-win32-x64\lombok\lombok-1.18.39-4050.jar path:c:\Users\hmfar\.vscode\extensions\redhat.java-1.44.0-win32-x64\jre\21.0.8-win32-x86_64\bin\instrument.dll, loaded, initialized, instrumentlib options:none

dbghelp: loaded successfully - version: 4.0.5 - missing functions: none
symbol engine: initialized successfully - sym options: 0x614 - pdb path: .;c:\Users\hmfar\.vscode\extensions\redhat.java-1.44.0-win32-x64\jre\21.0.8-win32-x86_64\bin;C:\WINDOWS\SYSTEM32;C:\WINDOWS\WinSxS\amd64_microsoft.windows.common-controls_6595b64144ccf1df_6.0.26100.4768_none_3e0c112ce331287c;c:\Users\hmfar\.vscode\extensions\redhat.java-1.44.0-win32-x64\jre\21.0.8-win32-x86_64\bin\server;C:\Users\hmfar\AppData\Roaming\Code\User\globalStorage\redhat.java\1.44.0\config_win\org.eclipse.equinox.launcher\org.eclipse.equinox.launcher.win32.win32.x86_64_1.2.1400.v20250730-1736;C:\Users\hmfar\AppData\Local\Temp\jna-99394546

VM Arguments:
jvm_args: --add-modules=ALL-SYSTEM --add-opens=java.base/java.util=ALL-UNNAMED --add-opens=java.base/java.lang=ALL-UNNAMED --add-opens=java.base/sun.nio.fs=ALL-UNNAMED -Declipse.application=org.eclipse.jdt.ls.core.id1 -Dosgi.bundles.defaultStartLevel=4 -Declipse.product=org.eclipse.jdt.ls.core.product -Djava.import.generatesMetadataFilesAtProjectRoot=false -DDetectVMInstallationsJob.disabled=true -Dfile.encoding=utf8 -XX:+UseParallelGC -XX:GCTimeRatio=4 -XX:AdaptiveSizePolicyWeight=90 -Dsun.zip.disableMemoryMapping=true -Xmx2G -Xms100m -Xlog:disable -javaagent:c:\Users\hmfar\.vscode\extensions\redhat.java-1.44.0-win32-x64\lombok\lombok-1.18.39-4050.jar -XX:+HeapDumpOnOutOfMemoryError -XX:HeapDumpPath=c:\Users\hmfar\AppData\Roaming\Code\User\workspaceStorage\b6be3db273aae4f6e34850daa762c5b9\redhat.java -Daether.dependencyCollector.impl=bf 
java_command: c:\Users\hmfar\.vscode\extensions\redhat.java-1.44.0-win32-x64\server\plugins\org.eclipse.equinox.launcher_1.7.0.v20250519-0528.jar -configuration c:\Users\hmfar\AppData\Roaming\Code\User\globalStorage\redhat.java\1.44.0\config_win -data c:\Users\hmfar\AppData\Roaming\Code\User\workspaceStorage\b6be3db273aae4f6e34850daa762c5b9\redhat.java\jdt_ws --pipe=\\.\pipe\lsp-88f8b3854fea80e791bbfb5134fce444-sock
java_class_path (initial): c:\Users\hmfar\.vscode\extensions\redhat.java-1.44.0-win32-x64\server\plugins\org.eclipse.equinox.launcher_1.7.0.v20250519-0528.jar
Launcher Type: SUN_STANDARD

[Global flags]
    uintx AdaptiveSizePolicyWeight                 = 90                                        {product} {command line}
     intx CICompilerCount                          = 4                                         {product} {ergonomic}
    uintx GCTimeRatio                              = 4                                         {product} {command line}
     bool HeapDumpOnOutOfMemoryError               = true                                   {manageable} {command line}
    ccstr HeapDumpPath                             = c:\Users\hmfar\AppData\Roaming\Code\User\workspaceStorage\b6be3db273aae4f6e34850daa762c5b9\redhat.java         {manageable} {command line}
   size_t InitialHeapSize                          = 104857600                                 {product} {command line}
   size_t MaxHeapSize                              = 2147483648                                {product} {command line}
   size_t MaxNewSize                               = 715653120                                 {product} {ergonomic}
   size_t MinHeapDeltaBytes                        = 524288                                    {product} {ergonomic}
   size_t MinHeapSize                              = 104857600                                 {product} {command line}
   size_t NewSize                                  = 34603008                                  {product} {ergonomic}
    uintx NonNMethodCodeHeapSize                   = 5839372                                {pd product} {ergonomic}
    uintx NonProfiledCodeHeapSize                  = 122909434                              {pd product} {ergonomic}
   size_t OldSize                                  = 70254592                                  {product} {ergonomic}
    uintx ProfiledCodeHeapSize                     = 122909434                              {pd product} {ergonomic}
    uintx ReservedCodeCacheSize                    = 251658240                              {pd product} {ergonomic}
     bool SegmentedCodeCache                       = true                                      {product} {ergonomic}
   size_t SoftMaxHeapSize                          = 2147483648                             {manageable} {ergonomic}
     bool UseCompressedOops                        = true                           {product lp64_product} {ergonomic}
     bool UseLargePagesIndividualAllocation        = false                                  {pd product} {ergonomic}
     bool UseParallelGC                            = true                                      {product} {command line}

Logging:
Log output configuration:
 #0: stdout all=off uptime,level,tags foldmultilines=false
 #1: stderr all=off uptime,level,tags foldmultilines=false

Environment Variables:
JAVA_HOME=C:\Program Files\Java\jdk-17
PATH=C:\Program Files\Common Files\Oracle\Java\javapath;C:\Program Files\Java\jdk1.8.0_172\bin;C:\Program Files (x86)\Common Files\Intel\Shared Libraries\redist\intel64\compiler;C:\Python311\Scripts\;C:\Python311\;C:\Program Files (x86)\Common Files\Oracle\Java\javapath;C:\WINDOWS\system32;C:\WINDOWS;C:\WINDOWS\System32\Wbem;C:\WINDOWS\System32\WindowsPowerShell\v1.0\;C:\WINDOWS\System32\OpenSSH\;C:\ProgramData\chocolatey\bin;D:\Programming\apache-maven-3.8.6-bin\apache-maven-3.8.6\bin;C:\Program Files\PuTTY\;C:\Program Files\nodejs\;C:\Program Files\Java\jdk-17\bin;C:\Program Files\Java\jdk-11\bin;C:\Users\hmfar\AppData\Local\Microsoft\WindowsApps;C:\Users\hmfar\AppData\Local\Programs\Microsoft VS Code\bin;C:\Users\hmfar\AppData\Roaming\npm;
USERNAME=hmfar
OS=Windows_NT
PROCESSOR_IDENTIFIER=Intel64 Family 6 Model 140 Stepping 1, GenuineIntel
TMP=C:\Users\hmfar\AppData\Local\Temp
TEMP=C:\Users\hmfar\AppData\Local\Temp




Periodic native trim disabled

---------------  S Y S T E M  ---------------

OS:
 Windows 11 , 64 bit Build 26100 (10.0.26100.4768)
OS uptime: 1 days 7:53 hours
Hyper-V role detected

CPU: total 8 (initial active 8) (4 cores per cpu, 2 threads per core) family 6 model 140 stepping 1 microcode 0x86, cx8, cmov, fxsr, ht, mmx, 3dnowpref, sse, sse2, sse3, ssse3, sse4.1, sse4.2, popcnt, lzcnt, tsc, tscinvbit, avx, avx2, aes, erms, clmul, bmi1, bmi2, adx, avx512f, avx512dq, avx512cd, avx512bw, avx512vl, sha, fma, vzeroupper, avx512_vpopcntdq, avx512_vpclmulqdq, avx512_vaes, avx512_vnni, clflush, clflushopt, clwb, avx512_vbmi2, avx512_vbmi, hv, rdtscp, rdpid, fsrm, gfni, avx512_bitalg, f16c, cet_ibt, cet_ss, avx512_ifma
Processor Information for the first 8 processors :
  Max Mhz: 3110, Current Mhz: 3110, Mhz Limit: 3110

Memory: 4k page, system-wide physical 7975M (1258M free)
TotalPageFile size 26602M (AvailPageFile size 3M)
current process WorkingSet (physical memory assigned to process): 943M, peak: 943M
current process commit charge ("private bytes"): 893M, peak: 893M

vm_info: OpenJDK 64-Bit Server VM (21.0.8+9-LTS) for windows-amd64 JRE (21.0.8+9-LTS), built on 2025-07-15T00:00:00Z by "admin" with MS VC++ 17.7 (VS2022)

END.
