#
# There is insufficient memory for the Java Runtime Environment to continue.
# Native memory allocation (malloc) failed to allocate 146096 bytes. Error detail: Chunk::new
# Possible reasons:
#   The system is out of physical RAM or swap space
#   This process is running with CompressedOops enabled, and the Java Heap may be blocking the growth of the native heap
# Possible solutions:
#   Reduce memory load on the system
#   Increase physical memory or swap space
#   Check if swap backing store is full
#   Decrease Java heap size (-Xmx/-Xms)
#   Decrease number of Java threads
#   Decrease Java thread stack sizes (-Xss)
#   Set larger code cache with -XX:ReservedCodeCacheSize=
#   JVM is running with Unscaled Compressed Oops mode in which the Java heap is
#     placed in the first 4GB address space. The Java Heap base address is the
#     maximum limit for the native heap growth. Please use -XX:HeapBaseMinAddress
#     to set the Java Heap base and to place the Java Heap above 4GB virtual address.
# This output file may be truncated or incomplete.
#
#  Out of Memory Error (arena.cpp:168), pid=18348, tid=2580
#
# JRE version: OpenJDK Runtime Environment Temurin-21.0.8+9 (21.0.8+9) (build 21.0.8+9-LTS)
# Java VM: OpenJDK 64-Bit Server VM Temurin-21.0.8+9 (21.0.8+9-LTS, mixed mode, sharing, tiered, compressed oops, compressed class ptrs, parallel gc, windows-amd64)
# No core dump will be written. Minidumps are not enabled by default on client versions of Windows
#

---------------  S U M M A R Y ------------

Command Line: --add-modules=ALL-SYSTEM --add-opens=java.base/java.util=ALL-UNNAMED --add-opens=java.base/java.lang=ALL-UNNAMED --add-opens=java.base/sun.nio.fs=ALL-UNNAMED -Declipse.application=org.eclipse.jdt.ls.core.id1 -Dosgi.bundles.defaultStartLevel=4 -Declipse.product=org.eclipse.jdt.ls.core.product -Djava.import.generatesMetadataFilesAtProjectRoot=false -DDetectVMInstallationsJob.disabled=true -Dfile.encoding=utf8 -XX:+UseParallelGC -XX:GCTimeRatio=4 -XX:AdaptiveSizePolicyWeight=90 -Dsun.zip.disableMemoryMapping=true -Xmx2G -Xms100m -Xlog:disable -javaagent:c:\Users\hmfar\.vscode\extensions\redhat.java-1.44.0-win32-x64\lombok\lombok-1.18.39-4050.jar -XX:+HeapDumpOnOutOfMemoryError -XX:HeapDumpPath=c:\Users\hmfar\AppData\Roaming\Code\User\workspaceStorage\b6be3db273aae4f6e34850daa762c5b9\redhat.java -Daether.dependencyCollector.impl=bf c:\Users\hmfar\.vscode\extensions\redhat.java-1.44.0-win32-x64\server\plugins\org.eclipse.equinox.launcher_1.7.0.v20250519-0528.jar -configuration c:\Users\hmfar\AppData\Roaming\Code\User\globalStorage\redhat.java\1.44.0\config_win -data c:\Users\hmfar\AppData\Roaming\Code\User\workspaceStorage\b6be3db273aae4f6e34850daa762c5b9\redhat.java\jdt_ws --pipe=\\.\pipe\lsp-02ea912f84a4ff96670fc7222d667747-sock

Host: 11th Gen Intel(R) Core(TM) i5-11300H @ 3.10GHz, 8 cores, 7G,  Windows 11 , 64 bit Build 26100 (10.0.26100.4768)
Time: Wed Sep  3 20:05:43 2025 Bangladesh Standard Time elapsed time: 307.681755 seconds (0d 0h 5m 7s)

---------------  T H R E A D  ---------------

Current thread (0x000000005c940e60):  JavaThread "C2 CompilerThread0" daemon [_thread_in_native, id=2580, stack(0x000000005cd20000,0x000000005ce20000) (1024K)]


Current CompileTask:
C2:307681 15332       4       java.io.DataOutputStream::writeInt (28 bytes)

Stack: [0x000000005cd20000,0x000000005ce20000]
Native frames: (J=compiled Java code, j=interpreted, Vv=VM code, C=native code)
V  [jvm.dll+0x6d2449]
V  [jvm.dll+0x8ae341]
V  [jvm.dll+0x8b08be]
V  [jvm.dll+0x8b0fa3]
V  [jvm.dll+0x280c96]
V  [jvm.dll+0xc581d]
V  [jvm.dll+0xc5d53]
V  [jvm.dll+0x3b9162]
V  [jvm.dll+0x385315]
V  [jvm.dll+0x38477a]
V  [jvm.dll+0x248ed0]
V  [jvm.dll+0x2484af]
V  [jvm.dll+0x1c89ee]
V  [jvm.dll+0x257d4d]
V  [jvm.dll+0x2562ea]
V  [jvm.dll+0x3f2d16]
V  [jvm.dll+0x857e6b]
V  [jvm.dll+0x6d0b0d]
C  [ucrtbase.dll+0x37b0]
C  [KERNEL32.DLL+0x2e8d7]
C  [ntdll.dll+0x3c34c]


---------------  P R O C E S S  ---------------

Threads class SMR info:
_java_thread_list=0x000000007090f780, length=53, elements={
0x0000000002d342f0, 0x0000000002ded470, 0x0000000019795b10, 0x0000000019798330,
0x0000000019798f80, 0x000000001979b380, 0x00000000197a6750, 0x000000005c940e60,
0x00000000197b7ff0, 0x000000005ca00360, 0x0000000061278200, 0x0000000061dec120,
0x0000000061ee0800, 0x0000000061c080f0, 0x000000006188ab20, 0x0000000062329030,
0x000000006239bb30, 0x000000006206c030, 0x000000006206b9a0, 0x00000000645615c0,
0x00000000645622e0, 0x0000000064563690, 0x00000000645608a0, 0x0000000064561c50,
0x0000000064562970, 0x0000000064560210, 0x0000000064560f30, 0x0000000064565df0,
0x0000000064566480, 0x0000000064564a40, 0x0000000064565760, 0x00000000645643b0,
0x0000000064563d20, 0x0000000064567830, 0x0000000065d87a30, 0x0000000065d89b00,
0x0000000065d86680, 0x0000000065d8a190, 0x0000000065d8aeb0, 0x0000000065d8b540,
0x0000000065d880c0, 0x0000000065d8cf80, 0x0000000065d8bbd0, 0x0000000065d8c260,
0x000000006243cf80, 0x000000006243aeb0, 0x000000006243c8f0, 0x000000006243bbd0,
0x0000000062439b00, 0x000000006243c260, 0x000000006243e330, 0x00000000646bf440,
0x00000000646bedb0
}

Java Threads: ( => current thread )
  0x0000000002d342f0 JavaThread "main"                              [_thread_blocked, id=3612, stack(0x00000000022e0000,0x00000000023e0000) (1024K)]
  0x0000000002ded470 JavaThread "Reference Handler"          daemon [_thread_blocked, id=18624, stack(0x000000005c320000,0x000000005c420000) (1024K)]
  0x0000000019795b10 JavaThread "Finalizer"                  daemon [_thread_blocked, id=13728, stack(0x000000005c420000,0x000000005c520000) (1024K)]
  0x0000000019798330 JavaThread "Signal Dispatcher"          daemon [_thread_blocked, id=15396, stack(0x000000005c520000,0x000000005c620000) (1024K)]
  0x0000000019798f80 JavaThread "Attach Listener"            daemon [_thread_blocked, id=18796, stack(0x000000005c620000,0x000000005c720000) (1024K)]
  0x000000001979b380 JavaThread "Service Thread"             daemon [_thread_blocked, id=12700, stack(0x000000005c720000,0x000000005c820000) (1024K)]
  0x00000000197a6750 JavaThread "Monitor Deflation Thread"   daemon [_thread_blocked, id=22660, stack(0x000000005c820000,0x000000005c920000) (1024K)]
=>0x000000005c940e60 JavaThread "C2 CompilerThread0"         daemon [_thread_in_native, id=2580, stack(0x000000005cd20000,0x000000005ce20000) (1024K)]
  0x00000000197b7ff0 JavaThread "C1 CompilerThread0"         daemon [_thread_blocked, id=6556, stack(0x000000005ce20000,0x000000005cf20000) (1024K)]
  0x000000005ca00360 JavaThread "Common-Cleaner"             daemon [_thread_blocked, id=516, stack(0x0000000061000000,0x0000000061100000) (1024K)]
  0x0000000061278200 JavaThread "Notification Thread"        daemon [_thread_blocked, id=4936, stack(0x0000000061a00000,0x0000000061b00000) (1024K)]
  0x0000000061dec120 JavaThread "Active Thread: Equinox Container: ab9fe2cc-8fef-4084-8415-836c0fc50bd9"        [_thread_blocked, id=13812, stack(0x0000000063330000,0x0000000063430000) (1024K)]
  0x0000000061ee0800 JavaThread "Refresh Thread: Equinox Container: ab9fe2cc-8fef-4084-8415-836c0fc50bd9" daemon [_thread_blocked, id=17628, stack(0x0000000063530000,0x0000000063630000) (1024K)]
  0x0000000061c080f0 JavaThread "Framework Event Dispatcher: Equinox Container: ab9fe2cc-8fef-4084-8415-836c0fc50bd9" daemon [_thread_blocked, id=3092, stack(0x0000000063630000,0x0000000063730000) (1024K)]
  0x000000006188ab20 JavaThread "Start Level: Equinox Container: ab9fe2cc-8fef-4084-8415-836c0fc50bd9" daemon [_thread_blocked, id=13608, stack(0x0000000063730000,0x0000000063830000) (1024K)]
  0x0000000062329030 JavaThread "Bundle File Closer"         daemon [_thread_blocked, id=19552, stack(0x0000000063930000,0x0000000063a30000) (1024K)]
  0x000000006239bb30 JavaThread "SCR Component Actor"        daemon [_thread_blocked, id=14580, stack(0x0000000061b00000,0x0000000061c00000) (1024K)]
  0x000000006206c030 JavaThread "Worker-JM"                         [_thread_blocked, id=10300, stack(0x0000000063b30000,0x0000000063c30000) (1024K)]
  0x000000006206b9a0 JavaThread "JNA Cleaner"                daemon [_thread_blocked, id=2040, stack(0x0000000061100000,0x0000000061200000) (1024K)]
  0x00000000645615c0 JavaThread "Java indexing"              daemon [_thread_blocked, id=16672, stack(0x0000000065440000,0x0000000065540000) (1024K)]
  0x00000000645622e0 JavaThread "Worker-3"                          [_thread_blocked, id=15472, stack(0x0000000066510000,0x0000000066610000) (1024K)]
  0x0000000064563690 JavaThread "Thread-2"                   daemon [_thread_in_native, id=7176, stack(0x0000000066bd0000,0x0000000066cd0000) (1024K)]
  0x00000000645608a0 JavaThread "Thread-3"                   daemon [_thread_in_native, id=23136, stack(0x0000000066cd0000,0x0000000066dd0000) (1024K)]
  0x0000000064561c50 JavaThread "Thread-4"                   daemon [_thread_in_native, id=6528, stack(0x0000000066dd0000,0x0000000066ed0000) (1024K)]
  0x0000000064562970 JavaThread "Thread-5"                   daemon [_thread_in_native, id=16788, stack(0x0000000066ed0000,0x0000000066fd0000) (1024K)]
  0x0000000064560210 JavaThread "Thread-6"                   daemon [_thread_in_native, id=23404, stack(0x0000000066fd0000,0x00000000670d0000) (1024K)]
  0x0000000064560f30 JavaThread "Thread-7"                   daemon [_thread_in_native, id=4464, stack(0x00000000670d0000,0x00000000671d0000) (1024K)]
  0x0000000064565df0 JavaThread "Thread-8"                   daemon [_thread_in_native, id=20864, stack(0x00000000671d0000,0x00000000672d0000) (1024K)]
  0x0000000064566480 JavaThread "Thread-9"                   daemon [_thread_in_native, id=14932, stack(0x00000000672d0000,0x00000000673d0000) (1024K)]
  0x0000000064564a40 JavaThread "Thread-10"                  daemon [_thread_in_native, id=11900, stack(0x00000000673d0000,0x00000000674d0000) (1024K)]
  0x0000000064565760 JavaThread "pool-2-thread-1"                   [_thread_blocked, id=22800, stack(0x0000000066830000,0x0000000066930000) (1024K)]
  0x00000000645643b0 JavaThread "Worker-6"                          [_thread_blocked, id=2760, stack(0x0000000066710000,0x0000000066810000) (1024K)]
  0x0000000064563d20 JavaThread "WorkspaceEventsHandler"            [_thread_blocked, id=21100, stack(0x0000000068920000,0x0000000068a20000) (1024K)]
  0x0000000064567830 JavaThread "pool-1-thread-1"                   [_thread_blocked, id=540, stack(0x0000000068a20000,0x0000000068b20000) (1024K)]
  0x0000000065d87a30 JavaThread "LocalFile Deleter"          daemon [_thread_blocked, id=5920, stack(0x0000000071460000,0x0000000071560000) (1024K)]
  0x0000000065d89b00 JavaThread "LocalFile Deleter"          daemon [_thread_blocked, id=16400, stack(0x0000000071560000,0x0000000071660000) (1024K)]
  0x0000000065d86680 JavaThread "LocalFile Deleter"          daemon [_thread_blocked, id=22048, stack(0x0000000071660000,0x0000000071760000) (1024K)]
  0x0000000065d8a190 JavaThread "LocalFile Deleter"          daemon [_thread_blocked, id=19860, stack(0x0000000071760000,0x0000000071860000) (1024K)]
  0x0000000065d8aeb0 JavaThread "Compiler Source File Reader" daemon [_thread_blocked, id=23344, stack(0x0000000071960000,0x0000000071a60000) (1024K)]
  0x0000000065d8b540 JavaThread "Compiler Source File Reader" daemon [_thread_blocked, id=1456, stack(0x0000000071a60000,0x0000000071b60000) (1024K)]
  0x0000000065d880c0 JavaThread "Compiler Source File Reader" daemon [_thread_blocked, id=12040, stack(0x0000000071b60000,0x0000000071c60000) (1024K)]
  0x0000000065d8cf80 JavaThread "Compiler Source File Reader" daemon [_thread_blocked, id=1168, stack(0x0000000071c60000,0x0000000071d60000) (1024K)]
  0x0000000065d8bbd0 JavaThread "Compiler Source File Reader" daemon [_thread_blocked, id=11356, stack(0x00000000720e0000,0x00000000721e0000) (1024K)]
  0x0000000065d8c260 JavaThread "Compiler Source File Reader" daemon [_thread_blocked, id=20780, stack(0x0000000072320000,0x0000000072420000) (1024K)]
  0x000000006243cf80 JavaThread "Compiler Class File Writer" daemon [_thread_blocked, id=2820, stack(0x0000000071d60000,0x0000000071e60000) (1024K)]
  0x000000006243aeb0 JavaThread "Compiler Class File Writer" daemon [_thread_blocked, id=3480, stack(0x0000000071e60000,0x0000000071f60000) (1024K)]
  0x000000006243c8f0 JavaThread "Compiler Class File Writer" daemon [_thread_blocked, id=2444, stack(0x0000000071f60000,0x0000000072060000) (1024K)]
  0x000000006243bbd0 JavaThread "Compiler Class File Writer" daemon [_thread_blocked, id=13448, stack(0x00000000721e0000,0x00000000722e0000) (1024K)]
  0x0000000062439b00 JavaThread "Compiler Class File Writer" daemon [_thread_blocked, id=4372, stack(0x0000000072420000,0x0000000072520000) (1024K)]
  0x000000006243c260 JavaThread "Compiler Class File Writer" daemon [_thread_blocked, id=15516, stack(0x0000000072520000,0x0000000072620000) (1024K)]
  0x000000006243e330 JavaThread "ForkJoinPool.commonPool-worker-3" daemon [_thread_blocked, id=19344, stack(0x0000000073cb0000,0x0000000073db0000) (1024K)]
  0x00000000646bf440 JavaThread "ForkJoinPool.commonPool-worker-5" daemon [_thread_blocked, id=20604, stack(0x00000000752b0000,0x00000000753b0000) (1024K)]
  0x00000000646bedb0 JavaThread "ForkJoinPool.commonPool-worker-6" daemon [_thread_blocked, id=22832, stack(0x00000000737c0000,0x00000000738c0000) (1024K)]
Total: 53

Other Threads:
  0x0000000002dd33b0 VMThread "VM Thread"                           [id=17008, stack(0x000000005c220000,0x000000005c320000) (1024K)]
  0x0000000002da08b0 WatcherThread "VM Periodic Task Thread"        [id=16364, stack(0x0000000002be0000,0x0000000002ce0000) (1024K)]
  0x0000000002d52760 WorkerThread "GC Thread#0"                     [id=18596, stack(0x0000000002ae0000,0x0000000002be0000) (1024K)]
  0x000000006151c780 WorkerThread "GC Thread#1"                     [id=12476, stack(0x0000000062d30000,0x0000000062e30000) (1024K)]
  0x000000006151cb20 WorkerThread "GC Thread#2"                     [id=12088, stack(0x0000000062e30000,0x0000000062f30000) (1024K)]
  0x0000000061762c70 WorkerThread "GC Thread#3"                     [id=16360, stack(0x0000000062f30000,0x0000000063030000) (1024K)]
  0x0000000061763e90 WorkerThread "GC Thread#4"                     [id=15288, stack(0x0000000063030000,0x0000000063130000) (1024K)]
  0x0000000061763af0 WorkerThread "GC Thread#5"                     [id=16504, stack(0x0000000063130000,0x0000000063230000) (1024K)]
  0x00000000617645d0 WorkerThread "GC Thread#6"                     [id=19248, stack(0x0000000063230000,0x0000000063330000) (1024K)]
  0x0000000061763010 WorkerThread "GC Thread#7"                     [id=8260, stack(0x0000000063430000,0x0000000063530000) (1024K)]
Total: 10

Threads with active compile tasks:
C2 CompilerThread0  308715 15332       4       java.io.DataOutputStream::writeInt (28 bytes)
Total: 1

VM state: not at safepoint (normal execution)

VM Mutex/Monitor currently owned by a thread: None

Heap address: 0x0000000080000000, size: 2048 MB, Compressed Oops mode: 32-bit

CDS archive(s) mapped at: [0x000000001a000000-0x000000001aba0000-0x000000001aba0000), size 12189696, SharedBaseAddress: 0x000000001a000000, ArchiveRelocationMode: 1.
Compressed class space mapped at: 0x000000001b000000-0x000000005b000000, reserved size: 1073741824
Narrow klass base: 0x000000001a000000, Narrow klass shift: 0, Narrow klass range: 0x100000000

GC Precious Log:
 CardTable entry size: 512
 CPUs: 8 total, 8 available
 Memory: 7975M
 Large Page Support: Disabled
 NUMA Support: Disabled
 Compressed Oops: Enabled (32-bit)
 Alignments: Space 512K, Generation 512K, Heap 2M
 Heap Min Capacity: 100M
 Heap Initial Capacity: 100M
 Heap Max Capacity: 2G
 Pre-touch: Disabled
 Parallel Workers: 8

Heap:
 PSYoungGen      total 16896K, used 16012K [0x00000000d5580000, 0x00000000d6c00000, 0x0000000100000000)
  eden space 14848K, 95% used [0x00000000d5580000,0x00000000d6361940,0x00000000d6400000)
  from space 2048K, 87% used [0x00000000d6a00000,0x00000000d6bc18b8,0x00000000d6c00000)
  to   space 2560K, 0% used [0x00000000d6700000,0x00000000d6700000,0x00000000d6980000)
 ParOldGen       total 723968K, used 723507K [0x0000000080000000, 0x00000000ac300000, 0x00000000d5580000)
  object space 723968K, 99% used [0x0000000080000000,0x00000000ac28cc68,0x00000000ac300000)
 Metaspace       used 69508K, committed 71232K, reserved 1114112K
  class space    used 7101K, committed 7872K, reserved 1048576K

Card table byte_map: [0x00000000026d0000,0x0000000002ae0000] _byte_map_base: 0x00000000022d0000

Marking Bits: (ParMarkBitMap*) 0x00007ffc03c5a340
 Begin Bits: [0x00000000151d0000, 0x00000000171d0000)
 End Bits:   [0x00000000171d0000, 0x00000000191d0000)

Polling page: 0x00000000009f0000

Metaspace:

Usage:
  Non-class:     60.94 MB used.
      Class:      6.94 MB used.
       Both:     67.88 MB used.

Virtual space:
  Non-class space:       64.00 MB reserved,      61.88 MB ( 97%) committed,  1 nodes.
      Class space:        1.00 GB reserved,       7.69 MB ( <1%) committed,  1 nodes.
             Both:        1.06 GB reserved,      69.56 MB (  6%) committed. 

Chunk freelists:
   Non-Class:  1.86 MB
       Class:  8.29 MB
        Both:  10.15 MB

MaxMetaspaceSize: unlimited
CompressedClassSpaceSize: 1.00 GB
Initial GC threshold: 21.00 MB
Current GC threshold: 97.31 MB
CDS: on
 - commit_granule_bytes: 65536.
 - commit_granule_words: 8192.
 - virtual_space_node_default_size: 8388608.
 - enlarge_chunks_in_place: 1.
 - use_allocation_guard: 0.


Internal statistics:

num_allocs_failed_limit: 9.
num_arena_births: 1370.
num_arena_deaths: 14.
num_vsnodes_births: 2.
num_vsnodes_deaths: 0.
num_space_committed: 1113.
num_space_uncommitted: 0.
num_chunks_returned_to_freelist: 23.
num_chunks_taken_from_freelist: 4768.
num_chunk_merges: 13.
num_chunk_splits: 2903.
num_chunks_enlarged: 1615.
num_inconsistent_stats: 0.

CodeHeap 'non-profiled nmethods': size=120000Kb used=12854Kb max_used=12854Kb free=107145Kb
 bounds [0x000000000d9f0000, 0x000000000e680000, 0x0000000014f20000]
CodeHeap 'profiled nmethods': size=120000Kb used=35383Kb max_used=35383Kb free=84616Kb
 bounds [0x0000000005f20000, 0x00000000081b0000, 0x000000000d450000]
CodeHeap 'non-nmethods': size=5760Kb used=1463Kb max_used=1549Kb free=4296Kb
 bounds [0x000000000d450000, 0x000000000d6c0000, 0x000000000d9f0000]
CodeCache: size=245760Kb, used=49700Kb, max_used=49786Kb, free=196057Kb
 total_blobs=15299, nmethods=14531, adapters=672, full_count=0
Compilation: enabled, stopped_count=0, restarted_count=0

Compilation events (20 events):
Event: 303.632 Thread 0x00000000197b7ff0 15337       3       java.io.BufferedOutputStream::<init> (12 bytes)
Event: 303.632 Thread 0x00000000197b7ff0 nmethod 15337 0x00000000081a7e10 code [0x00000000081a7fe0, 0x00000000081a8428]
Event: 303.632 Thread 0x00000000197b7ff0 15338       3       java.io.BufferedOutputStream::initialBufferSize (23 bytes)
Event: 303.632 Thread 0x00000000197b7ff0 nmethod 15338 0x00000000081a8590 code [0x00000000081a8760, 0x00000000081a8b10]
Event: 303.638 Thread 0x00000000197b7ff0 15343       3       org.eclipse.core.internal.resources.MarkerManager::snap (11 bytes)
Event: 303.638 Thread 0x00000000197b7ff0 nmethod 15343 0x00000000081a8c10 code [0x00000000081a8dc0, 0x00000000081a8f18]
Event: 303.638 Thread 0x00000000197b7ff0 15344       3       org.eclipse.core.internal.resources.MarkerWriter::snap (153 bytes)
Event: 304.646 Thread 0x00000000197b7ff0 nmethod 15344 0x00000000081a9010 code [0x00000000081a9400, 0x00000000081ab1d0]
Event: 304.646 Thread 0x00000000197b7ff0 15341       3       org.eclipse.core.internal.resources.SaveManager$$Lambda/0x000000001b5d7b00::visitElement (35 bytes)
Event: 304.646 Thread 0x00000000197b7ff0 nmethod 15341 0x00000000081abd10 code [0x00000000081abec0, 0x00000000081ac058]
Event: 304.646 Thread 0x00000000197b7ff0 15342   !   3       org.eclipse.core.internal.resources.SaveManager::lambda$11 (132 bytes)
Event: 304.646 Thread 0x00000000197b7ff0 nmethod 15342 0x00000000081ac110 code [0x00000000081ac360, 0x00000000081acb50]
Event: 304.646 Thread 0x00000000197b7ff0 15345       3       org.eclipse.core.internal.resources.Synchronizer::snapSyncInfo (11 bytes)
Event: 304.647 Thread 0x00000000197b7ff0 nmethod 15345 0x00000000081ad090 code [0x00000000081ad240, 0x00000000081ad398]
Event: 304.760 Thread 0x00000000197b7ff0 15346       3       org.eclipse.core.internal.jobs.DeadlockDetector::resizeGraph (93 bytes)
Event: 304.761 Thread 0x00000000197b7ff0 nmethod 15346 0x00000000081ad490 code [0x00000000081ad660, 0x00000000081adb78]
Event: 304.765 Thread 0x00000000197b7ff0 15347       1       org.eclipse.core.internal.watson.ElementTree::getDataTree (5 bytes)
Event: 304.765 Thread 0x00000000197b7ff0 nmethod 15347 0x000000000e67b010 code [0x000000000e67b1a0, 0x000000000e67b268]
Event: 305.668 Thread 0x000000005c940e60 nmethod 15331% 0x000000000e67b310 code [0x000000000e67b600, 0x000000000e67c860]
Event: 305.668 Thread 0x000000005c940e60 15332       4       java.io.DataOutputStream::writeInt (28 bytes)

GC Heap History (20 events):
Event: 34.962 GC heap before
{Heap before GC invocations=1206 (full 3):
 PSYoungGen      total 22528K, used 22528K [0x00000000d5580000, 0x00000000d6d00000, 0x0000000100000000)
  eden space 22016K, 100% used [0x00000000d5580000,0x00000000d6b00000,0x00000000d6b00000)
  from space 512K, 100% used [0x00000000d6c00000,0x00000000d6c80000,0x00000000d6c80000)
  to   space 1024K, 0% used [0x00000000d6b00000,0x00000000d6b00000,0x00000000d6c00000)
 ParOldGen       total 710656K, used 710300K [0x0000000080000000, 0x00000000ab600000, 0x00000000d5580000)
  object space 710656K, 99% used [0x0000000080000000,0x00000000ab5a7270,0x00000000ab600000)
 Metaspace       used 67930K, committed 69568K, reserved 1114112K
  class space    used 6954K, committed 7680K, reserved 1048576K
}
Event: 34.964 GC heap after
{Heap after GC invocations=1206 (full 3):
 PSYoungGen      total 23040K, used 384K [0x00000000d5580000, 0x00000000d6c80000, 0x0000000100000000)
  eden space 22016K, 0% used [0x00000000d5580000,0x00000000d5580000,0x00000000d6b00000)
  from space 1024K, 37% used [0x00000000d6b00000,0x00000000d6b60000,0x00000000d6c00000)
  to   space 512K, 0% used [0x00000000d6c00000,0x00000000d6c00000,0x00000000d6c80000)
 ParOldGen       total 711168K, used 710724K [0x0000000080000000, 0x00000000ab680000, 0x00000000d5580000)
  object space 711168K, 99% used [0x0000000080000000,0x00000000ab611270,0x00000000ab680000)
 Metaspace       used 67930K, committed 69568K, reserved 1114112K
  class space    used 6954K, committed 7680K, reserved 1048576K
}
Event: 34.983 GC heap before
{Heap before GC invocations=1207 (full 3):
 PSYoungGen      total 23040K, used 22400K [0x00000000d5580000, 0x00000000d6c80000, 0x0000000100000000)
  eden space 22016K, 100% used [0x00000000d5580000,0x00000000d6b00000,0x00000000d6b00000)
  from space 1024K, 37% used [0x00000000d6b00000,0x00000000d6b60000,0x00000000d6c00000)
  to   space 512K, 0% used [0x00000000d6c00000,0x00000000d6c00000,0x00000000d6c80000)
 ParOldGen       total 711168K, used 710725K [0x0000000080000000, 0x00000000ab680000, 0x00000000d5580000)
  object space 711168K, 99% used [0x0000000080000000,0x00000000ab611608,0x00000000ab680000)
 Metaspace       used 67937K, committed 69568K, reserved 1114112K
  class space    used 6954K, committed 7680K, reserved 1048576K
}
Event: 34.986 GC heap after
{Heap after GC invocations=1207 (full 3):
 PSYoungGen      total 22528K, used 384K [0x00000000d5580000, 0x00000000d6c80000, 0x0000000100000000)
  eden space 22016K, 0% used [0x00000000d5580000,0x00000000d5580000,0x00000000d6b00000)
  from space 512K, 75% used [0x00000000d6c00000,0x00000000d6c60000,0x00000000d6c80000)
  to   space 512K, 0% used [0x00000000d6b80000,0x00000000d6b80000,0x00000000d6c00000)
 ParOldGen       total 711168K, used 711029K [0x0000000080000000, 0x00000000ab680000, 0x00000000d5580000)
  object space 711168K, 99% used [0x0000000080000000,0x00000000ab65d608,0x00000000ab680000)
 Metaspace       used 67937K, committed 69568K, reserved 1114112K
  class space    used 6954K, committed 7680K, reserved 1048576K
}
Event: 35.004 GC heap before
{Heap before GC invocations=1208 (full 3):
 PSYoungGen      total 22528K, used 22400K [0x00000000d5580000, 0x00000000d6c80000, 0x0000000100000000)
  eden space 22016K, 100% used [0x00000000d5580000,0x00000000d6b00000,0x00000000d6b00000)
  from space 512K, 75% used [0x00000000d6c00000,0x00000000d6c60000,0x00000000d6c80000)
  to   space 512K, 0% used [0x00000000d6b80000,0x00000000d6b80000,0x00000000d6c00000)
 ParOldGen       total 711168K, used 711029K [0x0000000080000000, 0x00000000ab680000, 0x00000000d5580000)
  object space 711168K, 99% used [0x0000000080000000,0x00000000ab65d608,0x00000000ab680000)
 Metaspace       used 67941K, committed 69568K, reserved 1114112K
  class space    used 6954K, committed 7680K, reserved 1048576K
}
Event: 35.006 GC heap after
{Heap after GC invocations=1208 (full 3):
 PSYoungGen      total 22528K, used 416K [0x00000000d5580000, 0x00000000d6c80000, 0x0000000100000000)
  eden space 22016K, 0% used [0x00000000d5580000,0x00000000d5580000,0x00000000d6b00000)
  from space 512K, 81% used [0x00000000d6b80000,0x00000000d6be8000,0x00000000d6c00000)
  to   space 512K, 0% used [0x00000000d6c00000,0x00000000d6c00000,0x00000000d6c80000)
 ParOldGen       total 711680K, used 711253K [0x0000000080000000, 0x00000000ab700000, 0x00000000d5580000)
  object space 711680K, 99% used [0x0000000080000000,0x00000000ab695608,0x00000000ab700000)
 Metaspace       used 67941K, committed 69568K, reserved 1114112K
  class space    used 6954K, committed 7680K, reserved 1048576K
}
Event: 35.027 GC heap before
{Heap before GC invocations=1209 (full 3):
 PSYoungGen      total 22528K, used 22432K [0x00000000d5580000, 0x00000000d6c80000, 0x0000000100000000)
  eden space 22016K, 100% used [0x00000000d5580000,0x00000000d6b00000,0x00000000d6b00000)
  from space 512K, 81% used [0x00000000d6b80000,0x00000000d6be8000,0x00000000d6c00000)
  to   space 512K, 0% used [0x00000000d6c00000,0x00000000d6c00000,0x00000000d6c80000)
 ParOldGen       total 711680K, used 711253K [0x0000000080000000, 0x00000000ab700000, 0x00000000d5580000)
  object space 711680K, 99% used [0x0000000080000000,0x00000000ab695608,0x00000000ab700000)
 Metaspace       used 67956K, committed 69568K, reserved 1114112K
  class space    used 6954K, committed 7680K, reserved 1048576K
}
Event: 35.030 GC heap after
{Heap after GC invocations=1209 (full 3):
 PSYoungGen      total 22528K, used 448K [0x00000000d5580000, 0x00000000d6c80000, 0x0000000100000000)
  eden space 22016K, 0% used [0x00000000d5580000,0x00000000d5580000,0x00000000d6b00000)
  from space 512K, 87% used [0x00000000d6c00000,0x00000000d6c70000,0x00000000d6c80000)
  to   space 512K, 0% used [0x00000000d6b80000,0x00000000d6b80000,0x00000000d6c00000)
 ParOldGen       total 712704K, used 712229K [0x0000000080000000, 0x00000000ab800000, 0x00000000d5580000)
  object space 712704K, 99% used [0x0000000080000000,0x00000000ab789608,0x00000000ab800000)
 Metaspace       used 67956K, committed 69568K, reserved 1114112K
  class space    used 6954K, committed 7680K, reserved 1048576K
}
Event: 35.080 GC heap before
{Heap before GC invocations=1210 (full 3):
 PSYoungGen      total 22528K, used 22464K [0x00000000d5580000, 0x00000000d6c80000, 0x0000000100000000)
  eden space 22016K, 100% used [0x00000000d5580000,0x00000000d6b00000,0x00000000d6b00000)
  from space 512K, 87% used [0x00000000d6c00000,0x00000000d6c70000,0x00000000d6c80000)
  to   space 512K, 0% used [0x00000000d6b80000,0x00000000d6b80000,0x00000000d6c00000)
 ParOldGen       total 712704K, used 712229K [0x0000000080000000, 0x00000000ab800000, 0x00000000d5580000)
  object space 712704K, 99% used [0x0000000080000000,0x00000000ab789608,0x00000000ab800000)
 Metaspace       used 68062K, committed 69632K, reserved 1114112K
  class space    used 6977K, committed 7680K, reserved 1048576K
}
Event: 35.085 GC heap after
{Heap after GC invocations=1210 (full 3):
 PSYoungGen      total 22528K, used 512K [0x00000000d5580000, 0x00000000d6f00000, 0x0000000100000000)
  eden space 22016K, 0% used [0x00000000d5580000,0x00000000d5580000,0x00000000d6b00000)
  from space 512K, 100% used [0x00000000d6b80000,0x00000000d6c00000,0x00000000d6c00000)
  to   space 2048K, 0% used [0x00000000d6d00000,0x00000000d6d00000,0x00000000d6f00000)
 ParOldGen       total 713216K, used 713109K [0x0000000080000000, 0x00000000ab880000, 0x00000000d5580000)
  object space 713216K, 99% used [0x0000000080000000,0x00000000ab865628,0x00000000ab880000)
 Metaspace       used 68062K, committed 69632K, reserved 1114112K
  class space    used 6977K, committed 7680K, reserved 1048576K
}
Event: 35.220 GC heap before
{Heap before GC invocations=1211 (full 3):
 PSYoungGen      total 22528K, used 22528K [0x00000000d5580000, 0x00000000d6f00000, 0x0000000100000000)
  eden space 22016K, 100% used [0x00000000d5580000,0x00000000d6b00000,0x00000000d6b00000)
  from space 512K, 100% used [0x00000000d6b80000,0x00000000d6c00000,0x00000000d6c00000)
  to   space 2048K, 0% used [0x00000000d6d00000,0x00000000d6d00000,0x00000000d6f00000)
 ParOldGen       total 713216K, used 713109K [0x0000000080000000, 0x00000000ab880000, 0x00000000d5580000)
  object space 713216K, 99% used [0x0000000080000000,0x00000000ab865628,0x00000000ab880000)
 Metaspace       used 68648K, committed 70208K, reserved 1114112K
  class space    used 7026K, committed 7744K, reserved 1048576K
}
Event: 35.223 GC heap after
{Heap after GC invocations=1211 (full 3):
 PSYoungGen      total 24064K, used 1776K [0x00000000d5580000, 0x00000000d6f00000, 0x0000000100000000)
  eden space 22016K, 0% used [0x00000000d5580000,0x00000000d5580000,0x00000000d6b00000)
  from space 2048K, 86% used [0x00000000d6d00000,0x00000000d6ebc300,0x00000000d6f00000)
  to   space 2048K, 0% used [0x00000000d6b00000,0x00000000d6b00000,0x00000000d6d00000)
 ParOldGen       total 713728K, used 713549K [0x0000000080000000, 0x00000000ab900000, 0x00000000d5580000)
  object space 713728K, 99% used [0x0000000080000000,0x00000000ab8d3638,0x00000000ab900000)
 Metaspace       used 68648K, committed 70208K, reserved 1114112K
  class space    used 7026K, committed 7744K, reserved 1048576K
}
Event: 35.347 GC heap before
{Heap before GC invocations=1212 (full 3):
 PSYoungGen      total 24064K, used 23792K [0x00000000d5580000, 0x00000000d6f00000, 0x0000000100000000)
  eden space 22016K, 100% used [0x00000000d5580000,0x00000000d6b00000,0x00000000d6b00000)
  from space 2048K, 86% used [0x00000000d6d00000,0x00000000d6ebc300,0x00000000d6f00000)
  to   space 2048K, 0% used [0x00000000d6b00000,0x00000000d6b00000,0x00000000d6d00000)
 ParOldGen       total 713728K, used 713549K [0x0000000080000000, 0x00000000ab900000, 0x00000000d5580000)
  object space 713728K, 99% used [0x0000000080000000,0x00000000ab8d3638,0x00000000ab900000)
 Metaspace       used 69066K, committed 70720K, reserved 1114112K
  class space    used 7068K, committed 7808K, reserved 1048576K
}
Event: 35.353 GC heap after
{Heap after GC invocations=1212 (full 3):
 PSYoungGen      total 24064K, used 1562K [0x00000000d5580000, 0x00000000d6f00000, 0x0000000100000000)
  eden space 22016K, 0% used [0x00000000d5580000,0x00000000d5580000,0x00000000d6b00000)
  from space 2048K, 76% used [0x00000000d6b00000,0x00000000d6c869f0,0x00000000d6d00000)
  to   space 2048K, 0% used [0x00000000d6d00000,0x00000000d6d00000,0x00000000d6f00000)
 ParOldGen       total 715264K, used 715037K [0x0000000080000000, 0x00000000aba80000, 0x00000000d5580000)
  object space 715264K, 99% used [0x0000000080000000,0x00000000aba47478,0x00000000aba80000)
 Metaspace       used 69066K, committed 70720K, reserved 1114112K
  class space    used 7068K, committed 7808K, reserved 1048576K
}
Event: 35.461 GC heap before
{Heap before GC invocations=1213 (full 3):
 PSYoungGen      total 24064K, used 23578K [0x00000000d5580000, 0x00000000d6f00000, 0x0000000100000000)
  eden space 22016K, 100% used [0x00000000d5580000,0x00000000d6b00000,0x00000000d6b00000)
  from space 2048K, 76% used [0x00000000d6b00000,0x00000000d6c869f0,0x00000000d6d00000)
  to   space 2048K, 0% used [0x00000000d6d00000,0x00000000d6d00000,0x00000000d6f00000)
 ParOldGen       total 715264K, used 715037K [0x0000000080000000, 0x00000000aba80000, 0x00000000d5580000)
  object space 715264K, 99% used [0x0000000080000000,0x00000000aba47478,0x00000000aba80000)
 Metaspace       used 69111K, committed 70720K, reserved 1114112K
  class space    used 7068K, committed 7808K, reserved 1048576K
}
Event: 35.469 GC heap after
{Heap after GC invocations=1213 (full 3):
 PSYoungGen      total 16896K, used 2048K [0x00000000d5580000, 0x00000000d7d00000, 0x0000000100000000)
  eden space 14848K, 0% used [0x00000000d5580000,0x00000000d5580000,0x00000000d6400000)
  from space 2048K, 100% used [0x00000000d6d00000,0x00000000d6f00000,0x00000000d6f00000)
  to   space 9216K, 0% used [0x00000000d6400000,0x00000000d6400000,0x00000000d6d00000)
 ParOldGen       total 720896K, used 720733K [0x0000000080000000, 0x00000000ac000000, 0x00000000d5580000)
  object space 720896K, 99% used [0x0000000080000000,0x00000000abfd76a0,0x00000000ac000000)
 Metaspace       used 69111K, committed 70720K, reserved 1114112K
  class space    used 7068K, committed 7808K, reserved 1048576K
}
Event: 35.523 GC heap before
{Heap before GC invocations=1214 (full 3):
 PSYoungGen      total 16896K, used 16896K [0x00000000d5580000, 0x00000000d7d00000, 0x0000000100000000)
  eden space 14848K, 100% used [0x00000000d5580000,0x00000000d6400000,0x00000000d6400000)
  from space 2048K, 100% used [0x00000000d6d00000,0x00000000d6f00000,0x00000000d6f00000)
  to   space 9216K, 0% used [0x00000000d6400000,0x00000000d6400000,0x00000000d6d00000)
 ParOldGen       total 720896K, used 720733K [0x0000000080000000, 0x00000000ac000000, 0x00000000d5580000)
  object space 720896K, 99% used [0x0000000080000000,0x00000000abfd76a0,0x00000000ac000000)
 Metaspace       used 69156K, committed 70784K, reserved 1114112K
  class space    used 7069K, committed 7808K, reserved 1048576K
}
Event: 35.527 GC heap after
{Heap after GC invocations=1214 (full 3):
 PSYoungGen      total 15872K, used 736K [0x00000000d5580000, 0x00000000d6d80000, 0x0000000100000000)
  eden space 14848K, 0% used [0x00000000d5580000,0x00000000d5580000,0x00000000d6400000)
  from space 1024K, 71% used [0x00000000d6400000,0x00000000d64b8020,0x00000000d6500000)
  to   space 3584K, 0% used [0x00000000d6a00000,0x00000000d6a00000,0x00000000d6d80000)
 ParOldGen       total 722944K, used 722838K [0x0000000080000000, 0x00000000ac200000, 0x00000000d5580000)
  object space 722944K, 99% used [0x0000000080000000,0x00000000ac1e5be8,0x00000000ac200000)
 Metaspace       used 69156K, committed 70784K, reserved 1114112K
  class space    used 7069K, committed 7808K, reserved 1048576K
}
Event: 35.601 GC heap before
{Heap before GC invocations=1215 (full 3):
 PSYoungGen      total 15872K, used 15584K [0x00000000d5580000, 0x00000000d6d80000, 0x0000000100000000)
  eden space 14848K, 100% used [0x00000000d5580000,0x00000000d6400000,0x00000000d6400000)
  from space 1024K, 71% used [0x00000000d6400000,0x00000000d64b8020,0x00000000d6500000)
  to   space 3584K, 0% used [0x00000000d6a00000,0x00000000d6a00000,0x00000000d6d80000)
 ParOldGen       total 722944K, used 722838K [0x0000000080000000, 0x00000000ac200000, 0x00000000d5580000)
  object space 722944K, 99% used [0x0000000080000000,0x00000000ac1e5be8,0x00000000ac200000)
 Metaspace       used 69188K, committed 70784K, reserved 1114112K
  class space    used 7070K, committed 7808K, reserved 1048576K
}
Event: 35.606 GC heap after
{Heap after GC invocations=1215 (full 3):
 PSYoungGen      total 16896K, used 1798K [0x00000000d5580000, 0x00000000d6c00000, 0x0000000100000000)
  eden space 14848K, 0% used [0x00000000d5580000,0x00000000d5580000,0x00000000d6400000)
  from space 2048K, 87% used [0x00000000d6a00000,0x00000000d6bc18b8,0x00000000d6c00000)
  to   space 2560K, 0% used [0x00000000d6700000,0x00000000d6700000,0x00000000d6980000)
 ParOldGen       total 723968K, used 723507K [0x0000000080000000, 0x00000000ac300000, 0x00000000d5580000)
  object space 723968K, 99% used [0x0000000080000000,0x00000000ac28cc68,0x00000000ac300000)
 Metaspace       used 69188K, committed 70784K, reserved 1114112K
  class space    used 7070K, committed 7808K, reserved 1048576K
}

Dll operation events (10 events):
Event: 0.008 Loaded shared library c:\Users\hmfar\.vscode\extensions\redhat.java-1.44.0-win32-x64\jre\21.0.8-win32-x86_64\bin\java.dll
Event: 0.057 Loaded shared library c:\Users\hmfar\.vscode\extensions\redhat.java-1.44.0-win32-x64\jre\21.0.8-win32-x86_64\bin\zip.dll
Event: 0.074 Loaded shared library C:\Users\hmfar\.vscode\extensions\redhat.java-1.44.0-win32-x64\jre\21.0.8-win32-x86_64\bin\instrument.dll
Event: 0.077 Loaded shared library C:\Users\hmfar\.vscode\extensions\redhat.java-1.44.0-win32-x64\jre\21.0.8-win32-x86_64\bin\net.dll
Event: 0.080 Loaded shared library C:\Users\hmfar\.vscode\extensions\redhat.java-1.44.0-win32-x64\jre\21.0.8-win32-x86_64\bin\nio.dll
Event: 0.082 Loaded shared library C:\Users\hmfar\.vscode\extensions\redhat.java-1.44.0-win32-x64\jre\21.0.8-win32-x86_64\bin\zip.dll
Event: 0.103 Loaded shared library C:\Users\hmfar\.vscode\extensions\redhat.java-1.44.0-win32-x64\jre\21.0.8-win32-x86_64\bin\jimage.dll
Event: 0.179 Loaded shared library c:\Users\hmfar\.vscode\extensions\redhat.java-1.44.0-win32-x64\jre\21.0.8-win32-x86_64\bin\verify.dll
Event: 1.157 Loaded shared library C:\Users\hmfar\AppData\Roaming\Code\User\globalStorage\redhat.java\1.44.0\config_win\org.eclipse.equinox.launcher\org.eclipse.equinox.launcher.win32.win32.x86_64_1.2.1400.v20250730-1736\eclipse_11913.dll
Event: 2.650 Loaded shared library C:\Users\hmfar\AppData\Local\Temp\jna-99394546\jna15905168088004198457.dll

Deoptimization events (20 events):
Event: 303.629 Thread 0x00000000645622e0 Uncommon trap: trap_request=0xffffffde fr.pc=0x000000000e4a0df4 relative=0x00000000000002d4
Event: 303.629 Thread 0x00000000645622e0 Uncommon trap: reason=class_check action=maybe_recompile pc=0x000000000e4a0df4 method=java.io.DataOutputStream.writeByte(I)V @ 5 c2
Event: 303.629 Thread 0x00000000645622e0 DEOPT PACKING pc=0x000000000e4a0df4 sp=0x000000006660f260
Event: 303.629 Thread 0x00000000645622e0 DEOPT UNPACKING pc=0x000000000d4a6da2 sp=0x000000006660f218 mode 2
Event: 303.629 Thread 0x00000000645622e0 Uncommon trap: trap_request=0xffffffde fr.pc=0x000000000e4a0df4 relative=0x00000000000002d4
Event: 303.629 Thread 0x00000000645622e0 Uncommon trap: reason=class_check action=maybe_recompile pc=0x000000000e4a0df4 method=java.io.DataOutputStream.writeByte(I)V @ 5 c2
Event: 303.629 Thread 0x00000000645622e0 DEOPT PACKING pc=0x000000000e4a0df4 sp=0x000000006660f260
Event: 303.629 Thread 0x00000000645622e0 DEOPT UNPACKING pc=0x000000000d4a6da2 sp=0x000000006660f218 mode 2
Event: 303.629 Thread 0x00000000645622e0 Uncommon trap: trap_request=0xffffffde fr.pc=0x000000000e49e288 relative=0x0000000000000c08
Event: 303.629 Thread 0x00000000645622e0 Uncommon trap: reason=class_check action=maybe_recompile pc=0x000000000e49e288 method=java.io.DataOutputStream.write([BII)V @ 7 c2
Event: 303.629 Thread 0x00000000645622e0 DEOPT PACKING pc=0x000000000e49e288 sp=0x000000006660f190
Event: 303.629 Thread 0x00000000645622e0 DEOPT UNPACKING pc=0x000000000d4a6da2 sp=0x000000006660f0c0 mode 2
Event: 303.629 Thread 0x00000000645622e0 Uncommon trap: trap_request=0xffffffde fr.pc=0x000000000e4a1cec relative=0x000000000000046c
Event: 303.629 Thread 0x00000000645622e0 Uncommon trap: reason=class_check action=maybe_recompile pc=0x000000000e4a1cec method=java.io.DataOutputStream.writeInt(I)V @ 19 c2
Event: 303.629 Thread 0x00000000645622e0 DEOPT PACKING pc=0x000000000e4a1cec sp=0x000000006660f110
Event: 303.629 Thread 0x00000000645622e0 DEOPT UNPACKING pc=0x000000000d4a6da2 sp=0x000000006660f0c8 mode 2
Event: 303.629 Thread 0x00000000645622e0 Uncommon trap: trap_request=0xffffffde fr.pc=0x000000000e49e288 relative=0x0000000000000c08
Event: 303.629 Thread 0x00000000645622e0 Uncommon trap: reason=class_check action=maybe_recompile pc=0x000000000e49e288 method=java.io.DataOutputStream.write([BII)V @ 7 c2
Event: 303.629 Thread 0x00000000645622e0 DEOPT PACKING pc=0x000000000e49e288 sp=0x000000006660f0e0
Event: 303.629 Thread 0x00000000645622e0 DEOPT UNPACKING pc=0x000000000d4a6da2 sp=0x000000006660f010 mode 2

Classes loaded (20 events):
Event: 33.740 Loading class java/lang/UnsupportedClassVersionError
Event: 33.741 Loading class java/lang/UnsupportedClassVersionError done
Event: 35.301 Loading class java/util/HashMap$EntrySpliterator
Event: 35.301 Loading class java/util/HashMap$EntrySpliterator done
Event: 303.530 Loading class java/util/stream/Nodes$CollectorTask$OfRef
Event: 303.534 Loading class java/util/stream/Nodes$CollectorTask
Event: 303.537 Loading class java/util/stream/Nodes$CollectorTask done
Event: 303.537 Loading class java/util/stream/Nodes$CollectorTask$OfRef done
Event: 303.537 Loading class java/util/function/LongFunction
Event: 303.538 Loading class java/util/function/LongFunction done
Event: 303.539 Loading class java/util/stream/Nodes$ConcNode
Event: 303.540 Loading class java/util/stream/Nodes$AbstractConcNode
Event: 303.542 Loading class java/util/stream/Nodes$AbstractConcNode done
Event: 303.542 Loading class java/util/stream/Nodes$ConcNode done
Event: 303.559 Loading class java/io/ObjectOutputStream$BlockDataOutputStream
Event: 303.560 Loading class java/io/ObjectOutputStream$BlockDataOutputStream done
Event: 303.561 Loading class java/io/ObjectOutputStream$HandleTable
Event: 303.561 Loading class java/io/ObjectOutputStream$HandleTable done
Event: 303.561 Loading class java/io/ObjectOutputStream$ReplaceTable
Event: 303.562 Loading class java/io/ObjectOutputStream$ReplaceTable done

Classes unloaded (7 events):
Event: 3.189 Thread 0x0000000002dd33b0 Unloading class 0x000000001b1a7000 'java/lang/invoke/LambdaForm$MH+0x000000001b1a7000'
Event: 3.189 Thread 0x0000000002dd33b0 Unloading class 0x000000001b1a6c00 'java/lang/invoke/LambdaForm$MH+0x000000001b1a6c00'
Event: 3.189 Thread 0x0000000002dd33b0 Unloading class 0x000000001b1a6800 'java/lang/invoke/LambdaForm$MH+0x000000001b1a6800'
Event: 3.189 Thread 0x0000000002dd33b0 Unloading class 0x000000001b1a6400 'java/lang/invoke/LambdaForm$MH+0x000000001b1a6400'
Event: 3.189 Thread 0x0000000002dd33b0 Unloading class 0x000000001b1a6000 'java/lang/invoke/LambdaForm$BMH+0x000000001b1a6000'
Event: 3.189 Thread 0x0000000002dd33b0 Unloading class 0x000000001b1a5c00 'java/lang/invoke/LambdaForm$DMH+0x000000001b1a5c00'
Event: 3.189 Thread 0x0000000002dd33b0 Unloading class 0x000000001b1a4800 'java/lang/invoke/LambdaForm$DMH+0x000000001b1a4800'

Classes redefined (0 events):
No events

Internal exceptions (20 events):
Event: 34.729 Thread 0x00000000645643b0 Exception <a 'sun/nio/fs/WindowsException'{0x00000000d5b0ded0}> (0x00000000d5b0ded0) 
thrown [s\src\hotspot\share\prims\jni.cpp, line 520]
Event: 34.730 Thread 0x00000000645643b0 Exception <a 'sun/nio/fs/WindowsException'{0x00000000d5b0f3f8}> (0x00000000d5b0f3f8) 
thrown [s\src\hotspot\share\prims\jni.cpp, line 520]
Event: 34.730 Thread 0x00000000645643b0 Exception <a 'sun/nio/fs/WindowsException'{0x00000000d5b0fa28}> (0x00000000d5b0fa28) 
thrown [s\src\hotspot\share\prims\jni.cpp, line 520]
Event: 34.736 Thread 0x00000000645643b0 Exception <a 'sun/nio/fs/WindowsException'{0x00000000d64df958}> (0x00000000d64df958) 
thrown [s\src\hotspot\share\prims\jni.cpp, line 520]
Event: 34.737 Thread 0x00000000645643b0 Exception <a 'sun/nio/fs/WindowsException'{0x00000000d64e0238}> (0x00000000d64e0238) 
thrown [s\src\hotspot\share\prims\jni.cpp, line 520]
Event: 35.025 Thread 0x00000000645643b0 Exception <a 'sun/nio/fs/WindowsException'{0x00000000d6657460}> (0x00000000d6657460) 
thrown [s\src\hotspot\share\prims\jni.cpp, line 520]
Event: 35.025 Thread 0x00000000645643b0 Exception <a 'sun/nio/fs/WindowsException'{0x00000000d670dea8}> (0x00000000d670dea8) 
thrown [s\src\hotspot\share\prims\jni.cpp, line 520]
Event: 35.025 Thread 0x00000000645643b0 Exception <a 'sun/nio/fs/WindowsException'{0x00000000d670eb88}> (0x00000000d670eb88) 
thrown [s\src\hotspot\share\prims\jni.cpp, line 520]
Event: 35.025 Thread 0x00000000645643b0 Exception <a 'sun/nio/fs/WindowsException'{0x00000000d67e8400}> (0x00000000d67e8400) 
thrown [s\src\hotspot\share\prims\jni.cpp, line 520]
Event: 35.026 Thread 0x00000000645643b0 Exception <a 'sun/nio/fs/WindowsException'{0x00000000d68c2e80}> (0x00000000d68c2e80) 
thrown [s\src\hotspot\share\prims\jni.cpp, line 520]
Event: 35.026 Thread 0x00000000645643b0 Exception <a 'sun/nio/fs/WindowsException'{0x00000000d692ff60}> (0x00000000d692ff60) 
thrown [s\src\hotspot\share\prims\jni.cpp, line 520]
Event: 35.036 Thread 0x00000000645643b0 Exception <a 'sun/nio/fs/WindowsException'{0x00000000d5986020}> (0x00000000d5986020) 
thrown [s\src\hotspot\share\prims\jni.cpp, line 520]
Event: 35.036 Thread 0x00000000645643b0 Exception <a 'sun/nio/fs/WindowsException'{0x00000000d5986900}> (0x00000000d5986900) 
thrown [s\src\hotspot\share\prims\jni.cpp, line 520]
Event: 35.145 Thread 0x000000006243f6e0 Implicit null exception at 0x000000000df789d4 to 0x000000000df78a31
Event: 35.145 Thread 0x00000000645622e0 Implicit null exception at 0x000000000df789d4 to 0x000000000df78a31
Event: 35.175 Thread 0x000000006243f6e0 Exception <a 'java/lang/LinkageError'{0x00000000d6620510}: loader lombok.launch.ShadowClassLoader @5fd5f2ea attempted duplicate class definition for lombok.eclipse.EcjAugments. (lombok.eclipse.EcjAugments is in unnamed module of loader lombok.launch.ShadowClassLoader @5fd5f2ea, parent loader org.eclipse.osgi.internal.loader.EquinoxClassLoader @69dfe35a)> (0x00000000d6620510) 
thrown [s\src\hotspot\share\classfile\systemDictionary.cpp, line 1682]
Event: 35.184 Thread 0x000000006243dca0 Exception <a 'java/lang/LinkageError'{0x00000000d67c2398}: loader lombok.launch.ShadowClassLoader @5fd5f2ea attempted duplicate class definition for lombok.eclipse.agent.PatchDiagnostics. (lombok.eclipse.agent.PatchDiagnostics is in unnamed module of loader lombok.launch.ShadowClassLoader @5fd5f2ea, parent loader org.eclipse.osgi.internal.loader.EquinoxClassLoader @69dfe35a)> (0x00000000d67c2398) 
thrown [s\src\hotspot\share\classfile\systemDictionary.cpp, line 1682]
Event: 35.238 Thread 0x000000006243f6e0 Exception <a 'java/lang/LinkageError'{0x00000000d585a9c0}: loader lombok.launch.ShadowClassLoader @5fd5f2ea attempted duplicate class definition for lombok.launch.PatchFixesHider$PatchFixes. (lombok.launch.PatchFixesHider$PatchFixes is in unnamed module of loader lombok.launch.ShadowClassLoader @5fd5f2ea, parent loader org.eclipse.osgi.internal.loader.EquinoxClassLoader @69dfe35a)> (0x00000000d585a9c0) 
thrown [s\src\hotspot\share\classfile\systemDictionary.cpp, line 1682]
Event: 303.592 Thread 0x00000000645622e0 Exception <a 'java/lang/NoSuchMethodError'{0x00000000d62e1390}: static [J.<clinit>()V> (0x00000000d62e1390) 
thrown [s\src\hotspot\share\prims\jni.cpp, line 1111]
Event: 303.635 Thread 0x00000000645622e0 Exception <a 'java/lang/NoSuchMethodError'{0x00000000d631a3d8}: 'java.lang.Object java.lang.invoke.DirectMethodHandle$Holder.newInvokeSpecial(java.lang.Object, java.lang.Object, java.lang.Object, java.lang.Object, java.lang.Object, java.lang.Object, java.lang.Object, java.lang.Object)'> (0x00000000d631a3d8) 
thrown [s\src\hotspot\share\interpreter\linkResolver.cpp, line 773]

ZGC Phase Switch (0 events):
No events

VM Operations (20 events):
Event: 35.523 Executing VM operation: ParallelGCFailedAllocation (Allocation Failure)
Event: 35.527 Executing VM operation: ParallelGCFailedAllocation (Allocation Failure) done
Event: 35.601 Executing VM operation: ParallelGCFailedAllocation (Allocation Failure)
Event: 35.606 Executing VM operation: ParallelGCFailedAllocation (Allocation Failure) done
Event: 36.615 Executing VM operation: Cleanup
Event: 36.615 Executing VM operation: Cleanup done
Event: 60.149 Executing VM operation: HandshakeAllThreads (HandshakeForDeflation)
Event: 60.149 Executing VM operation: HandshakeAllThreads (HandshakeForDeflation) done
Event: 60.149 Executing VM operation: RendezvousGCThreads
Event: 60.149 Executing VM operation: RendezvousGCThreads done
Event: 303.276 Executing VM operation: Cleanup
Event: 303.277 Executing VM operation: Cleanup done
Event: 303.624 Executing VM operation: HandshakeAllThreads (Deoptimize)
Event: 303.625 Executing VM operation: HandshakeAllThreads (Deoptimize) done
Event: 304.625 Executing VM operation: Cleanup
Event: 304.644 Executing VM operation: Cleanup done
Event: 304.647 Executing VM operation: HandshakeAllThreads (Deoptimize)
Event: 304.648 Executing VM operation: HandshakeAllThreads (Deoptimize) done
Event: 305.659 Executing VM operation: Cleanup
Event: 305.659 Executing VM operation: Cleanup done

Memory protections (0 events):
No events

Nmethod flushes (20 events):
Event: 16.269 Thread 0x0000000002dd33b0 flushing osr nmethod 0x00000000067a4110
Event: 16.269 Thread 0x0000000002dd33b0 flushing  nmethod 0x00000000067d6410
Event: 16.269 Thread 0x0000000002dd33b0 flushing osr nmethod 0x00000000067e1c10
Event: 16.269 Thread 0x0000000002dd33b0 flushing  nmethod 0x00000000067ead90
Event: 16.269 Thread 0x0000000002dd33b0 flushing  nmethod 0x00000000067fe890
Event: 16.269 Thread 0x0000000002dd33b0 flushing  nmethod 0x0000000006806d90
Event: 16.269 Thread 0x0000000002dd33b0 flushing  nmethod 0x0000000006807390
Event: 16.269 Thread 0x0000000002dd33b0 flushing  nmethod 0x000000000680f690
Event: 16.269 Thread 0x0000000002dd33b0 flushing  nmethod 0x0000000006810590
Event: 16.269 Thread 0x0000000002dd33b0 flushing  nmethod 0x0000000006814490
Event: 16.269 Thread 0x0000000002dd33b0 flushing  nmethod 0x000000000681c910
Event: 16.269 Thread 0x0000000002dd33b0 flushing osr nmethod 0x0000000006826b90
Event: 16.269 Thread 0x0000000002dd33b0 flushing  nmethod 0x000000000684c290
Event: 16.269 Thread 0x0000000002dd33b0 flushing  nmethod 0x000000000685aa10
Event: 16.269 Thread 0x0000000002dd33b0 flushing  nmethod 0x000000000685b010
Event: 16.269 Thread 0x0000000002dd33b0 flushing  nmethod 0x000000000685c510
Event: 16.269 Thread 0x0000000002dd33b0 flushing  nmethod 0x0000000006860010
Event: 16.269 Thread 0x0000000002dd33b0 flushing  nmethod 0x000000000686d110
Event: 16.269 Thread 0x0000000002dd33b0 flushing  nmethod 0x0000000006896190
Event: 16.269 Thread 0x0000000002dd33b0 flushing  nmethod 0x00000000068e5b90

Events (20 events):
Event: 38.364 Thread 0x0000000065e7d800 Thread exited: 0x0000000065e7d800
Event: 38.364 Thread 0x0000000065e7d130 Thread exited: 0x0000000065e7d130
Event: 38.364 Thread 0x000000006243e9c0 Thread exited: 0x000000006243e9c0
Event: 76.997 Thread 0x0000000065d86d10 Thread exited: 0x0000000065d86d10
Event: 77.331 Thread 0x0000000062439470 Thread exited: 0x0000000062439470
Event: 94.296 Thread 0x0000000064566b10 Thread exited: 0x0000000064566b10
Event: 95.261 Thread 0x000000006206da70 Thread exited: 0x000000006206da70
Event: 95.313 Thread 0x000000006206c6c0 Thread exited: 0x000000006206c6c0
Event: 95.313 Thread 0x00000000645650d0 Thread exited: 0x00000000645650d0
Event: 95.346 Thread 0x000000006206e790 Thread exited: 0x000000006206e790
Event: 95.447 Thread 0x00000000645671a0 Thread exited: 0x00000000645671a0
Event: 95.447 Thread 0x000000006243dca0 Thread exited: 0x000000006243dca0
Event: 137.012 Thread 0x0000000065d873a0 Thread exited: 0x0000000065d873a0
Event: 155.449 Thread 0x00000000646c1ba0 Thread exited: 0x00000000646c1ba0
Event: 197.013 Thread 0x0000000065d8a820 Thread exited: 0x0000000065d8a820
Event: 215.460 Thread 0x00000000646be720 Thread exited: 0x00000000646be720
Event: 257.026 Thread 0x0000000065d85ff0 Thread exited: 0x0000000065d85ff0
Event: 275.460 Thread 0x000000006243f6e0 Thread exited: 0x000000006243f6e0
Event: 303.522 Thread 0x00000000645622e0 Thread added: 0x000000007079d710
Event: 303.544 Thread 0x000000007079d710 Thread exited: 0x000000007079d710


Dynamic libraries:
0x00007ff7f9820000 - 0x00007ff7f982e000 	c:\Users\hmfar\.vscode\extensions\redhat.java-1.44.0-win32-x64\jre\21.0.8-win32-x86_64\bin\java.exe
0x00007ffc97600000 - 0x00007ffc97867000 	C:\WINDOWS\SYSTEM32\ntdll.dll
0x00007ffc955b0000 - 0x00007ffc95679000 	C:\WINDOWS\System32\KERNEL32.DLL
0x00007ffc94d50000 - 0x00007ffc95140000 	C:\WINDOWS\System32\KERNELBASE.dll
0x00007ffc94730000 - 0x00007ffc9487b000 	C:\WINDOWS\System32\ucrtbase.dll
0x00007ffc85980000 - 0x00007ffc85998000 	c:\Users\hmfar\.vscode\extensions\redhat.java-1.44.0-win32-x64\jre\21.0.8-win32-x86_64\bin\jli.dll
0x00007ffc6dff0000 - 0x00007ffc6e00e000 	c:\Users\hmfar\.vscode\extensions\redhat.java-1.44.0-win32-x64\jre\21.0.8-win32-x86_64\bin\VCRUNTIME140.dll
0x00007ffc95ff0000 - 0x00007ffc961b5000 	C:\WINDOWS\System32\USER32.dll
0x00007ffc7c0f0000 - 0x00007ffc7c38a000 	C:\WINDOWS\WinSxS\amd64_microsoft.windows.common-controls_6595b64144ccf1df_6.0.26100.4768_none_3e0c112ce331287c\COMCTL32.dll
0x00007ffc94c80000 - 0x00007ffc94ca7000 	C:\WINDOWS\System32\win32u.dll
0x00007ffc96380000 - 0x00007ffc96429000 	C:\WINDOWS\System32\msvcrt.dll
0x00007ffc961d0000 - 0x00007ffc961fb000 	C:\WINDOWS\System32\GDI32.dll
0x00007ffc94880000 - 0x00007ffc949b8000 	C:\WINDOWS\System32\gdi32full.dll
0x00007ffc94bd0000 - 0x00007ffc94c73000 	C:\WINDOWS\System32\msvcp_win.dll
0x00007ffc95570000 - 0x00007ffc9559f000 	C:\WINDOWS\System32\IMM32.DLL
0x00007ffc84560000 - 0x00007ffc8456c000 	c:\Users\hmfar\.vscode\extensions\redhat.java-1.44.0-win32-x64\jre\21.0.8-win32-x86_64\bin\vcruntime140_1.dll
0x00007ffc37000000 - 0x00007ffc3708d000 	c:\Users\hmfar\.vscode\extensions\redhat.java-1.44.0-win32-x64\jre\21.0.8-win32-x86_64\bin\msvcp140.dll
0x00007ffc02fa0000 - 0x00007ffc03d37000 	c:\Users\hmfar\.vscode\extensions\redhat.java-1.44.0-win32-x64\jre\21.0.8-win32-x86_64\bin\server\jvm.dll
0x00007ffc95390000 - 0x00007ffc95444000 	C:\WINDOWS\System32\ADVAPI32.dll
0x00007ffc95450000 - 0x00007ffc954f6000 	C:\WINDOWS\System32\sechost.dll
0x00007ffc958f0000 - 0x00007ffc95a08000 	C:\WINDOWS\System32\RPCRT4.dll
0x00007ffc95c90000 - 0x00007ffc95d04000 	C:\WINDOWS\System32\WS2_32.dll
0x00007ffc94590000 - 0x00007ffc945ee000 	C:\WINDOWS\SYSTEM32\POWRPROF.dll
0x00007ffc83ad0000 - 0x00007ffc83adb000 	C:\WINDOWS\SYSTEM32\VERSION.dll
0x00007ffc7d560000 - 0x00007ffc7d595000 	C:\WINDOWS\SYSTEM32\WINMM.dll
0x00007ffc94570000 - 0x00007ffc94584000 	C:\WINDOWS\SYSTEM32\UMPDC.dll
0x00007ffc93480000 - 0x00007ffc9349b000 	C:\WINDOWS\SYSTEM32\kernel.appcore.dll
0x00007ffc77480000 - 0x00007ffc7748a000 	c:\Users\hmfar\.vscode\extensions\redhat.java-1.44.0-win32-x64\jre\21.0.8-win32-x86_64\bin\jimage.dll
0x00007ffc91c00000 - 0x00007ffc91e41000 	C:\WINDOWS\SYSTEM32\DBGHELP.DLL
0x00007ffc96ae0000 - 0x00007ffc96e65000 	C:\WINDOWS\System32\combase.dll
0x00007ffc96200000 - 0x00007ffc962e0000 	C:\WINDOWS\System32\OLEAUT32.dll
0x00007ffc78140000 - 0x00007ffc78183000 	C:\WINDOWS\SYSTEM32\dbgcore.DLL
0x00007ffc94cb0000 - 0x00007ffc94d49000 	C:\WINDOWS\System32\bcryptPrimitives.dll
0x00007ffc845c0000 - 0x00007ffc845cf000 	c:\Users\hmfar\.vscode\extensions\redhat.java-1.44.0-win32-x64\jre\21.0.8-win32-x86_64\bin\instrument.dll
0x00007ffc6dfc0000 - 0x00007ffc6dfdf000 	c:\Users\hmfar\.vscode\extensions\redhat.java-1.44.0-win32-x64\jre\21.0.8-win32-x86_64\bin\java.dll
0x00007ffc96e70000 - 0x00007ffc975bd000 	C:\WINDOWS\System32\SHELL32.dll
0x00007ffc94a50000 - 0x00007ffc94bc3000 	C:\WINDOWS\System32\wintypes.dll
0x00007ffc922d0000 - 0x00007ffc92b30000 	C:\WINDOWS\SYSTEM32\windows.storage.dll
0x00007ffc95d10000 - 0x00007ffc95e05000 	C:\WINDOWS\System32\SHCORE.dll
0x00007ffc95500000 - 0x00007ffc9556a000 	C:\WINDOWS\System32\shlwapi.dll
0x00007ffc94650000 - 0x00007ffc94679000 	C:\WINDOWS\SYSTEM32\profapi.dll
0x00007ffc6c670000 - 0x00007ffc6c688000 	c:\Users\hmfar\.vscode\extensions\redhat.java-1.44.0-win32-x64\jre\21.0.8-win32-x86_64\bin\zip.dll
0x00007ffc84430000 - 0x00007ffc84440000 	C:\Users\hmfar\.vscode\extensions\redhat.java-1.44.0-win32-x64\jre\21.0.8-win32-x86_64\bin\net.dll
0x00007ffc83860000 - 0x00007ffc8397e000 	C:\WINDOWS\SYSTEM32\WINHTTP.dll
0x00007ffc939f0000 - 0x00007ffc93a5b000 	C:\WINDOWS\system32\mswsock.dll
0x00007ffc84150000 - 0x00007ffc84166000 	C:\Users\hmfar\.vscode\extensions\redhat.java-1.44.0-win32-x64\jre\21.0.8-win32-x86_64\bin\nio.dll
0x00007ffc84060000 - 0x00007ffc84070000 	c:\Users\hmfar\.vscode\extensions\redhat.java-1.44.0-win32-x64\jre\21.0.8-win32-x86_64\bin\verify.dll
0x00007ffc6a3b0000 - 0x00007ffc6a3f5000 	C:\Users\hmfar\AppData\Roaming\Code\User\globalStorage\redhat.java\1.44.0\config_win\org.eclipse.equinox.launcher\org.eclipse.equinox.launcher.win32.win32.x86_64_1.2.1400.v20250730-1736\eclipse_11913.dll
0x00007ffc95e40000 - 0x00007ffc95fe0000 	C:\WINDOWS\System32\ole32.dll
0x00007ffc93ce0000 - 0x00007ffc93cfb000 	C:\WINDOWS\SYSTEM32\CRYPTSP.dll
0x00007ffc933d0000 - 0x00007ffc9340b000 	C:\WINDOWS\system32\rsaenh.dll
0x00007ffc93aa0000 - 0x00007ffc93acb000 	C:\WINDOWS\SYSTEM32\USERENV.dll
0x00007ffc94620000 - 0x00007ffc94646000 	C:\WINDOWS\SYSTEM32\bcrypt.dll
0x00007ffc93d00000 - 0x00007ffc93d0c000 	C:\WINDOWS\SYSTEM32\CRYPTBASE.dll
0x00007ffc92e50000 - 0x00007ffc92e83000 	C:\WINDOWS\SYSTEM32\IPHLPAPI.DLL
0x00007ffc96620000 - 0x00007ffc9662a000 	C:\WINDOWS\System32\NSI.dll
0x00007ffc66b60000 - 0x00007ffc66ba9000 	C:\Users\hmfar\AppData\Local\Temp\jna-99394546\jna15905168088004198457.dll
0x00007ffc962f0000 - 0x00007ffc962f8000 	C:\WINDOWS\System32\PSAPI.DLL
0x00007ffc810c0000 - 0x00007ffc810df000 	C:\WINDOWS\SYSTEM32\dhcpcsvc6.DLL
0x00007ffc80c10000 - 0x00007ffc80c35000 	C:\WINDOWS\SYSTEM32\dhcpcsvc.DLL

JVMTI agents:
c:\Users\hmfar\.vscode\extensions\redhat.java-1.44.0-win32-x64\lombok\lombok-1.18.39-4050.jar path:c:\Users\hmfar\.vscode\extensions\redhat.java-1.44.0-win32-x64\jre\21.0.8-win32-x86_64\bin\instrument.dll, loaded, initialized, instrumentlib options:none

dbghelp: loaded successfully - version: 4.0.5 - missing functions: none
symbol engine: initialized successfully - sym options: 0x614 - pdb path: .;c:\Users\hmfar\.vscode\extensions\redhat.java-1.44.0-win32-x64\jre\21.0.8-win32-x86_64\bin;C:\WINDOWS\SYSTEM32;C:\WINDOWS\WinSxS\amd64_microsoft.windows.common-controls_6595b64144ccf1df_6.0.26100.4768_none_3e0c112ce331287c;c:\Users\hmfar\.vscode\extensions\redhat.java-1.44.0-win32-x64\jre\21.0.8-win32-x86_64\bin\server;C:\Users\hmfar\AppData\Roaming\Code\User\globalStorage\redhat.java\1.44.0\config_win\org.eclipse.equinox.launcher\org.eclipse.equinox.launcher.win32.win32.x86_64_1.2.1400.v20250730-1736;C:\Users\hmfar\AppData\Local\Temp\jna-99394546

VM Arguments:
jvm_args: --add-modules=ALL-SYSTEM --add-opens=java.base/java.util=ALL-UNNAMED --add-opens=java.base/java.lang=ALL-UNNAMED --add-opens=java.base/sun.nio.fs=ALL-UNNAMED -Declipse.application=org.eclipse.jdt.ls.core.id1 -Dosgi.bundles.defaultStartLevel=4 -Declipse.product=org.eclipse.jdt.ls.core.product -Djava.import.generatesMetadataFilesAtProjectRoot=false -DDetectVMInstallationsJob.disabled=true -Dfile.encoding=utf8 -XX:+UseParallelGC -XX:GCTimeRatio=4 -XX:AdaptiveSizePolicyWeight=90 -Dsun.zip.disableMemoryMapping=true -Xmx2G -Xms100m -Xlog:disable -javaagent:c:\Users\hmfar\.vscode\extensions\redhat.java-1.44.0-win32-x64\lombok\lombok-1.18.39-4050.jar -XX:+HeapDumpOnOutOfMemoryError -XX:HeapDumpPath=c:\Users\hmfar\AppData\Roaming\Code\User\workspaceStorage\b6be3db273aae4f6e34850daa762c5b9\redhat.java -Daether.dependencyCollector.impl=bf 
java_command: c:\Users\hmfar\.vscode\extensions\redhat.java-1.44.0-win32-x64\server\plugins\org.eclipse.equinox.launcher_1.7.0.v20250519-0528.jar -configuration c:\Users\hmfar\AppData\Roaming\Code\User\globalStorage\redhat.java\1.44.0\config_win -data c:\Users\hmfar\AppData\Roaming\Code\User\workspaceStorage\b6be3db273aae4f6e34850daa762c5b9\redhat.java\jdt_ws --pipe=\\.\pipe\lsp-02ea912f84a4ff96670fc7222d667747-sock
java_class_path (initial): c:\Users\hmfar\.vscode\extensions\redhat.java-1.44.0-win32-x64\server\plugins\org.eclipse.equinox.launcher_1.7.0.v20250519-0528.jar
Launcher Type: SUN_STANDARD

[Global flags]
    uintx AdaptiveSizePolicyWeight                 = 90                                        {product} {command line}
     intx CICompilerCount                          = 4                                         {product} {ergonomic}
    uintx GCTimeRatio                              = 4                                         {product} {command line}
     bool HeapDumpOnOutOfMemoryError               = true                                   {manageable} {command line}
    ccstr HeapDumpPath                             = c:\Users\hmfar\AppData\Roaming\Code\User\workspaceStorage\b6be3db273aae4f6e34850daa762c5b9\redhat.java         {manageable} {command line}
   size_t InitialHeapSize                          = 104857600                                 {product} {command line}
   size_t MaxHeapSize                              = 2147483648                                {product} {command line}
   size_t MaxNewSize                               = 715653120                                 {product} {ergonomic}
   size_t MinHeapDeltaBytes                        = 524288                                    {product} {ergonomic}
   size_t MinHeapSize                              = 104857600                                 {product} {command line}
   size_t NewSize                                  = 34603008                                  {product} {ergonomic}
    uintx NonNMethodCodeHeapSize                   = 5839372                                {pd product} {ergonomic}
    uintx NonProfiledCodeHeapSize                  = 122909434                              {pd product} {ergonomic}
   size_t OldSize                                  = 70254592                                  {product} {ergonomic}
    uintx ProfiledCodeHeapSize                     = 122909434                              {pd product} {ergonomic}
    uintx ReservedCodeCacheSize                    = 251658240                              {pd product} {ergonomic}
     bool SegmentedCodeCache                       = true                                      {product} {ergonomic}
   size_t SoftMaxHeapSize                          = 2147483648                             {manageable} {ergonomic}
     bool UseCompressedOops                        = true                           {product lp64_product} {ergonomic}
     bool UseLargePagesIndividualAllocation        = false                                  {pd product} {ergonomic}
     bool UseParallelGC                            = true                                      {product} {command line}

Logging:
Log output configuration:
 #0: stdout all=off uptime,level,tags foldmultilines=false
 #1: stderr all=off uptime,level,tags foldmultilines=false

Environment Variables:
JAVA_HOME=C:\Program Files\Java\jdk-17
PATH=C:\Program Files\Common Files\Oracle\Java\javapath;C:\Program Files\Java\jdk1.8.0_172\bin;C:\Program Files (x86)\Common Files\Intel\Shared Libraries\redist\intel64\compiler;C:\Python311\Scripts\;C:\Python311\;C:\Program Files (x86)\Common Files\Oracle\Java\javapath;C:\WINDOWS\system32;C:\WINDOWS;C:\WINDOWS\System32\Wbem;C:\WINDOWS\System32\WindowsPowerShell\v1.0\;C:\WINDOWS\System32\OpenSSH\;C:\ProgramData\chocolatey\bin;D:\Programming\apache-maven-3.8.6-bin\apache-maven-3.8.6\bin;C:\Program Files\PuTTY\;C:\Program Files\nodejs\;C:\Program Files\Java\jdk-17\bin;C:\Program Files\Java\jdk-11\bin;C:\Users\hmfar\AppData\Local\Microsoft\WindowsApps;C:\Users\hmfar\AppData\Local\Programs\Microsoft VS Code\bin;C:\Users\hmfar\AppData\Roaming\npm;
USERNAME=hmfar
OS=Windows_NT
PROCESSOR_IDENTIFIER=Intel64 Family 6 Model 140 Stepping 1, GenuineIntel
TMP=C:\Users\hmfar\AppData\Local\Temp
TEMP=C:\Users\hmfar\AppData\Local\Temp




Periodic native trim disabled

---------------  S Y S T E M  ---------------

OS:
 Windows 11 , 64 bit Build 26100 (10.0.26100.4768)
OS uptime: 1 days 7:51 hours
Hyper-V role detected

CPU: total 8 (initial active 8) (4 cores per cpu, 2 threads per core) family 6 model 140 stepping 1 microcode 0x86, cx8, cmov, fxsr, ht, mmx, 3dnowpref, sse, sse2, sse3, ssse3, sse4.1, sse4.2, popcnt, lzcnt, tsc, tscinvbit, avx, avx2, aes, erms, clmul, bmi1, bmi2, adx, avx512f, avx512dq, avx512cd, avx512bw, avx512vl, sha, fma, vzeroupper, avx512_vpopcntdq, avx512_vpclmulqdq, avx512_vaes, avx512_vnni, clflush, clflushopt, clwb, avx512_vbmi2, avx512_vbmi, hv, rdtscp, rdpid, fsrm, gfni, avx512_bitalg, f16c, cet_ibt, cet_ss, avx512_ifma
Processor Information for the first 8 processors :
  Max Mhz: 3110, Current Mhz: 3110, Mhz Limit: 3110

Memory: 4k page, system-wide physical 7975M (563M free)
TotalPageFile size 26602M (AvailPageFile size 0M)
current process WorkingSet (physical memory assigned to process): 107M, peak: 1111M
current process commit charge ("private bytes"): 1038M, peak: 1097M

vm_info: OpenJDK 64-Bit Server VM (21.0.8+9-LTS) for windows-amd64 JRE (21.0.8+9-LTS), built on 2025-07-15T00:00:00Z by "admin" with MS VC++ 17.7 (VS2022)

END.
