#
# There is insufficient memory for the Java Runtime Environment to continue.
# Native memory allocation (malloc) failed to allocate 477216 bytes. Error detail: Chunk::new
# Possible reasons:
#   The system is out of physical RAM or swap space
#   This process is running with CompressedOops enabled, and the Java Heap may be blocking the growth of the native heap
# Possible solutions:
#   Reduce memory load on the system
#   Increase physical memory or swap space
#   Check if swap backing store is full
#   Decrease Java heap size (-Xmx/-Xms)
#   Decrease number of Java threads
#   Decrease Java thread stack sizes (-Xss)
#   Set larger code cache with -XX:ReservedCodeCacheSize=
#   JVM is running with Unscaled Compressed Oops mode in which the Java heap is
#     placed in the first 4GB address space. The Java Heap base address is the
#     maximum limit for the native heap growth. Please use -XX:HeapBaseMinAddress
#     to set the Java Heap base and to place the Java Heap above 4GB virtual address.
# This output file may be truncated or incomplete.
#
#  Out of Memory Error (arena.cpp:168), pid=15692, tid=20584
#
# JRE version: OpenJDK Runtime Environment Temurin-21.0.7+6 (21.0.7+6) (build 21.0.7+6-LTS)
# Java VM: OpenJDK 64-Bit Server VM Temurin-21.0.7+6 (21.0.7+6-LTS, mixed mode, sharing, tiered, compressed oops, compressed class ptrs, parallel gc, windows-amd64)
# No core dump will be written. Minidumps are not enabled by default on client versions of Windows
#

---------------  S U M M A R Y ------------

Command Line: --add-modules=ALL-SYSTEM --add-opens=java.base/java.util=ALL-UNNAMED --add-opens=java.base/java.lang=ALL-UNNAMED --add-opens=java.base/sun.nio.fs=ALL-UNNAMED -Declipse.application=org.eclipse.jdt.ls.core.id1 -Dosgi.bundles.defaultStartLevel=4 -Declipse.product=org.eclipse.jdt.ls.core.product -Djava.import.generatesMetadataFilesAtProjectRoot=false -DDetectVMInstallationsJob.disabled=true -Dfile.encoding=utf8 -XX:+UseParallelGC -XX:GCTimeRatio=4 -XX:AdaptiveSizePolicyWeight=90 -Dsun.zip.disableMemoryMapping=true -Xmx2G -Xms100m -Xlog:disable -javaagent:c:\Users\hmfar\.vscode\extensions\redhat.java-1.43.0-win32-x64\lombok\lombok-1.18.39-4050.jar -XX:+HeapDumpOnOutOfMemoryError -XX:HeapDumpPath=c:\Users\hmfar\AppData\Roaming\Code\User\workspaceStorage\b6be3db273aae4f6e34850daa762c5b9\redhat.java -Daether.dependencyCollector.impl=bf c:\Users\hmfar\.vscode\extensions\redhat.java-1.43.0-win32-x64\server\plugins\org.eclipse.equinox.launcher_1.7.0.v20250519-0528.jar -configuration c:\Users\hmfar\AppData\Roaming\Code\User\globalStorage\redhat.java\1.43.0\config_win -data c:\Users\hmfar\AppData\Roaming\Code\User\workspaceStorage\b6be3db273aae4f6e34850daa762c5b9\redhat.java\jdt_ws --pipe=\\.\pipe\lsp-50ddae71450c528f03ac1e6dd92c3b51-sock

Host: 11th Gen Intel(R) Core(TM) i5-11300H @ 3.10GHz, 8 cores, 7G,  Windows 11 , 64 bit Build 22621 (10.0.22621.5262)
Time: Fri Jun 27 22:50:39 2025 Bangladesh Standard Time elapsed time: 100.463534 seconds (0d 0h 1m 40s)

---------------  T H R E A D  ---------------

Current thread (0x0000000019686e40):  JavaThread "C2 CompilerThread0" daemon [_thread_in_native, id=20584, stack(0x000000005c810000,0x000000005c910000) (1024K)]


Current CompileTask:
C2:100463 15958 %s!   4       org.eclipse.jdt.internal.core.index.DiskIndex::readCategoryTable @ 260 (743 bytes)

Stack: [0x000000005c810000,0x000000005c910000]
Native frames: (J=compiled Java code, j=interpreted, Vv=VM code, C=native code)
V  [jvm.dll+0x6ce119]
V  [jvm.dll+0x8a84a1]
V  [jvm.dll+0x8aa9ce]
V  [jvm.dll+0x8ab0b3]
V  [jvm.dll+0x27f8a6]
V  [jvm.dll+0xc507d]
V  [jvm.dll+0xc55b3]
V  [jvm.dll+0x2f2c6d]
V  [jvm.dll+0x5f6bca]
V  [jvm.dll+0x250cb2]
V  [jvm.dll+0x25106f]
V  [jvm.dll+0x249934]
V  [jvm.dll+0x246fc4]
V  [jvm.dll+0x1c760e]
V  [jvm.dll+0x25695a]
V  [jvm.dll+0x254efa]
V  [jvm.dll+0x3f03f6]
V  [jvm.dll+0x851f6b]
V  [jvm.dll+0x6cc7dd]
C  [ucrtbase.dll+0x29333]
C  [KERNEL32.DLL+0x1259d]
C  [ntdll.dll+0x5af58]


---------------  P R O C E S S  ---------------

Threads class SMR info:
_java_thread_list=0x0000000061fb12e0, length=65, elements={
0x0000000000435ed0, 0x000000001967bea0, 0x000000001967d7a0, 0x000000001967fb60,
0x0000000019681460, 0x00000000196824a0, 0x0000000019686010, 0x0000000019686e40,
0x000000005c943d70, 0x0000000002c90240, 0x000000006104d2b0, 0x0000000061688f60,
0x000000006168b030, 0x00000000616895f0, 0x0000000061689c80, 0x0000000061a60730,
0x0000000061a5dfd0, 0x0000000061a60dc0, 0x0000000061a62800, 0x0000000061a61450,
0x0000000061a648d0, 0x0000000061a63520, 0x0000000061a64240, 0x0000000061a5e660,
0x0000000061a5fa10, 0x0000000061a5ecf0, 0x0000000061a61ae0, 0x0000000061a64f60,
0x0000000061a655f0, 0x0000000061a5f380, 0x0000000061a600a0, 0x000000006168a9a0,
0x0000000061688240, 0x00000000616888d0, 0x0000000065bad490, 0x0000000065badb20,
0x0000000065bae840, 0x0000000065bace00, 0x0000000065bae1b0, 0x0000000065bb1cc0,
0x00000000652691c0, 0x0000000065269850, 0x0000000065269ee0, 0x00000000652684a0,
0x0000000065267780, 0x0000000065268b30, 0x0000000065267e10, 0x0000000061a63bb0,
0x00000000673e99a0, 0x00000000673e6520, 0x00000000673e6bb0, 0x00000000673e85f0,
0x00000000673e7240, 0x00000000673e8c80, 0x00000000673e78d0, 0x00000000673e7f60,
0x0000000071a119c0, 0x0000000071a10ca0, 0x0000000071a12050, 0x0000000071a0f8f0,
0x0000000071a0ff80, 0x00000000614f8ce0, 0x00000000614f7fc0, 0x00000000614fb440,
0x00000000614f72a0
}

Java Threads: ( => current thread )
  0x0000000000435ed0 JavaThread "main"                              [_thread_blocked, id=21556, stack(0x00000000009c0000,0x0000000000ac0000) (1024K)]
  0x000000001967bea0 JavaThread "Reference Handler"          daemon [_thread_blocked, id=23412, stack(0x000000005c210000,0x000000005c310000) (1024K)]
  0x000000001967d7a0 JavaThread "Finalizer"                  daemon [_thread_blocked, id=5056, stack(0x000000005c310000,0x000000005c410000) (1024K)]
  0x000000001967fb60 JavaThread "Signal Dispatcher"          daemon [_thread_blocked, id=19164, stack(0x000000005c410000,0x000000005c510000) (1024K)]
  0x0000000019681460 JavaThread "Attach Listener"            daemon [_thread_blocked, id=22060, stack(0x000000005c510000,0x000000005c610000) (1024K)]
  0x00000000196824a0 JavaThread "Service Thread"             daemon [_thread_blocked, id=7216, stack(0x000000005c610000,0x000000005c710000) (1024K)]
  0x0000000019686010 JavaThread "Monitor Deflation Thread"   daemon [_thread_blocked, id=19784, stack(0x000000005c710000,0x000000005c810000) (1024K)]
=>0x0000000019686e40 JavaThread "C2 CompilerThread0"         daemon [_thread_in_native, id=20584, stack(0x000000005c810000,0x000000005c910000) (1024K)]
  0x000000005c943d70 JavaThread "C1 CompilerThread0"         daemon [_thread_blocked, id=22308, stack(0x000000005cd10000,0x000000005ce10000) (1024K)]
  0x0000000002c90240 JavaThread "Common-Cleaner"             daemon [_thread_blocked, id=16604, stack(0x000000005ce10000,0x000000005cf10000) (1024K)]
  0x000000006104d2b0 JavaThread "Notification Thread"        daemon [_thread_blocked, id=17068, stack(0x0000000061800000,0x0000000061900000) (1024K)]
  0x0000000061688f60 JavaThread "Active Thread: Equinox Container: 39d092f2-5fcc-47d4-8b34-b5918898f256"        [_thread_blocked, id=2356, stack(0x0000000063820000,0x0000000063920000) (1024K)]
  0x000000006168b030 JavaThread "Framework Event Dispatcher: Equinox Container: 39d092f2-5fcc-47d4-8b34-b5918898f256" daemon [_thread_blocked, id=20976, stack(0x0000000061900000,0x0000000061a00000) (1024K)]
  0x00000000616895f0 JavaThread "Start Level: Equinox Container: 39d092f2-5fcc-47d4-8b34-b5918898f256" daemon [_thread_blocked, id=15880, stack(0x0000000063920000,0x0000000063a20000) (1024K)]
  0x0000000061689c80 JavaThread "Refresh Thread: Equinox Container: 39d092f2-5fcc-47d4-8b34-b5918898f256" daemon [_thread_blocked, id=21608, stack(0x0000000063120000,0x0000000063220000) (1024K)]
  0x0000000061a60730 JavaThread "Bundle File Closer"         daemon [_thread_blocked, id=4300, stack(0x0000000063e20000,0x0000000063f20000) (1024K)]
  0x0000000061a5dfd0 JavaThread "SCR Component Actor"        daemon [_thread_blocked, id=5940, stack(0x0000000063220000,0x0000000063320000) (1024K)]
  0x0000000061a60dc0 JavaThread "Worker-JM"                         [_thread_blocked, id=22080, stack(0x0000000000750000,0x0000000000850000) (1024K)]
  0x0000000061a62800 JavaThread "JNA Cleaner"                daemon [_thread_blocked, id=17792, stack(0x0000000063420000,0x0000000063520000) (1024K)]
  0x0000000061a61450 JavaThread "Worker-0"                          [_thread_blocked, id=23360, stack(0x0000000063520000,0x0000000063620000) (1024K)]
  0x0000000061a648d0 JavaThread "Worker-1: Check JDK Index"         [_thread_blocked, id=16924, stack(0x0000000063620000,0x0000000063720000) (1024K)]
  0x0000000061a63520 JavaThread "Java indexing"              daemon [_thread_blocked, id=21736, stack(0x0000000063c20000,0x0000000063d20000) (1024K)]
  0x0000000061a64240 JavaThread "Worker-2"                          [_thread_blocked, id=23388, stack(0x0000000063d20000,0x0000000063e20000) (1024K)]
  0x0000000061a5e660 JavaThread "Worker-3"                          [_thread_blocked, id=19504, stack(0x0000000064260000,0x0000000064360000) (1024K)]
  0x0000000061a5fa10 JavaThread "Worker-4"                          [_thread_blocked, id=15740, stack(0x0000000066600000,0x0000000066700000) (1024K)]
  0x0000000061a5ecf0 JavaThread "Thread-2"                   daemon [_thread_in_native, id=9556, stack(0x00000000663e0000,0x00000000664e0000) (1024K)]
  0x0000000061a61ae0 JavaThread "Thread-3"                   daemon [_thread_in_native, id=19036, stack(0x00000000664e0000,0x00000000665e0000) (1024K)]
  0x0000000061a64f60 JavaThread "Thread-4"                   daemon [_thread_in_native, id=19844, stack(0x0000000066930000,0x0000000066a30000) (1024K)]
  0x0000000061a655f0 JavaThread "Thread-5"                   daemon [_thread_in_native, id=20940, stack(0x0000000067cb0000,0x0000000067db0000) (1024K)]
  0x0000000061a5f380 JavaThread "Thread-6"                   daemon [_thread_in_native, id=4240, stack(0x0000000067db0000,0x0000000067eb0000) (1024K)]
  0x0000000061a600a0 JavaThread "Thread-7"                   daemon [_thread_in_native, id=23452, stack(0x0000000067eb0000,0x0000000067fb0000) (1024K)]
  0x000000006168a9a0 JavaThread "Thread-8"                   daemon [_thread_in_native, id=20232, stack(0x0000000067fb0000,0x00000000680b0000) (1024K)]
  0x0000000061688240 JavaThread "Thread-9"                   daemon [_thread_in_native, id=22384, stack(0x00000000680b0000,0x00000000681b0000) (1024K)]
  0x00000000616888d0 JavaThread "Thread-10"                  daemon [_thread_in_native, id=15724, stack(0x00000000681b0000,0x00000000682b0000) (1024K)]
  0x0000000065bad490 JavaThread "pool-2-thread-1"                   [_thread_blocked, id=9664, stack(0x0000000066700000,0x0000000066800000) (1024K)]
  0x0000000065badb20 JavaThread "WorkspaceEventsHandler"            [_thread_blocked, id=16240, stack(0x0000000066800000,0x0000000066900000) (1024K)]
  0x0000000065bae840 JavaThread "pool-1-thread-1"                   [_thread_blocked, id=15460, stack(0x0000000067a40000,0x0000000067b40000) (1024K)]
  0x0000000065bace00 JavaThread "Worker-5"                          [_thread_blocked, id=8040, stack(0x00000000682b0000,0x00000000683b0000) (1024K)]
  0x0000000065bae1b0 JavaThread "Worker-6: Java indexing... "        [_thread_blocked, id=4424, stack(0x00000000683b0000,0x00000000684b0000) (1024K)]
  0x0000000065bb1cc0 JavaThread "Worker-7"                          [_thread_blocked, id=21200, stack(0x00000000684b0000,0x00000000685b0000) (1024K)]
  0x00000000652691c0 JavaThread "LocalFile Deleter"          daemon [_thread_blocked, id=22936, stack(0x0000000063320000,0x0000000063420000) (1024K)]
  0x0000000065269850 JavaThread "LocalFile Deleter"          daemon [_thread_blocked, id=16528, stack(0x00000000706e0000,0x00000000707e0000) (1024K)]
  0x0000000065269ee0 JavaThread "LocalFile Deleter"          daemon [_thread_blocked, id=9772, stack(0x00000000707e0000,0x00000000708e0000) (1024K)]
  0x00000000652684a0 JavaThread "LocalFile Deleter"          daemon [_thread_blocked, id=9492, stack(0x00000000708e0000,0x00000000709e0000) (1024K)]
  0x0000000065267780 JavaThread "LocalFile Deleter"          daemon [_thread_blocked, id=14036, stack(0x00000000709e0000,0x0000000070ae0000) (1024K)]
  0x0000000065268b30 JavaThread "LocalFile Deleter"          daemon [_thread_blocked, id=19932, stack(0x0000000070ae0000,0x0000000070be0000) (1024K)]
  0x0000000065267e10 JavaThread "LocalFile Deleter"          daemon [_thread_blocked, id=2900, stack(0x0000000070be0000,0x0000000070ce0000) (1024K)]
  0x0000000061a63bb0 JavaThread "LocalFile Deleter"          daemon [_thread_blocked, id=19492, stack(0x0000000070ce0000,0x0000000070de0000) (1024K)]
  0x00000000673e99a0 JavaThread "Compiler Source File Reader" daemon [_thread_blocked, id=19748, stack(0x0000000070de0000,0x0000000070ee0000) (1024K)]
  0x00000000673e6520 JavaThread "Compiler Source File Reader" daemon [_thread_blocked, id=18068, stack(0x0000000070ee0000,0x0000000070fe0000) (1024K)]
  0x00000000673e6bb0 JavaThread "Compiler Source File Reader" daemon [_thread_blocked, id=16840, stack(0x0000000070fe0000,0x00000000710e0000) (1024K)]
  0x00000000673e85f0 JavaThread "Compiler Source File Reader" daemon [_thread_blocked, id=7836, stack(0x00000000710e0000,0x00000000711e0000) (1024K)]
  0x00000000673e7240 JavaThread "Compiler Source File Reader" daemon [_thread_blocked, id=7392, stack(0x00000000711e0000,0x00000000712e0000) (1024K)]
  0x00000000673e8c80 JavaThread "Compiler Source File Reader" daemon [_thread_blocked, id=3944, stack(0x00000000712e0000,0x00000000713e0000) (1024K)]
  0x00000000673e78d0 JavaThread "Compiler Processing Task"   daemon [_thread_blocked, id=22496, stack(0x0000000072730000,0x0000000072830000) (1024K)]
  0x00000000673e7f60 JavaThread "Compiler Class File Writer" daemon [_thread_blocked, id=12052, stack(0x00000000723b0000,0x00000000724b0000) (1024K)]
  0x0000000071a119c0 JavaThread "Compiler Class File Writer" daemon [_thread_blocked, id=19412, stack(0x00000000724b0000,0x00000000725b0000) (1024K)]
  0x0000000071a10ca0 JavaThread "Compiler Class File Writer" daemon [_thread_blocked, id=16248, stack(0x00000000725b0000,0x00000000726b0000) (1024K)]
  0x0000000071a12050 JavaThread "Compiler Class File Writer" daemon [_thread_blocked, id=3220, stack(0x0000000073810000,0x0000000073910000) (1024K)]
  0x0000000071a0f8f0 JavaThread "Compiler Class File Writer" daemon [_thread_blocked, id=21564, stack(0x0000000073910000,0x0000000073a10000) (1024K)]
  0x0000000071a0ff80 JavaThread "Compiler Class File Writer" daemon [_thread_blocked, id=12096, stack(0x0000000073df0000,0x0000000073ef0000) (1024K)]
  0x00000000614f8ce0 JavaThread "ForkJoinPool.commonPool-worker-1" daemon [_thread_blocked, id=12896, stack(0x00000000686b0000,0x00000000687b0000) (1024K)]
  0x00000000614f7fc0 JavaThread "ForkJoinPool.commonPool-worker-2" daemon [_thread_blocked, id=16572, stack(0x00000000687b0000,0x00000000688b0000) (1024K)]
  0x00000000614fb440 JavaThread "ForkJoinPool.commonPool-worker-3" daemon [_thread_blocked, id=14296, stack(0x00000000700e0000,0x00000000701e0000) (1024K)]
  0x00000000614f72a0 JavaThread "ForkJoinPool.commonPool-worker-4" daemon [_thread_blocked, id=12592, stack(0x00000000702e0000,0x00000000703e0000) (1024K)]
Total: 65

Other Threads:
  0x0000000002cde740 VMThread "VM Thread"                           [id=20024, stack(0x000000005c110000,0x000000005c210000) (1024K)]
  0x0000000002c8f290 WatcherThread "VM Periodic Task Thread"        [id=17356, stack(0x0000000002ad0000,0x0000000002bd0000) (1024K)]
  0x0000000002c41b60 WorkerThread "GC Thread#0"                     [id=9240, stack(0x00000000029d0000,0x0000000002ad0000) (1024K)]
  0x0000000061a02300 WorkerThread "GC Thread#1"                     [id=22188, stack(0x0000000062b20000,0x0000000062c20000) (1024K)]
  0x00000000613aa280 WorkerThread "GC Thread#2"                     [id=10052, stack(0x0000000062c20000,0x0000000062d20000) (1024K)]
  0x00000000613aa620 WorkerThread "GC Thread#3"                     [id=23348, stack(0x0000000062d20000,0x0000000062e20000) (1024K)]
  0x00000000613aa9c0 WorkerThread "GC Thread#4"                     [id=6840, stack(0x0000000062e20000,0x0000000062f20000) (1024K)]
  0x00000000613aad60 WorkerThread "GC Thread#5"                     [id=22260, stack(0x0000000062f20000,0x0000000063020000) (1024K)]
  0x000000006169d8e0 WorkerThread "GC Thread#6"                     [id=18300, stack(0x0000000063020000,0x0000000063120000) (1024K)]
  0x000000005cd0e630 WorkerThread "GC Thread#7"                     [id=16648, stack(0x0000000063a20000,0x0000000063b20000) (1024K)]
Total: 10

Threads with active compile tasks:
C2 CompilerThread0  100520 15958 %s!   4       org.eclipse.jdt.internal.core.index.DiskIndex::readCategoryTable @ 260 (743 bytes)
Total: 1

VM state: at safepoint (normal execution)

VM Mutex/Monitor currently owned by a thread:  ([mutex/lock_event])
[0x00007ff88bd8e308] Threads_lock - owner thread: 0x0000000002cde740
[0x00007ff88bd8e408] Heap_lock - owner thread: 0x0000000061a63520

Heap address: 0x0000000080000000, size: 2048 MB, Compressed Oops mode: 32-bit

CDS archive(s) mapped at: [0x000000001a000000-0x000000001aba0000-0x000000001aba0000), size 12189696, SharedBaseAddress: 0x000000001a000000, ArchiveRelocationMode: 1.
Compressed class space mapped at: 0x000000001b000000-0x000000005b000000, reserved size: 1073741824
Narrow klass base: 0x000000001a000000, Narrow klass shift: 0, Narrow klass range: 0x100000000

GC Precious Log:
 CardTable entry size: 512
 CPUs: 8 total, 8 available
 Memory: 7975M
 Large Page Support: Disabled
 NUMA Support: Disabled
 Compressed Oops: Enabled (32-bit)
 Alignments: Space 512K, Generation 512K, Heap 2M
 Heap Min Capacity: 100M
 Heap Initial Capacity: 100M
 Heap Max Capacity: 2G
 Pre-touch: Disabled
 Parallel Workers: 8

Heap:
 PSYoungGen      total 5120K, used 4882K [0x00000000d5580000, 0x00000000d5c80000, 0x0000000100000000)
  eden space 3584K, 100% used [0x00000000d5580000,0x00000000d5900000,0x00000000d5900000)
  from space 1536K, 84% used [0x00000000d5980000,0x00000000d5ac4808,0x00000000d5b00000)
  to   space 1536K, 84% used [0x00000000d5b00000,0x00000000d5c44808,0x00000000d5c80000)
 ParOldGen       total 701440K, used 701417K [0x0000000080000000, 0x00000000aad00000, 0x00000000d5580000)
  object space 701440K, 99% used [0x0000000080000000,0x00000000aacfa740,0x00000000aad00000)
 Metaspace       used 73382K, committed 75008K, reserved 1179648K
  class space    used 7400K, committed 8128K, reserved 1048576K

Card table byte_map: [0x00000000025c0000,0x00000000029d0000] _byte_map_base: 0x00000000021c0000

Marking Bits: (ParMarkBitMap*) 0x00007ff88bd931f0
 Begin Bits: [0x00000000150c0000, 0x00000000170c0000)
 End Bits:   [0x00000000170c0000, 0x00000000190c0000)

Polling page: 0x0000000000ac0000

Metaspace:

Usage:
  Non-class:     64.44 MB used.
      Class:      7.23 MB used.
       Both:     71.66 MB used.

Virtual space:
  Non-class space:      128.00 MB reserved,      65.31 MB ( 51%) committed,  2 nodes.
      Class space:        1.00 GB reserved,       7.94 MB ( <1%) committed,  1 nodes.
             Both:        1.12 GB reserved,      73.25 MB (  6%) committed. 

Chunk freelists:
   Non-Class:  14.30 MB
       Class:  7.91 MB
        Both:  22.20 MB

MaxMetaspaceSize: unlimited
CompressedClassSpaceSize: 1.00 GB
Initial GC threshold: 21.00 MB
Current GC threshold: 97.31 MB
CDS: on
 - commit_granule_bytes: 65536.
 - commit_granule_words: 8192.
 - virtual_space_node_default_size: 8388608.
 - enlarge_chunks_in_place: 1.
 - use_allocation_guard: 0.


Internal statistics:

num_allocs_failed_limit: 9.
num_arena_births: 1328.
num_arena_deaths: 14.
num_vsnodes_births: 3.
num_vsnodes_deaths: 0.
num_space_committed: 1172.
num_space_uncommitted: 0.
num_chunks_returned_to_freelist: 23.
num_chunks_taken_from_freelist: 4754.
num_chunk_merges: 10.
num_chunk_splits: 2834.
num_chunks_enlarged: 1525.
num_inconsistent_stats: 0.

CodeHeap 'non-profiled nmethods': size=120000Kb used=10057Kb max_used=10057Kb free=109942Kb
 bounds [0x000000000d8e0000, 0x000000000e2c0000, 0x0000000014e10000]
CodeHeap 'profiled nmethods': size=120000Kb used=34706Kb max_used=34706Kb free=85293Kb
 bounds [0x0000000005e10000, 0x0000000008000000, 0x000000000d340000]
CodeHeap 'non-nmethods': size=5760Kb used=1496Kb max_used=1564Kb free=4263Kb
 bounds [0x000000000d340000, 0x000000000d5b0000, 0x000000000d8e0000]
 total_blobs=15896 nmethods=15090 adapters=710
 compilation: enabled
              stopped_count=0, restarted_count=0
 full_count=0

Compilation events (20 events):
Event: 100.007 Thread 0x000000005c943d70 nmethod 15948 0x0000000007fe1d90 code [0x0000000007fe1fc0, 0x0000000007fe29b8]
Event: 100.067 Thread 0x0000000019686e40 15949       4       org.eclipse.jdt.internal.core.index.DiskIndex::readStreamDocumentArray (267 bytes)
Event: 100.069 Thread 0x000000005c943d70 15950 %s!   3       org.eclipse.jdt.internal.core.index.DiskIndex::readCategoryTable @ 260 (743 bytes)
Event: 100.076 Thread 0x000000005c943d70 nmethod 15950% 0x0000000007fe2d90 code [0x0000000007fe3400, 0x0000000007fe7c70]
Event: 100.077 Thread 0x000000005c943d70 15951  s!   3       org.eclipse.jdt.internal.core.index.DiskIndex::readCategoryTable (743 bytes)
Event: 100.084 Thread 0x000000005c943d70 nmethod 15951 0x0000000007fe9f90 code [0x0000000007fea5e0, 0x0000000007fee320]
Event: 100.094 Thread 0x0000000019686e40 nmethod 15949 0x000000000e2ac590 code [0x000000000e2ac760, 0x000000000e2acf28]
Event: 100.118 Thread 0x0000000019686e40 15952 %     4       org.eclipse.jdt.internal.core.index.DiskIndex::addQueryResults @ 97 (739 bytes)
Event: 100.120 Thread 0x000000005c943d70 15954 % !   3       org.eclipse.jdt.internal.core.index.Index::getMetaIndexQualifications @ 93 (152 bytes)
Event: 100.123 Thread 0x000000005c943d70 nmethod 15954% 0x0000000007ff0190 code [0x0000000007ff04c0, 0x0000000007ff1c10]
Event: 100.132 Thread 0x000000005c943d70 15955   !   3       org.eclipse.jdt.internal.core.index.Index::getMetaIndexQualifications (152 bytes)
Event: 100.135 Thread 0x000000005c943d70 nmethod 15955 0x0000000007ff2910 code [0x0000000007ff2c20, 0x0000000007ff4010]
Event: 100.160 Thread 0x0000000019686e40 nmethod 15952% 0x000000000e2ad290 code [0x000000000e2ad560, 0x000000000e2ae908]
Event: 100.160 Thread 0x0000000019686e40 15953 % !   4       org.eclipse.jdt.internal.core.index.Index::query @ 161 (203 bytes)
Event: 100.170 Thread 0x0000000019686e40 nmethod 15953% 0x000000000e2af490 code [0x000000000e2af640, 0x000000000e2af9c8]
Event: 100.192 Thread 0x0000000019686e40 15956       4       org.eclipse.jdt.internal.core.index.DiskIndex::addQueryResults (739 bytes)
Event: 100.232 Thread 0x0000000019686e40 nmethod 15956 0x000000000e2afb90 code [0x000000000e2afe20, 0x000000000e2b0e50]
Event: 100.232 Thread 0x0000000019686e40 15957   !   4       org.eclipse.jdt.internal.core.index.Index::query (203 bytes)
Event: 100.254 Thread 0x0000000019686e40 nmethod 15957 0x000000000e2b1810 code [0x000000000e2b19e0, 0x000000000e2b1f20]
Event: 100.351 Thread 0x0000000019686e40 15958 %s!   4       org.eclipse.jdt.internal.core.index.DiskIndex::readCategoryTable @ 260 (743 bytes)

GC Heap History (20 events):
Event: 99.696 GC heap before
{Heap before GC invocations=969 (full 3):
 PSYoungGen      total 8704K, used 8703K [0x00000000d5580000, 0x00000000d6400000, 0x0000000100000000)
  eden space 7680K, 100% used [0x00000000d5580000,0x00000000d5d00000,0x00000000d5d00000)
  from space 1024K, 99% used [0x00000000d5d80000,0x00000000d5e7fd80,0x00000000d5e80000)
  to   space 3584K, 0% used [0x00000000d6080000,0x00000000d6080000,0x00000000d6400000)
 ParOldGen       total 680448K, used 680015K [0x0000000080000000, 0x00000000a9880000, 0x00000000d5580000)
  object space 680448K, 99% used [0x0000000080000000,0x00000000a9813c30,0x00000000a9880000)
 Metaspace       used 73345K, committed 74944K, reserved 1179648K
  class space    used 7400K, committed 8128K, reserved 1048576K
}
Event: 99.704 GC heap after
{Heap after GC invocations=969 (full 3):
 PSYoungGen      total 7168K, used 3564K [0x00000000d5580000, 0x00000000d6c00000, 0x0000000100000000)
  eden space 3584K, 0% used [0x00000000d5580000,0x00000000d5580000,0x00000000d5900000)
  from space 3584K, 99% used [0x00000000d6080000,0x00000000d63fb280,0x00000000d6400000)
  to   space 7680K, 0% used [0x00000000d5900000,0x00000000d5900000,0x00000000d6080000)
 ParOldGen       total 683520K, used 683340K [0x0000000080000000, 0x00000000a9b80000, 0x00000000d5580000)
  object space 683520K, 99% used [0x0000000080000000,0x00000000a9b533a0,0x00000000a9b80000)
 Metaspace       used 73345K, committed 74944K, reserved 1179648K
  class space    used 7400K, committed 8128K, reserved 1048576K
}
Event: 99.727 GC heap before
{Heap before GC invocations=970 (full 3):
 PSYoungGen      total 7168K, used 7148K [0x00000000d5580000, 0x00000000d6c00000, 0x0000000100000000)
  eden space 3584K, 100% used [0x00000000d5580000,0x00000000d5900000,0x00000000d5900000)
  from space 3584K, 99% used [0x00000000d6080000,0x00000000d63fb280,0x00000000d6400000)
  to   space 7680K, 0% used [0x00000000d5900000,0x00000000d5900000,0x00000000d6080000)
 ParOldGen       total 683520K, used 683340K [0x0000000080000000, 0x00000000a9b80000, 0x00000000d5580000)
  object space 683520K, 99% used [0x0000000080000000,0x00000000a9b533a0,0x00000000a9b80000)
 Metaspace       used 73352K, committed 74944K, reserved 1179648K
  class space    used 7400K, committed 8128K, reserved 1048576K
}
Event: 99.736 GC heap after
{Heap after GC invocations=970 (full 3):
 PSYoungGen      total 7168K, used 3366K [0x00000000d5580000, 0x00000000d6300000, 0x0000000100000000)
  eden space 3584K, 0% used [0x00000000d5580000,0x00000000d5580000,0x00000000d5900000)
  from space 3584K, 93% used [0x00000000d5900000,0x00000000d5c49a38,0x00000000d5c80000)
  to   space 5120K, 0% used [0x00000000d5e00000,0x00000000d5e00000,0x00000000d6300000)
 ParOldGen       total 687104K, used 686806K [0x0000000080000000, 0x00000000a9f00000, 0x00000000d5580000)
  object space 687104K, 99% used [0x0000000080000000,0x00000000a9eb5ae0,0x00000000a9f00000)
 Metaspace       used 73352K, committed 74944K, reserved 1179648K
  class space    used 7400K, committed 8128K, reserved 1048576K
}
Event: 99.753 GC heap before
{Heap before GC invocations=971 (full 3):
 PSYoungGen      total 7168K, used 6950K [0x00000000d5580000, 0x00000000d6300000, 0x0000000100000000)
  eden space 3584K, 100% used [0x00000000d5580000,0x00000000d5900000,0x00000000d5900000)
  from space 3584K, 93% used [0x00000000d5900000,0x00000000d5c49a38,0x00000000d5c80000)
  to   space 5120K, 0% used [0x00000000d5e00000,0x00000000d5e00000,0x00000000d6300000)
 ParOldGen       total 687104K, used 686806K [0x0000000080000000, 0x00000000a9f00000, 0x00000000d5580000)
  object space 687104K, 99% used [0x0000000080000000,0x00000000a9eb5ae0,0x00000000a9f00000)
 Metaspace       used 73352K, committed 74944K, reserved 1179648K
  class space    used 7400K, committed 8128K, reserved 1048576K
}
Event: 99.758 GC heap after
{Heap after GC invocations=971 (full 3):
 PSYoungGen      total 7680K, used 3661K [0x00000000d5580000, 0x00000000d6200000, 0x0000000100000000)
  eden space 3584K, 0% used [0x00000000d5580000,0x00000000d5580000,0x00000000d5900000)
  from space 4096K, 89% used [0x00000000d5e00000,0x00000000d6193410,0x00000000d6200000)
  to   space 4096K, 0% used [0x00000000d5a00000,0x00000000d5a00000,0x00000000d5e00000)
 ParOldGen       total 688128K, used 688119K [0x0000000080000000, 0x00000000aa000000, 0x00000000d5580000)
  object space 688128K, 99% used [0x0000000080000000,0x00000000a9ffdd28,0x00000000aa000000)
 Metaspace       used 73352K, committed 74944K, reserved 1179648K
  class space    used 7400K, committed 8128K, reserved 1048576K
}
Event: 99.834 GC heap before
{Heap before GC invocations=972 (full 3):
 PSYoungGen      total 7680K, used 7245K [0x00000000d5580000, 0x00000000d6200000, 0x0000000100000000)
  eden space 3584K, 100% used [0x00000000d5580000,0x00000000d5900000,0x00000000d5900000)
  from space 4096K, 89% used [0x00000000d5e00000,0x00000000d6193410,0x00000000d6200000)
  to   space 4096K, 0% used [0x00000000d5a00000,0x00000000d5a00000,0x00000000d5e00000)
 ParOldGen       total 688128K, used 688119K [0x0000000080000000, 0x00000000aa000000, 0x00000000d5580000)
  object space 688128K, 99% used [0x0000000080000000,0x00000000a9ffdd28,0x00000000aa000000)
 Metaspace       used 73371K, committed 75008K, reserved 1179648K
  class space    used 7400K, committed 8128K, reserved 1048576K
}
Event: 99.841 GC heap after
{Heap after GC invocations=972 (full 3):
 PSYoungGen      total 5632K, used 1589K [0x00000000d5580000, 0x00000000d5e80000, 0x0000000100000000)
  eden space 3584K, 0% used [0x00000000d5580000,0x00000000d5580000,0x00000000d5900000)
  from space 2048K, 77% used [0x00000000d5a00000,0x00000000d5b8d600,0x00000000d5c00000)
  to   space 2560K, 0% used [0x00000000d5c00000,0x00000000d5c00000,0x00000000d5e80000)
 ParOldGen       total 691712K, used 691447K [0x0000000080000000, 0x00000000aa380000, 0x00000000d5580000)
  object space 691712K, 99% used [0x0000000080000000,0x00000000aa33dfa8,0x00000000aa380000)
 Metaspace       used 73371K, committed 75008K, reserved 1179648K
  class space    used 7400K, committed 8128K, reserved 1048576K
}
Event: 100.018 GC heap before
{Heap before GC invocations=973 (full 3):
 PSYoungGen      total 5632K, used 5173K [0x00000000d5580000, 0x00000000d5e80000, 0x0000000100000000)
  eden space 3584K, 100% used [0x00000000d5580000,0x00000000d5900000,0x00000000d5900000)
  from space 2048K, 77% used [0x00000000d5a00000,0x00000000d5b8d600,0x00000000d5c00000)
  to   space 2560K, 0% used [0x00000000d5c00000,0x00000000d5c00000,0x00000000d5e80000)
 ParOldGen       total 691712K, used 691447K [0x0000000080000000, 0x00000000aa380000, 0x00000000d5580000)
  object space 691712K, 99% used [0x0000000080000000,0x00000000aa33dfa8,0x00000000aa380000)
 Metaspace       used 73377K, committed 75008K, reserved 1179648K
  class space    used 7400K, committed 8128K, reserved 1048576K
}
Event: 100.025 GC heap after
{Heap after GC invocations=973 (full 3):
 PSYoungGen      total 5632K, used 1600K [0x00000000d5580000, 0x00000000d5e00000, 0x0000000100000000)
  eden space 3584K, 0% used [0x00000000d5580000,0x00000000d5580000,0x00000000d5900000)
  from space 2048K, 78% used [0x00000000d5c00000,0x00000000d5d90018,0x00000000d5e00000)
  to   space 2048K, 0% used [0x00000000d5a00000,0x00000000d5a00000,0x00000000d5c00000)
 ParOldGen       total 692736K, used 692585K [0x0000000080000000, 0x00000000aa480000, 0x00000000d5580000)
  object space 692736K, 99% used [0x0000000080000000,0x00000000aa45a7b0,0x00000000aa480000)
 Metaspace       used 73377K, committed 75008K, reserved 1179648K
  class space    used 7400K, committed 8128K, reserved 1048576K
}
Event: 100.109 GC heap before
{Heap before GC invocations=974 (full 3):
 PSYoungGen      total 5632K, used 5184K [0x00000000d5580000, 0x00000000d5e00000, 0x0000000100000000)
  eden space 3584K, 100% used [0x00000000d5580000,0x00000000d5900000,0x00000000d5900000)
  from space 2048K, 78% used [0x00000000d5c00000,0x00000000d5d90018,0x00000000d5e00000)
  to   space 2048K, 0% used [0x00000000d5a00000,0x00000000d5a00000,0x00000000d5c00000)
 ParOldGen       total 692736K, used 692585K [0x0000000080000000, 0x00000000aa480000, 0x00000000d5580000)
  object space 692736K, 99% used [0x0000000080000000,0x00000000aa45a7b0,0x00000000aa480000)
 Metaspace       used 73379K, committed 75008K, reserved 1179648K
  class space    used 7400K, committed 8128K, reserved 1048576K
}
Event: 100.117 GC heap after
{Heap after GC invocations=974 (full 3):
 PSYoungGen      total 5632K, used 2039K [0x00000000d5580000, 0x00000000d6200000, 0x0000000100000000)
  eden space 3584K, 0% used [0x00000000d5580000,0x00000000d5580000,0x00000000d5900000)
  from space 2048K, 99% used [0x00000000d5a00000,0x00000000d5bfdd30,0x00000000d5c00000)
  to   space 4608K, 0% used [0x00000000d5d80000,0x00000000d5d80000,0x00000000d6200000)
 ParOldGen       total 694784K, used 694410K [0x0000000080000000, 0x00000000aa680000, 0x00000000d5580000)
  object space 694784K, 99% used [0x0000000080000000,0x00000000aa622aa0,0x00000000aa680000)
 Metaspace       used 73379K, committed 75008K, reserved 1179648K
  class space    used 7400K, committed 8128K, reserved 1048576K
}
Event: 100.202 GC heap before
{Heap before GC invocations=975 (full 3):
 PSYoungGen      total 5632K, used 5623K [0x00000000d5580000, 0x00000000d6200000, 0x0000000100000000)
  eden space 3584K, 100% used [0x00000000d5580000,0x00000000d5900000,0x00000000d5900000)
  from space 2048K, 99% used [0x00000000d5a00000,0x00000000d5bfdd30,0x00000000d5c00000)
  to   space 4608K, 0% used [0x00000000d5d80000,0x00000000d5d80000,0x00000000d6200000)
 ParOldGen       total 694784K, used 694410K [0x0000000080000000, 0x00000000aa680000, 0x00000000d5580000)
  object space 694784K, 99% used [0x0000000080000000,0x00000000aa622aa0,0x00000000aa680000)
 Metaspace       used 73382K, committed 75008K, reserved 1179648K
  class space    used 7400K, committed 8128K, reserved 1048576K
}
Event: 100.210 GC heap after
{Heap after GC invocations=975 (full 3):
 PSYoungGen      total 5632K, used 1930K [0x00000000d5580000, 0x00000000d5f80000, 0x0000000100000000)
  eden space 3584K, 0% used [0x00000000d5580000,0x00000000d5580000,0x00000000d5900000)
  from space 2048K, 94% used [0x00000000d5d80000,0x00000000d5f629b0,0x00000000d5f80000)
  to   space 3072K, 0% used [0x00000000d5980000,0x00000000d5980000,0x00000000d5c80000)
 ParOldGen       total 696832K, used 696464K [0x0000000080000000, 0x00000000aa880000, 0x00000000d5580000)
  object space 696832K, 99% used [0x0000000080000000,0x00000000aa824150,0x00000000aa880000)
 Metaspace       used 73382K, committed 75008K, reserved 1179648K
  class space    used 7400K, committed 8128K, reserved 1048576K
}
Event: 100.236 GC heap before
{Heap before GC invocations=976 (full 3):
 PSYoungGen      total 5632K, used 5514K [0x00000000d5580000, 0x00000000d5f80000, 0x0000000100000000)
  eden space 3584K, 100% used [0x00000000d5580000,0x00000000d5900000,0x00000000d5900000)
  from space 2048K, 94% used [0x00000000d5d80000,0x00000000d5f629b0,0x00000000d5f80000)
  to   space 3072K, 0% used [0x00000000d5980000,0x00000000d5980000,0x00000000d5c80000)
 ParOldGen       total 696832K, used 696464K [0x0000000080000000, 0x00000000aa880000, 0x00000000d5580000)
  object space 696832K, 99% used [0x0000000080000000,0x00000000aa824150,0x00000000aa880000)
 Metaspace       used 73382K, committed 75008K, reserved 1179648K
  class space    used 7400K, committed 8128K, reserved 1048576K
}
Event: 100.241 GC heap after
{Heap after GC invocations=976 (full 3):
 PSYoungGen      total 6144K, used 2544K [0x00000000d5580000, 0x00000000d5f00000, 0x0000000100000000)
  eden space 3584K, 0% used [0x00000000d5580000,0x00000000d5580000,0x00000000d5900000)
  from space 2560K, 99% used [0x00000000d5980000,0x00000000d5bfc1e8,0x00000000d5c00000)
  to   space 3072K, 0% used [0x00000000d5c00000,0x00000000d5c00000,0x00000000d5f00000)
 ParOldGen       total 698368K, used 698242K [0x0000000080000000, 0x00000000aaa00000, 0x00000000d5580000)
  object space 698368K, 99% used [0x0000000080000000,0x00000000aa9e0b10,0x00000000aaa00000)
 Metaspace       used 73382K, committed 75008K, reserved 1179648K
  class space    used 7400K, committed 8128K, reserved 1048576K
}
Event: 100.305 GC heap before
{Heap before GC invocations=977 (full 3):
 PSYoungGen      total 6144K, used 6128K [0x00000000d5580000, 0x00000000d5f00000, 0x0000000100000000)
  eden space 3584K, 100% used [0x00000000d5580000,0x00000000d5900000,0x00000000d5900000)
  from space 2560K, 99% used [0x00000000d5980000,0x00000000d5bfc1e8,0x00000000d5c00000)
  to   space 3072K, 0% used [0x00000000d5c00000,0x00000000d5c00000,0x00000000d5f00000)
 ParOldGen       total 698368K, used 698242K [0x0000000080000000, 0x00000000aaa00000, 0x00000000d5580000)
  object space 698368K, 99% used [0x0000000080000000,0x00000000aa9e0b10,0x00000000aaa00000)
 Metaspace       used 73382K, committed 75008K, reserved 1179648K
  class space    used 7400K, committed 8128K, reserved 1048576K
}
Event: 100.311 GC heap after
{Heap after GC invocations=977 (full 3):
 PSYoungGen      total 5120K, used 1380K [0x00000000d5580000, 0x00000000d5d80000, 0x0000000100000000)
  eden space 3584K, 0% used [0x00000000d5580000,0x00000000d5580000,0x00000000d5900000)
  from space 1536K, 89% used [0x00000000d5c00000,0x00000000d5d59008,0x00000000d5d80000)
  to   space 2048K, 0% used [0x00000000d5980000,0x00000000d5980000,0x00000000d5b80000)
 ParOldGen       total 699904K, used 699671K [0x0000000080000000, 0x00000000aab80000, 0x00000000d5580000)
  object space 699904K, 99% used [0x0000000080000000,0x00000000aab45e50,0x00000000aab80000)
 Metaspace       used 73382K, committed 75008K, reserved 1179648K
  class space    used 7400K, committed 8128K, reserved 1048576K
}
Event: 100.370 GC heap before
{Heap before GC invocations=978 (full 3):
 PSYoungGen      total 5120K, used 4964K [0x00000000d5580000, 0x00000000d5d80000, 0x0000000100000000)
  eden space 3584K, 100% used [0x00000000d5580000,0x00000000d5900000,0x00000000d5900000)
  from space 1536K, 89% used [0x00000000d5c00000,0x00000000d5d59008,0x00000000d5d80000)
  to   space 2048K, 0% used [0x00000000d5980000,0x00000000d5980000,0x00000000d5b80000)
 ParOldGen       total 699904K, used 699671K [0x0000000080000000, 0x00000000aab80000, 0x00000000d5580000)
  object space 699904K, 99% used [0x0000000080000000,0x00000000aab45e50,0x00000000aab80000)
 Metaspace       used 73382K, committed 75008K, reserved 1179648K
  class space    used 7400K, committed 8128K, reserved 1048576K
}
Event: 100.374 GC heap after
{Heap after GC invocations=978 (full 3):
 PSYoungGen      total 5120K, used 1298K [0x00000000d5580000, 0x00000000d5c80000, 0x0000000100000000)
  eden space 3584K, 0% used [0x00000000d5580000,0x00000000d5580000,0x00000000d5900000)
  from space 1536K, 84% used [0x00000000d5980000,0x00000000d5ac4808,0x00000000d5b00000)
  to   space 1536K, 0% used [0x00000000d5b00000,0x00000000d5b00000,0x00000000d5c80000)
 ParOldGen       total 700928K, used 700741K [0x0000000080000000, 0x00000000aac80000, 0x00000000d5580000)
  object space 700928K, 99% used [0x0000000080000000,0x00000000aac51578,0x00000000aac80000)
 Metaspace       used 73382K, committed 75008K, reserved 1179648K
  class space    used 7400K, committed 8128K, reserved 1048576K
}

Dll operation events (12 events):
Event: 0.017 Loaded shared library c:\Users\hmfar\.vscode\extensions\redhat.java-1.43.0-win32-x64\jre\21.0.7-win32-x86_64\bin\java.dll
Event: 0.421 Loaded shared library c:\Users\hmfar\.vscode\extensions\redhat.java-1.43.0-win32-x64\jre\21.0.7-win32-x86_64\bin\zip.dll
Event: 0.484 Loaded shared library C:\Users\hmfar\.vscode\extensions\redhat.java-1.43.0-win32-x64\jre\21.0.7-win32-x86_64\bin\instrument.dll
Event: 0.540 Loaded shared library C:\Users\hmfar\.vscode\extensions\redhat.java-1.43.0-win32-x64\jre\21.0.7-win32-x86_64\bin\net.dll
Event: 0.559 Loaded shared library C:\Users\hmfar\.vscode\extensions\redhat.java-1.43.0-win32-x64\jre\21.0.7-win32-x86_64\bin\nio.dll
Event: 0.565 Loaded shared library C:\Users\hmfar\.vscode\extensions\redhat.java-1.43.0-win32-x64\jre\21.0.7-win32-x86_64\bin\zip.dll
Event: 0.614 Loaded shared library C:\Users\hmfar\.vscode\extensions\redhat.java-1.43.0-win32-x64\jre\21.0.7-win32-x86_64\bin\jimage.dll
Event: 0.867 Loaded shared library c:\Users\hmfar\.vscode\extensions\redhat.java-1.43.0-win32-x64\jre\21.0.7-win32-x86_64\bin\verify.dll
Event: 13.870 Loaded shared library C:\Users\hmfar\AppData\Roaming\Code\User\globalStorage\redhat.java\1.43.0\config_win\org.eclipse.equinox.launcher\org.eclipse.equinox.launcher.win32.win32.x86_64_1.2.1300.v20250331-1702\eclipse_11911.dll
Event: 31.430 Loaded shared library C:\Users\hmfar\AppData\Local\Temp\jna-99394546\jna17455538182733875371.dll
Event: 35.057 Loaded shared library C:\Users\hmfar\.vscode\extensions\redhat.java-1.43.0-win32-x64\jre\21.0.7-win32-x86_64\bin\sunmscapi.dll
Event: 35.262 Loaded shared library C:\Users\hmfar\.vscode\extensions\redhat.java-1.43.0-win32-x64\jre\21.0.7-win32-x86_64\bin\extnet.dll

Deoptimization events (20 events):
Event: 98.609 Thread 0x0000000061a63520 DEOPT PACKING pc=0x000000000e2a06f4 sp=0x0000000063d1f0c0
Event: 98.609 Thread 0x0000000061a63520 DEOPT UNPACKING pc=0x000000000d396da2 sp=0x0000000063d1f078 mode 2
Event: 99.530 Thread 0x0000000061a63520 Uncommon trap: trap_request=0xffffff45 fr.pc=0x000000000e0f4dc4 relative=0x0000000000001d84
Event: 99.530 Thread 0x0000000061a63520 Uncommon trap: reason=unstable_if action=reinterpret pc=0x000000000e0f4dc4 method=org.eclipse.jdt.internal.compiler.classfmt.MethodInfo.createMethod([B[IIJ)Lorg/eclipse/jdt/internal/compiler/classfmt/MethodInfo; @ 313 c2
Event: 99.530 Thread 0x0000000061a63520 DEOPT PACKING pc=0x000000000e0f4dc4 sp=0x0000000063d1f1e0
Event: 99.530 Thread 0x0000000061a63520 DEOPT UNPACKING pc=0x000000000d396da2 sp=0x0000000063d1f140 mode 2
Event: 99.651 Thread 0x0000000061a63520 Uncommon trap: trap_request=0xffffff45 fr.pc=0x000000000e2a6474 relative=0x0000000000000694
Event: 99.651 Thread 0x0000000061a63520 Uncommon trap: reason=unstable_if action=reinterpret pc=0x000000000e2a6474 method=org.eclipse.jdt.internal.core.index.DiskIndex.readStreamChars(Ljava/io/InputStream;)[C @ 14 c2
Event: 99.651 Thread 0x0000000061a63520 DEOPT PACKING pc=0x000000000e2a6474 sp=0x0000000063d1f1d0
Event: 99.651 Thread 0x0000000061a63520 DEOPT UNPACKING pc=0x000000000d396da2 sp=0x0000000063d1f150 mode 2
Event: 100.003 Thread 0x0000000061a63520 Uncommon trap: trap_request=0xffffff45 fr.pc=0x000000000e2a93f4 relative=0x0000000000000434
Event: 100.003 Thread 0x0000000061a63520 Uncommon trap: reason=unstable_if action=reinterpret pc=0x000000000e2a93f4 method=org.eclipse.jdt.internal.core.index.DiskIndex.readStreamDocumentArray(Ljava/io/InputStream;I)[I @ 17 c2
Event: 100.003 Thread 0x0000000061a63520 DEOPT PACKING pc=0x000000000e2a93f4 sp=0x0000000063d1f0b0
Event: 100.003 Thread 0x0000000061a63520 DEOPT UNPACKING pc=0x000000000d396da2 sp=0x0000000063d1f060 mode 2
Event: 100.192 Thread 0x0000000061a63520 DEOPT PACKING pc=0x0000000007fd851c sp=0x0000000063d1f200
Event: 100.192 Thread 0x0000000061a63520 DEOPT UNPACKING pc=0x000000000d3978e2 sp=0x0000000063d1e778 mode 0
Event: 100.228 Thread 0x0000000061a63520 DEOPT PACKING pc=0x0000000007fd851c sp=0x0000000063d1f200
Event: 100.228 Thread 0x0000000061a63520 DEOPT UNPACKING pc=0x000000000d3978e2 sp=0x0000000063d1e778 mode 0
Event: 100.230 Thread 0x0000000061a63520 DEOPT PACKING pc=0x0000000007fdaf98 sp=0x0000000063d1f3b0
Event: 100.230 Thread 0x0000000061a63520 DEOPT UNPACKING pc=0x000000000d3978e2 sp=0x0000000063d1e880 mode 0

Classes loaded (20 events):
Event: 77.176 Loading class java/nio/charset/CharacterCodingException
Event: 77.176 Loading class java/nio/charset/CharacterCodingException done
Event: 77.176 Loading class java/io/SequenceInputStream
Event: 77.187 Loading class java/io/SequenceInputStream done
Event: 77.598 Loading class java/util/concurrent/CompletableFuture$UniApply
Event: 77.600 Loading class java/util/concurrent/CompletableFuture$UniCompletion
Event: 77.602 Loading class java/util/concurrent/CompletableFuture$UniCompletion done
Event: 77.602 Loading class java/util/concurrent/CompletableFuture$UniApply done
Event: 77.605 Loading class java/util/concurrent/CompletableFuture$UniAccept
Event: 77.606 Loading class java/util/concurrent/CompletableFuture$UniAccept done
Event: 77.606 Loading class java/util/concurrent/CompletableFuture$UniExceptionally
Event: 77.606 Loading class java/util/concurrent/CompletableFuture$UniExceptionally done
Event: 78.149 Loading class java/util/Hashtable$KeySet
Event: 78.149 Loading class java/util/Hashtable$KeySet done
Event: 78.401 Loading class java/lang/UnsupportedClassVersionError
Event: 78.402 Loading class java/lang/UnsupportedClassVersionError done
Event: 79.538 Loading class java/lang/invoke/MethodHandleImpl$CountingWrapper$1
Event: 79.539 Loading class java/lang/invoke/MethodHandleImpl$CountingWrapper$1 done
Event: 85.757 Loading class java/util/HashMap$EntrySpliterator
Event: 85.805 Loading class java/util/HashMap$EntrySpliterator done

Classes unloaded (7 events):
Event: 32.586 Thread 0x0000000002cde740 Unloading class 0x000000001b1a8800 'java/lang/invoke/LambdaForm$MH+0x000000001b1a8800'
Event: 32.586 Thread 0x0000000002cde740 Unloading class 0x000000001b1a8400 'java/lang/invoke/LambdaForm$MH+0x000000001b1a8400'
Event: 32.586 Thread 0x0000000002cde740 Unloading class 0x000000001b1a8000 'java/lang/invoke/LambdaForm$MH+0x000000001b1a8000'
Event: 32.586 Thread 0x0000000002cde740 Unloading class 0x000000001b1a7c00 'java/lang/invoke/LambdaForm$MH+0x000000001b1a7c00'
Event: 32.586 Thread 0x0000000002cde740 Unloading class 0x000000001b1a7800 'java/lang/invoke/LambdaForm$BMH+0x000000001b1a7800'
Event: 32.586 Thread 0x0000000002cde740 Unloading class 0x000000001b1a7400 'java/lang/invoke/LambdaForm$DMH+0x000000001b1a7400'
Event: 32.586 Thread 0x0000000002cde740 Unloading class 0x000000001b1a6000 'java/lang/invoke/LambdaForm$DMH+0x000000001b1a6000'

Classes redefined (0 events):
No events

Internal exceptions (20 events):
Event: 98.250 Thread 0x0000000061a63520 Exception <a 'sun/nio/fs/WindowsException'{0x00000000d5b9da48}> (0x00000000d5b9da48) 
thrown [s\src\hotspot\share\prims\jni.cpp, line 520]
Event: 98.272 Thread 0x0000000061a63520 Exception <a 'sun/nio/fs/WindowsException'{0x00000000d5c0cae0}> (0x00000000d5c0cae0) 
thrown [s\src\hotspot\share\prims\jni.cpp, line 520]
Event: 98.319 Thread 0x0000000061a63520 Exception <a 'sun/nio/fs/WindowsException'{0x00000000d56de988}> (0x00000000d56de988) 
thrown [s\src\hotspot\share\prims\jni.cpp, line 520]
Event: 98.335 Thread 0x0000000061a63520 Exception <a 'sun/nio/fs/WindowsException'{0x00000000d570e240}> (0x00000000d570e240) 
thrown [s\src\hotspot\share\prims\jni.cpp, line 520]
Event: 98.457 Thread 0x0000000061a63520 Exception <a 'sun/nio/fs/WindowsException'{0x00000000d5b58548}> (0x00000000d5b58548) 
thrown [s\src\hotspot\share\prims\jni.cpp, line 520]
Event: 98.531 Thread 0x0000000061a63520 Exception <a 'sun/nio/fs/WindowsException'{0x00000000d5c0d030}> (0x00000000d5c0d030) 
thrown [s\src\hotspot\share\prims\jni.cpp, line 520]
Event: 98.588 Thread 0x0000000061a63520 Exception <a 'sun/nio/fs/WindowsException'{0x00000000d5b811f8}> (0x00000000d5b811f8) 
thrown [s\src\hotspot\share\prims\jni.cpp, line 520]
Event: 98.710 Thread 0x0000000061a63520 Exception <a 'sun/nio/fs/WindowsException'{0x00000000d5c73808}> (0x00000000d5c73808) 
thrown [s\src\hotspot\share\prims\jni.cpp, line 520]
Event: 98.759 Thread 0x0000000061a63520 Exception <a 'sun/nio/fs/WindowsException'{0x00000000d57daaa0}> (0x00000000d57daaa0) 
thrown [s\src\hotspot\share\prims\jni.cpp, line 520]
Event: 98.791 Thread 0x0000000061a63520 Exception <a 'sun/nio/fs/WindowsException'{0x00000000d5996f38}> (0x00000000d5996f38) 
thrown [s\src\hotspot\share\prims\jni.cpp, line 520]
Event: 98.818 Thread 0x0000000061a63520 Exception <a 'sun/nio/fs/WindowsException'{0x00000000d59f64f0}> (0x00000000d59f64f0) 
thrown [s\src\hotspot\share\prims\jni.cpp, line 520]
Event: 98.849 Thread 0x0000000061a63520 Exception <a 'sun/nio/fs/WindowsException'{0x00000000d5b1e3c8}> (0x00000000d5b1e3c8) 
thrown [s\src\hotspot\share\prims\jni.cpp, line 520]
Event: 98.881 Thread 0x0000000061a63520 Exception <a 'sun/nio/fs/WindowsException'{0x00000000d5bc35e0}> (0x00000000d5bc35e0) 
thrown [s\src\hotspot\share\prims\jni.cpp, line 520]
Event: 99.156 Thread 0x0000000061a63520 Exception <a 'sun/nio/fs/WindowsException'{0x00000000d59f0638}> (0x00000000d59f0638) 
thrown [s\src\hotspot\share\prims\jni.cpp, line 520]
Event: 99.193 Thread 0x0000000061a63520 Exception <a 'sun/nio/fs/WindowsException'{0x00000000d5ac5be8}> (0x00000000d5ac5be8) 
thrown [s\src\hotspot\share\prims\jni.cpp, line 520]
Event: 99.366 Thread 0x0000000061a63520 Exception <a 'sun/nio/fs/WindowsException'{0x00000000d5ac8390}> (0x00000000d5ac8390) 
thrown [s\src\hotspot\share\prims\jni.cpp, line 520]
Event: 99.432 Thread 0x0000000061a63520 Exception <a 'sun/nio/fs/WindowsException'{0x00000000d59fdf80}> (0x00000000d59fdf80) 
thrown [s\src\hotspot\share\prims\jni.cpp, line 520]
Event: 99.474 Thread 0x0000000061a63520 Exception <a 'sun/nio/fs/WindowsException'{0x00000000d5782808}> (0x00000000d5782808) 
thrown [s\src\hotspot\share\prims\jni.cpp, line 520]
Event: 99.573 Thread 0x0000000061a63520 Exception <a 'sun/nio/fs/WindowsException'{0x00000000d5b8ec28}> (0x00000000d5b8ec28) 
thrown [s\src\hotspot\share\prims\jni.cpp, line 520]
Event: 99.611 Thread 0x0000000061a63520 Exception <a 'sun/nio/fs/WindowsException'{0x00000000d56de120}> (0x00000000d56de120) 
thrown [s\src\hotspot\share\prims\jni.cpp, line 520]

ZGC Phase Switch (0 events):
No events

VM Operations (20 events):
Event: 99.696 Executing VM operation: ParallelGCFailedAllocation (Allocation Failure)
Event: 99.704 Executing VM operation: ParallelGCFailedAllocation (Allocation Failure) done
Event: 99.727 Executing VM operation: ParallelGCFailedAllocation (Allocation Failure)
Event: 99.736 Executing VM operation: ParallelGCFailedAllocation (Allocation Failure) done
Event: 99.753 Executing VM operation: ParallelGCFailedAllocation (Allocation Failure)
Event: 99.758 Executing VM operation: ParallelGCFailedAllocation (Allocation Failure) done
Event: 99.834 Executing VM operation: ParallelGCFailedAllocation (Allocation Failure)
Event: 99.841 Executing VM operation: ParallelGCFailedAllocation (Allocation Failure) done
Event: 100.018 Executing VM operation: ParallelGCFailedAllocation (Allocation Failure)
Event: 100.025 Executing VM operation: ParallelGCFailedAllocation (Allocation Failure) done
Event: 100.109 Executing VM operation: ParallelGCFailedAllocation (Allocation Failure)
Event: 100.117 Executing VM operation: ParallelGCFailedAllocation (Allocation Failure) done
Event: 100.202 Executing VM operation: ParallelGCFailedAllocation (Allocation Failure)
Event: 100.210 Executing VM operation: ParallelGCFailedAllocation (Allocation Failure) done
Event: 100.236 Executing VM operation: ParallelGCFailedAllocation (Allocation Failure)
Event: 100.241 Executing VM operation: ParallelGCFailedAllocation (Allocation Failure) done
Event: 100.305 Executing VM operation: ParallelGCFailedAllocation (Allocation Failure)
Event: 100.311 Executing VM operation: ParallelGCFailedAllocation (Allocation Failure) done
Event: 100.370 Executing VM operation: ParallelGCFailedAllocation (Allocation Failure)
Event: 100.374 Executing VM operation: ParallelGCFailedAllocation (Allocation Failure) done

Memory protections (0 events):
No events

Nmethod flushes (20 events):
Event: 40.759 Thread 0x0000000002cde740 flushing  nmethod 0x000000000686cb90
Event: 40.759 Thread 0x0000000002cde740 flushing  nmethod 0x000000000686f590
Event: 40.759 Thread 0x0000000002cde740 flushing  nmethod 0x0000000006872190
Event: 40.759 Thread 0x0000000002cde740 flushing  nmethod 0x0000000006872510
Event: 40.759 Thread 0x0000000002cde740 flushing  nmethod 0x0000000006874d90
Event: 40.759 Thread 0x0000000002cde740 flushing  nmethod 0x0000000006875190
Event: 40.759 Thread 0x0000000002cde740 flushing  nmethod 0x0000000006876d90
Event: 40.759 Thread 0x0000000002cde740 flushing  nmethod 0x0000000006878690
Event: 40.759 Thread 0x0000000002cde740 flushing  nmethod 0x0000000006888590
Event: 40.759 Thread 0x0000000002cde740 flushing  nmethod 0x0000000006888910
Event: 40.759 Thread 0x0000000002cde740 flushing  nmethod 0x000000000688ae90
Event: 40.759 Thread 0x0000000002cde740 flushing  nmethod 0x000000000688b310
Event: 40.759 Thread 0x0000000002cde740 flushing  nmethod 0x000000000688be10
Event: 40.759 Thread 0x0000000002cde740 flushing  nmethod 0x000000000688c390
Event: 40.759 Thread 0x0000000002cde740 flushing  nmethod 0x0000000006892890
Event: 40.759 Thread 0x0000000002cde740 flushing  nmethod 0x0000000006892e10
Event: 40.759 Thread 0x0000000002cde740 flushing  nmethod 0x0000000006893410
Event: 40.759 Thread 0x0000000002cde740 flushing  nmethod 0x0000000006898410
Event: 40.759 Thread 0x0000000002cde740 flushing  nmethod 0x0000000006899990
Event: 40.759 Thread 0x0000000002cde740 flushing  nmethod 0x0000000006899d10

Events (20 events):
Event: 63.628 Thread 0x00000000614fbad0 Thread exited: 0x00000000614fbad0
Event: 63.651 Thread 0x00000000614fce80 Thread exited: 0x00000000614fce80
Event: 66.841 Thread 0x0000000065bace00 Thread added: 0x00000000614fc160
Event: 66.842 Thread 0x0000000065bace00 Thread added: 0x00000000614fbad0
Event: 66.842 Thread 0x0000000065bace00 Thread added: 0x00000000614fb440
Event: 66.843 Thread 0x0000000065bace00 Thread added: 0x00000000614fc7f0
Event: 66.843 Thread 0x0000000065bace00 Thread added: 0x00000000614fdba0
Event: 67.971 Thread 0x00000000614fb440 Thread exited: 0x00000000614fb440
Event: 67.971 Thread 0x00000000614fc7f0 Thread exited: 0x00000000614fc7f0
Event: 67.990 Thread 0x00000000614fdba0 Thread exited: 0x00000000614fdba0
Event: 68.002 Thread 0x00000000614fbad0 Thread exited: 0x00000000614fbad0
Event: 68.004 Thread 0x00000000614fc160 Thread exited: 0x00000000614fc160
Event: 77.604 Thread 0x0000000065bae840 Thread added: 0x00000000614f8ce0
Event: 77.635 Thread 0x0000000065bae840 Thread added: 0x00000000614f7fc0
Event: 78.608 Thread 0x0000000061a5fa10 Thread added: 0x00000000614f8650
Event: 82.037 Thread 0x000000005c943d70 Thread added: 0x00000000624eb9f0
Event: 83.654 Thread 0x00000000614f8650 Thread exited: 0x00000000614f8650
Event: 84.121 Thread 0x0000000061a61450 Thread added: 0x00000000614fb440
Event: 84.124 Thread 0x00000000614f8ce0 Thread added: 0x00000000614f72a0
Event: 86.221 Thread 0x00000000624eb9f0 Thread exited: 0x00000000624eb9f0


Dynamic libraries:
0x00007ff79f910000 - 0x00007ff79f91e000 	c:\Users\hmfar\.vscode\extensions\redhat.java-1.43.0-win32-x64\jre\21.0.7-win32-x86_64\bin\java.exe
0x00007ff90e970000 - 0x00007ff90eb87000 	C:\WINDOWS\SYSTEM32\ntdll.dll
0x00007ff90dea0000 - 0x00007ff90df64000 	C:\WINDOWS\System32\KERNEL32.DLL
0x00007ff90bfd0000 - 0x00007ff90c3a3000 	C:\WINDOWS\System32\KERNELBASE.dll
0x00007ff90c430000 - 0x00007ff90c541000 	C:\WINDOWS\System32\ucrtbase.dll
0x00007ff907990000 - 0x00007ff9079a8000 	c:\Users\hmfar\.vscode\extensions\redhat.java-1.43.0-win32-x64\jre\21.0.7-win32-x86_64\bin\jli.dll
0x00007ff907970000 - 0x00007ff90798e000 	c:\Users\hmfar\.vscode\extensions\redhat.java-1.43.0-win32-x64\jre\21.0.7-win32-x86_64\bin\VCRUNTIME140.dll
0x00007ff8fd480000 - 0x00007ff8fd71b000 	C:\WINDOWS\WinSxS\amd64_microsoft.windows.common-controls_6595b64144ccf1df_6.0.22621.5262_none_2712bde373830908\COMCTL32.dll
0x00007ff90e800000 - 0x00007ff90e8a7000 	C:\WINDOWS\System32\msvcrt.dll
0x00007ff90e900000 - 0x00007ff90e929000 	C:\WINDOWS\System32\GDI32.dll
0x00007ff90c550000 - 0x00007ff90c576000 	C:\WINDOWS\System32\win32u.dll
0x00007ff90bea0000 - 0x00007ff90bfc2000 	C:\WINDOWS\System32\gdi32full.dll
0x00007ff90ba60000 - 0x00007ff90bafa000 	C:\WINDOWS\System32\msvcp_win.dll
0x00007ff90c8c0000 - 0x00007ff90ca71000 	C:\WINDOWS\System32\USER32.dll
0x00007ff90e2d0000 - 0x00007ff90e301000 	C:\WINDOWS\System32\IMM32.DLL
0x00007ff907060000 - 0x00007ff90706c000 	c:\Users\hmfar\.vscode\extensions\redhat.java-1.43.0-win32-x64\jre\21.0.7-win32-x86_64\bin\vcruntime140_1.dll
0x00007ff8e1350000 - 0x00007ff8e13dd000 	c:\Users\hmfar\.vscode\extensions\redhat.java-1.43.0-win32-x64\jre\21.0.7-win32-x86_64\bin\msvcp140.dll
0x00007ff88b0e0000 - 0x00007ff88be70000 	c:\Users\hmfar\.vscode\extensions\redhat.java-1.43.0-win32-x64\jre\21.0.7-win32-x86_64\bin\server\jvm.dll
0x00007ff90c660000 - 0x00007ff90c711000 	C:\WINDOWS\System32\ADVAPI32.dll
0x00007ff90d830000 - 0x00007ff90d8d7000 	C:\WINDOWS\System32\sechost.dll
0x00007ff90bc40000 - 0x00007ff90bc68000 	C:\WINDOWS\System32\bcrypt.dll
0x00007ff90e1b0000 - 0x00007ff90e2c4000 	C:\WINDOWS\System32\RPCRT4.dll
0x00007ff90c720000 - 0x00007ff90c791000 	C:\WINDOWS\System32\WS2_32.dll
0x00007ff90b330000 - 0x00007ff90b37d000 	C:\WINDOWS\SYSTEM32\POWRPROF.dll
0x00007ff9005e0000 - 0x00007ff9005ea000 	C:\WINDOWS\SYSTEM32\VERSION.dll
0x00007ff906fb0000 - 0x00007ff906fe4000 	C:\WINDOWS\SYSTEM32\WINMM.dll
0x00007ff90b310000 - 0x00007ff90b323000 	C:\WINDOWS\SYSTEM32\UMPDC.dll
0x00007ff90aa60000 - 0x00007ff90aa78000 	C:\WINDOWS\SYSTEM32\kernel.appcore.dll
0x00007ff907030000 - 0x00007ff90703a000 	c:\Users\hmfar\.vscode\extensions\redhat.java-1.43.0-win32-x64\jre\21.0.7-win32-x86_64\bin\jimage.dll
0x00007ff908ff0000 - 0x00007ff909222000 	C:\WINDOWS\SYSTEM32\DBGHELP.DLL
0x00007ff90d970000 - 0x00007ff90dd03000 	C:\WINDOWS\System32\combase.dll
0x00007ff90cb50000 - 0x00007ff90cc27000 	C:\WINDOWS\System32\OLEAUT32.dll
0x00007ff8f26a0000 - 0x00007ff8f26d2000 	C:\WINDOWS\SYSTEM32\dbgcore.DLL
0x00007ff90c3b0000 - 0x00007ff90c42b000 	C:\WINDOWS\System32\bcryptPrimitives.dll
0x00007ff906f80000 - 0x00007ff906f8f000 	c:\Users\hmfar\.vscode\extensions\redhat.java-1.43.0-win32-x64\jre\21.0.7-win32-x86_64\bin\instrument.dll
0x00007ff906f60000 - 0x00007ff906f7f000 	c:\Users\hmfar\.vscode\extensions\redhat.java-1.43.0-win32-x64\jre\21.0.7-win32-x86_64\bin\java.dll
0x00007ff90cdf0000 - 0x00007ff90d68d000 	C:\WINDOWS\System32\SHELL32.dll
0x00007ff90bb00000 - 0x00007ff90bc3f000 	C:\WINDOWS\System32\wintypes.dll
0x00007ff909950000 - 0x00007ff90a26d000 	C:\WINDOWS\SYSTEM32\windows.storage.dll
0x00007ff90dd10000 - 0x00007ff90de1b000 	C:\WINDOWS\System32\SHCORE.dll
0x00007ff90e790000 - 0x00007ff90e7f6000 	C:\WINDOWS\System32\shlwapi.dll
0x00007ff90b990000 - 0x00007ff90b9bb000 	C:\WINDOWS\SYSTEM32\profapi.dll
0x00007ff906f30000 - 0x00007ff906f48000 	c:\Users\hmfar\.vscode\extensions\redhat.java-1.43.0-win32-x64\jre\21.0.7-win32-x86_64\bin\zip.dll
0x00007ff906ca0000 - 0x00007ff906cb0000 	C:\Users\hmfar\.vscode\extensions\redhat.java-1.43.0-win32-x64\jre\21.0.7-win32-x86_64\bin\net.dll
0x00007ff9072d0000 - 0x00007ff9073fc000 	C:\WINDOWS\SYSTEM32\WINHTTP.dll
0x00007ff90aed0000 - 0x00007ff90af3a000 	C:\WINDOWS\system32\mswsock.dll
0x00007ff8f8e00000 - 0x00007ff8f8e16000 	C:\Users\hmfar\.vscode\extensions\redhat.java-1.43.0-win32-x64\jre\21.0.7-win32-x86_64\bin\nio.dll
0x00007ff8fa670000 - 0x00007ff8fa680000 	c:\Users\hmfar\.vscode\extensions\redhat.java-1.43.0-win32-x64\jre\21.0.7-win32-x86_64\bin\verify.dll
0x00007ff8f18f0000 - 0x00007ff8f1935000 	C:\Users\hmfar\AppData\Roaming\Code\User\globalStorage\redhat.java\1.43.0\config_win\org.eclipse.equinox.launcher\org.eclipse.equinox.launcher.win32.win32.x86_64_1.2.1300.v20250331-1702\eclipse_11911.dll
0x00007ff90cc30000 - 0x00007ff90cdd1000 	C:\WINDOWS\System32\ole32.dll
0x00007ff90b170000 - 0x00007ff90b18b000 	C:\WINDOWS\SYSTEM32\CRYPTSP.dll
0x00007ff90a9c0000 - 0x00007ff90a9f7000 	C:\WINDOWS\system32\rsaenh.dll
0x00007ff90af70000 - 0x00007ff90af98000 	C:\WINDOWS\SYSTEM32\USERENV.dll
0x00007ff90b0e0000 - 0x00007ff90b0ec000 	C:\WINDOWS\SYSTEM32\CRYPTBASE.dll
0x00007ff90a4d0000 - 0x00007ff90a4fd000 	C:\WINDOWS\SYSTEM32\IPHLPAPI.DLL
0x00007ff90cde0000 - 0x00007ff90cde9000 	C:\WINDOWS\System32\NSI.dll
0x00007ff8d96f0000 - 0x00007ff8d9739000 	C:\Users\hmfar\AppData\Local\Temp\jna-99394546\jna17455538182733875371.dll
0x00007ff90c8b0000 - 0x00007ff90c8b8000 	C:\WINDOWS\System32\PSAPI.DLL
0x00007ff9071f0000 - 0x00007ff907209000 	C:\WINDOWS\SYSTEM32\dhcpcsvc6.DLL
0x00007ff906f90000 - 0x00007ff906faf000 	C:\WINDOWS\SYSTEM32\dhcpcsvc.DLL
0x00007ff907d10000 - 0x00007ff907d1e000 	C:\Users\hmfar\.vscode\extensions\redhat.java-1.43.0-win32-x64\jre\21.0.7-win32-x86_64\bin\sunmscapi.dll
0x00007ff90bd30000 - 0x00007ff90be97000 	C:\WINDOWS\System32\CRYPT32.dll
0x00007ff90b420000 - 0x00007ff90b44d000 	C:\WINDOWS\SYSTEM32\ncrypt.dll
0x00007ff90b3e0000 - 0x00007ff90b417000 	C:\WINDOWS\SYSTEM32\NTASN1.dll
0x00007ff90a540000 - 0x00007ff90a638000 	C:\WINDOWS\SYSTEM32\DNSAPI.dll
0x00007ff900830000 - 0x00007ff90083a000 	C:\Windows\System32\rasadhlp.dll
0x00007ff9014b0000 - 0x00007ff901533000 	C:\WINDOWS\System32\fwpuclnt.dll
0x00007ff907ad0000 - 0x00007ff907ad9000 	C:\Users\hmfar\.vscode\extensions\redhat.java-1.43.0-win32-x64\jre\21.0.7-win32-x86_64\bin\extnet.dll

dbghelp: loaded successfully - version: 4.0.5 - missing functions: none
symbol engine: initialized successfully - sym options: 0x614 - pdb path: .;c:\Users\hmfar\.vscode\extensions\redhat.java-1.43.0-win32-x64\jre\21.0.7-win32-x86_64\bin;C:\WINDOWS\SYSTEM32;C:\WINDOWS\WinSxS\amd64_microsoft.windows.common-controls_6595b64144ccf1df_6.0.22621.5262_none_2712bde373830908;c:\Users\hmfar\.vscode\extensions\redhat.java-1.43.0-win32-x64\jre\21.0.7-win32-x86_64\bin\server;C:\Users\hmfar\AppData\Roaming\Code\User\globalStorage\redhat.java\1.43.0\config_win\org.eclipse.equinox.launcher\org.eclipse.equinox.launcher.win32.win32.x86_64_1.2.1300.v20250331-1702;C:\Users\hmfar\AppData\Local\Temp\jna-99394546

VM Arguments:
jvm_args: --add-modules=ALL-SYSTEM --add-opens=java.base/java.util=ALL-UNNAMED --add-opens=java.base/java.lang=ALL-UNNAMED --add-opens=java.base/sun.nio.fs=ALL-UNNAMED -Declipse.application=org.eclipse.jdt.ls.core.id1 -Dosgi.bundles.defaultStartLevel=4 -Declipse.product=org.eclipse.jdt.ls.core.product -Djava.import.generatesMetadataFilesAtProjectRoot=false -DDetectVMInstallationsJob.disabled=true -Dfile.encoding=utf8 -XX:+UseParallelGC -XX:GCTimeRatio=4 -XX:AdaptiveSizePolicyWeight=90 -Dsun.zip.disableMemoryMapping=true -Xmx2G -Xms100m -Xlog:disable -javaagent:c:\Users\hmfar\.vscode\extensions\redhat.java-1.43.0-win32-x64\lombok\lombok-1.18.39-4050.jar -XX:+HeapDumpOnOutOfMemoryError -XX:HeapDumpPath=c:\Users\hmfar\AppData\Roaming\Code\User\workspaceStorage\b6be3db273aae4f6e34850daa762c5b9\redhat.java -Daether.dependencyCollector.impl=bf 
java_command: c:\Users\hmfar\.vscode\extensions\redhat.java-1.43.0-win32-x64\server\plugins\org.eclipse.equinox.launcher_1.7.0.v20250519-0528.jar -configuration c:\Users\hmfar\AppData\Roaming\Code\User\globalStorage\redhat.java\1.43.0\config_win -data c:\Users\hmfar\AppData\Roaming\Code\User\workspaceStorage\b6be3db273aae4f6e34850daa762c5b9\redhat.java\jdt_ws --pipe=\\.\pipe\lsp-50ddae71450c528f03ac1e6dd92c3b51-sock
java_class_path (initial): c:\Users\hmfar\.vscode\extensions\redhat.java-1.43.0-win32-x64\server\plugins\org.eclipse.equinox.launcher_1.7.0.v20250519-0528.jar
Launcher Type: SUN_STANDARD

[Global flags]
    uintx AdaptiveSizePolicyWeight                 = 90                                        {product} {command line}
     intx CICompilerCount                          = 4                                         {product} {ergonomic}
    uintx GCTimeRatio                              = 4                                         {product} {command line}
     bool HeapDumpOnOutOfMemoryError               = true                                   {manageable} {command line}
    ccstr HeapDumpPath                             = c:\Users\hmfar\AppData\Roaming\Code\User\workspaceStorage\b6be3db273aae4f6e34850daa762c5b9\redhat.java         {manageable} {command line}
   size_t InitialHeapSize                          = 104857600                                 {product} {command line}
   size_t MaxHeapSize                              = 2147483648                                {product} {command line}
   size_t MaxNewSize                               = 715653120                                 {product} {ergonomic}
   size_t MinHeapDeltaBytes                        = 524288                                    {product} {ergonomic}
   size_t MinHeapSize                              = 104857600                                 {product} {command line}
   size_t NewSize                                  = 34603008                                  {product} {ergonomic}
    uintx NonNMethodCodeHeapSize                   = 5839372                                {pd product} {ergonomic}
    uintx NonProfiledCodeHeapSize                  = 122909434                              {pd product} {ergonomic}
   size_t OldSize                                  = 70254592                                  {product} {ergonomic}
    uintx ProfiledCodeHeapSize                     = 122909434                              {pd product} {ergonomic}
    uintx ReservedCodeCacheSize                    = 251658240                              {pd product} {ergonomic}
     bool SegmentedCodeCache                       = true                                      {product} {ergonomic}
   size_t SoftMaxHeapSize                          = 2147483648                             {manageable} {ergonomic}
     bool UseCompressedOops                        = true                           {product lp64_product} {ergonomic}
     bool UseLargePagesIndividualAllocation        = false                                  {pd product} {ergonomic}
     bool UseParallelGC                            = true                                      {product} {command line}

Logging:
Log output configuration:
 #0: stdout all=off uptime,level,tags foldmultilines=false
 #1: stderr all=off uptime,level,tags foldmultilines=false

Environment Variables:
JAVA_HOME=C:\Program Files\Java\jdk-17
PATH=C:\Program Files\Common Files\Oracle\Java\javapath;C:\Program Files\Java\jdk1.8.0_172\bin;C:\Program Files (x86)\Common Files\Intel\Shared Libraries\redist\intel64\compiler;C:\Python311\Scripts\;C:\Python311\;C:\Program Files (x86)\Common Files\Oracle\Java\javapath;C:\WINDOWS\system32;C:\WINDOWS;C:\WINDOWS\System32\Wbem;C:\WINDOWS\System32\WindowsPowerShell\v1.0\;C:\WINDOWS\System32\OpenSSH\;C:\Program Files\Java\jdk1.8.0_172\bin;C:\ProgramData\chocolatey\bin;D:\Programming\apache-maven-3.8.6-bin\apache-maven-3.8.6\bin;C:\Program Files\PuTTY\;C:\Program Files\nodejs\;C:\Program Files\Java\jdk-17\bin;C:\Program Files\Java\jdk-11\bin;C:\Users\hmfar\AppData\Local\Microsoft\WindowsApps;C:\Users\hmfar\AppData\Local\Programs\Microsoft VS Code\bin;C:\Users\hmfar\AppData\Roaming\npm;
USERNAME=hmfar
OS=Windows_NT
PROCESSOR_IDENTIFIER=Intel64 Family 6 Model 140 Stepping 1, GenuineIntel
TMP=C:\Users\hmfar\AppData\Local\Temp
TEMP=C:\Users\hmfar\AppData\Local\Temp




Periodic native trim disabled

---------------  S Y S T E M  ---------------

OS:
 Windows 11 , 64 bit Build 22621 (10.0.22621.5262)
OS uptime: 3 days 11:51 hours
Hyper-V role detected

CPU: total 8 (initial active 8) (4 cores per cpu, 2 threads per core) family 6 model 140 stepping 1 microcode 0x86, cx8, cmov, fxsr, ht, mmx, 3dnowpref, sse, sse2, sse3, ssse3, sse4.1, sse4.2, popcnt, lzcnt, tsc, tscinvbit, avx, avx2, aes, erms, clmul, bmi1, bmi2, adx, avx512f, avx512dq, avx512cd, avx512bw, avx512vl, sha, fma, vzeroupper, avx512_vpopcntdq, avx512_vpclmulqdq, avx512_vaes, avx512_vnni, clflush, clflushopt, clwb, avx512_vbmi2, avx512_vbmi, hv, rdtscp, rdpid, fsrm, gfni, avx512_bitalg, f16c, cet_ibt, cet_ss, avx512_ifma
Processor Information for the first 8 processors :
  Max Mhz: 3110, Current Mhz: 3110, Mhz Limit: 3110

Memory: 4k page, system-wide physical 7975M (913M free)
TotalPageFile size 26725M (AvailPageFile size 0M)
current process WorkingSet (physical memory assigned to process): 633M, peak: 633M
current process commit charge ("private bytes"): 1007M, peak: 1687M

vm_info: OpenJDK 64-Bit Server VM (21.0.7+6-LTS) for windows-amd64 JRE (21.0.7+6-LTS), built on 2025-04-15T00:00:00Z by "admin" with MS VC++ 17.7 (VS2022)

END.
