#
# There is insufficient memory for the Java Runtime Environment to continue.
# Native memory allocation (malloc) failed to allocate 1001936 bytes. Error detail: Chunk::new
# Possible reasons:
#   The system is out of physical RAM or swap space
#   This process is running with CompressedOops enabled, and the Java Heap may be blocking the growth of the native heap
# Possible solutions:
#   Reduce memory load on the system
#   Increase physical memory or swap space
#   Check if swap backing store is full
#   Decrease Java heap size (-Xmx/-Xms)
#   Decrease number of Java threads
#   Decrease Java thread stack sizes (-Xss)
#   Set larger code cache with -XX:ReservedCodeCacheSize=
#   JVM is running with Unscaled Compressed Oops mode in which the Java heap is
#     placed in the first 4GB address space. The Java Heap base address is the
#     maximum limit for the native heap growth. Please use -XX:HeapBaseMinAddress
#     to set the Java Heap base and to place the Java Heap above 4GB virtual address.
# This output file may be truncated or incomplete.
#
#  Out of Memory Error (arena.cpp:168), pid=20344, tid=12828
#
# JRE version: OpenJDK Runtime Environment Temurin-21.0.8+9 (21.0.8+9) (build 21.0.8+9-LTS)
# Java VM: OpenJDK 64-Bit Server VM Temurin-21.0.8+9 (21.0.8+9-LTS, mixed mode, sharing, tiered, compressed oops, compressed class ptrs, parallel gc, windows-amd64)
# No core dump will be written. Minidumps are not enabled by default on client versions of Windows
#

---------------  S U M M A R Y ------------

Command Line: --add-modules=ALL-SYSTEM --add-opens=java.base/java.util=ALL-UNNAMED --add-opens=java.base/java.lang=ALL-UNNAMED --add-opens=java.base/sun.nio.fs=ALL-UNNAMED -Declipse.application=org.eclipse.jdt.ls.core.id1 -Dosgi.bundles.defaultStartLevel=4 -Declipse.product=org.eclipse.jdt.ls.core.product -Djava.import.generatesMetadataFilesAtProjectRoot=false -DDetectVMInstallationsJob.disabled=true -Dfile.encoding=utf8 -XX:+UseParallelGC -XX:GCTimeRatio=4 -XX:AdaptiveSizePolicyWeight=90 -Dsun.zip.disableMemoryMapping=true -Xmx2G -Xms100m -Xlog:disable -javaagent:c:\Users\hmfar\.vscode\extensions\redhat.java-1.44.0-win32-x64\lombok\lombok-1.18.39-4050.jar -XX:+HeapDumpOnOutOfMemoryError -XX:HeapDumpPath=c:\Users\hmfar\AppData\Roaming\Code\User\workspaceStorage\b6be3db273aae4f6e34850daa762c5b9\redhat.java -Daether.dependencyCollector.impl=bf c:\Users\hmfar\.vscode\extensions\redhat.java-1.44.0-win32-x64\server\plugins\org.eclipse.equinox.launcher_1.7.0.v20250519-0528.jar -configuration c:\Users\hmfar\AppData\Roaming\Code\User\globalStorage\redhat.java\1.44.0\config_win -data c:\Users\hmfar\AppData\Roaming\Code\User\workspaceStorage\b6be3db273aae4f6e34850daa762c5b9\redhat.java\jdt_ws --pipe=\\.\pipe\lsp-2b01873bab6e0d43a21d2481e2ccfbfc-sock

Host: 11th Gen Intel(R) Core(TM) i5-11300H @ 3.10GHz, 8 cores, 7G,  Windows 11 , 64 bit Build 26100 (10.0.26100.4768)
Time: Wed Sep  3 20:07:20 2025 Bangladesh Standard Time elapsed time: 31.251686 seconds (0d 0h 0m 31s)

---------------  T H R E A D  ---------------

Current thread (0x0000000002cf8540):  JavaThread "C2 CompilerThread0" daemon [_thread_in_native, id=12828, stack(0x000000005c800000,0x000000005c900000) (1024K)]


Current CompileTask:
C2:31251 15196 %s!   4       org.eclipse.jdt.internal.core.index.DiskIndex::readCategoryTable @ 260 (743 bytes)

Stack: [0x000000005c800000,0x000000005c900000]
Native frames: (J=compiled Java code, j=interpreted, Vv=VM code, C=native code)
V  [jvm.dll+0x6d2449]
V  [jvm.dll+0x8ae341]
V  [jvm.dll+0x8b08be]
V  [jvm.dll+0x8b0fa3]
V  [jvm.dll+0x280c96]
V  [jvm.dll+0xc581d]
V  [jvm.dll+0xc5d53]
V  [jvm.dll+0x3b9162]
V  [jvm.dll+0x1e1213]
V  [jvm.dll+0x249022]
V  [jvm.dll+0x2484af]
V  [jvm.dll+0x1c89ee]
V  [jvm.dll+0x257d4d]
V  [jvm.dll+0x2562ea]
V  [jvm.dll+0x3f2d16]
V  [jvm.dll+0x857e6b]
V  [jvm.dll+0x6d0b0d]
C  [ucrtbase.dll+0x37b0]
C  [KERNEL32.DLL+0x2e8d7]
C  [ntdll.dll+0x3c34c]


---------------  P R O C E S S  ---------------

Threads class SMR info:
_java_thread_list=0x0000000073af1aa0, length=66, elements={
0x0000000002d4e410, 0x0000000002e0c200, 0x0000000002e0e6d0, 0x0000000002cd7460,
0x0000000002cd8460, 0x0000000002cdab50, 0x0000000002cef290, 0x0000000002cf8540,
0x0000000002cf91b0, 0x000000005cadda90, 0x000000005cadee40, 0x000000005cae01f0,
0x000000005cade120, 0x000000005cadfb60, 0x000000005cadf4d0, 0x000000005cae0f10,
0x000000005cade7b0, 0x00000000617d2330, 0x00000000617d1ca0, 0x00000000617d29c0,
0x00000000617d08f0, 0x00000000617cf540, 0x00000000617d3050, 0x00000000617cfbd0,
0x00000000617d36e0, 0x00000000617d0260, 0x00000000617d5e40, 0x00000000617d4400,
0x00000000617d6b60, 0x00000000617d5120, 0x00000000617d57b0, 0x00000000617d64d0,
0x00000000617d3d70, 0x00000000617d4a90, 0x0000000065eaa0e0, 0x0000000065eaa770,
0x0000000065eaae00, 0x0000000065ea8d30, 0x0000000065ea8010, 0x0000000065ea9a50,
0x0000000065eabb20, 0x0000000065ea86a0, 0x0000000065eac840, 0x0000000065eac1b0,
0x0000000065ea93c0, 0x0000000065eaced0, 0x0000000065eaefa0, 0x0000000065ead560,
0x0000000065eae910, 0x0000000065eaf630, 0x0000000065eadbf0, 0x0000000065eae280,
0x0000000071ed1500, 0x0000000071ecf430, 0x0000000071ecfac0, 0x0000000071ece080,
0x0000000071ed1b90, 0x0000000071ece710, 0x0000000071ed07e0, 0x0000000071eceda0,
0x0000000071ed28b0, 0x00000000703e5460, 0x00000000703e5af0, 0x00000000703e3a20,
0x00000000703e7530, 0x00000000703ea9b0
}

Java Threads: ( => current thread )
  0x0000000002d4e410 JavaThread "main"                              [_thread_blocked, id=15448, stack(0x0000000002300000,0x0000000002400000) (1024K)]
  0x0000000002e0c200 JavaThread "Reference Handler"          daemon [_thread_blocked, id=5140, stack(0x000000005c200000,0x000000005c300000) (1024K)]
  0x0000000002e0e6d0 JavaThread "Finalizer"                  daemon [_thread_blocked, id=13908, stack(0x000000005c300000,0x000000005c400000) (1024K)]
  0x0000000002cd7460 JavaThread "Signal Dispatcher"          daemon [_thread_blocked, id=6800, stack(0x000000005c400000,0x000000005c500000) (1024K)]
  0x0000000002cd8460 JavaThread "Attach Listener"            daemon [_thread_blocked, id=21500, stack(0x000000005c500000,0x000000005c600000) (1024K)]
  0x0000000002cdab50 JavaThread "Service Thread"             daemon [_thread_blocked, id=11392, stack(0x000000005c600000,0x000000005c700000) (1024K)]
  0x0000000002cef290 JavaThread "Monitor Deflation Thread"   daemon [_thread_blocked, id=13100, stack(0x000000005c700000,0x000000005c800000) (1024K)]
=>0x0000000002cf8540 JavaThread "C2 CompilerThread0"         daemon [_thread_in_native, id=12828, stack(0x000000005c800000,0x000000005c900000) (1024K)]
  0x0000000002cf91b0 JavaThread "C1 CompilerThread0"         daemon [_thread_blocked, id=224, stack(0x000000005c900000,0x000000005ca00000) (1024K)]
  0x000000005cadda90 JavaThread "Common-Cleaner"             daemon [_thread_blocked, id=11444, stack(0x000000005ce00000,0x000000005cf00000) (1024K)]
  0x000000005cadee40 JavaThread "Notification Thread"        daemon [_thread_blocked, id=11184, stack(0x0000000061800000,0x0000000061900000) (1024K)]
  0x000000005cae01f0 JavaThread "Active Thread: Equinox Container: 5a31d468-32c4-4ab9-befa-33f9d27c43af"        [_thread_blocked, id=14352, stack(0x0000000063130000,0x0000000063230000) (1024K)]
  0x000000005cade120 JavaThread "Refresh Thread: Equinox Container: 5a31d468-32c4-4ab9-befa-33f9d27c43af" daemon [_thread_blocked, id=652, stack(0x0000000063330000,0x0000000063430000) (1024K)]
  0x000000005cadfb60 JavaThread "Framework Event Dispatcher: Equinox Container: 5a31d468-32c4-4ab9-befa-33f9d27c43af" daemon [_thread_blocked, id=10612, stack(0x0000000063430000,0x0000000063530000) (1024K)]
  0x000000005cadf4d0 JavaThread "Start Level: Equinox Container: 5a31d468-32c4-4ab9-befa-33f9d27c43af" daemon [_thread_blocked, id=21864, stack(0x0000000063530000,0x0000000063630000) (1024K)]
  0x000000005cae0f10 JavaThread "Bundle File Closer"         daemon [_thread_blocked, id=6648, stack(0x0000000063730000,0x0000000063830000) (1024K)]
  0x000000005cade7b0 JavaThread "SCR Component Actor"        daemon [_thread_blocked, id=20568, stack(0x0000000063830000,0x0000000063930000) (1024K)]
  0x00000000617d2330 JavaThread "Worker-JM"                         [_thread_blocked, id=10620, stack(0x0000000063a30000,0x0000000063b30000) (1024K)]
  0x00000000617d1ca0 JavaThread "JNA Cleaner"                daemon [_thread_blocked, id=7464, stack(0x0000000063e70000,0x0000000063f70000) (1024K)]
  0x00000000617d29c0 JavaThread "Worker-0"                          [_thread_blocked, id=1756, stack(0x0000000063f70000,0x0000000064070000) (1024K)]
  0x00000000617d08f0 JavaThread "Worker-1: Java indexing... "        [_thread_blocked, id=22028, stack(0x0000000064070000,0x0000000064170000) (1024K)]
  0x00000000617cf540 JavaThread "Worker-2"                          [_thread_blocked, id=10616, stack(0x0000000065140000,0x0000000065240000) (1024K)]
  0x00000000617d3050 JavaThread "Java indexing"              daemon [_thread_blocked, id=22688, stack(0x0000000066210000,0x0000000066310000) (1024K)]
  0x00000000617cfbd0 JavaThread "Worker-3: Check JDK Index"         [_thread_blocked, id=17500, stack(0x0000000066310000,0x0000000066410000) (1024K)]
  0x00000000617d36e0 JavaThread "Thread-2"                   daemon [_thread_in_native, id=19892, stack(0x0000000066730000,0x0000000066830000) (1024K)]
  0x00000000617d0260 JavaThread "Thread-3"                   daemon [_thread_in_native, id=16392, stack(0x0000000066830000,0x0000000066930000) (1024K)]
  0x00000000617d5e40 JavaThread "Thread-4"                   daemon [_thread_in_native, id=11244, stack(0x0000000067930000,0x0000000067a30000) (1024K)]
  0x00000000617d4400 JavaThread "Thread-5"                   daemon [_thread_in_native, id=19696, stack(0x0000000067a30000,0x0000000067b30000) (1024K)]
  0x00000000617d6b60 JavaThread "Thread-6"                   daemon [_thread_in_native, id=18524, stack(0x0000000067b30000,0x0000000067c30000) (1024K)]
  0x00000000617d5120 JavaThread "Worker-4"                          [_thread_blocked, id=18812, stack(0x0000000067c30000,0x0000000067d30000) (1024K)]
  0x00000000617d57b0 JavaThread "Thread-7"                   daemon [_thread_in_native, id=15700, stack(0x0000000067d30000,0x0000000067e30000) (1024K)]
  0x00000000617d64d0 JavaThread "Thread-8"                   daemon [_thread_in_native, id=15352, stack(0x0000000067e30000,0x0000000067f30000) (1024K)]
  0x00000000617d3d70 JavaThread "Thread-9"                   daemon [_thread_in_native, id=13504, stack(0x0000000067f30000,0x0000000068030000) (1024K)]
  0x00000000617d4a90 JavaThread "Thread-10"                  daemon [_thread_in_native, id=11232, stack(0x0000000068030000,0x0000000068130000) (1024K)]
  0x0000000065eaa0e0 JavaThread "pool-2-thread-1"                   [_thread_blocked, id=11060, stack(0x0000000066610000,0x0000000066710000) (1024K)]
  0x0000000065eaa770 JavaThread "Worker-5"                          [_thread_blocked, id=12436, stack(0x0000000068540000,0x0000000068640000) (1024K)]
  0x0000000065eaae00 JavaThread "Worker-6"                          [_thread_blocked, id=8428, stack(0x0000000068640000,0x0000000068740000) (1024K)]
  0x0000000065ea8d30 JavaThread "Worker-7"                          [_thread_blocked, id=23264, stack(0x000000006ff30000,0x0000000070030000) (1024K)]
  0x0000000065ea8010 JavaThread "WorkspaceEventsHandler"            [_thread_blocked, id=10956, stack(0x0000000068130000,0x0000000068230000) (1024K)]
  0x0000000065ea9a50 JavaThread "pool-1-thread-1"                   [_thread_blocked, id=8900, stack(0x0000000068230000,0x0000000068330000) (1024K)]
  0x0000000065eabb20 JavaThread "LocalFile Deleter"          daemon [_thread_blocked, id=16692, stack(0x0000000068330000,0x0000000068430000) (1024K)]
  0x0000000065ea86a0 JavaThread "LocalFile Deleter"          daemon [_thread_blocked, id=3632, stack(0x0000000068430000,0x0000000068530000) (1024K)]
  0x0000000065eac840 JavaThread "LocalFile Deleter"          daemon [_thread_blocked, id=15524, stack(0x0000000071000000,0x0000000071100000) (1024K)]
  0x0000000065eac1b0 JavaThread "LocalFile Deleter"          daemon [_thread_blocked, id=19056, stack(0x0000000071100000,0x0000000071200000) (1024K)]
  0x0000000065ea93c0 JavaThread "LocalFile Deleter"          daemon [_thread_blocked, id=22644, stack(0x0000000071200000,0x0000000071300000) (1024K)]
  0x0000000065eaced0 JavaThread "LocalFile Deleter"          daemon [_thread_blocked, id=8388, stack(0x0000000071300000,0x0000000071400000) (1024K)]
  0x0000000065eaefa0 JavaThread "LocalFile Deleter"          daemon [_thread_blocked, id=20452, stack(0x0000000071400000,0x0000000071500000) (1024K)]
  0x0000000065ead560 JavaThread "LocalFile Deleter"          daemon [_thread_blocked, id=20928, stack(0x0000000072580000,0x0000000072680000) (1024K)]
  0x0000000065eae910 JavaThread "Compiler Source File Reader" daemon [_thread_blocked, id=3992, stack(0x0000000072680000,0x0000000072780000) (1024K)]
  0x0000000065eaf630 JavaThread "Compiler Source File Reader" daemon [_thread_blocked, id=17808, stack(0x0000000072780000,0x0000000072880000) (1024K)]
  0x0000000065eadbf0 JavaThread "Compiler Source File Reader" daemon [_thread_blocked, id=20828, stack(0x0000000072880000,0x0000000072980000) (1024K)]
  0x0000000065eae280 JavaThread "Compiler Source File Reader" daemon [_thread_blocked, id=12456, stack(0x0000000072980000,0x0000000072a80000) (1024K)]
  0x0000000071ed1500 JavaThread "Compiler Source File Reader" daemon [_thread_blocked, id=8076, stack(0x0000000072a80000,0x0000000072b80000) (1024K)]
  0x0000000071ecf430 JavaThread "Compiler Source File Reader" daemon [_thread_blocked, id=22176, stack(0x0000000072b80000,0x0000000072c80000) (1024K)]
  0x0000000071ecfac0 JavaThread "Compiler Processing Task"   daemon [_thread_blocked, id=14940, stack(0x0000000063930000,0x0000000063a30000) (1024K)]
  0x0000000071ece080 JavaThread "Compiler Class File Writer" daemon [_thread_blocked, id=18516, stack(0x0000000072f80000,0x0000000073080000) (1024K)]
  0x0000000071ed1b90 JavaThread "Compiler Class File Writer" daemon [_thread_blocked, id=11532, stack(0x0000000073080000,0x0000000073180000) (1024K)]
  0x0000000071ece710 JavaThread "Compiler Class File Writer" daemon [_thread_blocked, id=22300, stack(0x0000000072e10000,0x0000000072f10000) (1024K)]
  0x0000000071ed07e0 JavaThread "Compiler Class File Writer" daemon [_thread_blocked, id=2500, stack(0x0000000072c80000,0x0000000072d80000) (1024K)]
  0x0000000071eceda0 JavaThread "Compiler Class File Writer" daemon [_thread_blocked, id=16744, stack(0x0000000074850000,0x0000000074950000) (1024K)]
  0x0000000071ed28b0 JavaThread "Compiler Class File Writer" daemon [_thread_blocked, id=6600, stack(0x0000000073180000,0x0000000073280000) (1024K)]
  0x00000000703e5460 JavaThread "ForkJoinPool.commonPool-worker-1" daemon [_thread_blocked, id=17368, stack(0x0000000073280000,0x0000000073380000) (1024K)]
  0x00000000703e5af0 JavaThread "ForkJoinPool.commonPool-worker-2" daemon [_thread_blocked, id=18216, stack(0x0000000073380000,0x0000000073480000) (1024K)]
  0x00000000703e3a20 JavaThread "ForkJoinPool.commonPool-worker-4" daemon [_thread_blocked, id=2324, stack(0x00000000745d0000,0x00000000746d0000) (1024K)]
  0x00000000703e7530 JavaThread "ForkJoinPool.commonPool-worker-3" daemon [_thread_blocked, id=20292, stack(0x00000000746d0000,0x00000000747d0000) (1024K)]
  0x00000000703ea9b0 JavaThread "ForkJoinPool.commonPool-worker-5" daemon [_thread_blocked, id=13508, stack(0x0000000074950000,0x0000000074a50000) (1024K)]
Total: 66

Other Threads:
  0x0000000002cd35f0 VMThread "VM Thread"                           [id=12368, stack(0x000000005c100000,0x000000005c200000) (1024K)]
  0x0000000002dbbcc0 WatcherThread "VM Periodic Task Thread"        [id=9196, stack(0x00000000195f0000,0x00000000196f0000) (1024K)]
  0x0000000002d6ca80 WorkerThread "GC Thread#0"                     [id=3768, stack(0x0000000002a10000,0x0000000002b10000) (1024K)]
  0x00000000611ef2e0 WorkerThread "GC Thread#1"                     [id=19872, stack(0x0000000062b30000,0x0000000062c30000) (1024K)]
  0x00000000611ef680 WorkerThread "GC Thread#2"                     [id=2664, stack(0x0000000062c30000,0x0000000062d30000) (1024K)]
  0x00000000611efa20 WorkerThread "GC Thread#3"                     [id=2768, stack(0x0000000062d30000,0x0000000062e30000) (1024K)]
  0x00000000611efdc0 WorkerThread "GC Thread#4"                     [id=3496, stack(0x0000000062e30000,0x0000000062f30000) (1024K)]
  0x0000000061552fe0 WorkerThread "GC Thread#5"                     [id=23188, stack(0x0000000062f30000,0x0000000063030000) (1024K)]
  0x000000005cd9fcd0 WorkerThread "GC Thread#6"                     [id=8780, stack(0x0000000063030000,0x0000000063130000) (1024K)]
  0x0000000061a365e0 WorkerThread "GC Thread#7"                     [id=13828, stack(0x0000000063230000,0x0000000063330000) (1024K)]
Total: 10

Threads with active compile tasks:
C2 CompilerThread0  31288 15196 %s!   4       org.eclipse.jdt.internal.core.index.DiskIndex::readCategoryTable @ 260 (743 bytes)
Total: 1

VM state: at safepoint (normal execution)

VM Mutex/Monitor currently owned by a thread:  ([mutex/lock_event])
[0x00007ffc03c55458] Threads_lock - owner thread: 0x0000000002cd35f0
[0x00007ffc03c55558] Heap_lock - owner thread: 0x00000000617d3050
[0x00007ffc03c559d8] PSOldGenExpand_lock - owner thread: 0x00000000611efdc0

Heap address: 0x0000000080000000, size: 2048 MB, Compressed Oops mode: 32-bit

CDS archive(s) mapped at: [0x000000001a000000-0x000000001aba0000-0x000000001aba0000), size 12189696, SharedBaseAddress: 0x000000001a000000, ArchiveRelocationMode: 1.
Compressed class space mapped at: 0x000000001b000000-0x000000005b000000, reserved size: 1073741824
Narrow klass base: 0x000000001a000000, Narrow klass shift: 0, Narrow klass range: 0x100000000

GC Precious Log:
 CardTable entry size: 512
 CPUs: 8 total, 8 available
 Memory: 7975M
 Large Page Support: Disabled
 NUMA Support: Disabled
 Compressed Oops: Enabled (32-bit)
 Alignments: Space 512K, Generation 512K, Heap 2M
 Heap Min Capacity: 100M
 Heap Initial Capacity: 100M
 Heap Max Capacity: 2G
 Pre-touch: Disabled
 Parallel Workers: 8

Heap:
 PSYoungGen      total 9728K, used 9412K [0x00000000d5580000, 0x00000000d6300000, 0x0000000100000000)
  eden space 7168K, 100% used [0x00000000d5580000,0x00000000d5c80000,0x00000000d5c80000)
  from space 2560K, 87% used [0x00000000d5f00000,0x00000000d6131010,0x00000000d6180000)
  to   space 2560K, 98% used [0x00000000d5c80000,0x00000000d5ef9010,0x00000000d5f00000)
 ParOldGen       total 673792K, used 673787K [0x0000000080000000, 0x00000000a9200000, 0x00000000d5580000)
  object space 673792K, 99% used [0x0000000080000000,0x00000000a91fed90,0x00000000a9200000)
 Metaspace       used 68709K, committed 70336K, reserved 1114112K
  class space    used 7044K, committed 7744K, reserved 1048576K

Card table byte_map: [0x0000000002600000,0x0000000002a10000] _byte_map_base: 0x0000000002200000

Marking Bits: (ParMarkBitMap*) 0x00007ffc03c5a340
 Begin Bits: [0x00000000151f0000, 0x00000000171f0000)
 End Bits:   [0x00000000171f0000, 0x00000000191f0000)

Polling page: 0x00000000009f0000

Metaspace:

Usage:
  Non-class:     60.22 MB used.
      Class:      6.88 MB used.
       Both:     67.10 MB used.

Virtual space:
  Non-class space:       64.00 MB reserved,      61.12 MB ( 96%) committed,  1 nodes.
      Class space:        1.00 GB reserved,       7.56 MB ( <1%) committed,  1 nodes.
             Both:        1.06 GB reserved,      68.69 MB (  6%) committed. 

Chunk freelists:
   Non-Class:  2.66 MB
       Class:  8.25 MB
        Both:  10.91 MB

MaxMetaspaceSize: unlimited
CompressedClassSpaceSize: 1.00 GB
Initial GC threshold: 21.00 MB
Current GC threshold: 97.31 MB
CDS: on
 - commit_granule_bytes: 65536.
 - commit_granule_words: 8192.
 - virtual_space_node_default_size: 8388608.
 - enlarge_chunks_in_place: 1.
 - use_allocation_guard: 0.


Internal statistics:

num_allocs_failed_limit: 9.
num_arena_births: 1336.
num_arena_deaths: 14.
num_vsnodes_births: 2.
num_vsnodes_deaths: 0.
num_space_committed: 1099.
num_space_uncommitted: 0.
num_chunks_returned_to_freelist: 23.
num_chunks_taken_from_freelist: 4710.
num_chunk_merges: 13.
num_chunk_splits: 2877.
num_chunks_enlarged: 1585.
num_inconsistent_stats: 0.

CodeHeap 'non-profiled nmethods': size=120000Kb used=10754Kb max_used=10754Kb free=109245Kb
 bounds [0x000000000da10000, 0x000000000e4a0000, 0x0000000014f40000]
CodeHeap 'profiled nmethods': size=120000Kb used=33421Kb max_used=33421Kb free=86578Kb
 bounds [0x0000000005f40000, 0x0000000007ff0000, 0x000000000d470000]
CodeHeap 'non-nmethods': size=5760Kb used=1464Kb max_used=1550Kb free=4295Kb
 bounds [0x000000000d470000, 0x000000000d6e0000, 0x000000000da10000]
CodeCache: size=245760Kb, used=45639Kb, max_used=45725Kb, free=200118Kb
 total_blobs=15146, nmethods=14378, adapters=672, full_count=0
Compilation: enabled, stopped_count=0, restarted_count=0

Compilation events (20 events):
Event: 27.984 Thread 0x0000000002cf91b0 15189  s!   3       org.eclipse.jdt.internal.core.index.DiskIndex::readCategoryTable (743 bytes)
Event: 27.987 Thread 0x0000000002cf91b0 nmethod 15189 0x0000000007fd8310 code [0x0000000007fd8960, 0x0000000007fdc6a0]
Event: 27.988 Thread 0x0000000002cf91b0 15191 % !   3       org.eclipse.jdt.internal.core.index.Index::getMetaIndexQualifications @ 93 (152 bytes)
Event: 27.989 Thread 0x0000000002cf91b0 nmethod 15191% 0x0000000007fde510 code [0x0000000007fde840, 0x0000000007fdff90]
Event: 27.992 Thread 0x0000000002cf8540 nmethod 15187 0x000000000e48a890 code [0x000000000e48aa60, 0x000000000e48b288]
Event: 27.992 Thread 0x0000000002cf8540 15190 %     4       org.eclipse.jdt.internal.core.index.DiskIndex::addQueryResults @ 97 (739 bytes)
Event: 27.993 Thread 0x0000000002cf91b0 15192   !   3       org.eclipse.jdt.internal.core.index.Index::getMetaIndexQualifications (152 bytes)
Event: 27.994 Thread 0x0000000002cf91b0 nmethod 15192 0x0000000007fe0c90 code [0x0000000007fe0f80, 0x0000000007fe2330]
Event: 28.009 Thread 0x0000000002cf8540 nmethod 15190% 0x000000000e48b590 code [0x000000000e48b860, 0x000000000e48cb88]
Event: 28.036 Thread 0x0000000002cf8540 15193       4       org.eclipse.jdt.internal.core.index.DiskIndex::addQueryResults (739 bytes)
Event: 28.053 Thread 0x0000000002cf8540 nmethod 15193 0x000000000e48d710 code [0x000000000e48d9a0, 0x000000000e48e948]
Event: 28.053 Thread 0x0000000002cf8540 15194 % !   4       org.eclipse.jdt.internal.core.index.Index::query @ 161 (203 bytes)
Event: 28.058 Thread 0x0000000002cf8540 nmethod 15194% 0x000000000e48f290 code [0x000000000e48f440, 0x000000000e48f7e0]
Event: 28.072 Thread 0x0000000002cf8540 15195   !   4       org.eclipse.jdt.internal.core.index.Index::query (203 bytes)
Event: 28.078 Thread 0x0000000002cf8540 nmethod 15195 0x000000000e48f990 code [0x000000000e48fb60, 0x000000000e4900b8]
Event: 28.099 Thread 0x0000000002cf8540 15196 %s!   4       org.eclipse.jdt.internal.core.index.DiskIndex::readCategoryTable @ 260 (743 bytes)
Event: 29.209 Thread 0x0000000002cf91b0 15201       3       org.eclipse.jdt.internal.core.index.FileIndexLocation::getInputStream (12 bytes)
Event: 29.209 Thread 0x0000000002cf91b0 nmethod 15201 0x0000000007fe2e10 code [0x0000000007fe2fc0, 0x0000000007fe3170]
Event: 29.209 Thread 0x0000000002cf91b0 15202   !   3       java.io.FileInputStream::skip (27 bytes)
Event: 29.210 Thread 0x0000000002cf91b0 nmethod 15202 0x0000000007fe3210 code [0x0000000007fe33e0, 0x0000000007fe3600]

GC Heap History (20 events):
Event: 24.856 GC heap after
{Heap after GC invocations=792 (full 3):
 PSYoungGen      total 6656K, used 1024K [0x00000000d5580000, 0x00000000d6380000, 0x0000000100000000)
  eden space 5632K, 0% used [0x00000000d5580000,0x00000000d5580000,0x00000000d5b00000)
  from space 1024K, 100% used [0x00000000d5b00000,0x00000000d5c00000,0x00000000d5c00000)
  to   space 3584K, 0% used [0x00000000d6000000,0x00000000d6000000,0x00000000d6380000)
 ParOldGen       total 651776K, used 651635K [0x0000000080000000, 0x00000000a7c80000, 0x00000000d5580000)
  object space 651776K, 99% used [0x0000000080000000,0x00000000a7c5ce20,0x00000000a7c80000)
 Metaspace       used 68670K, committed 70272K, reserved 1114112K
  class space    used 7043K, committed 7744K, reserved 1048576K
}
Event: 24.874 GC heap before
{Heap before GC invocations=793 (full 3):
 PSYoungGen      total 6656K, used 6656K [0x00000000d5580000, 0x00000000d6380000, 0x0000000100000000)
  eden space 5632K, 100% used [0x00000000d5580000,0x00000000d5b00000,0x00000000d5b00000)
  from space 1024K, 100% used [0x00000000d5b00000,0x00000000d5c00000,0x00000000d5c00000)
  to   space 3584K, 0% used [0x00000000d6000000,0x00000000d6000000,0x00000000d6380000)
 ParOldGen       total 651776K, used 651635K [0x0000000080000000, 0x00000000a7c80000, 0x00000000d5580000)
  object space 651776K, 99% used [0x0000000080000000,0x00000000a7c5ce20,0x00000000a7c80000)
 Metaspace       used 68673K, committed 70272K, reserved 1114112K
  class space    used 7043K, committed 7744K, reserved 1048576K
}
Event: 27.882 GC heap after
{Heap after GC invocations=793 (full 3):
 PSYoungGen      total 7680K, used 3559K [0x00000000d5580000, 0x00000000d6980000, 0x0000000100000000)
  eden space 4096K, 0% used [0x00000000d5580000,0x00000000d5580000,0x00000000d5980000)
  from space 3584K, 99% used [0x00000000d6000000,0x00000000d6379ee0,0x00000000d6380000)
  to   space 6656K, 0% used [0x00000000d5980000,0x00000000d5980000,0x00000000d6000000)
 ParOldGen       total 653824K, used 653784K [0x0000000080000000, 0x00000000a7e80000, 0x00000000d5580000)
  object space 653824K, 99% used [0x0000000080000000,0x00000000a7e761c0,0x00000000a7e80000)
 Metaspace       used 68673K, committed 70272K, reserved 1114112K
  class space    used 7043K, committed 7744K, reserved 1048576K
}
Event: 27.893 GC heap before
{Heap before GC invocations=794 (full 3):
 PSYoungGen      total 7680K, used 7542K [0x00000000d5580000, 0x00000000d6980000, 0x0000000100000000)
  eden space 4096K, 97% used [0x00000000d5580000,0x00000000d5963c70,0x00000000d5980000)
  from space 3584K, 99% used [0x00000000d6000000,0x00000000d6379ee0,0x00000000d6380000)
  to   space 6656K, 0% used [0x00000000d5980000,0x00000000d5980000,0x00000000d6000000)
 ParOldGen       total 653824K, used 653784K [0x0000000080000000, 0x00000000a7e80000, 0x00000000d5580000)
  object space 653824K, 99% used [0x0000000080000000,0x00000000a7e761c0,0x00000000a7e80000)
 Metaspace       used 68680K, committed 70272K, reserved 1114112K
  class space    used 7043K, committed 7744K, reserved 1048576K
}
Event: 27.898 GC heap after
{Heap after GC invocations=794 (full 3):
 PSYoungGen      total 8704K, used 4098K [0x00000000d5580000, 0x00000000d6480000, 0x0000000100000000)
  eden space 4096K, 0% used [0x00000000d5580000,0x00000000d5580000,0x00000000d5980000)
  from space 4608K, 88% used [0x00000000d5980000,0x00000000d5d80a98,0x00000000d5e00000)
  to   space 5120K, 0% used [0x00000000d5f80000,0x00000000d5f80000,0x00000000d6480000)
 ParOldGen       total 657408K, used 657261K [0x0000000080000000, 0x00000000a8200000, 0x00000000d5580000)
  object space 657408K, 99% used [0x0000000080000000,0x00000000a81db560,0x00000000a8200000)
 Metaspace       used 68680K, committed 70272K, reserved 1114112K
  class space    used 7043K, committed 7744K, reserved 1048576K
}
Event: 27.909 GC heap before
{Heap before GC invocations=795 (full 3):
 PSYoungGen      total 8704K, used 8194K [0x00000000d5580000, 0x00000000d6480000, 0x0000000100000000)
  eden space 4096K, 100% used [0x00000000d5580000,0x00000000d5980000,0x00000000d5980000)
  from space 4608K, 88% used [0x00000000d5980000,0x00000000d5d80a98,0x00000000d5e00000)
  to   space 5120K, 0% used [0x00000000d5f80000,0x00000000d5f80000,0x00000000d6480000)
 ParOldGen       total 657408K, used 657261K [0x0000000080000000, 0x00000000a8200000, 0x00000000d5580000)
  object space 657408K, 99% used [0x0000000080000000,0x00000000a81db560,0x00000000a8200000)
 Metaspace       used 68680K, committed 70272K, reserved 1114112K
  class space    used 7043K, committed 7744K, reserved 1048576K
}
Event: 27.913 GC heap after
{Heap after GC invocations=795 (full 3):
 PSYoungGen      total 9216K, used 3949K [0x00000000d5580000, 0x00000000d6380000, 0x0000000100000000)
  eden space 5120K, 0% used [0x00000000d5580000,0x00000000d5580000,0x00000000d5a80000)
  from space 4096K, 96% used [0x00000000d5f80000,0x00000000d635b410,0x00000000d6380000)
  to   space 4608K, 0% used [0x00000000d5a80000,0x00000000d5a80000,0x00000000d5f00000)
 ParOldGen       total 659456K, used 659209K [0x0000000080000000, 0x00000000a8400000, 0x00000000d5580000)
  object space 659456K, 99% used [0x0000000080000000,0x00000000a83c24e0,0x00000000a8400000)
 Metaspace       used 68680K, committed 70272K, reserved 1114112K
  class space    used 7043K, committed 7744K, reserved 1048576K
}
Event: 27.948 GC heap before
{Heap before GC invocations=796 (full 3):
 PSYoungGen      total 9216K, used 9069K [0x00000000d5580000, 0x00000000d6380000, 0x0000000100000000)
  eden space 5120K, 100% used [0x00000000d5580000,0x00000000d5a80000,0x00000000d5a80000)
  from space 4096K, 96% used [0x00000000d5f80000,0x00000000d635b410,0x00000000d6380000)
  to   space 4608K, 0% used [0x00000000d5a80000,0x00000000d5a80000,0x00000000d5f00000)
 ParOldGen       total 659456K, used 659209K [0x0000000080000000, 0x00000000a8400000, 0x00000000d5580000)
  object space 659456K, 99% used [0x0000000080000000,0x00000000a83c24e0,0x00000000a8400000)
 Metaspace       used 68697K, committed 70336K, reserved 1114112K
  class space    used 7044K, committed 7744K, reserved 1048576K
}
Event: 27.953 GC heap after
{Heap after GC invocations=796 (full 3):
 PSYoungGen      total 7680K, used 2197K [0x00000000d5580000, 0x00000000d6180000, 0x0000000100000000)
  eden space 5120K, 0% used [0x00000000d5580000,0x00000000d5580000,0x00000000d5a80000)
  from space 2560K, 85% used [0x00000000d5a80000,0x00000000d5ca5608,0x00000000d5d00000)
  to   space 3072K, 0% used [0x00000000d5e80000,0x00000000d5e80000,0x00000000d6180000)
 ParOldGen       total 663040K, used 662777K [0x0000000080000000, 0x00000000a8780000, 0x00000000d5580000)
  object space 663040K, 99% used [0x0000000080000000,0x00000000a873e760,0x00000000a8780000)
 Metaspace       used 68697K, committed 70336K, reserved 1114112K
  class space    used 7044K, committed 7744K, reserved 1048576K
}
Event: 27.979 GC heap before
{Heap before GC invocations=797 (full 3):
 PSYoungGen      total 7680K, used 7317K [0x00000000d5580000, 0x00000000d6180000, 0x0000000100000000)
  eden space 5120K, 100% used [0x00000000d5580000,0x00000000d5a80000,0x00000000d5a80000)
  from space 2560K, 85% used [0x00000000d5a80000,0x00000000d5ca5608,0x00000000d5d00000)
  to   space 3072K, 0% used [0x00000000d5e80000,0x00000000d5e80000,0x00000000d6180000)
 ParOldGen       total 663040K, used 662777K [0x0000000080000000, 0x00000000a8780000, 0x00000000d5580000)
  object space 663040K, 99% used [0x0000000080000000,0x00000000a873e760,0x00000000a8780000)
 Metaspace       used 68705K, committed 70336K, reserved 1114112K
  class space    used 7044K, committed 7744K, reserved 1048576K
}
Event: 27.982 GC heap after
{Heap after GC invocations=797 (full 3):
 PSYoungGen      total 8704K, used 2951K [0x00000000d5580000, 0x00000000d6280000, 0x0000000100000000)
  eden space 5632K, 0% used [0x00000000d5580000,0x00000000d5580000,0x00000000d5b00000)
  from space 3072K, 96% used [0x00000000d5e80000,0x00000000d6161d38,0x00000000d6180000)
  to   space 3584K, 0% used [0x00000000d5b00000,0x00000000d5b00000,0x00000000d5e80000)
 ParOldGen       total 664576K, used 664475K [0x0000000080000000, 0x00000000a8900000, 0x00000000d5580000)
  object space 664576K, 99% used [0x0000000080000000,0x00000000a88e6f78,0x00000000a8900000)
 Metaspace       used 68705K, committed 70336K, reserved 1114112K
  class space    used 7044K, committed 7744K, reserved 1048576K
}
Event: 28.026 GC heap before
{Heap before GC invocations=798 (full 3):
 PSYoungGen      total 8704K, used 8583K [0x00000000d5580000, 0x00000000d6280000, 0x0000000100000000)
  eden space 5632K, 100% used [0x00000000d5580000,0x00000000d5b00000,0x00000000d5b00000)
  from space 3072K, 96% used [0x00000000d5e80000,0x00000000d6161d38,0x00000000d6180000)
  to   space 3584K, 0% used [0x00000000d5b00000,0x00000000d5b00000,0x00000000d5e80000)
 ParOldGen       total 664576K, used 664475K [0x0000000080000000, 0x00000000a8900000, 0x00000000d5580000)
  object space 664576K, 99% used [0x0000000080000000,0x00000000a88e6f78,0x00000000a8900000)
 Metaspace       used 68708K, committed 70336K, reserved 1114112K
  class space    used 7044K, committed 7744K, reserved 1048576K
}
Event: 28.031 GC heap after
{Heap after GC invocations=798 (full 3):
 PSYoungGen      total 9216K, used 2442K [0x00000000d5580000, 0x00000000d6280000, 0x0000000100000000)
  eden space 5632K, 0% used [0x00000000d5580000,0x00000000d5580000,0x00000000d5b00000)
  from space 3584K, 68% used [0x00000000d5b00000,0x00000000d5d62890,0x00000000d5e80000)
  to   space 3072K, 0% used [0x00000000d5f80000,0x00000000d5f80000,0x00000000d6280000)
 ParOldGen       total 666112K, used 666089K [0x0000000080000000, 0x00000000a8a80000, 0x00000000d5580000)
  object space 666112K, 99% used [0x0000000080000000,0x00000000a8a7a440,0x00000000a8a80000)
 Metaspace       used 68708K, committed 70336K, reserved 1114112K
  class space    used 7044K, committed 7744K, reserved 1048576K
}
Event: 28.079 GC heap before
{Heap before GC invocations=799 (full 3):
 PSYoungGen      total 9216K, used 8074K [0x00000000d5580000, 0x00000000d6280000, 0x0000000100000000)
  eden space 5632K, 100% used [0x00000000d5580000,0x00000000d5b00000,0x00000000d5b00000)
  from space 3584K, 68% used [0x00000000d5b00000,0x00000000d5d62890,0x00000000d5e80000)
  to   space 3072K, 0% used [0x00000000d5f80000,0x00000000d5f80000,0x00000000d6280000)
 ParOldGen       total 666112K, used 666089K [0x0000000080000000, 0x00000000a8a80000, 0x00000000d5580000)
  object space 666112K, 99% used [0x0000000080000000,0x00000000a8a7a440,0x00000000a8a80000)
 Metaspace       used 68708K, committed 70336K, reserved 1114112K
  class space    used 7044K, committed 7744K, reserved 1048576K
}
Event: 28.083 GC heap after
{Heap after GC invocations=799 (full 3):
 PSYoungGen      total 8704K, used 2696K [0x00000000d5580000, 0x00000000d6280000, 0x0000000100000000)
  eden space 5632K, 0% used [0x00000000d5580000,0x00000000d5580000,0x00000000d5b00000)
  from space 3072K, 87% used [0x00000000d5f80000,0x00000000d62221b0,0x00000000d6280000)
  to   space 3072K, 0% used [0x00000000d5c80000,0x00000000d5c80000,0x00000000d5f80000)
 ParOldGen       total 668160K, used 667970K [0x0000000080000000, 0x00000000a8c80000, 0x00000000d5580000)
  object space 668160K, 99% used [0x0000000080000000,0x00000000a8c50830,0x00000000a8c80000)
 Metaspace       used 68708K, committed 70336K, reserved 1114112K
  class space    used 7044K, committed 7744K, reserved 1048576K
}
Event: 28.127 GC heap before
{Heap before GC invocations=800 (full 3):
 PSYoungGen      total 8704K, used 8328K [0x00000000d5580000, 0x00000000d6280000, 0x0000000100000000)
  eden space 5632K, 100% used [0x00000000d5580000,0x00000000d5b00000,0x00000000d5b00000)
  from space 3072K, 87% used [0x00000000d5f80000,0x00000000d62221b0,0x00000000d6280000)
  to   space 3072K, 0% used [0x00000000d5c80000,0x00000000d5c80000,0x00000000d5f80000)
 ParOldGen       total 668160K, used 667970K [0x0000000080000000, 0x00000000a8c80000, 0x00000000d5580000)
  object space 668160K, 99% used [0x0000000080000000,0x00000000a8c50830,0x00000000a8c80000)
 Metaspace       used 68708K, committed 70336K, reserved 1114112K
  class space    used 7044K, committed 7744K, reserved 1048576K
}
Event: 29.132 GC heap after
{Heap after GC invocations=800 (full 3):
 PSYoungGen      total 9728K, used 2116K [0x00000000d5580000, 0x00000000d6180000, 0x0000000100000000)
  eden space 7168K, 0% used [0x00000000d5580000,0x00000000d5580000,0x00000000d5c80000)
  from space 2560K, 82% used [0x00000000d5c80000,0x00000000d5e91010,0x00000000d5f00000)
  to   space 2560K, 0% used [0x00000000d5f00000,0x00000000d5f00000,0x00000000d6180000)
 ParOldGen       total 670208K, used 670182K [0x0000000080000000, 0x00000000a8e80000, 0x00000000d5580000)
  object space 670208K, 99% used [0x0000000080000000,0x00000000a8e79970,0x00000000a8e80000)
 Metaspace       used 68708K, committed 70336K, reserved 1114112K
  class space    used 7044K, committed 7744K, reserved 1048576K
}
Event: 29.189 GC heap before
{Heap before GC invocations=801 (full 3):
 PSYoungGen      total 9728K, used 9284K [0x00000000d5580000, 0x00000000d6180000, 0x0000000100000000)
  eden space 7168K, 100% used [0x00000000d5580000,0x00000000d5c80000,0x00000000d5c80000)
  from space 2560K, 82% used [0x00000000d5c80000,0x00000000d5e91010,0x00000000d5f00000)
  to   space 2560K, 0% used [0x00000000d5f00000,0x00000000d5f00000,0x00000000d6180000)
 ParOldGen       total 670208K, used 670182K [0x0000000080000000, 0x00000000a8e80000, 0x00000000d5580000)
  object space 670208K, 99% used [0x0000000080000000,0x00000000a8e79970,0x00000000a8e80000)
 Metaspace       used 68708K, committed 70336K, reserved 1114112K
  class space    used 7044K, committed 7744K, reserved 1048576K
}
Event: 29.192 GC heap after
{Heap after GC invocations=801 (full 3):
 PSYoungGen      total 9728K, used 2244K [0x00000000d5580000, 0x00000000d6300000, 0x0000000100000000)
  eden space 7168K, 0% used [0x00000000d5580000,0x00000000d5580000,0x00000000d5c80000)
  from space 2560K, 87% used [0x00000000d5f00000,0x00000000d6131010,0x00000000d6180000)
  to   space 2560K, 0% used [0x00000000d5c80000,0x00000000d5c80000,0x00000000d5f00000)
 ParOldGen       total 672256K, used 671916K [0x0000000080000000, 0x00000000a9080000, 0x00000000d5580000)
  object space 672256K, 99% used [0x0000000080000000,0x00000000a902b1a8,0x00000000a9080000)
 Metaspace       used 68708K, committed 70336K, reserved 1114112K
  class space    used 7044K, committed 7744K, reserved 1048576K
}
Event: 29.245 GC heap before
{Heap before GC invocations=802 (full 3):
 PSYoungGen      total 9728K, used 9412K [0x00000000d5580000, 0x00000000d6300000, 0x0000000100000000)
  eden space 7168K, 100% used [0x00000000d5580000,0x00000000d5c80000,0x00000000d5c80000)
  from space 2560K, 87% used [0x00000000d5f00000,0x00000000d6131010,0x00000000d6180000)
  to   space 2560K, 0% used [0x00000000d5c80000,0x00000000d5c80000,0x00000000d5f00000)
 ParOldGen       total 672256K, used 671916K [0x0000000080000000, 0x00000000a9080000, 0x00000000d5580000)
  object space 672256K, 99% used [0x0000000080000000,0x00000000a902b1a8,0x00000000a9080000)
 Metaspace       used 68709K, committed 70336K, reserved 1114112K
  class space    used 7044K, committed 7744K, reserved 1048576K
}

Dll operation events (10 events):
Event: 0.010 Loaded shared library c:\Users\hmfar\.vscode\extensions\redhat.java-1.44.0-win32-x64\jre\21.0.8-win32-x86_64\bin\java.dll
Event: 0.067 Loaded shared library c:\Users\hmfar\.vscode\extensions\redhat.java-1.44.0-win32-x64\jre\21.0.8-win32-x86_64\bin\zip.dll
Event: 0.086 Loaded shared library C:\Users\hmfar\.vscode\extensions\redhat.java-1.44.0-win32-x64\jre\21.0.8-win32-x86_64\bin\instrument.dll
Event: 0.089 Loaded shared library C:\Users\hmfar\.vscode\extensions\redhat.java-1.44.0-win32-x64\jre\21.0.8-win32-x86_64\bin\net.dll
Event: 0.091 Loaded shared library C:\Users\hmfar\.vscode\extensions\redhat.java-1.44.0-win32-x64\jre\21.0.8-win32-x86_64\bin\nio.dll
Event: 0.093 Loaded shared library C:\Users\hmfar\.vscode\extensions\redhat.java-1.44.0-win32-x64\jre\21.0.8-win32-x86_64\bin\zip.dll
Event: 0.106 Loaded shared library C:\Users\hmfar\.vscode\extensions\redhat.java-1.44.0-win32-x64\jre\21.0.8-win32-x86_64\bin\jimage.dll
Event: 0.167 Loaded shared library c:\Users\hmfar\.vscode\extensions\redhat.java-1.44.0-win32-x64\jre\21.0.8-win32-x86_64\bin\verify.dll
Event: 1.076 Loaded shared library C:\Users\hmfar\AppData\Roaming\Code\User\globalStorage\redhat.java\1.44.0\config_win\org.eclipse.equinox.launcher\org.eclipse.equinox.launcher.win32.win32.x86_64_1.2.1400.v20250730-1736\eclipse_11913.dll
Event: 2.312 Loaded shared library C:\Users\hmfar\AppData\Local\Temp\jna-99394546\jna13020214694799501631.dll

Deoptimization events (20 events):
Event: 23.042 Thread 0x00000000617d3050 DEOPT PACKING pc=0x000000000de9b324 sp=0x000000006630f2f0
Event: 23.042 Thread 0x00000000617d3050 DEOPT UNPACKING pc=0x000000000d4c6da2 sp=0x000000006630f2d0 mode 2
Event: 23.774 Thread 0x00000000617d3050 Uncommon trap: trap_request=0xffffff45 fr.pc=0x000000000e2a04fc relative=0x0000000000001dbc
Event: 23.774 Thread 0x00000000617d3050 Uncommon trap: reason=unstable_if action=reinterpret pc=0x000000000e2a04fc method=org.eclipse.jdt.internal.compiler.classfmt.MethodInfo.createMethod([B[IIJ)Lorg/eclipse/jdt/internal/compiler/classfmt/MethodInfo; @ 313 c2
Event: 23.774 Thread 0x00000000617d3050 DEOPT PACKING pc=0x000000000e2a04fc sp=0x000000006630f240
Event: 23.774 Thread 0x00000000617d3050 DEOPT UNPACKING pc=0x000000000d4c6da2 sp=0x000000006630f1a0 mode 2
Event: 24.860 Thread 0x00000000617d3050 Uncommon trap: trap_request=0xffffff45 fr.pc=0x000000000e484a74 relative=0x0000000000000694
Event: 24.860 Thread 0x00000000617d3050 Uncommon trap: reason=unstable_if action=reinterpret pc=0x000000000e484a74 method=org.eclipse.jdt.internal.core.index.DiskIndex.readStreamChars(Ljava/io/InputStream;)[C @ 14 c2
Event: 24.860 Thread 0x00000000617d3050 DEOPT PACKING pc=0x000000000e484a74 sp=0x000000006630f200
Event: 24.860 Thread 0x00000000617d3050 DEOPT UNPACKING pc=0x000000000d4c6da2 sp=0x000000006630f180 mode 2
Event: 27.962 Thread 0x00000000617d3050 Uncommon trap: trap_request=0xffffff45 fr.pc=0x000000000e4879f4 relative=0x0000000000000434
Event: 27.962 Thread 0x00000000617d3050 Uncommon trap: reason=unstable_if action=reinterpret pc=0x000000000e4879f4 method=org.eclipse.jdt.internal.core.index.DiskIndex.readStreamDocumentArray(Ljava/io/InputStream;I)[I @ 17 c2
Event: 27.962 Thread 0x00000000617d3050 DEOPT PACKING pc=0x000000000e4879f4 sp=0x000000006630f0e0
Event: 27.962 Thread 0x00000000617d3050 DEOPT UNPACKING pc=0x000000000d4c6da2 sp=0x000000006630f090 mode 2
Event: 28.036 Thread 0x00000000617d3050 DEOPT PACKING pc=0x0000000007fc3a9c sp=0x000000006630f230
Event: 28.036 Thread 0x00000000617d3050 DEOPT UNPACKING pc=0x000000000d4c78e2 sp=0x000000006630e7a8 mode 0
Event: 28.051 Thread 0x00000000617d3050 DEOPT PACKING pc=0x0000000007fc3a9c sp=0x000000006630f230
Event: 28.052 Thread 0x00000000617d3050 DEOPT UNPACKING pc=0x000000000d4c78e2 sp=0x000000006630e7a8 mode 0
Event: 28.072 Thread 0x00000000617d3050 DEOPT PACKING pc=0x0000000007fca518 sp=0x000000006630f3e0
Event: 28.072 Thread 0x00000000617d3050 DEOPT UNPACKING pc=0x000000000d4c78e2 sp=0x000000006630e8b0 mode 0

Classes loaded (20 events):
Event: 15.417 Loading class java/nio/charset/CharacterCodingException
Event: 15.417 Loading class java/nio/charset/CharacterCodingException done
Event: 15.417 Loading class java/io/SequenceInputStream
Event: 15.417 Loading class java/io/SequenceInputStream done
Event: 15.514 Loading class java/util/concurrent/CompletableFuture$UniApply
Event: 15.514 Loading class java/util/concurrent/CompletableFuture$UniCompletion
Event: 15.514 Loading class java/util/concurrent/CompletableFuture$UniCompletion done
Event: 15.514 Loading class java/util/concurrent/CompletableFuture$UniApply done
Event: 15.515 Loading class java/util/concurrent/CompletableFuture$UniAccept
Event: 15.515 Loading class java/util/concurrent/CompletableFuture$UniAccept done
Event: 15.515 Loading class java/util/concurrent/CompletableFuture$UniExceptionally
Event: 15.515 Loading class java/util/concurrent/CompletableFuture$UniExceptionally done
Event: 15.555 Loading class java/util/Hashtable$KeySet
Event: 15.556 Loading class java/util/Hashtable$KeySet done
Event: 15.824 Loading class java/lang/invoke/MethodHandleImpl$CountingWrapper$1
Event: 15.824 Loading class java/lang/invoke/MethodHandleImpl$CountingWrapper$1 done
Event: 15.986 Loading class java/lang/UnsupportedClassVersionError
Event: 15.986 Loading class java/lang/UnsupportedClassVersionError done
Event: 18.219 Loading class java/util/HashMap$EntrySpliterator
Event: 18.220 Loading class java/util/HashMap$EntrySpliterator done

Classes unloaded (7 events):
Event: 2.757 Thread 0x0000000002cd35f0 Unloading class 0x000000001b1a7000 'java/lang/invoke/LambdaForm$MH+0x000000001b1a7000'
Event: 2.757 Thread 0x0000000002cd35f0 Unloading class 0x000000001b1a6c00 'java/lang/invoke/LambdaForm$MH+0x000000001b1a6c00'
Event: 2.757 Thread 0x0000000002cd35f0 Unloading class 0x000000001b1a6800 'java/lang/invoke/LambdaForm$MH+0x000000001b1a6800'
Event: 2.757 Thread 0x0000000002cd35f0 Unloading class 0x000000001b1a6400 'java/lang/invoke/LambdaForm$MH+0x000000001b1a6400'
Event: 2.757 Thread 0x0000000002cd35f0 Unloading class 0x000000001b1a6000 'java/lang/invoke/LambdaForm$BMH+0x000000001b1a6000'
Event: 2.757 Thread 0x0000000002cd35f0 Unloading class 0x000000001b1a5c00 'java/lang/invoke/LambdaForm$DMH+0x000000001b1a5c00'
Event: 2.757 Thread 0x0000000002cd35f0 Unloading class 0x000000001b1a4800 'java/lang/invoke/LambdaForm$DMH+0x000000001b1a4800'

Classes redefined (0 events):
No events

Internal exceptions (20 events):
Event: 22.950 Thread 0x00000000617d3050 Exception <a 'sun/nio/fs/WindowsException'{0x00000000d56d9158}> (0x00000000d56d9158) 
thrown [s\src\hotspot\share\prims\jni.cpp, line 520]
Event: 22.972 Thread 0x00000000617d3050 Exception <a 'sun/nio/fs/WindowsException'{0x00000000d57482c8}> (0x00000000d57482c8) 
thrown [s\src\hotspot\share\prims\jni.cpp, line 520]
Event: 23.006 Thread 0x00000000617d3050 Exception <a 'sun/nio/fs/WindowsException'{0x00000000d561cee8}> (0x00000000d561cee8) 
thrown [s\src\hotspot\share\prims\jni.cpp, line 520]
Event: 23.021 Thread 0x00000000617d3050 Exception <a 'sun/nio/fs/WindowsException'{0x00000000d564d710}> (0x00000000d564d710) 
thrown [s\src\hotspot\share\prims\jni.cpp, line 520]
Event: 23.109 Thread 0x00000000617d3050 Exception <a 'sun/nio/fs/WindowsException'{0x00000000d592b4c8}> (0x00000000d592b4c8) 
thrown [s\src\hotspot\share\prims\jni.cpp, line 520]
Event: 23.156 Thread 0x00000000617d3050 Exception <a 'sun/nio/fs/WindowsException'{0x00000000d58eda88}> (0x00000000d58eda88) 
thrown [s\src\hotspot\share\prims\jni.cpp, line 520]
Event: 23.196 Thread 0x00000000617d3050 Exception <a 'sun/nio/fs/WindowsException'{0x00000000d57675d8}> (0x00000000d57675d8) 
thrown [s\src\hotspot\share\prims\jni.cpp, line 520]
Event: 23.270 Thread 0x00000000617d3050 Exception <a 'sun/nio/fs/WindowsException'{0x00000000d59e4118}> (0x00000000d59e4118) 
thrown [s\src\hotspot\share\prims\jni.cpp, line 520]
Event: 23.298 Thread 0x00000000617d3050 Exception <a 'sun/nio/fs/WindowsException'{0x00000000d58de1e8}> (0x00000000d58de1e8) 
thrown [s\src\hotspot\share\prims\jni.cpp, line 520]
Event: 23.325 Thread 0x00000000617d3050 Exception <a 'sun/nio/fs/WindowsException'{0x00000000d561e7c0}> (0x00000000d561e7c0) 
thrown [s\src\hotspot\share\prims\jni.cpp, line 520]
Event: 23.346 Thread 0x00000000617d3050 Exception <a 'sun/nio/fs/WindowsException'{0x00000000d5682108}> (0x00000000d5682108) 
thrown [s\src\hotspot\share\prims\jni.cpp, line 520]
Event: 23.368 Thread 0x00000000617d3050 Exception <a 'sun/nio/fs/WindowsException'{0x00000000d57ab2b0}> (0x00000000d57ab2b0) 
thrown [s\src\hotspot\share\prims\jni.cpp, line 520]
Event: 23.388 Thread 0x00000000617d3050 Exception <a 'sun/nio/fs/WindowsException'{0x00000000d5850208}> (0x00000000d5850208) 
thrown [s\src\hotspot\share\prims\jni.cpp, line 520]
Event: 23.547 Thread 0x00000000617d3050 Exception <a 'sun/nio/fs/WindowsException'{0x00000000d5616708}> (0x00000000d5616708) 
thrown [s\src\hotspot\share\prims\jni.cpp, line 520]
Event: 23.569 Thread 0x00000000617d3050 Exception <a 'sun/nio/fs/WindowsException'{0x00000000d56ed3e8}> (0x00000000d56ed3e8) 
thrown [s\src\hotspot\share\prims\jni.cpp, line 520]
Event: 23.659 Thread 0x00000000617d3050 Exception <a 'sun/nio/fs/WindowsException'{0x00000000d5890df8}> (0x00000000d5890df8) 
thrown [s\src\hotspot\share\prims\jni.cpp, line 520]
Event: 23.703 Thread 0x00000000617d3050 Exception <a 'sun/nio/fs/WindowsException'{0x00000000d59cf988}> (0x00000000d59cf988) 
thrown [s\src\hotspot\share\prims\jni.cpp, line 520]
Event: 23.735 Thread 0x00000000617d3050 Exception <a 'sun/nio/fs/WindowsException'{0x00000000d594e7c8}> (0x00000000d594e7c8) 
thrown [s\src\hotspot\share\prims\jni.cpp, line 520]
Event: 23.807 Thread 0x00000000617d3050 Exception <a 'sun/nio/fs/WindowsException'{0x00000000d566b6b8}> (0x00000000d566b6b8) 
thrown [s\src\hotspot\share\prims\jni.cpp, line 520]
Event: 23.837 Thread 0x00000000617d3050 Exception <a 'sun/nio/fs/WindowsException'{0x00000000d593c080}> (0x00000000d593c080) 
thrown [s\src\hotspot\share\prims\jni.cpp, line 520]

ZGC Phase Switch (0 events):
No events

VM Operations (20 events):
Event: 24.856 Executing VM operation: ParallelGCFailedAllocation (Allocation Failure) done
Event: 24.874 Executing VM operation: ParallelGCFailedAllocation (Allocation Failure)
Event: 27.882 Executing VM operation: ParallelGCFailedAllocation (Allocation Failure) done
Event: 27.893 Executing VM operation: ParallelGCFailedAllocation (Allocation Failure)
Event: 27.898 Executing VM operation: ParallelGCFailedAllocation (Allocation Failure) done
Event: 27.909 Executing VM operation: ParallelGCFailedAllocation (Allocation Failure)
Event: 27.914 Executing VM operation: ParallelGCFailedAllocation (Allocation Failure) done
Event: 27.948 Executing VM operation: ParallelGCFailedAllocation (Allocation Failure)
Event: 27.953 Executing VM operation: ParallelGCFailedAllocation (Allocation Failure) done
Event: 27.979 Executing VM operation: ParallelGCFailedAllocation (Allocation Failure)
Event: 27.982 Executing VM operation: ParallelGCFailedAllocation (Allocation Failure) done
Event: 28.026 Executing VM operation: ParallelGCFailedAllocation (Allocation Failure)
Event: 28.031 Executing VM operation: ParallelGCFailedAllocation (Allocation Failure) done
Event: 28.079 Executing VM operation: ParallelGCFailedAllocation (Allocation Failure)
Event: 28.083 Executing VM operation: ParallelGCFailedAllocation (Allocation Failure) done
Event: 28.127 Executing VM operation: ParallelGCFailedAllocation (Allocation Failure)
Event: 29.132 Executing VM operation: ParallelGCFailedAllocation (Allocation Failure) done
Event: 29.189 Executing VM operation: ParallelGCFailedAllocation (Allocation Failure)
Event: 29.192 Executing VM operation: ParallelGCFailedAllocation (Allocation Failure) done
Event: 29.245 Executing VM operation: ParallelGCFailedAllocation (Allocation Failure)

Memory protections (0 events):
No events

Nmethod flushes (20 events):
Event: 11.047 Thread 0x0000000002cd35f0 flushing osr nmethod 0x00000000067d4a10
Event: 11.047 Thread 0x0000000002cd35f0 flushing  nmethod 0x000000000680a790
Event: 11.047 Thread 0x0000000002cd35f0 flushing osr nmethod 0x0000000006818890
Event: 11.047 Thread 0x0000000002cd35f0 flushing  nmethod 0x0000000006821410
Event: 11.047 Thread 0x0000000002cd35f0 flushing  nmethod 0x0000000006834390
Event: 11.047 Thread 0x0000000002cd35f0 flushing  nmethod 0x000000000683eb10
Event: 11.047 Thread 0x0000000002cd35f0 flushing  nmethod 0x000000000683f110
Event: 11.047 Thread 0x0000000002cd35f0 flushing  nmethod 0x000000000683fa90
Event: 11.047 Thread 0x0000000002cd35f0 flushing  nmethod 0x0000000006848210
Event: 11.047 Thread 0x0000000002cd35f0 flushing  nmethod 0x0000000006848790
Event: 11.047 Thread 0x0000000002cd35f0 flushing  nmethod 0x0000000006849490
Event: 11.047 Thread 0x0000000002cd35f0 flushing  nmethod 0x0000000006854510
Event: 11.047 Thread 0x0000000002cd35f0 flushing  nmethod 0x000000000687b310
Event: 11.047 Thread 0x0000000002cd35f0 flushing  nmethod 0x000000000688da10
Event: 11.047 Thread 0x0000000002cd35f0 flushing  nmethod 0x000000000688e010
Event: 11.047 Thread 0x0000000002cd35f0 flushing  nmethod 0x000000000688e890
Event: 11.047 Thread 0x0000000002cd35f0 flushing  nmethod 0x000000000688f510
Event: 11.047 Thread 0x0000000002cd35f0 flushing  nmethod 0x0000000006895010
Event: 11.047 Thread 0x0000000002cd35f0 flushing  nmethod 0x00000000068a1690
Event: 11.047 Thread 0x0000000002cd35f0 flushing  nmethod 0x00000000068df110

Events (20 events):
Event: 13.670 Thread 0x00000000703e3a20 Thread exited: 0x00000000703e3a20
Event: 14.104 Thread 0x00000000617cf540 Thread added: 0x00000000703e4dd0
Event: 14.104 Thread 0x00000000617cf540 Thread added: 0x00000000703e4740
Event: 14.105 Thread 0x00000000617cf540 Thread added: 0x00000000703e3a20
Event: 14.105 Thread 0x00000000617cf540 Thread added: 0x00000000703e6810
Event: 14.105 Thread 0x00000000617cf540 Thread added: 0x00000000703e8250
Event: 14.162 Thread 0x00000000703e4740 Thread exited: 0x00000000703e4740
Event: 14.162 Thread 0x00000000703e8250 Thread exited: 0x00000000703e8250
Event: 14.162 Thread 0x00000000703e3a20 Thread exited: 0x00000000703e3a20
Event: 14.162 Thread 0x00000000703e6810 Thread exited: 0x00000000703e6810
Event: 14.163 Thread 0x00000000703e4dd0 Thread exited: 0x00000000703e4dd0
Event: 15.515 Thread 0x0000000065ea9a50 Thread added: 0x00000000703e5460
Event: 15.522 Thread 0x0000000065ea9a50 Thread added: 0x00000000703e5af0
Event: 15.660 Thread 0x00000000617cf540 Thread added: 0x00000000703e4dd0
Event: 17.945 Thread 0x00000000703e5af0 Thread added: 0x00000000703e3a20
Event: 17.945 Thread 0x00000000703e5460 Thread added: 0x00000000703e7530
Event: 17.945 Thread 0x0000000065ea8d30 Thread added: 0x00000000703ea9b0
Event: 19.242 Thread 0x000000005cd0ddb0 Thread exited: 0x000000005cd0ddb0
Event: 19.242 Thread 0x000000005cbd3f40 Thread exited: 0x000000005cbd3f40
Event: 20.665 Thread 0x00000000703e4dd0 Thread exited: 0x00000000703e4dd0


Dynamic libraries:
0x00007ff7f9820000 - 0x00007ff7f982e000 	c:\Users\hmfar\.vscode\extensions\redhat.java-1.44.0-win32-x64\jre\21.0.8-win32-x86_64\bin\java.exe
0x00007ffc97600000 - 0x00007ffc97867000 	C:\WINDOWS\SYSTEM32\ntdll.dll
0x00007ffc955b0000 - 0x00007ffc95679000 	C:\WINDOWS\System32\KERNEL32.DLL
0x00007ffc94d50000 - 0x00007ffc95140000 	C:\WINDOWS\System32\KERNELBASE.dll
0x00007ffc94730000 - 0x00007ffc9487b000 	C:\WINDOWS\System32\ucrtbase.dll
0x00007ffc6dff0000 - 0x00007ffc6e00e000 	c:\Users\hmfar\.vscode\extensions\redhat.java-1.44.0-win32-x64\jre\21.0.8-win32-x86_64\bin\VCRUNTIME140.dll
0x00007ffc85980000 - 0x00007ffc85998000 	c:\Users\hmfar\.vscode\extensions\redhat.java-1.44.0-win32-x64\jre\21.0.8-win32-x86_64\bin\jli.dll
0x00007ffc95ff0000 - 0x00007ffc961b5000 	C:\WINDOWS\System32\USER32.dll
0x00007ffc94c80000 - 0x00007ffc94ca7000 	C:\WINDOWS\System32\win32u.dll
0x00007ffc7c0f0000 - 0x00007ffc7c38a000 	C:\WINDOWS\WinSxS\amd64_microsoft.windows.common-controls_6595b64144ccf1df_6.0.26100.4768_none_3e0c112ce331287c\COMCTL32.dll
0x00007ffc961d0000 - 0x00007ffc961fb000 	C:\WINDOWS\System32\GDI32.dll
0x00007ffc96380000 - 0x00007ffc96429000 	C:\WINDOWS\System32\msvcrt.dll
0x00007ffc94880000 - 0x00007ffc949b8000 	C:\WINDOWS\System32\gdi32full.dll
0x00007ffc94bd0000 - 0x00007ffc94c73000 	C:\WINDOWS\System32\msvcp_win.dll
0x00007ffc95570000 - 0x00007ffc9559f000 	C:\WINDOWS\System32\IMM32.DLL
0x00007ffc84560000 - 0x00007ffc8456c000 	c:\Users\hmfar\.vscode\extensions\redhat.java-1.44.0-win32-x64\jre\21.0.8-win32-x86_64\bin\vcruntime140_1.dll
0x00007ffc37000000 - 0x00007ffc3708d000 	c:\Users\hmfar\.vscode\extensions\redhat.java-1.44.0-win32-x64\jre\21.0.8-win32-x86_64\bin\msvcp140.dll
0x00007ffc02fa0000 - 0x00007ffc03d37000 	c:\Users\hmfar\.vscode\extensions\redhat.java-1.44.0-win32-x64\jre\21.0.8-win32-x86_64\bin\server\jvm.dll
0x00007ffc95390000 - 0x00007ffc95444000 	C:\WINDOWS\System32\ADVAPI32.dll
0x00007ffc95450000 - 0x00007ffc954f6000 	C:\WINDOWS\System32\sechost.dll
0x00007ffc958f0000 - 0x00007ffc95a08000 	C:\WINDOWS\System32\RPCRT4.dll
0x00007ffc95c90000 - 0x00007ffc95d04000 	C:\WINDOWS\System32\WS2_32.dll
0x00007ffc94590000 - 0x00007ffc945ee000 	C:\WINDOWS\SYSTEM32\POWRPROF.dll
0x00007ffc7d560000 - 0x00007ffc7d595000 	C:\WINDOWS\SYSTEM32\WINMM.dll
0x00007ffc83ad0000 - 0x00007ffc83adb000 	C:\WINDOWS\SYSTEM32\VERSION.dll
0x00007ffc94570000 - 0x00007ffc94584000 	C:\WINDOWS\SYSTEM32\UMPDC.dll
0x00007ffc93480000 - 0x00007ffc9349b000 	C:\WINDOWS\SYSTEM32\kernel.appcore.dll
0x00007ffc77480000 - 0x00007ffc7748a000 	c:\Users\hmfar\.vscode\extensions\redhat.java-1.44.0-win32-x64\jre\21.0.8-win32-x86_64\bin\jimage.dll
0x00007ffc91c00000 - 0x00007ffc91e41000 	C:\WINDOWS\SYSTEM32\DBGHELP.DLL
0x00007ffc96ae0000 - 0x00007ffc96e65000 	C:\WINDOWS\System32\combase.dll
0x00007ffc96200000 - 0x00007ffc962e0000 	C:\WINDOWS\System32\OLEAUT32.dll
0x00007ffc78140000 - 0x00007ffc78183000 	C:\WINDOWS\SYSTEM32\dbgcore.DLL
0x00007ffc94cb0000 - 0x00007ffc94d49000 	C:\WINDOWS\System32\bcryptPrimitives.dll
0x00007ffc845c0000 - 0x00007ffc845cf000 	c:\Users\hmfar\.vscode\extensions\redhat.java-1.44.0-win32-x64\jre\21.0.8-win32-x86_64\bin\instrument.dll
0x00007ffc6dfc0000 - 0x00007ffc6dfdf000 	c:\Users\hmfar\.vscode\extensions\redhat.java-1.44.0-win32-x64\jre\21.0.8-win32-x86_64\bin\java.dll
0x00007ffc96e70000 - 0x00007ffc975bd000 	C:\WINDOWS\System32\SHELL32.dll
0x00007ffc94a50000 - 0x00007ffc94bc3000 	C:\WINDOWS\System32\wintypes.dll
0x00007ffc922d0000 - 0x00007ffc92b30000 	C:\WINDOWS\SYSTEM32\windows.storage.dll
0x00007ffc95d10000 - 0x00007ffc95e05000 	C:\WINDOWS\System32\SHCORE.dll
0x00007ffc95500000 - 0x00007ffc9556a000 	C:\WINDOWS\System32\shlwapi.dll
0x00007ffc94650000 - 0x00007ffc94679000 	C:\WINDOWS\SYSTEM32\profapi.dll
0x00007ffc6c670000 - 0x00007ffc6c688000 	c:\Users\hmfar\.vscode\extensions\redhat.java-1.44.0-win32-x64\jre\21.0.8-win32-x86_64\bin\zip.dll
0x00007ffc84430000 - 0x00007ffc84440000 	C:\Users\hmfar\.vscode\extensions\redhat.java-1.44.0-win32-x64\jre\21.0.8-win32-x86_64\bin\net.dll
0x00007ffc83860000 - 0x00007ffc8397e000 	C:\WINDOWS\SYSTEM32\WINHTTP.dll
0x00007ffc939f0000 - 0x00007ffc93a5b000 	C:\WINDOWS\system32\mswsock.dll
0x00007ffc84150000 - 0x00007ffc84166000 	C:\Users\hmfar\.vscode\extensions\redhat.java-1.44.0-win32-x64\jre\21.0.8-win32-x86_64\bin\nio.dll
0x00007ffc84060000 - 0x00007ffc84070000 	c:\Users\hmfar\.vscode\extensions\redhat.java-1.44.0-win32-x64\jre\21.0.8-win32-x86_64\bin\verify.dll
0x00007ffc6a3b0000 - 0x00007ffc6a3f5000 	C:\Users\hmfar\AppData\Roaming\Code\User\globalStorage\redhat.java\1.44.0\config_win\org.eclipse.equinox.launcher\org.eclipse.equinox.launcher.win32.win32.x86_64_1.2.1400.v20250730-1736\eclipse_11913.dll
0x00007ffc95e40000 - 0x00007ffc95fe0000 	C:\WINDOWS\System32\ole32.dll
0x00007ffc93ce0000 - 0x00007ffc93cfb000 	C:\WINDOWS\SYSTEM32\CRYPTSP.dll
0x00007ffc933d0000 - 0x00007ffc9340b000 	C:\WINDOWS\system32\rsaenh.dll
0x00007ffc93aa0000 - 0x00007ffc93acb000 	C:\WINDOWS\SYSTEM32\USERENV.dll
0x00007ffc94620000 - 0x00007ffc94646000 	C:\WINDOWS\SYSTEM32\bcrypt.dll
0x00007ffc93d00000 - 0x00007ffc93d0c000 	C:\WINDOWS\SYSTEM32\CRYPTBASE.dll
0x00007ffc92e50000 - 0x00007ffc92e83000 	C:\WINDOWS\SYSTEM32\IPHLPAPI.DLL
0x00007ffc96620000 - 0x00007ffc9662a000 	C:\WINDOWS\System32\NSI.dll
0x00007ffc66b60000 - 0x00007ffc66ba9000 	C:\Users\hmfar\AppData\Local\Temp\jna-99394546\jna13020214694799501631.dll
0x00007ffc962f0000 - 0x00007ffc962f8000 	C:\WINDOWS\System32\PSAPI.DLL
0x00007ffc810c0000 - 0x00007ffc810df000 	C:\WINDOWS\SYSTEM32\dhcpcsvc6.DLL
0x00007ffc80c10000 - 0x00007ffc80c35000 	C:\WINDOWS\SYSTEM32\dhcpcsvc.DLL

JVMTI agents:
c:\Users\hmfar\.vscode\extensions\redhat.java-1.44.0-win32-x64\lombok\lombok-1.18.39-4050.jar path:c:\Users\hmfar\.vscode\extensions\redhat.java-1.44.0-win32-x64\jre\21.0.8-win32-x86_64\bin\instrument.dll, loaded, initialized, instrumentlib options:none

dbghelp: loaded successfully - version: 4.0.5 - missing functions: none
symbol engine: initialized successfully - sym options: 0x614 - pdb path: .;c:\Users\hmfar\.vscode\extensions\redhat.java-1.44.0-win32-x64\jre\21.0.8-win32-x86_64\bin;C:\WINDOWS\SYSTEM32;C:\WINDOWS\WinSxS\amd64_microsoft.windows.common-controls_6595b64144ccf1df_6.0.26100.4768_none_3e0c112ce331287c;c:\Users\hmfar\.vscode\extensions\redhat.java-1.44.0-win32-x64\jre\21.0.8-win32-x86_64\bin\server;C:\Users\hmfar\AppData\Roaming\Code\User\globalStorage\redhat.java\1.44.0\config_win\org.eclipse.equinox.launcher\org.eclipse.equinox.launcher.win32.win32.x86_64_1.2.1400.v20250730-1736;C:\Users\hmfar\AppData\Local\Temp\jna-99394546

VM Arguments:
jvm_args: --add-modules=ALL-SYSTEM --add-opens=java.base/java.util=ALL-UNNAMED --add-opens=java.base/java.lang=ALL-UNNAMED --add-opens=java.base/sun.nio.fs=ALL-UNNAMED -Declipse.application=org.eclipse.jdt.ls.core.id1 -Dosgi.bundles.defaultStartLevel=4 -Declipse.product=org.eclipse.jdt.ls.core.product -Djava.import.generatesMetadataFilesAtProjectRoot=false -DDetectVMInstallationsJob.disabled=true -Dfile.encoding=utf8 -XX:+UseParallelGC -XX:GCTimeRatio=4 -XX:AdaptiveSizePolicyWeight=90 -Dsun.zip.disableMemoryMapping=true -Xmx2G -Xms100m -Xlog:disable -javaagent:c:\Users\hmfar\.vscode\extensions\redhat.java-1.44.0-win32-x64\lombok\lombok-1.18.39-4050.jar -XX:+HeapDumpOnOutOfMemoryError -XX:HeapDumpPath=c:\Users\hmfar\AppData\Roaming\Code\User\workspaceStorage\b6be3db273aae4f6e34850daa762c5b9\redhat.java -Daether.dependencyCollector.impl=bf 
java_command: c:\Users\hmfar\.vscode\extensions\redhat.java-1.44.0-win32-x64\server\plugins\org.eclipse.equinox.launcher_1.7.0.v20250519-0528.jar -configuration c:\Users\hmfar\AppData\Roaming\Code\User\globalStorage\redhat.java\1.44.0\config_win -data c:\Users\hmfar\AppData\Roaming\Code\User\workspaceStorage\b6be3db273aae4f6e34850daa762c5b9\redhat.java\jdt_ws --pipe=\\.\pipe\lsp-2b01873bab6e0d43a21d2481e2ccfbfc-sock
java_class_path (initial): c:\Users\hmfar\.vscode\extensions\redhat.java-1.44.0-win32-x64\server\plugins\org.eclipse.equinox.launcher_1.7.0.v20250519-0528.jar
Launcher Type: SUN_STANDARD

[Global flags]
    uintx AdaptiveSizePolicyWeight                 = 90                                        {product} {command line}
     intx CICompilerCount                          = 4                                         {product} {ergonomic}
    uintx GCTimeRatio                              = 4                                         {product} {command line}
     bool HeapDumpOnOutOfMemoryError               = true                                   {manageable} {command line}
    ccstr HeapDumpPath                             = c:\Users\hmfar\AppData\Roaming\Code\User\workspaceStorage\b6be3db273aae4f6e34850daa762c5b9\redhat.java         {manageable} {command line}
   size_t InitialHeapSize                          = 104857600                                 {product} {command line}
   size_t MaxHeapSize                              = 2147483648                                {product} {command line}
   size_t MaxNewSize                               = 715653120                                 {product} {ergonomic}
   size_t MinHeapDeltaBytes                        = 524288                                    {product} {ergonomic}
   size_t MinHeapSize                              = 104857600                                 {product} {command line}
   size_t NewSize                                  = 34603008                                  {product} {ergonomic}
    uintx NonNMethodCodeHeapSize                   = 5839372                                {pd product} {ergonomic}
    uintx NonProfiledCodeHeapSize                  = 122909434                              {pd product} {ergonomic}
   size_t OldSize                                  = 70254592                                  {product} {ergonomic}
    uintx ProfiledCodeHeapSize                     = 122909434                              {pd product} {ergonomic}
    uintx ReservedCodeCacheSize                    = 251658240                              {pd product} {ergonomic}
     bool SegmentedCodeCache                       = true                                      {product} {ergonomic}
   size_t SoftMaxHeapSize                          = 2147483648                             {manageable} {ergonomic}
     bool UseCompressedOops                        = true                           {product lp64_product} {ergonomic}
     bool UseLargePagesIndividualAllocation        = false                                  {pd product} {ergonomic}
     bool UseParallelGC                            = true                                      {product} {command line}

Logging:
Log output configuration:
 #0: stdout all=off uptime,level,tags foldmultilines=false
 #1: stderr all=off uptime,level,tags foldmultilines=false

Environment Variables:
JAVA_HOME=C:\Program Files\Java\jdk-17
PATH=C:\Program Files\Common Files\Oracle\Java\javapath;C:\Program Files\Java\jdk1.8.0_172\bin;C:\Program Files (x86)\Common Files\Intel\Shared Libraries\redist\intel64\compiler;C:\Python311\Scripts\;C:\Python311\;C:\Program Files (x86)\Common Files\Oracle\Java\javapath;C:\WINDOWS\system32;C:\WINDOWS;C:\WINDOWS\System32\Wbem;C:\WINDOWS\System32\WindowsPowerShell\v1.0\;C:\WINDOWS\System32\OpenSSH\;C:\ProgramData\chocolatey\bin;D:\Programming\apache-maven-3.8.6-bin\apache-maven-3.8.6\bin;C:\Program Files\PuTTY\;C:\Program Files\nodejs\;C:\Program Files\Java\jdk-17\bin;C:\Program Files\Java\jdk-11\bin;C:\Users\hmfar\AppData\Local\Microsoft\WindowsApps;C:\Users\hmfar\AppData\Local\Programs\Microsoft VS Code\bin;C:\Users\hmfar\AppData\Roaming\npm;
USERNAME=hmfar
OS=Windows_NT
PROCESSOR_IDENTIFIER=Intel64 Family 6 Model 140 Stepping 1, GenuineIntel
TMP=C:\Users\hmfar\AppData\Local\Temp
TEMP=C:\Users\hmfar\AppData\Local\Temp




Periodic native trim disabled

---------------  S Y S T E M  ---------------

OS:
 Windows 11 , 64 bit Build 26100 (10.0.26100.4768)
OS uptime: 1 days 7:52 hours
Hyper-V role detected

CPU: total 8 (initial active 8) (4 cores per cpu, 2 threads per core) family 6 model 140 stepping 1 microcode 0x86, cx8, cmov, fxsr, ht, mmx, 3dnowpref, sse, sse2, sse3, ssse3, sse4.1, sse4.2, popcnt, lzcnt, tsc, tscinvbit, avx, avx2, aes, erms, clmul, bmi1, bmi2, adx, avx512f, avx512dq, avx512cd, avx512bw, avx512vl, sha, fma, vzeroupper, avx512_vpopcntdq, avx512_vpclmulqdq, avx512_vaes, avx512_vnni, clflush, clflushopt, clwb, avx512_vbmi2, avx512_vbmi, hv, rdtscp, rdpid, fsrm, gfni, avx512_bitalg, f16c, cet_ibt, cet_ss, avx512_ifma
Processor Information for the first 8 processors :
  Max Mhz: 3110, Current Mhz: 3110, Mhz Limit: 3110

Memory: 4k page, system-wide physical 7975M (1302M free)
TotalPageFile size 26602M (AvailPageFile size 0M)
current process WorkingSet (physical memory assigned to process): 1024M, peak: 1024M
current process commit charge ("private bytes"): 971M, peak: 972M

vm_info: OpenJDK 64-Bit Server VM (21.0.8+9-LTS) for windows-amd64 JRE (21.0.8+9-LTS), built on 2025-07-15T00:00:00Z by "admin" with MS VC++ 17.7 (VS2022)

END.
