#
# There is insufficient memory for the Java Runtime Environment to continue.
# Native memory allocation (malloc) failed to allocate 1552336 bytes. Error detail: Chunk::new
# Possible reasons:
#   The system is out of physical RAM or swap space
#   This process is running with CompressedOops enabled, and the Java Heap may be blocking the growth of the native heap
# Possible solutions:
#   Reduce memory load on the system
#   Increase physical memory or swap space
#   Check if swap backing store is full
#   Decrease Java heap size (-Xmx/-Xms)
#   Decrease number of Java threads
#   Decrease Java thread stack sizes (-Xss)
#   Set larger code cache with -XX:ReservedCodeCacheSize=
#   JVM is running with Unscaled Compressed Oops mode in which the Java heap is
#     placed in the first 4GB address space. The Java Heap base address is the
#     maximum limit for the native heap growth. Please use -XX:HeapBaseMinAddress
#     to set the Java Heap base and to place the Java Heap above 4GB virtual address.
# This output file may be truncated or incomplete.
#
#  Out of Memory Error (arena.cpp:168), pid=17588, tid=19400
#
# JRE version: OpenJDK Runtime Environment Temurin-21.0.8+9 (21.0.8+9) (build 21.0.8+9-LTS)
# Java VM: OpenJDK 64-Bit Server VM Temurin-21.0.8+9 (21.0.8+9-LTS, mixed mode, sharing, tiered, compressed oops, compressed class ptrs, parallel gc, windows-amd64)
# No core dump will be written. Minidumps are not enabled by default on client versions of Windows
#

---------------  S U M M A R Y ------------

Command Line: --add-modules=ALL-SYSTEM --add-opens=java.base/java.util=ALL-UNNAMED --add-opens=java.base/java.lang=ALL-UNNAMED --add-opens=java.base/sun.nio.fs=ALL-UNNAMED -Declipse.application=org.eclipse.jdt.ls.core.id1 -Dosgi.bundles.defaultStartLevel=4 -Declipse.product=org.eclipse.jdt.ls.core.product -Djava.import.generatesMetadataFilesAtProjectRoot=false -DDetectVMInstallationsJob.disabled=true -Dfile.encoding=utf8 -XX:+UseParallelGC -XX:GCTimeRatio=4 -XX:AdaptiveSizePolicyWeight=90 -Dsun.zip.disableMemoryMapping=true -Xmx2G -Xms100m -Xlog:disable -javaagent:c:\Users\hmfar\.vscode\extensions\redhat.java-1.44.0-win32-x64\lombok\lombok-1.18.39-4050.jar -XX:+HeapDumpOnOutOfMemoryError -XX:HeapDumpPath=c:\Users\hmfar\AppData\Roaming\Code\User\workspaceStorage\b6be3db273aae4f6e34850daa762c5b9\redhat.java -Daether.dependencyCollector.impl=bf c:\Users\hmfar\.vscode\extensions\redhat.java-1.44.0-win32-x64\server\plugins\org.eclipse.equinox.launcher_1.7.0.v20250519-0528.jar -configuration c:\Users\hmfar\AppData\Roaming\Code\User\globalStorage\redhat.java\1.44.0\config_win -data c:\Users\hmfar\AppData\Roaming\Code\User\workspaceStorage\b6be3db273aae4f6e34850daa762c5b9\redhat.java\jdt_ws --pipe=\\.\pipe\lsp-253e1ab007758e758472d598411681a2-sock

Host: 11th Gen Intel(R) Core(TM) i5-11300H @ 3.10GHz, 8 cores, 7G,  Windows 11 , 64 bit Build 26100 (10.0.26100.4768)
Time: Wed Sep  3 20:06:19 2025 Bangladesh Standard Time elapsed time: 35.152798 seconds (0d 0h 0m 35s)

---------------  T H R E A D  ---------------

Current thread (0x00000000627e90b0):  JavaThread "C2 CompilerThread2" daemon [_thread_in_native, id=19400, stack(0x00000000748c0000,0x00000000749c0000) (1024K)]


Current CompileTask:
C2:35152 15131  s!   4       org.eclipse.jdt.internal.core.index.DiskIndex::readCategoryTable (743 bytes)

Stack: [0x00000000748c0000,0x00000000749c0000]
Native frames: (J=compiled Java code, j=interpreted, Vv=VM code, C=native code)
V  [jvm.dll+0x6d2449]
V  [jvm.dll+0x8ae341]
V  [jvm.dll+0x8b08be]
V  [jvm.dll+0x8b0fa3]
V  [jvm.dll+0x280c96]
V  [jvm.dll+0xc581d]
V  [jvm.dll+0xc5d53]
V  [jvm.dll+0x3b9162]
V  [jvm.dll+0x385315]
V  [jvm.dll+0x38477a]
V  [jvm.dll+0x248ed0]
V  [jvm.dll+0x2484af]
V  [jvm.dll+0x1c89ee]
V  [jvm.dll+0x257d4d]
V  [jvm.dll+0x2562ea]
V  [jvm.dll+0x3f2d16]
V  [jvm.dll+0x857e6b]
V  [jvm.dll+0x6d0b0d]
C  [ucrtbase.dll+0x37b0]
C  [KERNEL32.DLL+0x2e8d7]
C  [ntdll.dll+0x3c34c]


---------------  P R O C E S S  ---------------

Threads class SMR info:
_java_thread_list=0x0000000068058420, length=69, elements={
0x0000000002c7efd0, 0x0000000002d398a0, 0x0000000002d3a490, 0x00000000196e6730,
0x00000000196e6dc0, 0x00000000196e7450, 0x00000000196e5380, 0x00000000196f5260,
0x000000005c918120, 0x00000000196e4660, 0x00000000196e5a10, 0x00000000196e60a0,
0x00000000196e3fd0, 0x0000000061b32010, 0x0000000061b326a0, 0x0000000061b32d30,
0x0000000061b340e0, 0x0000000061b35b20, 0x0000000061b34e00, 0x0000000061b361b0,
0x0000000061b35490, 0x0000000061b36840, 0x0000000061b36ed0, 0x0000000061b33a50,
0x0000000061b37560, 0x0000000061b37bf0, 0x0000000061b38280, 0x0000000061b38910,
0x0000000061b38fa0, 0x0000000065e9eb30, 0x0000000065e9f1c0, 0x0000000065e9bd40,
0x0000000065e9e4a0, 0x0000000065e9d0f0, 0x0000000065e9d780, 0x0000000065e9f850,
0x0000000065e9de10, 0x0000000065e9c3d0, 0x0000000065e9fee0, 0x0000000065ea0c00,
0x0000000065ea0570, 0x0000000065ea1920, 0x0000000065ea1fb0, 0x0000000065ea2640,
0x000000006842c800, 0x000000006842e8d0, 0x000000006842dbb0, 0x000000006842ce90,
0x000000006842b450, 0x000000006842ef60, 0x000000006842e240, 0x000000006842bae0,
0x000000006842d520, 0x000000006842f5f0, 0x000000006842c170, 0x0000000068430310,
0x00000000684323e0, 0x0000000068431030, 0x0000000068431d50, 0x0000000068432a70,
0x0000000065258f00, 0x00000000652581e0, 0x0000000065256e30, 0x0000000070e1fbd0,
0x0000000070e208f0, 0x0000000070e1db00, 0x0000000070e21610, 0x000000005cb81ee0,
0x00000000627e90b0
}

Java Threads: ( => current thread )
  0x0000000002c7efd0 JavaThread "main"                              [_thread_blocked, id=8292, stack(0x0000000000c40000,0x0000000000d40000) (1024K)]
  0x0000000002d398a0 JavaThread "Reference Handler"          daemon [_thread_blocked, id=21160, stack(0x000000005c210000,0x000000005c310000) (1024K)]
  0x0000000002d3a490 JavaThread "Finalizer"                  daemon [_thread_blocked, id=15376, stack(0x000000005c310000,0x000000005c410000) (1024K)]
  0x00000000196e6730 JavaThread "Signal Dispatcher"          daemon [_thread_blocked, id=11092, stack(0x000000005c410000,0x000000005c510000) (1024K)]
  0x00000000196e6dc0 JavaThread "Attach Listener"            daemon [_thread_blocked, id=21316, stack(0x000000005c510000,0x000000005c610000) (1024K)]
  0x00000000196e7450 JavaThread "Service Thread"             daemon [_thread_blocked, id=7836, stack(0x000000005c610000,0x000000005c710000) (1024K)]
  0x00000000196e5380 JavaThread "Monitor Deflation Thread"   daemon [_thread_blocked, id=15012, stack(0x000000005c710000,0x000000005c810000) (1024K)]
  0x00000000196f5260 JavaThread "C2 CompilerThread0"         daemon [_thread_blocked, id=15992, stack(0x000000005c810000,0x000000005c910000) (1024K)]
  0x000000005c918120 JavaThread "C1 CompilerThread0"         daemon [_thread_blocked, id=7616, stack(0x000000005cd10000,0x000000005ce10000) (1024K)]
  0x00000000196e4660 JavaThread "Common-Cleaner"             daemon [_thread_blocked, id=3872, stack(0x000000005ce10000,0x000000005cf10000) (1024K)]
  0x00000000196e5a10 JavaThread "Notification Thread"        daemon [_thread_blocked, id=3644, stack(0x0000000061900000,0x0000000061a00000) (1024K)]
  0x00000000196e60a0 JavaThread "Active Thread: Equinox Container: 459cb8b6-317b-4e1c-88b3-a626053698c6"        [_thread_blocked, id=14348, stack(0x0000000063230000,0x0000000063330000) (1024K)]
  0x00000000196e3fd0 JavaThread "Refresh Thread: Equinox Container: 459cb8b6-317b-4e1c-88b3-a626053698c6" daemon [_thread_blocked, id=1888, stack(0x0000000063430000,0x0000000063530000) (1024K)]
  0x0000000061b32010 JavaThread "Framework Event Dispatcher: Equinox Container: 459cb8b6-317b-4e1c-88b3-a626053698c6" daemon [_thread_blocked, id=17532, stack(0x0000000063530000,0x0000000063630000) (1024K)]
  0x0000000061b326a0 JavaThread "Start Level: Equinox Container: 459cb8b6-317b-4e1c-88b3-a626053698c6" daemon [_thread_blocked, id=20088, stack(0x0000000063630000,0x0000000063730000) (1024K)]
  0x0000000061b32d30 JavaThread "Bundle File Closer"         daemon [_thread_blocked, id=14692, stack(0x0000000063830000,0x0000000063930000) (1024K)]
  0x0000000061b340e0 JavaThread "SCR Component Actor"        daemon [_thread_blocked, id=11924, stack(0x0000000063930000,0x0000000063a30000) (1024K)]
  0x0000000061b35b20 JavaThread "Worker-JM"                         [_thread_blocked, id=4592, stack(0x0000000063130000,0x0000000063230000) (1024K)]
  0x0000000061b34e00 JavaThread "JNA Cleaner"                daemon [_thread_blocked, id=11304, stack(0x0000000063e70000,0x0000000063f70000) (1024K)]
  0x0000000061b361b0 JavaThread "Worker-0"                          [_thread_blocked, id=17600, stack(0x0000000063f70000,0x0000000064070000) (1024K)]
  0x0000000061b35490 JavaThread "Worker-1"                          [_thread_blocked, id=6616, stack(0x0000000064070000,0x0000000064170000) (1024K)]
  0x0000000061b36840 JavaThread "Worker-2"                          [_thread_blocked, id=21360, stack(0x0000000065460000,0x0000000065560000) (1024K)]
  0x0000000061b36ed0 JavaThread "Java indexing"              daemon [_thread_blocked, id=18844, stack(0x0000000064270000,0x0000000064370000) (1024K)]
  0x0000000061b33a50 JavaThread "Worker-3"                          [_thread_blocked, id=10812, stack(0x0000000064370000,0x0000000064470000) (1024K)]
  0x0000000061b37560 JavaThread "Thread-2"                   daemon [_thread_in_native, id=11992, stack(0x0000000066af0000,0x0000000066bf0000) (1024K)]
  0x0000000061b37bf0 JavaThread "Thread-3"                   daemon [_thread_in_native, id=10880, stack(0x0000000066bf0000,0x0000000066cf0000) (1024K)]
  0x0000000061b38280 JavaThread "Thread-4"                   daemon [_thread_in_native, id=20992, stack(0x0000000066cf0000,0x0000000066df0000) (1024K)]
  0x0000000061b38910 JavaThread "Thread-5"                   daemon [_thread_in_native, id=6660, stack(0x0000000066df0000,0x0000000066ef0000) (1024K)]
  0x0000000061b38fa0 JavaThread "Thread-6"                   daemon [_thread_in_native, id=4520, stack(0x0000000066ef0000,0x0000000066ff0000) (1024K)]
  0x0000000065e9eb30 JavaThread "Thread-7"                   daemon [_thread_in_native, id=19824, stack(0x0000000066ff0000,0x00000000670f0000) (1024K)]
  0x0000000065e9f1c0 JavaThread "Thread-8"                   daemon [_thread_in_native, id=21956, stack(0x00000000670f0000,0x00000000671f0000) (1024K)]
  0x0000000065e9bd40 JavaThread "Thread-9"                   daemon [_thread_in_native, id=23120, stack(0x00000000671f0000,0x00000000672f0000) (1024K)]
  0x0000000065e9e4a0 JavaThread "Thread-10"                  daemon [_thread_in_native, id=18296, stack(0x00000000672f0000,0x00000000673f0000) (1024K)]
  0x0000000065e9d0f0 JavaThread "Worker-4"                          [_thread_blocked, id=11068, stack(0x00000000673f0000,0x00000000674f0000) (1024K)]
  0x0000000065e9d780 JavaThread "pool-2-thread-1"                   [_thread_blocked, id=4892, stack(0x00000000674f0000,0x00000000675f0000) (1024K)]
  0x0000000065e9f850 JavaThread "Worker-5"                          [_thread_blocked, id=19852, stack(0x0000000067720000,0x0000000067820000) (1024K)]
  0x0000000065e9de10 JavaThread "Worker-6"                          [_thread_blocked, id=21552, stack(0x0000000066530000,0x0000000066630000) (1024K)]
  0x0000000065e9c3d0 JavaThread "WorkspaceEventsHandler"            [_thread_blocked, id=6220, stack(0x0000000066790000,0x0000000066890000) (1024K)]
  0x0000000065e9fee0 JavaThread "pool-1-thread-1"                   [_thread_blocked, id=23516, stack(0x00000000675f0000,0x00000000676f0000) (1024K)]
  0x0000000065ea0c00 JavaThread "LocalFile Deleter"          daemon [_thread_blocked, id=17912, stack(0x0000000066630000,0x0000000066730000) (1024K)]
  0x0000000065ea0570 JavaThread "LocalFile Deleter"          daemon [_thread_blocked, id=23088, stack(0x0000000068810000,0x0000000068910000) (1024K)]
  0x0000000065ea1920 JavaThread "LocalFile Deleter"          daemon [_thread_blocked, id=18668, stack(0x0000000068910000,0x0000000068a10000) (1024K)]
  0x0000000065ea1fb0 JavaThread "LocalFile Deleter"          daemon [_thread_blocked, id=2108, stack(0x0000000071240000,0x0000000071340000) (1024K)]
  0x0000000065ea2640 JavaThread "LocalFile Deleter"          daemon [_thread_blocked, id=1728, stack(0x0000000071340000,0x0000000071440000) (1024K)]
  0x000000006842c800 JavaThread "LocalFile Deleter"          daemon [_thread_blocked, id=15788, stack(0x0000000071440000,0x0000000071540000) (1024K)]
  0x000000006842e8d0 JavaThread "LocalFile Deleter"          daemon [_thread_blocked, id=7144, stack(0x0000000071540000,0x0000000071640000) (1024K)]
  0x000000006842dbb0 JavaThread "LocalFile Deleter"          daemon [_thread_blocked, id=10232, stack(0x0000000071640000,0x0000000071740000) (1024K)]
  0x000000006842ce90 JavaThread "Compiler Source File Reader" daemon [_thread_blocked, id=21328, stack(0x0000000071740000,0x0000000071840000) (1024K)]
  0x000000006842b450 JavaThread "Compiler Source File Reader" daemon [_thread_blocked, id=9608, stack(0x0000000071840000,0x0000000071940000) (1024K)]
  0x000000006842ef60 JavaThread "Compiler Source File Reader" daemon [_thread_blocked, id=13020, stack(0x0000000071940000,0x0000000071a40000) (1024K)]
  0x000000006842e240 JavaThread "Compiler Source File Reader" daemon [_thread_blocked, id=15496, stack(0x0000000071a40000,0x0000000071b40000) (1024K)]
  0x000000006842bae0 JavaThread "Compiler Source File Reader" daemon [_thread_blocked, id=18784, stack(0x0000000071b40000,0x0000000071c40000) (1024K)]
  0x000000006842d520 JavaThread "Compiler Source File Reader" daemon [_thread_blocked, id=5068, stack(0x0000000071c40000,0x0000000071d40000) (1024K)]
  0x000000006842f5f0 JavaThread "Compiler Processing Task"   daemon [_thread_blocked, id=16296, stack(0x0000000063a30000,0x0000000063b30000) (1024K)]
  0x000000006842c170 JavaThread "Compiler Class File Writer" daemon [_thread_blocked, id=1412, stack(0x0000000073090000,0x0000000073190000) (1024K)]
  0x0000000068430310 JavaThread "Compiler Class File Writer" daemon [_thread_blocked, id=15768, stack(0x0000000073190000,0x0000000073290000) (1024K)]
  0x00000000684323e0 JavaThread "Compiler Class File Writer" daemon [_thread_blocked, id=8384, stack(0x0000000073290000,0x0000000073390000) (1024K)]
  0x0000000068431030 JavaThread "Compiler Class File Writer" daemon [_thread_blocked, id=8032, stack(0x0000000071d40000,0x0000000071e40000) (1024K)]
  0x0000000068431d50 JavaThread "Compiler Class File Writer" daemon [_thread_blocked, id=21080, stack(0x0000000071e40000,0x0000000071f40000) (1024K)]
  0x0000000068432a70 JavaThread "Compiler Class File Writer" daemon [_thread_blocked, id=11312, stack(0x0000000073390000,0x0000000073490000) (1024K)]
  0x0000000065258f00 JavaThread "ForkJoinPool.commonPool-worker-1" daemon [_thread_blocked, id=21300, stack(0x0000000071f40000,0x0000000072040000) (1024K)]
  0x00000000652581e0 JavaThread "ForkJoinPool.commonPool-worker-2" daemon [_thread_blocked, id=2208, stack(0x0000000073490000,0x0000000073590000) (1024K)]
  0x0000000065256e30 JavaThread "ForkJoinPool.commonPool-worker-3" daemon [_thread_blocked, id=17960, stack(0x0000000073590000,0x0000000073690000) (1024K)]
  0x0000000070e1fbd0 JavaThread "ForkJoinPool.commonPool-worker-4" daemon [_thread_blocked, id=17220, stack(0x0000000073690000,0x0000000073790000) (1024K)]
  0x0000000070e208f0 JavaThread "ForkJoinPool.commonPool-worker-5" daemon [_thread_blocked, id=17468, stack(0x0000000073790000,0x0000000073890000) (1024K)]
  0x0000000070e1db00 JavaThread "ForkJoinPool.commonPool-worker-6" daemon [_thread_blocked, id=11852, stack(0x0000000000890000,0x0000000000990000) (1024K)]
  0x0000000070e21610 JavaThread "ForkJoinPool.commonPool-worker-7" daemon [_thread_blocked, id=17396, stack(0x0000000061000000,0x0000000061100000) (1024K)]
  0x000000005cb81ee0 JavaThread "C2 CompilerThread1"         daemon [_thread_blocked, id=15984, stack(0x0000000064170000,0x0000000064270000) (1024K)]
=>0x00000000627e90b0 JavaThread "C2 CompilerThread2"         daemon [_thread_in_native, id=19400, stack(0x00000000748c0000,0x00000000749c0000) (1024K)]
Total: 69

Other Threads:
  0x0000000002d1ee40 VMThread "VM Thread"                           [id=14144, stack(0x000000005c110000,0x000000005c210000) (1024K)]
  0x0000000002ceb2b0 WatcherThread "VM Periodic Task Thread"        [id=1320, stack(0x0000000002b30000,0x0000000002c30000) (1024K)]
  0x0000000002c9d050 WorkerThread "GC Thread#0"                     [id=22232, stack(0x0000000002a30000,0x0000000002b30000) (1024K)]
  0x000000006132f4f0 WorkerThread "GC Thread#1"                     [id=21564, stack(0x0000000062b30000,0x0000000062c30000) (1024K)]
  0x00000000613f8120 WorkerThread "GC Thread#2"                     [id=22020, stack(0x0000000062c30000,0x0000000062d30000) (1024K)]
  0x0000000061719330 WorkerThread "GC Thread#3"                     [id=18876, stack(0x0000000062d30000,0x0000000062e30000) (1024K)]
  0x000000006187f4d0 WorkerThread "GC Thread#4"                     [id=21512, stack(0x0000000062e30000,0x0000000062f30000) (1024K)]
  0x0000000061636050 WorkerThread "GC Thread#5"                     [id=8884, stack(0x0000000062f30000,0x0000000063030000) (1024K)]
  0x00000000616363f0 WorkerThread "GC Thread#6"                     [id=6568, stack(0x0000000063030000,0x0000000063130000) (1024K)]
  0x0000000061b2b160 WorkerThread "GC Thread#7"                     [id=10408, stack(0x0000000063330000,0x0000000063430000) (1024K)]
Total: 10

Threads with active compile tasks:
C2 CompilerThread2  36181 15131  s!   4       org.eclipse.jdt.internal.core.index.DiskIndex::readCategoryTable (743 bytes)
Total: 1

VM state: not at safepoint (normal execution)

VM Mutex/Monitor currently owned by a thread: None

Heap address: 0x0000000080000000, size: 2048 MB, Compressed Oops mode: 32-bit

CDS archive(s) mapped at: [0x000000001a000000-0x000000001aba0000-0x000000001aba0000), size 12189696, SharedBaseAddress: 0x000000001a000000, ArchiveRelocationMode: 1.
Compressed class space mapped at: 0x000000001b000000-0x000000005b000000, reserved size: 1073741824
Narrow klass base: 0x000000001a000000, Narrow klass shift: 0, Narrow klass range: 0x100000000

GC Precious Log:
 CardTable entry size: 512
 CPUs: 8 total, 8 available
 Memory: 7975M
 Large Page Support: Disabled
 NUMA Support: Disabled
 Compressed Oops: Enabled (32-bit)
 Alignments: Space 512K, Generation 512K, Heap 2M
 Heap Min Capacity: 100M
 Heap Initial Capacity: 100M
 Heap Max Capacity: 2G
 Pre-touch: Disabled
 Parallel Workers: 8

Heap:
 PSYoungGen      total 6656K, used 6382K [0x00000000d5580000, 0x00000000d5f00000, 0x0000000100000000)
  eden space 6144K, 95% used [0x00000000d5580000,0x00000000d5b3bad0,0x00000000d5b80000)
  from space 512K, 100% used [0x00000000d5e80000,0x00000000d5f00000,0x00000000d5f00000)
  to   space 1536K, 0% used [0x00000000d5c00000,0x00000000d5c00000,0x00000000d5d80000)
 ParOldGen       total 687616K, used 687131K [0x0000000080000000, 0x00000000a9f80000, 0x00000000d5580000)
  object space 687616K, 99% used [0x0000000080000000,0x00000000a9f06f00,0x00000000a9f80000)
 Metaspace       used 68988K, committed 70592K, reserved 1114112K
  class space    used 7062K, committed 7808K, reserved 1048576K

Card table byte_map: [0x0000000002620000,0x0000000002a30000] _byte_map_base: 0x0000000002220000

Marking Bits: (ParMarkBitMap*) 0x00007ffc03c5a340
 Begin Bits: [0x0000000015120000, 0x0000000017120000)
 End Bits:   [0x0000000017120000, 0x0000000019120000)

Polling page: 0x00000000009f0000

Metaspace:

Usage:
  Non-class:     60.47 MB used.
      Class:      6.90 MB used.
       Both:     67.37 MB used.

Virtual space:
  Non-class space:       64.00 MB reserved,      61.31 MB ( 96%) committed,  1 nodes.
      Class space:        1.00 GB reserved,       7.62 MB ( <1%) committed,  1 nodes.
             Both:        1.06 GB reserved,      68.94 MB (  6%) committed. 

Chunk freelists:
   Non-Class:  2.12 MB
       Class:  8.35 MB
        Both:  10.48 MB

MaxMetaspaceSize: unlimited
CompressedClassSpaceSize: 1.00 GB
Initial GC threshold: 21.00 MB
Current GC threshold: 97.31 MB
CDS: on
 - commit_granule_bytes: 65536.
 - commit_granule_words: 8192.
 - virtual_space_node_default_size: 8388608.
 - enlarge_chunks_in_place: 1.
 - use_allocation_guard: 0.


Internal statistics:

num_allocs_failed_limit: 9.
num_arena_births: 1344.
num_arena_deaths: 14.
num_vsnodes_births: 2.
num_vsnodes_deaths: 0.
num_space_committed: 1103.
num_space_uncommitted: 0.
num_chunks_returned_to_freelist: 23.
num_chunks_taken_from_freelist: 4691.
num_chunk_merges: 10.
num_chunk_splits: 2844.
num_chunks_enlarged: 1609.
num_inconsistent_stats: 0.

CodeHeap 'non-profiled nmethods': size=120000Kb used=11568Kb max_used=11568Kb free=108431Kb
 bounds [0x000000000d940000, 0x000000000e490000, 0x0000000014e70000]
CodeHeap 'profiled nmethods': size=120000Kb used=33421Kb max_used=33421Kb free=86578Kb
 bounds [0x0000000005e70000, 0x0000000007f20000, 0x000000000d3a0000]
CodeHeap 'non-nmethods': size=5760Kb used=1461Kb max_used=1534Kb free=4298Kb
 bounds [0x000000000d3a0000, 0x000000000d610000, 0x000000000d940000]
CodeCache: size=245760Kb, used=46450Kb, max_used=46523Kb, free=199307Kb
 total_blobs=15205, nmethods=14437, adapters=672, full_count=0
Compilation: enabled, stopped_count=0, restarted_count=0

Compilation events (20 events):
Event: 32.221 Thread 0x000000005c918120 nmethod 15282 0x0000000007f0fc90 code [0x0000000007f0fe60, 0x0000000007f10250]
Event: 32.221 Thread 0x000000005c918120 15283       3       java.nio.DirectByteBuffer$Deallocator::run (23 bytes)
Event: 32.222 Thread 0x000000005c918120 nmethod 15283 0x0000000007f10390 code [0x0000000007f10580, 0x0000000007f108f0]
Event: 32.367 Thread 0x000000005c918120 15284   !   3       java.nio.DirectByteBuffer::<init> (171 bytes)
Event: 32.368 Thread 0x000000005c918120 nmethod 15284 0x0000000007f10a90 code [0x0000000007f10d80, 0x0000000007f11bd0]
Event: 32.368 Thread 0x000000005c918120 15286       3       java.util.concurrent.locks.AbstractQueuedSynchronizer::signalNextIfShared (41 bytes)
Event: 32.369 Thread 0x000000005c918120 nmethod 15286 0x0000000007f12290 code [0x0000000007f124a0, 0x0000000007f12a50]
Event: 32.369 Thread 0x000000005c918120 15285   !   3       jdk.internal.ref.Cleaner::clean (35 bytes)
Event: 32.369 Thread 0x000000005c918120 nmethod 15285 0x0000000007f12c10 code [0x0000000007f12e40, 0x0000000007f13430]
Event: 33.111 Thread 0x00000000196f5260 nmethod 15248 0x000000000e482c90 code [0x000000000e482f00, 0x000000000e484060]
Event: 33.111 Thread 0x00000000196f5260 15257   !   4       org.eclipse.core.internal.preferences.EclipsePreferences::internalGet (62 bytes)
Event: 33.117 Thread 0x00000000196f5260 nmethod 15257 0x000000000e484c90 code [0x000000000e484e60, 0x000000000e4857a0]
Event: 33.117 Thread 0x00000000196f5260 15255   !   4       com.google.inject.internal.InternalFactoryToProviderAdapter::get (54 bytes)
Event: 33.119 Thread 0x00000000196f5260 nmethod 15255 0x000000000e485c10 code [0x000000000e485dc0, 0x000000000e485f58]
Event: 33.120 Thread 0x00000000196f5260 15266   !   4       com.google.inject.internal.InjectorImpl$1::get (54 bytes)
Event: 34.135 Thread 0x00000000196f5260 nmethod 15266 0x000000000e486110 code [0x000000000e486340, 0x000000000e486ae0]
Event: 34.135 Thread 0x00000000196f5260 15271       4       java.lang.Boolean::parseBoolean (7 bytes)
Event: 34.136 Thread 0x00000000196f5260 nmethod 15271 0x000000000e487110 code [0x000000000e4872a0, 0x000000000e4873a0]
Event: 34.136 Thread 0x00000000196f5260 15253       4       java.lang.Long::hashCode (8 bytes)
Event: 34.137 Thread 0x00000000196f5260 nmethod 15253 0x000000000e487490 code [0x000000000e487620, 0x000000000e4876b8]

GC Heap History (20 events):
Event: 30.733 GC heap before
{Heap before GC invocations=860 (full 3):
 PSYoungGen      total 5632K, used 5618K [0x00000000d5580000, 0x00000000d6200000, 0x0000000100000000)
  eden space 4608K, 100% used [0x00000000d5580000,0x00000000d5a00000,0x00000000d5a00000)
  from space 1024K, 98% used [0x00000000d5f80000,0x00000000d607c808,0x00000000d6080000)
  to   space 4096K, 0% used [0x00000000d5a00000,0x00000000d5a00000,0x00000000d5e00000)
 ParOldGen       total 669184K, used 668826K [0x0000000080000000, 0x00000000a8d80000, 0x00000000d5580000)
  object space 669184K, 99% used [0x0000000080000000,0x00000000a8d26988,0x00000000a8d80000)
 Metaspace       used 68639K, committed 70272K, reserved 1114112K
  class space    used 7042K, committed 7808K, reserved 1048576K
}
Event: 30.737 GC heap after
{Heap after GC invocations=860 (full 3):
 PSYoungGen      total 6656K, used 1650K [0x00000000d5580000, 0x00000000d6000000, 0x0000000100000000)
  eden space 4608K, 0% used [0x00000000d5580000,0x00000000d5580000,0x00000000d5a00000)
  from space 2048K, 80% used [0x00000000d5a00000,0x00000000d5b9c808,0x00000000d5c00000)
  to   space 2560K, 0% used [0x00000000d5d80000,0x00000000d5d80000,0x00000000d6000000)
 ParOldGen       total 670208K, used 669858K [0x0000000080000000, 0x00000000a8e80000, 0x00000000d5580000)
  object space 670208K, 99% used [0x0000000080000000,0x00000000a8e28930,0x00000000a8e80000)
 Metaspace       used 68639K, committed 70272K, reserved 1114112K
  class space    used 7042K, committed 7808K, reserved 1048576K
}
Event: 30.759 GC heap before
{Heap before GC invocations=861 (full 3):
 PSYoungGen      total 6656K, used 6258K [0x00000000d5580000, 0x00000000d6000000, 0x0000000100000000)
  eden space 4608K, 100% used [0x00000000d5580000,0x00000000d5a00000,0x00000000d5a00000)
  from space 2048K, 80% used [0x00000000d5a00000,0x00000000d5b9c808,0x00000000d5c00000)
  to   space 2560K, 0% used [0x00000000d5d80000,0x00000000d5d80000,0x00000000d6000000)
 ParOldGen       total 670208K, used 669858K [0x0000000080000000, 0x00000000a8e80000, 0x00000000d5580000)
  object space 670208K, 99% used [0x0000000080000000,0x00000000a8e28930,0x00000000a8e80000)
 Metaspace       used 68639K, committed 70272K, reserved 1114112K
  class space    used 7042K, committed 7808K, reserved 1048576K
}
Event: 30.761 GC heap after
{Heap after GC invocations=861 (full 3):
 PSYoungGen      total 6656K, used 1941K [0x00000000d5580000, 0x00000000d5f80000, 0x0000000100000000)
  eden space 4608K, 0% used [0x00000000d5580000,0x00000000d5580000,0x00000000d5a00000)
  from space 2048K, 94% used [0x00000000d5d80000,0x00000000d5f65468,0x00000000d5f80000)
  to   space 2048K, 0% used [0x00000000d5a00000,0x00000000d5a00000,0x00000000d5c00000)
 ParOldGen       total 671744K, used 671340K [0x0000000080000000, 0x00000000a9000000, 0x00000000d5580000)
  object space 671744K, 99% used [0x0000000080000000,0x00000000a8f9b1f0,0x00000000a9000000)
 Metaspace       used 68639K, committed 70272K, reserved 1114112K
  class space    used 7042K, committed 7808K, reserved 1048576K
}
Event: 30.776 GC heap before
{Heap before GC invocations=862 (full 3):
 PSYoungGen      total 6656K, used 5781K [0x00000000d5580000, 0x00000000d5f80000, 0x0000000100000000)
  eden space 4608K, 83% used [0x00000000d5580000,0x00000000d593ffe0,0x00000000d5a00000)
  from space 2048K, 94% used [0x00000000d5d80000,0x00000000d5f65468,0x00000000d5f80000)
  to   space 2048K, 0% used [0x00000000d5a00000,0x00000000d5a00000,0x00000000d5c00000)
 ParOldGen       total 671744K, used 671340K [0x0000000080000000, 0x00000000a9000000, 0x00000000d5580000)
  object space 671744K, 99% used [0x0000000080000000,0x00000000a8f9b1f0,0x00000000a9000000)
 Metaspace       used 68640K, committed 70272K, reserved 1114112K
  class space    used 7042K, committed 7808K, reserved 1048576K
}
Event: 30.779 GC heap after
{Heap after GC invocations=862 (full 3):
 PSYoungGen      total 6656K, used 1462K [0x00000000d5580000, 0x00000000d5e00000, 0x0000000100000000)
  eden space 4608K, 0% used [0x00000000d5580000,0x00000000d5580000,0x00000000d5a00000)
  from space 2048K, 71% used [0x00000000d5a00000,0x00000000d5b6d810,0x00000000d5c00000)
  to   space 2048K, 0% used [0x00000000d5c00000,0x00000000d5c00000,0x00000000d5e00000)
 ParOldGen       total 672768K, used 672726K [0x0000000080000000, 0x00000000a9100000, 0x00000000d5580000)
  object space 672768K, 99% used [0x0000000080000000,0x00000000a90f5b38,0x00000000a9100000)
 Metaspace       used 68640K, committed 70272K, reserved 1114112K
  class space    used 7042K, committed 7808K, reserved 1048576K
}
Event: 30.810 GC heap before
{Heap before GC invocations=863 (full 3):
 PSYoungGen      total 6656K, used 6070K [0x00000000d5580000, 0x00000000d5e00000, 0x0000000100000000)
  eden space 4608K, 100% used [0x00000000d5580000,0x00000000d5a00000,0x00000000d5a00000)
  from space 2048K, 71% used [0x00000000d5a00000,0x00000000d5b6d810,0x00000000d5c00000)
  to   space 2048K, 0% used [0x00000000d5c00000,0x00000000d5c00000,0x00000000d5e00000)
 ParOldGen       total 672768K, used 672726K [0x0000000080000000, 0x00000000a9100000, 0x00000000d5580000)
  object space 672768K, 99% used [0x0000000080000000,0x00000000a90f5b38,0x00000000a9100000)
 Metaspace       used 68640K, committed 70272K, reserved 1114112K
  class space    used 7042K, committed 7808K, reserved 1048576K
}
Event: 30.813 GC heap after
{Heap after GC invocations=863 (full 3):
 PSYoungGen      total 6144K, used 1984K [0x00000000d5580000, 0x00000000d5f00000, 0x0000000100000000)
  eden space 4096K, 0% used [0x00000000d5580000,0x00000000d5580000,0x00000000d5980000)
  from space 2048K, 96% used [0x00000000d5c00000,0x00000000d5df0008,0x00000000d5e00000)
  to   space 2560K, 0% used [0x00000000d5980000,0x00000000d5980000,0x00000000d5c00000)
 ParOldGen       total 674304K, used 673970K [0x0000000080000000, 0x00000000a9280000, 0x00000000d5580000)
  object space 674304K, 99% used [0x0000000080000000,0x00000000a922c888,0x00000000a9280000)
 Metaspace       used 68640K, committed 70272K, reserved 1114112K
  class space    used 7042K, committed 7808K, reserved 1048576K
}
Event: 30.838 GC heap before
{Heap before GC invocations=864 (full 3):
 PSYoungGen      total 6144K, used 6080K [0x00000000d5580000, 0x00000000d5f00000, 0x0000000100000000)
  eden space 4096K, 100% used [0x00000000d5580000,0x00000000d5980000,0x00000000d5980000)
  from space 2048K, 96% used [0x00000000d5c00000,0x00000000d5df0008,0x00000000d5e00000)
  to   space 2560K, 0% used [0x00000000d5980000,0x00000000d5980000,0x00000000d5c00000)
 ParOldGen       total 674304K, used 673970K [0x0000000080000000, 0x00000000a9280000, 0x00000000d5580000)
  object space 674304K, 99% used [0x0000000080000000,0x00000000a922c888,0x00000000a9280000)
 Metaspace       used 68640K, committed 70272K, reserved 1114112K
  class space    used 7042K, committed 7808K, reserved 1048576K
}
Event: 30.841 GC heap after
{Heap after GC invocations=864 (full 3):
 PSYoungGen      total 5632K, used 1440K [0x00000000d5580000, 0x00000000d5d80000, 0x0000000100000000)
  eden space 4096K, 0% used [0x00000000d5580000,0x00000000d5580000,0x00000000d5980000)
  from space 1536K, 93% used [0x00000000d5980000,0x00000000d5ae8000,0x00000000d5b00000)
  to   space 2048K, 0% used [0x00000000d5b80000,0x00000000d5b80000,0x00000000d5d80000)
 ParOldGen       total 676352K, used 675865K [0x0000000080000000, 0x00000000a9480000, 0x00000000d5580000)
  object space 676352K, 99% used [0x0000000080000000,0x00000000a9406758,0x00000000a9480000)
 Metaspace       used 68640K, committed 70272K, reserved 1114112K
  class space    used 7042K, committed 7808K, reserved 1048576K
}
Event: 30.861 GC heap before
{Heap before GC invocations=865 (full 3):
 PSYoungGen      total 5632K, used 5536K [0x00000000d5580000, 0x00000000d5d80000, 0x0000000100000000)
  eden space 4096K, 100% used [0x00000000d5580000,0x00000000d5980000,0x00000000d5980000)
  from space 1536K, 93% used [0x00000000d5980000,0x00000000d5ae8000,0x00000000d5b00000)
  to   space 2048K, 0% used [0x00000000d5b80000,0x00000000d5b80000,0x00000000d5d80000)
 ParOldGen       total 676352K, used 675865K [0x0000000080000000, 0x00000000a9480000, 0x00000000d5580000)
  object space 676352K, 99% used [0x0000000080000000,0x00000000a9406758,0x00000000a9480000)
 Metaspace       used 68667K, committed 70272K, reserved 1114112K
  class space    used 7046K, committed 7808K, reserved 1048576K
}
Event: 30.864 GC heap after
{Heap after GC invocations=865 (full 3):
 PSYoungGen      total 6144K, used 1875K [0x00000000d5580000, 0x00000000d5d80000, 0x0000000100000000)
  eden space 4096K, 0% used [0x00000000d5580000,0x00000000d5580000,0x00000000d5980000)
  from space 2048K, 91% used [0x00000000d5b80000,0x00000000d5d54d00,0x00000000d5d80000)
  to   space 2048K, 0% used [0x00000000d5980000,0x00000000d5980000,0x00000000d5b80000)
 ParOldGen       total 677376K, used 676910K [0x0000000080000000, 0x00000000a9580000, 0x00000000d5580000)
  object space 677376K, 99% used [0x0000000080000000,0x00000000a950bbf8,0x00000000a9580000)
 Metaspace       used 68667K, committed 70272K, reserved 1114112K
  class space    used 7046K, committed 7808K, reserved 1048576K
}
Event: 30.876 GC heap before
{Heap before GC invocations=866 (full 3):
 PSYoungGen      total 6144K, used 5971K [0x00000000d5580000, 0x00000000d5d80000, 0x0000000100000000)
  eden space 4096K, 100% used [0x00000000d5580000,0x00000000d5980000,0x00000000d5980000)
  from space 2048K, 91% used [0x00000000d5b80000,0x00000000d5d54d00,0x00000000d5d80000)
  to   space 2048K, 0% used [0x00000000d5980000,0x00000000d5980000,0x00000000d5b80000)
 ParOldGen       total 677376K, used 676910K [0x0000000080000000, 0x00000000a9580000, 0x00000000d5580000)
  object space 677376K, 99% used [0x0000000080000000,0x00000000a950bbf8,0x00000000a9580000)
 Metaspace       used 68690K, committed 70336K, reserved 1114112K
  class space    used 7050K, committed 7808K, reserved 1048576K
}
Event: 30.880 GC heap after
{Heap after GC invocations=866 (full 3):
 PSYoungGen      total 6144K, used 2048K [0x00000000d5580000, 0x00000000d6580000, 0x0000000100000000)
  eden space 4096K, 0% used [0x00000000d5580000,0x00000000d5580000,0x00000000d5980000)
  from space 2048K, 100% used [0x00000000d5980000,0x00000000d5b80000,0x00000000d5b80000)
  to   space 6144K, 0% used [0x00000000d5f80000,0x00000000d5f80000,0x00000000d6580000)
 ParOldGen       total 680448K, used 680190K [0x0000000080000000, 0x00000000a9880000, 0x00000000d5580000)
  object space 680448K, 99% used [0x0000000080000000,0x00000000a983fa68,0x00000000a9880000)
 Metaspace       used 68690K, committed 70336K, reserved 1114112K
  class space    used 7050K, committed 7808K, reserved 1048576K
}
Event: 30.896 GC heap before
{Heap before GC invocations=867 (full 3):
 PSYoungGen      total 6144K, used 6144K [0x00000000d5580000, 0x00000000d6580000, 0x0000000100000000)
  eden space 4096K, 100% used [0x00000000d5580000,0x00000000d5980000,0x00000000d5980000)
  from space 2048K, 100% used [0x00000000d5980000,0x00000000d5b80000,0x00000000d5b80000)
  to   space 6144K, 0% used [0x00000000d5f80000,0x00000000d5f80000,0x00000000d6580000)
 ParOldGen       total 680448K, used 680190K [0x0000000080000000, 0x00000000a9880000, 0x00000000d5580000)
  object space 680448K, 99% used [0x0000000080000000,0x00000000a983fa68,0x00000000a9880000)
 Metaspace       used 68702K, committed 70336K, reserved 1114112K
  class space    used 7050K, committed 7808K, reserved 1048576K
}
Event: 31.903 GC heap after
{Heap after GC invocations=867 (full 3):
 PSYoungGen      total 9216K, used 3632K [0x00000000d5580000, 0x00000000d6380000, 0x0000000100000000)
  eden space 5120K, 0% used [0x00000000d5580000,0x00000000d5580000,0x00000000d5a80000)
  from space 4096K, 88% used [0x00000000d5f80000,0x00000000d630c010,0x00000000d6380000)
  to   space 4608K, 0% used [0x00000000d5a80000,0x00000000d5a80000,0x00000000d5f00000)
 ParOldGen       total 682496K, used 682268K [0x0000000080000000, 0x00000000a9a80000, 0x00000000d5580000)
  object space 682496K, 99% used [0x0000000080000000,0x00000000a9a47208,0x00000000a9a80000)
 Metaspace       used 68702K, committed 70336K, reserved 1114112K
  class space    used 7050K, committed 7808K, reserved 1048576K
}
Event: 31.934 GC heap before
{Heap before GC invocations=868 (full 3):
 PSYoungGen      total 9216K, used 8748K [0x00000000d5580000, 0x00000000d6380000, 0x0000000100000000)
  eden space 5120K, 99% used [0x00000000d5580000,0x00000000d5a7f0c8,0x00000000d5a80000)
  from space 4096K, 88% used [0x00000000d5f80000,0x00000000d630c010,0x00000000d6380000)
  to   space 4608K, 0% used [0x00000000d5a80000,0x00000000d5a80000,0x00000000d5f00000)
 ParOldGen       total 682496K, used 682268K [0x0000000080000000, 0x00000000a9a80000, 0x00000000d5580000)
  object space 682496K, 99% used [0x0000000080000000,0x00000000a9a47208,0x00000000a9a80000)
 Metaspace       used 68745K, committed 70336K, reserved 1114112K
  class space    used 7051K, committed 7808K, reserved 1048576K
}
Event: 31.940 GC heap after
{Heap after GC invocations=868 (full 3):
 PSYoungGen      total 7168K, used 1888K [0x00000000d5580000, 0x00000000d6180000, 0x0000000100000000)
  eden space 5120K, 0% used [0x00000000d5580000,0x00000000d5580000,0x00000000d5a80000)
  from space 2048K, 92% used [0x00000000d5a80000,0x00000000d5c58030,0x00000000d5c80000)
  to   space 3072K, 0% used [0x00000000d5e80000,0x00000000d5e80000,0x00000000d6180000)
 ParOldGen       total 686080K, used 685810K [0x0000000080000000, 0x00000000a9e00000, 0x00000000d5580000)
  object space 686080K, 99% used [0x0000000080000000,0x00000000a9dbcbc0,0x00000000a9e00000)
 Metaspace       used 68745K, committed 70336K, reserved 1114112K
  class space    used 7051K, committed 7808K, reserved 1048576K
}
Event: 32.017 GC heap before
{Heap before GC invocations=869 (full 3):
 PSYoungGen      total 7168K, used 7008K [0x00000000d5580000, 0x00000000d6180000, 0x0000000100000000)
  eden space 5120K, 100% used [0x00000000d5580000,0x00000000d5a80000,0x00000000d5a80000)
  from space 2048K, 92% used [0x00000000d5a80000,0x00000000d5c58030,0x00000000d5c80000)
  to   space 3072K, 0% used [0x00000000d5e80000,0x00000000d5e80000,0x00000000d6180000)
 ParOldGen       total 686080K, used 685810K [0x0000000080000000, 0x00000000a9e00000, 0x00000000d5580000)
  object space 686080K, 99% used [0x0000000080000000,0x00000000a9dbcbc0,0x00000000a9e00000)
 Metaspace       used 68947K, committed 70592K, reserved 1114112K
  class space    used 7061K, committed 7808K, reserved 1048576K
}
Event: 32.021 GC heap after
{Heap after GC invocations=869 (full 3):
 PSYoungGen      total 6656K, used 512K [0x00000000d5580000, 0x00000000d5f00000, 0x0000000100000000)
  eden space 6144K, 0% used [0x00000000d5580000,0x00000000d5580000,0x00000000d5b80000)
  from space 512K, 100% used [0x00000000d5e80000,0x00000000d5f00000,0x00000000d5f00000)
  to   space 1536K, 0% used [0x00000000d5c00000,0x00000000d5c00000,0x00000000d5d80000)
 ParOldGen       total 687616K, used 687131K [0x0000000080000000, 0x00000000a9f80000, 0x00000000d5580000)
  object space 687616K, 99% used [0x0000000080000000,0x00000000a9f06f00,0x00000000a9f80000)
 Metaspace       used 68947K, committed 70592K, reserved 1114112K
  class space    used 7061K, committed 7808K, reserved 1048576K
}

Dll operation events (10 events):
Event: 0.010 Loaded shared library c:\Users\hmfar\.vscode\extensions\redhat.java-1.44.0-win32-x64\jre\21.0.8-win32-x86_64\bin\java.dll
Event: 0.080 Loaded shared library c:\Users\hmfar\.vscode\extensions\redhat.java-1.44.0-win32-x64\jre\21.0.8-win32-x86_64\bin\zip.dll
Event: 0.099 Loaded shared library C:\Users\hmfar\.vscode\extensions\redhat.java-1.44.0-win32-x64\jre\21.0.8-win32-x86_64\bin\instrument.dll
Event: 0.104 Loaded shared library C:\Users\hmfar\.vscode\extensions\redhat.java-1.44.0-win32-x64\jre\21.0.8-win32-x86_64\bin\net.dll
Event: 0.106 Loaded shared library C:\Users\hmfar\.vscode\extensions\redhat.java-1.44.0-win32-x64\jre\21.0.8-win32-x86_64\bin\nio.dll
Event: 0.110 Loaded shared library C:\Users\hmfar\.vscode\extensions\redhat.java-1.44.0-win32-x64\jre\21.0.8-win32-x86_64\bin\zip.dll
Event: 0.127 Loaded shared library C:\Users\hmfar\.vscode\extensions\redhat.java-1.44.0-win32-x64\jre\21.0.8-win32-x86_64\bin\jimage.dll
Event: 0.192 Loaded shared library c:\Users\hmfar\.vscode\extensions\redhat.java-1.44.0-win32-x64\jre\21.0.8-win32-x86_64\bin\verify.dll
Event: 1.679 Loaded shared library C:\Users\hmfar\AppData\Roaming\Code\User\globalStorage\redhat.java\1.44.0\config_win\org.eclipse.equinox.launcher\org.eclipse.equinox.launcher.win32.win32.x86_64_1.2.1400.v20250730-1736\eclipse_11913.dll
Event: 3.694 Loaded shared library C:\Users\hmfar\AppData\Local\Temp\jna-99394546\jna4409449816154165060.dll

Deoptimization events (20 events):
Event: 31.921 Thread 0x00000000196e60a0 Uncommon trap: trap_request=0xffffff45 fr.pc=0x000000000e086cf4 relative=0x0000000000000474
Event: 31.921 Thread 0x00000000196e60a0 Uncommon trap: reason=unstable_if action=reinterpret pc=0x000000000e086cf4 method=java.util.HashMap.removeNode(ILjava/lang/Object;Ljava/lang/Object;ZZ)Ljava/util/HashMap$Node; @ 62 c2
Event: 31.921 Thread 0x00000000196e60a0 DEOPT PACKING pc=0x000000000e086cf4 sp=0x000000006332f1e0
Event: 31.921 Thread 0x00000000196e60a0 DEOPT UNPACKING pc=0x000000000d3f6da2 sp=0x000000006332f0e0 mode 2
Event: 31.921 Thread 0x00000000196e60a0 Uncommon trap: trap_request=0xffffffde fr.pc=0x000000000e129bdc relative=0x00000000000002fc
Event: 31.921 Thread 0x00000000196e60a0 Uncommon trap: reason=class_check action=maybe_recompile pc=0x000000000e129bdc method=java.io.BufferedOutputStream.flushBuffer()V @ 20 c2
Event: 31.921 Thread 0x00000000196e60a0 DEOPT PACKING pc=0x000000000e129bdc sp=0x000000006332eef0
Event: 31.921 Thread 0x00000000196e60a0 DEOPT UNPACKING pc=0x000000000d3f6da2 sp=0x000000006332ee68 mode 2
Event: 31.983 Thread 0x00000000196e60a0 Uncommon trap: trap_request=0xffffff45 fr.pc=0x000000000e2f9040 relative=0x00000000000008e0
Event: 31.983 Thread 0x00000000196e60a0 Uncommon trap: reason=unstable_if action=reinterpret pc=0x000000000e2f9040 method=java.util.ImmutableCollections$AbstractImmutableList.equals(Ljava/lang/Object;)Z @ 2 c2
Event: 31.983 Thread 0x00000000196e60a0 DEOPT PACKING pc=0x000000000e2f9040 sp=0x000000006332e9c0
Event: 31.983 Thread 0x00000000196e60a0 DEOPT UNPACKING pc=0x000000000d3f6da2 sp=0x000000006332e960 mode 2
Event: 32.114 Thread 0x0000000070e208f0 DEOPT PACKING pc=0x0000000007a694b9 sp=0x000000007388dfe0
Event: 32.114 Thread 0x0000000070e208f0 DEOPT UNPACKING pc=0x000000000d3f78e2 sp=0x000000007388d4e0 mode 0
Event: 32.170 Thread 0x0000000070e208f0 DEOPT PACKING pc=0x0000000007a694b9 sp=0x000000007388dfc0
Event: 32.170 Thread 0x0000000070e208f0 DEOPT UNPACKING pc=0x000000000d3f78e2 sp=0x000000007388d4c0 mode 0
Event: 32.220 Thread 0x0000000070e208f0 Uncommon trap: trap_request=0xffffff45 fr.pc=0x000000000e0e9ed4 relative=0x0000000000000d94
Event: 32.220 Thread 0x0000000070e208f0 Uncommon trap: reason=unstable_if action=reinterpret pc=0x000000000e0e9ed4 method=java.util.concurrent.ConcurrentHashMap.putVal(Ljava/lang/Object;Ljava/lang/Object;Z)Ljava/lang/Object; @ 245 c2
Event: 32.220 Thread 0x0000000070e208f0 DEOPT PACKING pc=0x000000000e0e9ed4 sp=0x000000007388eab0
Event: 32.220 Thread 0x0000000070e208f0 DEOPT UNPACKING pc=0x000000000d3f6da2 sp=0x000000007388ea38 mode 2

Classes loaded (20 events):
Event: 31.984 Loading class sun/util/cldr/CLDRTimeZoneNameProviderImpl
Event: 31.984 Loading class sun/util/locale/provider/TimeZoneNameProviderImpl
Event: 31.984 Loading class sun/util/locale/provider/TimeZoneNameProviderImpl done
Event: 31.984 Loading class sun/util/cldr/CLDRTimeZoneNameProviderImpl done
Event: 31.987 Loading class sun/util/resources/cldr/TimeZoneNames
Event: 31.988 Loading class sun/util/resources/TimeZoneNamesBundle
Event: 31.988 Loading class sun/util/resources/OpenListResourceBundle
Event: 31.988 Loading class sun/util/resources/OpenListResourceBundle done
Event: 31.988 Loading class sun/util/resources/TimeZoneNamesBundle done
Event: 31.988 Loading class sun/util/resources/cldr/TimeZoneNames done
Event: 31.989 Loading class sun/util/resources/cldr/TimeZoneNames_en
Event: 31.990 Loading class sun/util/resources/cldr/TimeZoneNames_en done
Event: 31.990 Loading class sun/util/resources/cldr/TimeZoneNames_en_US
Event: 31.990 Loading class sun/util/resources/cldr/TimeZoneNames_en_US done
Event: 31.992 Loading class sun/util/cldr/CLDRBaseLocaleDataMetaInfo$TZCanonicalIDMapHolder
Event: 31.993 Loading class sun/util/cldr/CLDRBaseLocaleDataMetaInfo$TZCanonicalIDMapHolder done
Event: 31.994 Loading class sun/util/resources/TimeZoneNames
Event: 31.996 Loading class sun/util/resources/TimeZoneNames done
Event: 31.996 Loading class sun/util/resources/TimeZoneNames_en
Event: 31.996 Loading class sun/util/resources/TimeZoneNames_en done

Classes unloaded (7 events):
Event: 4.394 Thread 0x0000000002d1ee40 Unloading class 0x000000001b1a7000 'java/lang/invoke/LambdaForm$MH+0x000000001b1a7000'
Event: 4.394 Thread 0x0000000002d1ee40 Unloading class 0x000000001b1a6c00 'java/lang/invoke/LambdaForm$MH+0x000000001b1a6c00'
Event: 4.394 Thread 0x0000000002d1ee40 Unloading class 0x000000001b1a6800 'java/lang/invoke/LambdaForm$MH+0x000000001b1a6800'
Event: 4.394 Thread 0x0000000002d1ee40 Unloading class 0x000000001b1a6400 'java/lang/invoke/LambdaForm$MH+0x000000001b1a6400'
Event: 4.394 Thread 0x0000000002d1ee40 Unloading class 0x000000001b1a6000 'java/lang/invoke/LambdaForm$BMH+0x000000001b1a6000'
Event: 4.394 Thread 0x0000000002d1ee40 Unloading class 0x000000001b1a5c00 'java/lang/invoke/LambdaForm$DMH+0x000000001b1a5c00'
Event: 4.394 Thread 0x0000000002d1ee40 Unloading class 0x000000001b1a4800 'java/lang/invoke/LambdaForm$DMH+0x000000001b1a4800'

Classes redefined (0 events):
No events

Internal exceptions (20 events):
Event: 29.025 Thread 0x0000000061b36ed0 Exception <a 'sun/nio/fs/WindowsException'{0x00000000d59f2af8}> (0x00000000d59f2af8) 
thrown [s\src\hotspot\share\prims\jni.cpp, line 520]
Event: 29.046 Thread 0x0000000061b36ed0 Exception <a 'sun/nio/fs/WindowsException'{0x00000000d5a51690}> (0x00000000d5a51690) 
thrown [s\src\hotspot\share\prims\jni.cpp, line 520]
Event: 29.066 Thread 0x0000000061b36ed0 Exception <a 'sun/nio/fs/WindowsException'{0x00000000d5b7bd50}> (0x00000000d5b7bd50) 
thrown [s\src\hotspot\share\prims\jni.cpp, line 520]
Event: 29.085 Thread 0x0000000061b36ed0 Exception <a 'sun/nio/fs/WindowsException'{0x00000000d5c1e9e8}> (0x00000000d5c1e9e8) 
thrown [s\src\hotspot\share\prims\jni.cpp, line 520]
Event: 29.244 Thread 0x0000000061b36ed0 Exception <a 'sun/nio/fs/WindowsException'{0x00000000d5737690}> (0x00000000d5737690) 
thrown [s\src\hotspot\share\prims\jni.cpp, line 520]
Event: 29.266 Thread 0x0000000061b36ed0 Exception <a 'sun/nio/fs/WindowsException'{0x00000000d580c410}> (0x00000000d580c410) 
thrown [s\src\hotspot\share\prims\jni.cpp, line 520]
Event: 29.347 Thread 0x0000000061b36ed0 Exception <a 'sun/nio/fs/WindowsException'{0x00000000d5a8a578}> (0x00000000d5a8a578) 
thrown [s\src\hotspot\share\prims\jni.cpp, line 520]
Event: 29.380 Thread 0x0000000061b36ed0 Exception <a 'sun/nio/fs/WindowsException'{0x00000000d5644d28}> (0x00000000d5644d28) 
thrown [s\src\hotspot\share\prims\jni.cpp, line 520]
Event: 29.412 Thread 0x0000000061b36ed0 Exception <a 'sun/nio/fs/WindowsException'{0x00000000d55c26f8}> (0x00000000d55c26f8) 
thrown [s\src\hotspot\share\prims\jni.cpp, line 520]
Event: 29.466 Thread 0x0000000061b36ed0 Exception <a 'sun/nio/fs/WindowsException'{0x00000000d584d680}> (0x00000000d584d680) 
thrown [s\src\hotspot\share\prims\jni.cpp, line 520]
Event: 29.496 Thread 0x0000000061b36ed0 Exception <a 'sun/nio/fs/WindowsException'{0x00000000d559e298}> (0x00000000d559e298) 
thrown [s\src\hotspot\share\prims\jni.cpp, line 520]
Event: 30.856 Thread 0x0000000065e9fee0 Exception <a 'java/lang/IncompatibleClassChangeError'{0x00000000d581c4c8}: Found class java.lang.Object, but interface was expected> (0x00000000d581c4c8) 
thrown [s\src\hotspot\share\interpreter\linkResolver.cpp, line 840]
Event: 30.895 Thread 0x0000000070e208f0 Exception <a 'sun/nio/fs/WindowsException'{0x00000000d58c45a0}> (0x00000000d58c45a0) 
thrown [s\src\hotspot\share\prims\jni.cpp, line 520]
Event: 31.904 Thread 0x0000000070e208f0 Exception <a 'sun/nio/fs/WindowsException'{0x00000000d5597ae8}> (0x00000000d5597ae8) 
thrown [s\src\hotspot\share\prims\jni.cpp, line 520]
Event: 31.905 Thread 0x0000000070e208f0 Exception <a 'sun/nio/fs/WindowsException'{0x00000000d5598830}> (0x00000000d5598830) 
thrown [s\src\hotspot\share\prims\jni.cpp, line 520]
Event: 31.905 Thread 0x0000000070e208f0 Exception <a 'sun/nio/fs/WindowsException'{0x00000000d5599110}> (0x00000000d5599110) 
thrown [s\src\hotspot\share\prims\jni.cpp, line 520]
Event: 31.905 Thread 0x0000000070e208f0 Exception <a 'sun/nio/fs/WindowsException'{0x00000000d55c50b0}> (0x00000000d55c50b0) 
thrown [s\src\hotspot\share\prims\jni.cpp, line 520]
Event: 31.905 Thread 0x0000000070e208f0 Exception <a 'sun/nio/fs/WindowsException'{0x00000000d55c5990}> (0x00000000d55c5990) 
thrown [s\src\hotspot\share\prims\jni.cpp, line 520]
Event: 31.912 Thread 0x0000000070e208f0 Exception <a 'sun/nio/fs/WindowsException'{0x00000000d5722068}> (0x00000000d5722068) 
thrown [s\src\hotspot\share\prims\jni.cpp, line 520]
Event: 31.912 Thread 0x0000000070e208f0 Exception <a 'sun/nio/fs/WindowsException'{0x00000000d5722948}> (0x00000000d5722948) 
thrown [s\src\hotspot\share\prims\jni.cpp, line 520]

ZGC Phase Switch (0 events):
No events

VM Operations (20 events):
Event: 30.776 Executing VM operation: ParallelGCFailedAllocation (Allocation Failure)
Event: 30.779 Executing VM operation: ParallelGCFailedAllocation (Allocation Failure) done
Event: 30.810 Executing VM operation: ParallelGCFailedAllocation (Allocation Failure)
Event: 30.813 Executing VM operation: ParallelGCFailedAllocation (Allocation Failure) done
Event: 30.838 Executing VM operation: ParallelGCFailedAllocation (Allocation Failure)
Event: 30.841 Executing VM operation: ParallelGCFailedAllocation (Allocation Failure) done
Event: 30.861 Executing VM operation: ParallelGCFailedAllocation (Allocation Failure)
Event: 30.864 Executing VM operation: ParallelGCFailedAllocation (Allocation Failure) done
Event: 30.876 Executing VM operation: ParallelGCFailedAllocation (Allocation Failure)
Event: 30.880 Executing VM operation: ParallelGCFailedAllocation (Allocation Failure) done
Event: 30.896 Executing VM operation: ParallelGCFailedAllocation (Allocation Failure)
Event: 31.903 Executing VM operation: ParallelGCFailedAllocation (Allocation Failure) done
Event: 31.934 Executing VM operation: ParallelGCFailedAllocation (Allocation Failure)
Event: 31.940 Executing VM operation: ParallelGCFailedAllocation (Allocation Failure) done
Event: 32.017 Executing VM operation: ParallelGCFailedAllocation (Allocation Failure)
Event: 32.021 Executing VM operation: ParallelGCFailedAllocation (Allocation Failure) done
Event: 32.219 Executing VM operation: HandshakeAllThreads (Deoptimize)
Event: 32.219 Executing VM operation: HandshakeAllThreads (Deoptimize) done
Event: 33.233 Executing VM operation: Cleanup
Event: 33.233 Executing VM operation: Cleanup done

Memory protections (0 events):
No events

Nmethod flushes (20 events):
Event: 12.580 Thread 0x0000000002d1ee40 flushing  nmethod 0x0000000006793010
Event: 12.580 Thread 0x0000000002d1ee40 flushing  nmethod 0x000000000679cb10
Event: 12.580 Thread 0x0000000002d1ee40 flushing  nmethod 0x000000000679e110
Event: 12.580 Thread 0x0000000002d1ee40 flushing  nmethod 0x000000000679ea90
Event: 12.580 Thread 0x0000000002d1ee40 flushing  nmethod 0x00000000067a7110
Event: 12.580 Thread 0x0000000002d1ee40 flushing  nmethod 0x00000000067a7f10
Event: 12.580 Thread 0x0000000002d1ee40 flushing  nmethod 0x00000000067ada10
Event: 12.580 Thread 0x0000000002d1ee40 flushing  nmethod 0x00000000067b1b90
Event: 12.580 Thread 0x0000000002d1ee40 flushing osr nmethod 0x00000000067bbd90
Event: 12.580 Thread 0x0000000002d1ee40 flushing  nmethod 0x00000000067d5590
Event: 12.580 Thread 0x0000000002d1ee40 flushing  nmethod 0x00000000067e7110
Event: 12.580 Thread 0x0000000002d1ee40 flushing  nmethod 0x00000000067e7810
Event: 12.580 Thread 0x0000000002d1ee40 flushing  nmethod 0x00000000067e7d90
Event: 12.580 Thread 0x0000000002d1ee40 flushing  nmethod 0x00000000067e8110
Event: 12.580 Thread 0x0000000002d1ee40 flushing  nmethod 0x00000000067e8510
Event: 12.580 Thread 0x0000000002d1ee40 flushing  nmethod 0x00000000067ebe10
Event: 12.580 Thread 0x0000000002d1ee40 flushing  nmethod 0x00000000067f9390
Event: 12.580 Thread 0x0000000002d1ee40 flushing  nmethod 0x000000000682bd10
Event: 12.580 Thread 0x0000000002d1ee40 flushing  nmethod 0x000000000687be90
Event: 12.580 Thread 0x0000000002d1ee40 flushing  nmethod 0x000000000687d990

Events (20 events):
Event: 16.301 Thread 0x000000005cb81ee0 Thread added: 0x00000000627e90b0
Event: 16.728 Thread 0x00000000627e90b0 Thread exited: 0x00000000627e90b0
Event: 16.981 Thread 0x000000005cb81ee0 Thread exited: 0x000000005cb81ee0
Event: 17.894 Thread 0x000000005c918120 Thread added: 0x000000005cb81ee0
Event: 17.894 Thread 0x000000005c918120 Thread added: 0x00000000627e90b0
Event: 18.628 Thread 0x0000000065e9fee0 Thread added: 0x0000000065258f00
Event: 18.632 Thread 0x0000000065e9fee0 Thread added: 0x00000000652581e0
Event: 18.708 Thread 0x0000000061b35490 Thread added: 0x0000000065258870
Event: 21.186 Thread 0x0000000065258f00 Thread added: 0x0000000065256e30
Event: 21.186 Thread 0x00000000652581e0 Thread added: 0x0000000070e1fbd0
Event: 21.186 Thread 0x0000000061b361b0 Thread added: 0x0000000070e208f0
Event: 23.079 Thread 0x00000000627e90b0 Thread exited: 0x00000000627e90b0
Event: 23.451 Thread 0x000000005cb81ee0 Thread exited: 0x000000005cb81ee0
Event: 23.712 Thread 0x0000000065258870 Thread exited: 0x0000000065258870
Event: 29.507 Thread 0x00000000196f5260 Thread added: 0x000000005cb81ee0
Event: 30.570 Thread 0x000000005cb81ee0 Thread exited: 0x000000005cb81ee0
Event: 30.855 Thread 0x0000000065e9d0f0 Thread added: 0x0000000070e1db00
Event: 30.855 Thread 0x0000000070e208f0 Thread added: 0x0000000070e21610
Event: 30.856 Thread 0x000000005c918120 Thread added: 0x000000005cb81ee0
Event: 30.884 Thread 0x000000005c918120 Thread added: 0x00000000627e90b0


Dynamic libraries:
0x00007ff7f9820000 - 0x00007ff7f982e000 	c:\Users\hmfar\.vscode\extensions\redhat.java-1.44.0-win32-x64\jre\21.0.8-win32-x86_64\bin\java.exe
0x00007ffc97600000 - 0x00007ffc97867000 	C:\WINDOWS\SYSTEM32\ntdll.dll
0x00007ffc955b0000 - 0x00007ffc95679000 	C:\WINDOWS\System32\KERNEL32.DLL
0x00007ffc94d50000 - 0x00007ffc95140000 	C:\WINDOWS\System32\KERNELBASE.dll
0x00007ffc94730000 - 0x00007ffc9487b000 	C:\WINDOWS\System32\ucrtbase.dll
0x00007ffc85980000 - 0x00007ffc85998000 	c:\Users\hmfar\.vscode\extensions\redhat.java-1.44.0-win32-x64\jre\21.0.8-win32-x86_64\bin\jli.dll
0x00007ffc6dff0000 - 0x00007ffc6e00e000 	c:\Users\hmfar\.vscode\extensions\redhat.java-1.44.0-win32-x64\jre\21.0.8-win32-x86_64\bin\VCRUNTIME140.dll
0x00007ffc95ff0000 - 0x00007ffc961b5000 	C:\WINDOWS\System32\USER32.dll
0x00007ffc94c80000 - 0x00007ffc94ca7000 	C:\WINDOWS\System32\win32u.dll
0x00007ffc7c0f0000 - 0x00007ffc7c38a000 	C:\WINDOWS\WinSxS\amd64_microsoft.windows.common-controls_6595b64144ccf1df_6.0.26100.4768_none_3e0c112ce331287c\COMCTL32.dll
0x00007ffc961d0000 - 0x00007ffc961fb000 	C:\WINDOWS\System32\GDI32.dll
0x00007ffc96380000 - 0x00007ffc96429000 	C:\WINDOWS\System32\msvcrt.dll
0x00007ffc94880000 - 0x00007ffc949b8000 	C:\WINDOWS\System32\gdi32full.dll
0x00007ffc94bd0000 - 0x00007ffc94c73000 	C:\WINDOWS\System32\msvcp_win.dll
0x00007ffc95570000 - 0x00007ffc9559f000 	C:\WINDOWS\System32\IMM32.DLL
0x00007ffc84560000 - 0x00007ffc8456c000 	c:\Users\hmfar\.vscode\extensions\redhat.java-1.44.0-win32-x64\jre\21.0.8-win32-x86_64\bin\vcruntime140_1.dll
0x00007ffc37000000 - 0x00007ffc3708d000 	c:\Users\hmfar\.vscode\extensions\redhat.java-1.44.0-win32-x64\jre\21.0.8-win32-x86_64\bin\msvcp140.dll
0x00007ffc02fa0000 - 0x00007ffc03d37000 	c:\Users\hmfar\.vscode\extensions\redhat.java-1.44.0-win32-x64\jre\21.0.8-win32-x86_64\bin\server\jvm.dll
0x00007ffc95390000 - 0x00007ffc95444000 	C:\WINDOWS\System32\ADVAPI32.dll
0x00007ffc95450000 - 0x00007ffc954f6000 	C:\WINDOWS\System32\sechost.dll
0x00007ffc958f0000 - 0x00007ffc95a08000 	C:\WINDOWS\System32\RPCRT4.dll
0x00007ffc95c90000 - 0x00007ffc95d04000 	C:\WINDOWS\System32\WS2_32.dll
0x00007ffc7d560000 - 0x00007ffc7d595000 	C:\WINDOWS\SYSTEM32\WINMM.dll
0x00007ffc94590000 - 0x00007ffc945ee000 	C:\WINDOWS\SYSTEM32\POWRPROF.dll
0x00007ffc83ad0000 - 0x00007ffc83adb000 	C:\WINDOWS\SYSTEM32\VERSION.dll
0x00007ffc94570000 - 0x00007ffc94584000 	C:\WINDOWS\SYSTEM32\UMPDC.dll
0x00007ffc93480000 - 0x00007ffc9349b000 	C:\WINDOWS\SYSTEM32\kernel.appcore.dll
0x00007ffc77480000 - 0x00007ffc7748a000 	c:\Users\hmfar\.vscode\extensions\redhat.java-1.44.0-win32-x64\jre\21.0.8-win32-x86_64\bin\jimage.dll
0x00007ffc91c00000 - 0x00007ffc91e41000 	C:\WINDOWS\SYSTEM32\DBGHELP.DLL
0x00007ffc96ae0000 - 0x00007ffc96e65000 	C:\WINDOWS\System32\combase.dll
0x00007ffc96200000 - 0x00007ffc962e0000 	C:\WINDOWS\System32\OLEAUT32.dll
0x00007ffc78140000 - 0x00007ffc78183000 	C:\WINDOWS\SYSTEM32\dbgcore.DLL
0x00007ffc94cb0000 - 0x00007ffc94d49000 	C:\WINDOWS\System32\bcryptPrimitives.dll
0x00007ffc845c0000 - 0x00007ffc845cf000 	c:\Users\hmfar\.vscode\extensions\redhat.java-1.44.0-win32-x64\jre\21.0.8-win32-x86_64\bin\instrument.dll
0x00007ffc6dfc0000 - 0x00007ffc6dfdf000 	c:\Users\hmfar\.vscode\extensions\redhat.java-1.44.0-win32-x64\jre\21.0.8-win32-x86_64\bin\java.dll
0x00007ffc96e70000 - 0x00007ffc975bd000 	C:\WINDOWS\System32\SHELL32.dll
0x00007ffc94a50000 - 0x00007ffc94bc3000 	C:\WINDOWS\System32\wintypes.dll
0x00007ffc922d0000 - 0x00007ffc92b30000 	C:\WINDOWS\SYSTEM32\windows.storage.dll
0x00007ffc95d10000 - 0x00007ffc95e05000 	C:\WINDOWS\System32\SHCORE.dll
0x00007ffc95500000 - 0x00007ffc9556a000 	C:\WINDOWS\System32\shlwapi.dll
0x00007ffc94650000 - 0x00007ffc94679000 	C:\WINDOWS\SYSTEM32\profapi.dll
0x00007ffc6c670000 - 0x00007ffc6c688000 	c:\Users\hmfar\.vscode\extensions\redhat.java-1.44.0-win32-x64\jre\21.0.8-win32-x86_64\bin\zip.dll
0x00007ffc84430000 - 0x00007ffc84440000 	C:\Users\hmfar\.vscode\extensions\redhat.java-1.44.0-win32-x64\jre\21.0.8-win32-x86_64\bin\net.dll
0x00007ffc83860000 - 0x00007ffc8397e000 	C:\WINDOWS\SYSTEM32\WINHTTP.dll
0x00007ffc939f0000 - 0x00007ffc93a5b000 	C:\WINDOWS\system32\mswsock.dll
0x00007ffc84150000 - 0x00007ffc84166000 	C:\Users\hmfar\.vscode\extensions\redhat.java-1.44.0-win32-x64\jre\21.0.8-win32-x86_64\bin\nio.dll
0x00007ffc84060000 - 0x00007ffc84070000 	c:\Users\hmfar\.vscode\extensions\redhat.java-1.44.0-win32-x64\jre\21.0.8-win32-x86_64\bin\verify.dll
0x00007ffc6a3b0000 - 0x00007ffc6a3f5000 	C:\Users\hmfar\AppData\Roaming\Code\User\globalStorage\redhat.java\1.44.0\config_win\org.eclipse.equinox.launcher\org.eclipse.equinox.launcher.win32.win32.x86_64_1.2.1400.v20250730-1736\eclipse_11913.dll
0x00007ffc95e40000 - 0x00007ffc95fe0000 	C:\WINDOWS\System32\ole32.dll
0x00007ffc93ce0000 - 0x00007ffc93cfb000 	C:\WINDOWS\SYSTEM32\CRYPTSP.dll
0x00007ffc933d0000 - 0x00007ffc9340b000 	C:\WINDOWS\system32\rsaenh.dll
0x00007ffc93aa0000 - 0x00007ffc93acb000 	C:\WINDOWS\SYSTEM32\USERENV.dll
0x00007ffc94620000 - 0x00007ffc94646000 	C:\WINDOWS\SYSTEM32\bcrypt.dll
0x00007ffc93d00000 - 0x00007ffc93d0c000 	C:\WINDOWS\SYSTEM32\CRYPTBASE.dll
0x00007ffc92e50000 - 0x00007ffc92e83000 	C:\WINDOWS\SYSTEM32\IPHLPAPI.DLL
0x00007ffc96620000 - 0x00007ffc9662a000 	C:\WINDOWS\System32\NSI.dll
0x00007ffc66b60000 - 0x00007ffc66ba9000 	C:\Users\hmfar\AppData\Local\Temp\jna-99394546\jna4409449816154165060.dll
0x00007ffc962f0000 - 0x00007ffc962f8000 	C:\WINDOWS\System32\PSAPI.DLL
0x00007ffc810c0000 - 0x00007ffc810df000 	C:\WINDOWS\SYSTEM32\dhcpcsvc6.DLL
0x00007ffc80c10000 - 0x00007ffc80c35000 	C:\WINDOWS\SYSTEM32\dhcpcsvc.DLL

JVMTI agents:
c:\Users\hmfar\.vscode\extensions\redhat.java-1.44.0-win32-x64\lombok\lombok-1.18.39-4050.jar path:c:\Users\hmfar\.vscode\extensions\redhat.java-1.44.0-win32-x64\jre\21.0.8-win32-x86_64\bin\instrument.dll, loaded, initialized, instrumentlib options:none

dbghelp: loaded successfully - version: 4.0.5 - missing functions: none
symbol engine: initialized successfully - sym options: 0x614 - pdb path: .;c:\Users\hmfar\.vscode\extensions\redhat.java-1.44.0-win32-x64\jre\21.0.8-win32-x86_64\bin;C:\WINDOWS\SYSTEM32;C:\WINDOWS\WinSxS\amd64_microsoft.windows.common-controls_6595b64144ccf1df_6.0.26100.4768_none_3e0c112ce331287c;c:\Users\hmfar\.vscode\extensions\redhat.java-1.44.0-win32-x64\jre\21.0.8-win32-x86_64\bin\server;C:\Users\hmfar\AppData\Roaming\Code\User\globalStorage\redhat.java\1.44.0\config_win\org.eclipse.equinox.launcher\org.eclipse.equinox.launcher.win32.win32.x86_64_1.2.1400.v20250730-1736;C:\Users\hmfar\AppData\Local\Temp\jna-99394546

VM Arguments:
jvm_args: --add-modules=ALL-SYSTEM --add-opens=java.base/java.util=ALL-UNNAMED --add-opens=java.base/java.lang=ALL-UNNAMED --add-opens=java.base/sun.nio.fs=ALL-UNNAMED -Declipse.application=org.eclipse.jdt.ls.core.id1 -Dosgi.bundles.defaultStartLevel=4 -Declipse.product=org.eclipse.jdt.ls.core.product -Djava.import.generatesMetadataFilesAtProjectRoot=false -DDetectVMInstallationsJob.disabled=true -Dfile.encoding=utf8 -XX:+UseParallelGC -XX:GCTimeRatio=4 -XX:AdaptiveSizePolicyWeight=90 -Dsun.zip.disableMemoryMapping=true -Xmx2G -Xms100m -Xlog:disable -javaagent:c:\Users\hmfar\.vscode\extensions\redhat.java-1.44.0-win32-x64\lombok\lombok-1.18.39-4050.jar -XX:+HeapDumpOnOutOfMemoryError -XX:HeapDumpPath=c:\Users\hmfar\AppData\Roaming\Code\User\workspaceStorage\b6be3db273aae4f6e34850daa762c5b9\redhat.java -Daether.dependencyCollector.impl=bf 
java_command: c:\Users\hmfar\.vscode\extensions\redhat.java-1.44.0-win32-x64\server\plugins\org.eclipse.equinox.launcher_1.7.0.v20250519-0528.jar -configuration c:\Users\hmfar\AppData\Roaming\Code\User\globalStorage\redhat.java\1.44.0\config_win -data c:\Users\hmfar\AppData\Roaming\Code\User\workspaceStorage\b6be3db273aae4f6e34850daa762c5b9\redhat.java\jdt_ws --pipe=\\.\pipe\lsp-253e1ab007758e758472d598411681a2-sock
java_class_path (initial): c:\Users\hmfar\.vscode\extensions\redhat.java-1.44.0-win32-x64\server\plugins\org.eclipse.equinox.launcher_1.7.0.v20250519-0528.jar
Launcher Type: SUN_STANDARD

[Global flags]
    uintx AdaptiveSizePolicyWeight                 = 90                                        {product} {command line}
     intx CICompilerCount                          = 4                                         {product} {ergonomic}
    uintx GCTimeRatio                              = 4                                         {product} {command line}
     bool HeapDumpOnOutOfMemoryError               = true                                   {manageable} {command line}
    ccstr HeapDumpPath                             = c:\Users\hmfar\AppData\Roaming\Code\User\workspaceStorage\b6be3db273aae4f6e34850daa762c5b9\redhat.java         {manageable} {command line}
   size_t InitialHeapSize                          = 104857600                                 {product} {command line}
   size_t MaxHeapSize                              = 2147483648                                {product} {command line}
   size_t MaxNewSize                               = 715653120                                 {product} {ergonomic}
   size_t MinHeapDeltaBytes                        = 524288                                    {product} {ergonomic}
   size_t MinHeapSize                              = 104857600                                 {product} {command line}
   size_t NewSize                                  = 34603008                                  {product} {ergonomic}
    uintx NonNMethodCodeHeapSize                   = 5839372                                {pd product} {ergonomic}
    uintx NonProfiledCodeHeapSize                  = 122909434                              {pd product} {ergonomic}
   size_t OldSize                                  = 70254592                                  {product} {ergonomic}
    uintx ProfiledCodeHeapSize                     = 122909434                              {pd product} {ergonomic}
    uintx ReservedCodeCacheSize                    = 251658240                              {pd product} {ergonomic}
     bool SegmentedCodeCache                       = true                                      {product} {ergonomic}
   size_t SoftMaxHeapSize                          = 2147483648                             {manageable} {ergonomic}
     bool UseCompressedOops                        = true                           {product lp64_product} {ergonomic}
     bool UseLargePagesIndividualAllocation        = false                                  {pd product} {ergonomic}
     bool UseParallelGC                            = true                                      {product} {command line}

Logging:
Log output configuration:
 #0: stdout all=off uptime,level,tags foldmultilines=false
 #1: stderr all=off uptime,level,tags foldmultilines=false

Environment Variables:
JAVA_HOME=C:\Program Files\Java\jdk-17
PATH=C:\Program Files\Common Files\Oracle\Java\javapath;C:\Program Files\Java\jdk1.8.0_172\bin;C:\Program Files (x86)\Common Files\Intel\Shared Libraries\redist\intel64\compiler;C:\Python311\Scripts\;C:\Python311\;C:\Program Files (x86)\Common Files\Oracle\Java\javapath;C:\WINDOWS\system32;C:\WINDOWS;C:\WINDOWS\System32\Wbem;C:\WINDOWS\System32\WindowsPowerShell\v1.0\;C:\WINDOWS\System32\OpenSSH\;C:\ProgramData\chocolatey\bin;D:\Programming\apache-maven-3.8.6-bin\apache-maven-3.8.6\bin;C:\Program Files\PuTTY\;C:\Program Files\nodejs\;C:\Program Files\Java\jdk-17\bin;C:\Program Files\Java\jdk-11\bin;C:\Users\hmfar\AppData\Local\Microsoft\WindowsApps;C:\Users\hmfar\AppData\Local\Programs\Microsoft VS Code\bin;C:\Users\hmfar\AppData\Roaming\npm;
USERNAME=hmfar
OS=Windows_NT
PROCESSOR_IDENTIFIER=Intel64 Family 6 Model 140 Stepping 1, GenuineIntel
TMP=C:\Users\hmfar\AppData\Local\Temp
TEMP=C:\Users\hmfar\AppData\Local\Temp




Periodic native trim disabled

---------------  S Y S T E M  ---------------

OS:
 Windows 11 , 64 bit Build 26100 (10.0.26100.4768)
OS uptime: 1 days 7:51 hours
Hyper-V role detected

CPU: total 8 (initial active 8) (4 cores per cpu, 2 threads per core) family 6 model 140 stepping 1 microcode 0x86, cx8, cmov, fxsr, ht, mmx, 3dnowpref, sse, sse2, sse3, ssse3, sse4.1, sse4.2, popcnt, lzcnt, tsc, tscinvbit, avx, avx2, aes, erms, clmul, bmi1, bmi2, adx, avx512f, avx512dq, avx512cd, avx512bw, avx512vl, sha, fma, vzeroupper, avx512_vpopcntdq, avx512_vpclmulqdq, avx512_vaes, avx512_vnni, clflush, clflushopt, clwb, avx512_vbmi2, avx512_vbmi, hv, rdtscp, rdpid, fsrm, gfni, avx512_bitalg, f16c, cet_ibt, cet_ss, avx512_ifma
Processor Information for the first 8 processors :
  Max Mhz: 3110, Current Mhz: 3110, Mhz Limit: 3110

Memory: 4k page, system-wide physical 7975M (1010M free)
TotalPageFile size 26602M (AvailPageFile size 7M)
current process WorkingSet (physical memory assigned to process): 1049M, peak: 1049M
current process commit charge ("private bytes"): 997M, peak: 997M

vm_info: OpenJDK 64-Bit Server VM (21.0.8+9-LTS) for windows-amd64 JRE (21.0.8+9-LTS), built on 2025-07-15T00:00:00Z by "admin" with MS VC++ 17.7 (VS2022)

END.
