#
# There is insufficient memory for the Java Runtime Environment to continue.
# Native memory allocation (malloc) failed to allocate 812256 bytes for Chunk::new
# Possible reasons:
#   The system is out of physical RAM or swap space
#   The process is running with CompressedOops enabled, and the Java Heap may be blocking the growth of the native heap
# Possible solutions:
#   Reduce memory load on the system
#   Increase physical memory or swap space
#   Check if swap backing store is full
#   Decrease Java heap size (-Xmx/-Xms)
#   Decrease number of Java threads
#   Decrease Java thread stack sizes (-Xss)
#   Set larger code cache with -XX:ReservedCodeCacheSize=
#   JVM is running with Unscaled Compressed Oops mode in which the Java heap is
#     placed in the first 4GB address space. The Java Heap base address is the
#     maximum limit for the native heap growth. Please use -XX:HeapBaseMinAddress
#     to set the Java Heap base and to place the Java Heap above 4GB virtual address.
# This output file may be truncated or incomplete.
#
#  Out of Memory Error (arena.cpp:189), pid=17680, tid=9260
#
# JRE version: Java(TM) SE Runtime Environment (17.0.11+7) (build 17.0.11+7-LTS-207)
# Java VM: Java HotSpot(TM) 64-Bit Server VM (17.0.11+7-LTS-207, mixed mode, sharing, tiered, compressed oops, compressed class ptrs, g1 gc, windows-amd64)
# No core dump will be written. Minidumps are not enabled by default on client versions of Windows
#

---------------  S U M M A R Y ------------

Command Line: -XX:+ShowCodeDetailsInExceptionMessages com.example.bake_boss_backend.BakeBossBackendApplication

Host: 11th Gen Intel(R) Core(TM) i5-11300H @ 3.10GHz, 8 cores, 7G,  Windows 11 , 64 bit Build 26100 (10.0.26100.5074)
Time: Fri Sep 19 20:10:01 2025 Bangladesh Standard Time elapsed time: 65346.390491 seconds (0d 18h 9m 6s)

---------------  T H R E A D  ---------------

Current thread (0x0000000020ef6130):  JavaThread "C2 CompilerThread0" daemon [_thread_in_native, id=9260, stack(0x0000000021960000,0x0000000021a60000)]


Current CompileTask:
C2:65346391 14065       4       org.springframework.boot.devtools.filewatch.DirectorySnapshot::collectFiles (99 bytes)

Stack: [0x0000000021960000,0x0000000021a60000]
Native frames: (J=compiled Java code, j=interpreted, Vv=VM code, C=native code)
V  [jvm.dll+0x679cca]
V  [jvm.dll+0x7da13d]
V  [jvm.dll+0x7dba83]
V  [jvm.dll+0x7dc0f3]
V  [jvm.dll+0x2449af]
V  [jvm.dll+0xab83b]
V  [jvm.dll+0xabe1c]
V  [jvm.dll+0x2a9e6f]
V  [jvm.dll+0x5818d9]
V  [jvm.dll+0x21ed62]
V  [jvm.dll+0x21f13f]
V  [jvm.dll+0x218331]
V  [jvm.dll+0x215505]
V  [jvm.dll+0x1a2040]
V  [jvm.dll+0x225a2b]
V  [jvm.dll+0x223bcb]
V  [jvm.dll+0x7903ec]
V  [jvm.dll+0x78a85a]
V  [jvm.dll+0x678bb5]
C  [ucrtbase.dll+0x37b0]
C  [KERNEL32.DLL+0x2e8d7]
C  [ntdll.dll+0x8d9c]


---------------  P R O C E S S  ---------------

Threads class SMR info:
_java_thread_list=0x000000006bb539c0, length=31, elements={
0x0000000020ed75f0, 0x0000000020ed91c0, 0x0000000020eef2a0, 0x0000000020eefe60,
0x0000000020ef33a0, 0x0000000020ef48d0, 0x0000000020ef6130, 0x0000000020f032b0,
0x0000000020f19510, 0x00000000670fd8a0, 0x00000000670fe7d0, 0x00000000670fe2c0,
0x0000000067bf33d0, 0x000000006bc1c4e0, 0x000000006bc1c9f0, 0x000000006bc1e340,
0x000000006bc1e850, 0x000000006bc1de30, 0x000000006bc1d410, 0x0000000067bf3df0,
0x0000000067bf4810, 0x0000000067bf4300, 0x0000000067bf1060, 0x0000000067bf2ec0,
0x0000000067bf1a80, 0x0000000067bf24a0, 0x00000000670fc970, 0x00000000670fddb0,
0x00000000670fba40, 0x00000000670fb020, 0x00000000670fb530
}

Java Threads: ( => current thread )
  0x0000000020ed75f0 JavaThread "Reference Handler" daemon [_thread_blocked, id=23776, stack(0x0000000021250000,0x0000000021350000)]
  0x0000000020ed91c0 JavaThread "Finalizer" daemon [_thread_blocked, id=16504, stack(0x0000000021350000,0x0000000021450000)]
  0x0000000020eef2a0 JavaThread "Signal Dispatcher" daemon [_thread_blocked, id=3824, stack(0x0000000021560000,0x0000000021660000)]
  0x0000000020eefe60 JavaThread "Attach Listener" daemon [_thread_blocked, id=1724, stack(0x0000000021660000,0x0000000021760000)]
  0x0000000020ef33a0 JavaThread "Service Thread" daemon [_thread_blocked, id=9752, stack(0x0000000021760000,0x0000000021860000)]
  0x0000000020ef48d0 JavaThread "Monitor Deflation Thread" daemon [_thread_blocked, id=18496, stack(0x0000000021860000,0x0000000021960000)]
=>0x0000000020ef6130 JavaThread "C2 CompilerThread0" daemon [_thread_in_native, id=9260, stack(0x0000000021960000,0x0000000021a60000)]
  0x0000000020f032b0 JavaThread "C1 CompilerThread0" daemon [_thread_blocked, id=25364, stack(0x0000000021a60000,0x0000000021b60000)]
  0x0000000020f19510 JavaThread "Sweeper thread" daemon [_thread_blocked, id=3580, stack(0x0000000021b60000,0x0000000021c60000)]
  0x00000000670fd8a0 JavaThread "Notification Thread" daemon [_thread_blocked, id=23960, stack(0x0000000021c60000,0x0000000021d60000)]
  0x00000000670fe7d0 JavaThread "Common-Cleaner" daemon [_thread_blocked, id=17512, stack(0x0000000021e60000,0x0000000021f60000)]
  0x00000000670fe2c0 JavaThread "mysql-cj-abandoned-connection-cleanup" daemon [_thread_blocked, id=3748, stack(0x000000006e930000,0x000000006ea30000)]
  0x0000000067bf33d0 JavaThread "Live Reload Server" daemon [_thread_in_native, id=20576, stack(0x0000000071550000,0x0000000071650000)]
  0x000000006bc1c4e0 JavaThread "DestroyJavaVM" [_thread_blocked, id=25568, stack(0x0000000002280000,0x0000000002380000)]
  0x000000006bc1c9f0 JavaThread "Catalina-utility-1" [_thread_blocked, id=18360, stack(0x0000000068e30000,0x0000000068f30000)]
  0x000000006bc1e340 JavaThread "Catalina-utility-2" [_thread_blocked, id=13892, stack(0x0000000069430000,0x0000000069530000)]
  0x000000006bc1e850 JavaThread "container-0" [_thread_blocked, id=17160, stack(0x0000000069630000,0x0000000069730000)]
  0x000000006bc1de30 JavaThread "HikariPool-2 housekeeper" daemon [_thread_blocked, id=23496, stack(0x0000000069a30000,0x0000000069b30000)]
  0x000000006bc1d410 JavaThread "File Watcher" daemon [_thread_blocked, id=12760, stack(0x0000000069b30000,0x0000000069c30000)]
  0x0000000067bf3df0 JavaThread "http-nio-8080-exec-1" daemon [_thread_blocked, id=15656, stack(0x000000006d090000,0x000000006d190000)]
  0x0000000067bf4810 JavaThread "http-nio-8080-exec-2" daemon [_thread_blocked, id=4428, stack(0x000000006d2f0000,0x000000006d3f0000)]
  0x0000000067bf4300 JavaThread "http-nio-8080-exec-3" daemon [_thread_blocked, id=12496, stack(0x000000006d3f0000,0x000000006d4f0000)]
  0x0000000067bf1060 JavaThread "http-nio-8080-exec-4" daemon [_thread_blocked, id=18056, stack(0x000000006e4e0000,0x000000006e5e0000)]
  0x0000000067bf2ec0 JavaThread "http-nio-8080-exec-5" daemon [_thread_blocked, id=17664, stack(0x000000006e5e0000,0x000000006e6e0000)]
  0x0000000067bf1a80 JavaThread "http-nio-8080-exec-6" daemon [_thread_blocked, id=8828, stack(0x000000006e6e0000,0x000000006e7e0000)]
  0x0000000067bf24a0 JavaThread "http-nio-8080-exec-7" daemon [_thread_blocked, id=13816, stack(0x000000006e7e0000,0x000000006e8e0000)]
  0x00000000670fc970 JavaThread "http-nio-8080-exec-8" daemon [_thread_blocked, id=21100, stack(0x000000006ea30000,0x000000006eb30000)]
  0x00000000670fddb0 JavaThread "http-nio-8080-exec-9" daemon [_thread_blocked, id=3532, stack(0x000000006eb30000,0x000000006ec30000)]
  0x00000000670fba40 JavaThread "http-nio-8080-exec-10" daemon [_thread_blocked, id=17720, stack(0x000000006ec30000,0x000000006ed30000)]
  0x00000000670fb020 JavaThread "http-nio-8080-Poller" daemon [_thread_in_native, id=15980, stack(0x000000006ed30000,0x000000006ee30000)]
  0x00000000670fb530 JavaThread "http-nio-8080-Acceptor" daemon [_thread_in_native, id=21292, stack(0x000000006fe70000,0x000000006ff70000)]

Other Threads:
  0x0000000020ed0fd0 VMThread "VM Thread" [stack: 0x0000000021150000,0x0000000021250000] [id=6720]
  0x000000006710d830 WatcherThread [stack: 0x0000000021d60000,0x0000000021e60000] [id=17032]
  0x0000000002c27ae0 GCTaskThread "GC Thread#0" [stack: 0x000000001e1d0000,0x000000001e2d0000] [id=14848]
  0x0000000067e94590 GCTaskThread "GC Thread#1" [stack: 0x0000000068f30000,0x0000000069030000] [id=19496]
  0x0000000067eba8b0 GCTaskThread "GC Thread#2" [stack: 0x0000000069030000,0x0000000069130000] [id=1488]
  0x0000000067ebab70 GCTaskThread "GC Thread#3" [stack: 0x0000000069130000,0x0000000069230000] [id=5148]
  0x0000000067ebae30 GCTaskThread "GC Thread#4" [stack: 0x0000000069230000,0x0000000069330000] [id=18364]
  0x0000000067ebb0f0 GCTaskThread "GC Thread#5" [stack: 0x0000000069330000,0x0000000069430000] [id=25256]
  0x00000000682b0ad0 GCTaskThread "GC Thread#6" [stack: 0x0000000069730000,0x0000000069830000] [id=15672]
  0x00000000680fe0b0 GCTaskThread "GC Thread#7" [stack: 0x0000000069830000,0x0000000069930000] [id=23804]
  0x0000000002c38370 ConcurrentGCThread "G1 Main Marker" [stack: 0x000000001e2d0000,0x000000001e3d0000] [id=19256]
  0x0000000002c3aa60 ConcurrentGCThread "G1 Conc#0" [stack: 0x000000001e3d0000,0x000000001e4d0000] [id=14080]
  0x000000006a96c290 ConcurrentGCThread "G1 Conc#1" [stack: 0x0000000069930000,0x0000000069a30000] [id=23948]
  0x0000000002c7d640 ConcurrentGCThread "G1 Refine#0" [stack: 0x0000000020f50000,0x0000000021050000] [id=11564]
  0x0000000002c7e070 ConcurrentGCThread "G1 Service" [stack: 0x0000000021050000,0x0000000021150000] [id=24792]

Threads with active compile tasks:
C2 CompilerThread0  65346437 14065       4       org.springframework.boot.devtools.filewatch.DirectorySnapshot::collectFiles (99 bytes)

VM state: not at safepoint (normal execution)

VM Mutex/Monitor currently owned by a thread: None

Heap address: 0x0000000083600000, size: 1994 MB, Compressed Oops mode: 32-bit

CDS archive(s) mapped at: [0x0000000022000000-0x0000000022bd0000-0x0000000022bd0000), size 12386304, SharedBaseAddress: 0x0000000022000000, ArchiveRelocationMode: 1.
Compressed class space mapped at: 0x0000000023000000-0x0000000063000000, reserved size: 1073741824
Narrow klass base: 0x0000000022000000, Narrow klass shift: 0, Narrow klass range: 0x100000000

GC Precious Log:
 CPUs: 8 total, 8 available
 Memory: 7975M
 Large Page Support: Disabled
 NUMA Support: Disabled
 Compressed Oops: Enabled (32-bit)
 Heap Region Size: 1M
 Heap Min Capacity: 8M
 Heap Initial Capacity: 126M
 Heap Max Capacity: 1994M
 Pre-touch: Disabled
 Parallel Workers: 8
 Concurrent Workers: 2
 Concurrent Refinement Workers: 8
 Periodic GC: Disabled

Heap:
 garbage-first heap   total 128000K, used 82492K [0x0000000083600000, 0x0000000100000000)
  region size 1024K, 38 young (38912K), 1 survivors (1024K)
 Metaspace       used 81599K, committed 82240K, reserved 1179648K
  class space    used 10715K, committed 11072K, reserved 1048576K

Heap Regions: E=young(eden), S=young(survivor), O=old, HS=humongous(starts), HC=humongous(continues), CS=collection set, F=free, OA=open archive, CA=closed archive, TAMS=top-at-mark-start (previous, next)
|   0|0x0000000083600000, 0x0000000083700000, 0x0000000083700000|100%|HS|  |TAMS 0x0000000083700000, 0x0000000083600000| Complete 
|   1|0x0000000083700000, 0x00000000837ffff8, 0x0000000083800000| 99%| O|  |TAMS 0x00000000837ffff8, 0x0000000083700000| Untracked 
|   2|0x0000000083800000, 0x0000000083900000, 0x0000000083900000|100%| O|  |TAMS 0x0000000083900000, 0x0000000083800000| Untracked 
|   3|0x0000000083900000, 0x00000000839fffb8, 0x0000000083a00000| 99%| O|  |TAMS 0x00000000839fffb8, 0x0000000083900000| Untracked 
|   4|0x0000000083a00000, 0x0000000083b00000, 0x0000000083b00000|100%| O|  |TAMS 0x0000000083b00000, 0x0000000083a00000| Untracked 
|   5|0x0000000083b00000, 0x0000000083c00000, 0x0000000083c00000|100%| O|  |TAMS 0x0000000083c00000, 0x0000000083b00000| Untracked 
|   6|0x0000000083c00000, 0x0000000083d00000, 0x0000000083d00000|100%| O|  |TAMS 0x0000000083d00000, 0x0000000083c00000| Untracked 
|   7|0x0000000083d00000, 0x0000000083e00000, 0x0000000083e00000|100%| O|  |TAMS 0x0000000083e00000, 0x0000000083d00000| Untracked 
|   8|0x0000000083e00000, 0x0000000083effff8, 0x0000000083f00000| 99%| O|  |TAMS 0x0000000083effff8, 0x0000000083e00000| Untracked 
|   9|0x0000000083f00000, 0x0000000083f13e00, 0x0000000084000000|  7%| O|  |TAMS 0x0000000083f00000, 0x0000000083f00000| Untracked 
|  10|0x0000000084000000, 0x00000000840fffe8, 0x0000000084100000| 99%| O|  |TAMS 0x00000000840fffe8, 0x0000000084000000| Untracked 
|  11|0x0000000084100000, 0x0000000084200000, 0x0000000084200000|100%| O|  |TAMS 0x0000000084200000, 0x0000000084100000| Untracked 
|  12|0x0000000084200000, 0x0000000084200000, 0x0000000084300000|  0%| F|  |TAMS 0x0000000084200000, 0x0000000084200000| Untracked 
|  13|0x0000000084300000, 0x0000000084400000, 0x0000000084400000|100%| O|  |TAMS 0x0000000084400000, 0x0000000084300000| Untracked 
|  14|0x0000000084400000, 0x00000000844ffff0, 0x0000000084500000| 99%| O|  |TAMS 0x00000000844ffff0, 0x0000000084400000| Untracked 
|  15|0x0000000084500000, 0x0000000084600000, 0x0000000084600000|100%| O|  |TAMS 0x0000000084600000, 0x0000000084500000| Untracked 
|  16|0x0000000084600000, 0x0000000084700000, 0x0000000084700000|100%| O|  |TAMS 0x0000000084661c00, 0x0000000084600000| Untracked 
|  17|0x0000000084700000, 0x00000000847ffff0, 0x0000000084800000| 99%| O|  |TAMS 0x00000000847ffff0, 0x0000000084700000| Untracked 
|  18|0x0000000084800000, 0x00000000848fff98, 0x0000000084900000| 99%| O|  |TAMS 0x00000000848fff98, 0x0000000084800000| Untracked 
|  19|0x0000000084900000, 0x0000000084a00000, 0x0000000084a00000|100%| O|  |TAMS 0x0000000084a00000, 0x0000000084900000| Untracked 
|  20|0x0000000084a00000, 0x0000000084b00000, 0x0000000084b00000|100%| O|  |TAMS 0x0000000084b00000, 0x0000000084a00000| Untracked 
|  21|0x0000000084b00000, 0x0000000084bffdd8, 0x0000000084c00000| 99%| O|  |TAMS 0x0000000084bffdd8, 0x0000000084b00000| Untracked 
|  22|0x0000000084c00000, 0x0000000084cffff0, 0x0000000084d00000| 99%| O|  |TAMS 0x0000000084cffff0, 0x0000000084c00000| Untracked 
|  23|0x0000000084d00000, 0x0000000084dffff8, 0x0000000084e00000| 99%| O|  |TAMS 0x0000000084dffff8, 0x0000000084d00000| Untracked 
|  24|0x0000000084e00000, 0x0000000084f00000, 0x0000000084f00000|100%| O|  |TAMS 0x0000000084f00000, 0x0000000084e00000| Untracked 
|  25|0x0000000084f00000, 0x0000000084fffff8, 0x0000000085000000| 99%| O|  |TAMS 0x0000000084fffff8, 0x0000000084f00000| Untracked 
|  26|0x0000000085000000, 0x0000000085000000, 0x0000000085100000|  0%| F|  |TAMS 0x0000000085000000, 0x0000000085000000| Untracked 
|  27|0x0000000085100000, 0x0000000085200000, 0x0000000085200000|100%| O|  |TAMS 0x0000000085200000, 0x0000000085100000| Untracked 
|  28|0x0000000085200000, 0x0000000085300000, 0x0000000085300000|100%| O|  |TAMS 0x0000000085300000, 0x0000000085200000| Untracked 
|  29|0x0000000085300000, 0x0000000085400000, 0x0000000085400000|100%| O|  |TAMS 0x0000000085400000, 0x0000000085300000| Untracked 
|  30|0x0000000085400000, 0x0000000085500000, 0x0000000085500000|100%| O|  |TAMS 0x0000000085500000, 0x0000000085400000| Untracked 
|  31|0x0000000085500000, 0x0000000085600000, 0x0000000085600000|100%| O|  |TAMS 0x0000000085600000, 0x0000000085500000| Untracked 
|  32|0x0000000085600000, 0x0000000085700000, 0x0000000085700000|100%| O|  |TAMS 0x0000000085700000, 0x0000000085600000| Untracked 
|  33|0x0000000085700000, 0x00000000857fffe0, 0x0000000085800000| 99%| O|  |TAMS 0x00000000857fffe0, 0x0000000085700000| Untracked 
|  34|0x0000000085800000, 0x0000000085900000, 0x0000000085900000|100%| O|  |TAMS 0x0000000085900000, 0x0000000085800000| Untracked 
|  35|0x0000000085900000, 0x0000000085a00000, 0x0000000085a00000|100%| O|  |TAMS 0x0000000085a00000, 0x0000000085900000| Untracked 
|  36|0x0000000085a00000, 0x0000000085b00000, 0x0000000085b00000|100%| O|  |TAMS 0x0000000085b00000, 0x0000000085a00000| Untracked 
|  37|0x0000000085b00000, 0x0000000085c00000, 0x0000000085c00000|100%| O|  |TAMS 0x0000000085c00000, 0x0000000085b00000| Untracked 
|  38|0x0000000085c00000, 0x0000000085d00000, 0x0000000085d00000|100%| O|  |TAMS 0x0000000085d00000, 0x0000000085c00000| Untracked 
|  39|0x0000000085d00000, 0x0000000085d00000, 0x0000000085e00000|  0%| F|  |TAMS 0x0000000085d00000, 0x0000000085d00000| Untracked 
|  40|0x0000000085e00000, 0x0000000085e00000, 0x0000000085f00000|  0%| F|  |TAMS 0x0000000085e00000, 0x0000000085e00000| Untracked 
|  41|0x0000000085f00000, 0x0000000086000000, 0x0000000086000000|100%| O|  |TAMS 0x0000000086000000, 0x0000000085f00000| Untracked 
|  42|0x0000000086000000, 0x0000000086000000, 0x0000000086100000|  0%| F|  |TAMS 0x0000000086000000, 0x0000000086000000| Untracked 
|  43|0x0000000086100000, 0x0000000086200000, 0x0000000086200000|100%| O|  |TAMS 0x0000000086200000, 0x0000000086100000| Untracked 
|  44|0x0000000086200000, 0x0000000086300000, 0x0000000086300000|100%| O|  |TAMS 0x0000000086300000, 0x0000000086200000| Untracked 
|  45|0x0000000086300000, 0x0000000086400000, 0x0000000086400000|100%| O|  |TAMS 0x0000000086400000, 0x0000000086300000| Untracked 
|  46|0x0000000086400000, 0x0000000086500000, 0x0000000086500000|100%| O|  |TAMS 0x0000000086500000, 0x0000000086400000| Untracked 
|  47|0x0000000086500000, 0x0000000086500000, 0x0000000086600000|  0%| F|  |TAMS 0x0000000086500000, 0x0000000086500000| Untracked 
|  48|0x0000000086600000, 0x0000000086700000, 0x0000000086700000|100%| O|  |TAMS 0x0000000086700000, 0x0000000086600000| Untracked 
|  49|0x0000000086700000, 0x0000000086700000, 0x0000000086800000|  0%| F|  |TAMS 0x0000000086700000, 0x0000000086700000| Untracked 
|  50|0x0000000086800000, 0x0000000086900000, 0x0000000086900000|100%| O|  |TAMS 0x0000000086900000, 0x0000000086800000| Untracked 
|  51|0x0000000086900000, 0x0000000086900000, 0x0000000086a00000|  0%| F|  |TAMS 0x0000000086900000, 0x0000000086900000| Untracked 
|  52|0x0000000086a00000, 0x0000000086a00000, 0x0000000086b00000|  0%| F|  |TAMS 0x0000000086a00000, 0x0000000086a00000| Untracked 
|  53|0x0000000086b00000, 0x0000000086c00000, 0x0000000086c00000|100%| O|  |TAMS 0x0000000086c00000, 0x0000000086b00000| Untracked 
|  54|0x0000000086c00000, 0x0000000086c00000, 0x0000000086d00000|  0%| F|  |TAMS 0x0000000086c00000, 0x0000000086c00000| Untracked 
|  55|0x0000000086d00000, 0x0000000086d00000, 0x0000000086e00000|  0%| F|  |TAMS 0x0000000086d00000, 0x0000000086d00000| Untracked 
|  56|0x0000000086e00000, 0x0000000086e00000, 0x0000000086f00000|  0%| F|  |TAMS 0x0000000086e00000, 0x0000000086e00000| Untracked 
|  57|0x0000000086f00000, 0x0000000086f00000, 0x0000000087000000|  0%| F|  |TAMS 0x0000000086f00000, 0x0000000086f00000| Untracked 
|  58|0x0000000087000000, 0x0000000087000000, 0x0000000087100000|  0%| F|  |TAMS 0x0000000087000000, 0x0000000087000000| Untracked 
|  59|0x0000000087100000, 0x0000000087100000, 0x0000000087200000|  0%| F|  |TAMS 0x0000000087100000, 0x0000000087100000| Untracked 
|  60|0x0000000087200000, 0x0000000087200000, 0x0000000087300000|  0%| F|  |TAMS 0x0000000087200000, 0x0000000087200000| Untracked 
|  61|0x0000000087300000, 0x0000000087300000, 0x0000000087400000|  0%| F|  |TAMS 0x0000000087300000, 0x0000000087300000| Untracked 
|  62|0x0000000087400000, 0x0000000087400000, 0x0000000087500000|  0%| F|  |TAMS 0x0000000087400000, 0x0000000087400000| Untracked 
|  63|0x0000000087500000, 0x0000000087500000, 0x0000000087600000|  0%| F|  |TAMS 0x0000000087500000, 0x0000000087500000| Untracked 
|  64|0x0000000087600000, 0x0000000087600000, 0x0000000087700000|  0%| F|  |TAMS 0x0000000087600000, 0x0000000087600000| Untracked 
|  65|0x0000000087700000, 0x0000000087700000, 0x0000000087800000|  0%| F|  |TAMS 0x0000000087700000, 0x0000000087700000| Untracked 
|  66|0x0000000087800000, 0x0000000087800000, 0x0000000087900000|  0%| F|  |TAMS 0x0000000087800000, 0x0000000087800000| Untracked 
|  67|0x0000000087900000, 0x0000000087900000, 0x0000000087a00000|  0%| F|  |TAMS 0x0000000087900000, 0x0000000087900000| Untracked 
|  68|0x0000000087a00000, 0x0000000087a00000, 0x0000000087b00000|  0%| F|  |TAMS 0x0000000087a00000, 0x0000000087a00000| Untracked 
|  69|0x0000000087b00000, 0x0000000087b00000, 0x0000000087c00000|  0%| F|  |TAMS 0x0000000087b00000, 0x0000000087b00000| Untracked 
|  70|0x0000000087c00000, 0x0000000087c00000, 0x0000000087d00000|  0%| F|  |TAMS 0x0000000087c00000, 0x0000000087c00000| Untracked 
|  71|0x0000000087d00000, 0x0000000087d00000, 0x0000000087e00000|  0%| F|  |TAMS 0x0000000087d00000, 0x0000000087d00000| Untracked 
|  72|0x0000000087e00000, 0x0000000087e00000, 0x0000000087f00000|  0%| F|  |TAMS 0x0000000087e00000, 0x0000000087e00000| Untracked 
|  73|0x0000000087f00000, 0x0000000087f00000, 0x0000000088000000|  0%| F|  |TAMS 0x0000000087f00000, 0x0000000087f00000| Untracked 
|  74|0x0000000088000000, 0x0000000088000000, 0x0000000088100000|  0%| F|  |TAMS 0x0000000088000000, 0x0000000088000000| Untracked 
|  75|0x0000000088100000, 0x0000000088100000, 0x0000000088200000|  0%| F|  |TAMS 0x0000000088100000, 0x0000000088100000| Untracked 
|  76|0x0000000088200000, 0x0000000088200000, 0x0000000088300000|  0%| F|  |TAMS 0x0000000088200000, 0x0000000088200000| Untracked 
|  77|0x0000000088300000, 0x0000000088300000, 0x0000000088400000|  0%| F|  |TAMS 0x0000000088300000, 0x0000000088300000| Untracked 
|  78|0x0000000088400000, 0x0000000088400000, 0x0000000088500000|  0%| F|  |TAMS 0x0000000088400000, 0x0000000088400000| Untracked 
|  79|0x0000000088500000, 0x0000000088500000, 0x0000000088600000|  0%| F|  |TAMS 0x0000000088500000, 0x0000000088500000| Untracked 
|  80|0x0000000088600000, 0x0000000088600000, 0x0000000088700000|  0%| F|  |TAMS 0x0000000088600000, 0x0000000088600000| Untracked 
|  81|0x0000000088700000, 0x0000000088700000, 0x0000000088800000|  0%| F|  |TAMS 0x0000000088700000, 0x0000000088700000| Untracked 
|  82|0x0000000088800000, 0x0000000088800000, 0x0000000088900000|  0%| F|  |TAMS 0x0000000088800000, 0x0000000088800000| Untracked 
|  83|0x0000000088900000, 0x0000000088900000, 0x0000000088a00000|  0%| F|  |TAMS 0x0000000088900000, 0x0000000088900000| Untracked 
|  84|0x0000000088a00000, 0x0000000088a00000, 0x0000000088b00000|  0%| F|  |TAMS 0x0000000088a00000, 0x0000000088a00000| Untracked 
|  85|0x0000000088b00000, 0x0000000088b00000, 0x0000000088c00000|  0%| F|  |TAMS 0x0000000088b00000, 0x0000000088b00000| Untracked 
|  86|0x0000000088c00000, 0x0000000088c00000, 0x0000000088d00000|  0%| F|  |TAMS 0x0000000088c00000, 0x0000000088c00000| Untracked 
|  87|0x0000000088d00000, 0x0000000088e00000, 0x0000000088e00000|100%| E|  |TAMS 0x0000000088d00000, 0x0000000088d00000| Complete 
|  88|0x0000000088e00000, 0x0000000088f00000, 0x0000000088f00000|100%| E|CS|TAMS 0x0000000088e00000, 0x0000000088e00000| Complete 
|  89|0x0000000088f00000, 0x0000000089000000, 0x0000000089000000|100%| E|CS|TAMS 0x0000000088f00000, 0x0000000088f00000| Complete 
|  90|0x0000000089000000, 0x0000000089100000, 0x0000000089100000|100%| E|CS|TAMS 0x0000000089000000, 0x0000000089000000| Complete 
|  91|0x0000000089100000, 0x0000000089200000, 0x0000000089200000|100%| E|CS|TAMS 0x0000000089100000, 0x0000000089100000| Complete 
|  92|0x0000000089200000, 0x0000000089300000, 0x0000000089300000|100%| E|CS|TAMS 0x0000000089200000, 0x0000000089200000| Complete 
|  93|0x0000000089300000, 0x0000000089400000, 0x0000000089400000|100%| E|CS|TAMS 0x0000000089300000, 0x0000000089300000| Complete 
|  94|0x0000000089400000, 0x0000000089500000, 0x0000000089500000|100%| E|CS|TAMS 0x0000000089400000, 0x0000000089400000| Complete 
|  95|0x0000000089500000, 0x0000000089600000, 0x0000000089600000|100%| E|CS|TAMS 0x0000000089500000, 0x0000000089500000| Complete 
|  96|0x0000000089600000, 0x0000000089700000, 0x0000000089700000|100%| E|CS|TAMS 0x0000000089600000, 0x0000000089600000| Complete 
|  97|0x0000000089700000, 0x0000000089800000, 0x0000000089800000|100%| E|CS|TAMS 0x0000000089700000, 0x0000000089700000| Complete 
|  98|0x0000000089800000, 0x0000000089900000, 0x0000000089900000|100%| E|CS|TAMS 0x0000000089800000, 0x0000000089800000| Complete 
|  99|0x0000000089900000, 0x0000000089a00000, 0x0000000089a00000|100%| E|CS|TAMS 0x0000000089900000, 0x0000000089900000| Complete 
| 100|0x0000000089a00000, 0x0000000089b00000, 0x0000000089b00000|100%| E|CS|TAMS 0x0000000089a00000, 0x0000000089a00000| Complete 
| 101|0x0000000089b00000, 0x0000000089c00000, 0x0000000089c00000|100%| E|CS|TAMS 0x0000000089b00000, 0x0000000089b00000| Complete 
| 102|0x0000000089c00000, 0x0000000089d00000, 0x0000000089d00000|100%| E|CS|TAMS 0x0000000089c00000, 0x0000000089c00000| Complete 
| 103|0x0000000089d00000, 0x0000000089e00000, 0x0000000089e00000|100%| E|CS|TAMS 0x0000000089d00000, 0x0000000089d00000| Complete 
| 104|0x0000000089e00000, 0x0000000089f00000, 0x0000000089f00000|100%| E|CS|TAMS 0x0000000089e00000, 0x0000000089e00000| Complete 
| 105|0x0000000089f00000, 0x000000008a000000, 0x000000008a000000|100%| E|CS|TAMS 0x0000000089f00000, 0x0000000089f00000| Complete 
| 106|0x000000008a000000, 0x000000008a100000, 0x000000008a100000|100%| E|CS|TAMS 0x000000008a000000, 0x000000008a000000| Complete 
| 107|0x000000008a100000, 0x000000008a200000, 0x000000008a200000|100%| E|CS|TAMS 0x000000008a100000, 0x000000008a100000| Complete 
| 108|0x000000008a200000, 0x000000008a300000, 0x000000008a300000|100%| E|CS|TAMS 0x000000008a200000, 0x000000008a200000| Complete 
| 109|0x000000008a300000, 0x000000008a400000, 0x000000008a400000|100%| E|CS|TAMS 0x000000008a300000, 0x000000008a300000| Complete 
| 110|0x000000008a400000, 0x000000008a500000, 0x000000008a500000|100%| E|CS|TAMS 0x000000008a400000, 0x000000008a400000| Complete 
| 111|0x000000008a500000, 0x000000008a600000, 0x000000008a600000|100%| E|CS|TAMS 0x000000008a500000, 0x000000008a500000| Complete 
| 112|0x000000008a600000, 0x000000008a700000, 0x000000008a700000|100%| E|CS|TAMS 0x000000008a600000, 0x000000008a600000| Complete 
| 113|0x000000008a700000, 0x000000008a800000, 0x000000008a800000|100%| E|CS|TAMS 0x000000008a700000, 0x000000008a700000| Complete 
| 114|0x000000008a800000, 0x000000008a900000, 0x000000008a900000|100%| E|CS|TAMS 0x000000008a800000, 0x000000008a800000| Complete 
| 115|0x000000008a900000, 0x000000008aa00000, 0x000000008aa00000|100%| E|CS|TAMS 0x000000008a900000, 0x000000008a900000| Complete 
| 116|0x000000008aa00000, 0x000000008ab00000, 0x000000008ab00000|100%| E|CS|TAMS 0x000000008aa00000, 0x000000008aa00000| Complete 
| 117|0x000000008ab00000, 0x000000008ac00000, 0x000000008ac00000|100%| E|CS|TAMS 0x000000008ab00000, 0x000000008ab00000| Complete 
| 118|0x000000008ac00000, 0x000000008ad00000, 0x000000008ad00000|100%| E|CS|TAMS 0x000000008ac00000, 0x000000008ac00000| Complete 
| 119|0x000000008ad00000, 0x000000008ad7b860, 0x000000008ae00000| 48%| S|CS|TAMS 0x000000008ad00000, 0x000000008ad00000| Complete 
| 120|0x000000008ae00000, 0x000000008af00000, 0x000000008af00000|100%| E|CS|TAMS 0x000000008ae00000, 0x000000008ae00000| Complete 
| 121|0x000000008af00000, 0x000000008b000000, 0x000000008b000000|100%| E|CS|TAMS 0x000000008af00000, 0x000000008af00000| Complete 
| 122|0x000000008b000000, 0x000000008b100000, 0x000000008b100000|100%| E|CS|TAMS 0x000000008b000000, 0x000000008b000000| Complete 
| 123|0x000000008b100000, 0x000000008b200000, 0x000000008b200000|100%| E|CS|TAMS 0x000000008b100000, 0x000000008b100000| Complete 
| 125|0x000000008b300000, 0x000000008b400000, 0x000000008b400000|100%| E|CS|TAMS 0x000000008b300000, 0x000000008b300000| Complete 

Card table byte_map: [0x0000000019b90000,0x0000000019f80000] _byte_map_base: 0x0000000019775000

Marking Bits (Prev, Next): (CMBitMap*) 0x0000000002c28140, (CMBitMap*) 0x0000000002c28100
 Prev Bits: [0x000000001c2a0000, 0x000000001e1c8000)
 Next Bits: [0x000000001a370000, 0x000000001c298000)

Polling page: 0x00000000009f0000

Metaspace:

Usage:
  Non-class:     69.22 MB used.
      Class:     10.46 MB used.
       Both:     79.69 MB used.

Virtual space:
  Non-class space:      128.00 MB reserved,      69.50 MB ( 54%) committed,  2 nodes.
      Class space:        1.00 GB reserved,      10.81 MB (  1%) committed,  1 nodes.
             Both:        1.12 GB reserved,      80.31 MB (  7%) committed. 

Chunk freelists:
   Non-Class:  10.45 MB
       Class:  5.32 MB
        Both:  15.77 MB

MaxMetaspaceSize: unlimited
CompressedClassSpaceSize: 1.00 GB
Initial GC threshold: 21.00 MB
Current GC threshold: 133.75 MB
CDS: on
MetaspaceReclaimPolicy: balanced
 - commit_granule_bytes: 65536.
 - commit_granule_words: 8192.
 - virtual_space_node_default_size: 8388608.
 - enlarge_chunks_in_place: 1.
 - new_chunks_are_fully_committed: 0.
 - uncommit_free_chunks: 1.
 - use_allocation_guard: 0.
 - handle_deallocations: 1.


Internal statistics:

num_allocs_failed_limit: 9.
num_arena_births: 1070.
num_arena_deaths: 328.
num_vsnodes_births: 3.
num_vsnodes_deaths: 0.
num_space_committed: 1285.
num_space_uncommitted: 0.
num_chunks_returned_to_freelist: 394.
num_chunks_taken_from_freelist: 4411.
num_chunk_merges: 128.
num_chunk_splits: 2957.
num_chunks_enlarged: 2162.
num_inconsistent_stats: 0.

CodeHeap 'non-profiled nmethods': size=120000Kb used=8176Kb max_used=8176Kb free=111823Kb
 bounds [0x0000000011f40000, 0x0000000012740000, 0x0000000019470000]
CodeHeap 'profiled nmethods': size=120000Kb used=21673Kb max_used=22257Kb free=98326Kb
 bounds [0x000000000a470000, 0x000000000ba50000, 0x00000000119a0000]
CodeHeap 'non-nmethods': size=5760Kb used=1355Kb max_used=1444Kb free=4404Kb
 bounds [0x00000000119a0000, 0x0000000011c10000, 0x0000000011f40000]
 total_blobs=12483 nmethods=11812 adapters=582
 compilation: enabled
              stopped_count=0, restarted_count=0
 full_count=0

Compilation events (20 events):
Event: 64429.340 Thread 0x0000000020f032b0 nmethod 14055 0x000000000b3bc910 code [0x000000000b3bcaa0, 0x000000000b3bcba8]
Event: 64429.341 Thread 0x0000000020f032b0 14056       3       java.util.concurrent.ConcurrentSkipListMap$Iter::hasNext (13 bytes)
Event: 64429.342 Thread 0x0000000020f032b0 nmethod 14056 0x000000000aff7110 code [0x000000000aff72a0, 0x000000000aff7418]
Event: 64442.011 Thread 0x0000000020f032b0 14057       3       java.lang.Thread::<init> (12 bytes)
Event: 64442.011 Thread 0x0000000020f032b0 nmethod 14057 0x000000000b25c510 code [0x000000000b25c6c0, 0x000000000b25c808]
Event: 64442.015 Thread 0x0000000020f032b0 14058       3       sun.security.jca.ProviderList::getProvider (22 bytes)
Event: 64442.022 Thread 0x0000000020f032b0 nmethod 14058 0x000000000b25c090 code [0x000000000b25c240, 0x000000000b25c428]
Event: 64468.126 Thread 0x0000000020f032b0 14059   !   3       java.lang.ThreadGroup::add (110 bytes)
Event: 64468.128 Thread 0x0000000020f032b0 nmethod 14059 0x000000000b731e90 code [0x000000000b7320a0, 0x000000000b732958]
Event: 64468.130 Thread 0x0000000020ef6130 14060       4       java.lang.Character::isSurrogate (18 bytes)
Event: 64468.130 Thread 0x0000000020ef6130 nmethod 14060 0x000000001273be90 code [0x000000001273c000, 0x000000001273c078]
Event: 65200.114 Thread 0x0000000020f032b0 14061       3       org.springframework.boot.devtools.filewatch.FileSystemWatcher$Watcher::isDifferent (105 bytes)
Event: 65200.139 Thread 0x0000000020f032b0 nmethod 14061 0x000000000b747790 code [0x000000000b747a20, 0x000000000b7487e8]
Event: 65200.729 Thread 0x0000000020f032b0 14062       3       org.springframework.boot.devtools.filewatch.DirectorySnapshot::collectFiles (99 bytes)
Event: 65200.748 Thread 0x0000000020f032b0 nmethod 14062 0x000000000ba17c10 code [0x000000000ba17ee0, 0x000000000ba18eb8]
Event: 65231.891 Thread 0x0000000020f032b0 14063   !   3       java.util.AbstractSet::equals (45 bytes)
Event: 65231.897 Thread 0x0000000020f032b0 nmethod 14063 0x000000000b759a90 code [0x000000000b759c80, 0x000000000b75a3a8]
Event: 65330.060 Thread 0x0000000020f032b0 14064       3       org.springframework.boot.devtools.filewatch.FileSystemWatcher$Watcher::scan (63 bytes)
Event: 65330.072 Thread 0x0000000020f032b0 nmethod 14064 0x000000000ac61710 code [0x000000000ac61920, 0x000000000ac61d68]
Event: 65344.071 Thread 0x0000000020ef6130 14065       4       org.springframework.boot.devtools.filewatch.DirectorySnapshot::collectFiles (99 bytes)

GC Heap History (20 events):
Event: 61358.394 GC heap before
{Heap before GC invocations=130 (full 1):
 garbage-first heap   total 128000K, used 51475K [0x0000000083600000, 0x0000000100000000)
  region size 1024K, 6 young (6144K), 1 survivors (1024K)
 Metaspace       used 81566K, committed 82240K, reserved 1179648K
  class space    used 10715K, committed 11072K, reserved 1048576K
}
Event: 61358.430 GC heap after
{Heap after GC invocations=131 (full 1):
 garbage-first heap   total 128000K, used 45858K [0x0000000083600000, 0x0000000100000000)
  region size 1024K, 1 young (1024K), 1 survivors (1024K)
 Metaspace       used 81566K, committed 82240K, reserved 1179648K
  class space    used 10715K, committed 11072K, reserved 1048576K
}
Event: 61947.134 GC heap before
{Heap before GC invocations=131 (full 1):
 garbage-first heap   total 128000K, used 111394K [0x0000000083600000, 0x0000000100000000)
  region size 1024K, 65 young (66560K), 1 survivors (1024K)
 Metaspace       used 81566K, committed 82240K, reserved 1179648K
  class space    used 10715K, committed 11072K, reserved 1048576K
}
Event: 61947.168 GC heap after
{Heap after GC invocations=132 (full 1):
 garbage-first heap   total 128000K, used 45834K [0x0000000083600000, 0x0000000100000000)
  region size 1024K, 1 young (1024K), 1 survivors (1024K)
 Metaspace       used 81566K, committed 82240K, reserved 1179648K
  class space    used 10715K, committed 11072K, reserved 1048576K
}
Event: 62540.183 GC heap before
{Heap before GC invocations=133 (full 1):
 garbage-first heap   total 128000K, used 111370K [0x0000000083600000, 0x0000000100000000)
  region size 1024K, 65 young (66560K), 1 survivors (1024K)
 Metaspace       used 81566K, committed 82240K, reserved 1179648K
  class space    used 10715K, committed 11072K, reserved 1048576K
}
Event: 62540.185 GC heap after
{Heap after GC invocations=134 (full 1):
 garbage-first heap   total 128000K, used 45814K [0x0000000083600000, 0x0000000100000000)
  region size 1024K, 1 young (1024K), 1 survivors (1024K)
 Metaspace       used 81566K, committed 82240K, reserved 1179648K
  class space    used 10715K, committed 11072K, reserved 1048576K
}
Event: 62585.961 GC heap before
{Heap before GC invocations=134 (full 1):
 garbage-first heap   total 128000K, used 50934K [0x0000000083600000, 0x0000000100000000)
  region size 1024K, 6 young (6144K), 1 survivors (1024K)
 Metaspace       used 81566K, committed 82240K, reserved 1179648K
  class space    used 10715K, committed 11072K, reserved 1048576K
}
Event: 62585.970 GC heap after
{Heap after GC invocations=135 (full 1):
 garbage-first heap   total 128000K, used 45567K [0x0000000083600000, 0x0000000100000000)
  region size 1024K, 1 young (1024K), 1 survivors (1024K)
 Metaspace       used 81566K, committed 82240K, reserved 1179648K
  class space    used 10715K, committed 11072K, reserved 1048576K
}
Event: 63160.274 GC heap before
{Heap before GC invocations=135 (full 1):
 garbage-first heap   total 128000K, used 112127K [0x0000000083600000, 0x0000000100000000)
  region size 1024K, 66 young (67584K), 1 survivors (1024K)
 Metaspace       used 81580K, committed 82240K, reserved 1179648K
  class space    used 10715K, committed 11072K, reserved 1048576K
}
Event: 63160.278 GC heap after
{Heap after GC invocations=136 (full 1):
 garbage-first heap   total 128000K, used 46144K [0x0000000083600000, 0x0000000100000000)
  region size 1024K, 1 young (1024K), 1 survivors (1024K)
 Metaspace       used 81580K, committed 82240K, reserved 1179648K
  class space    used 10715K, committed 11072K, reserved 1048576K
}
Event: 63752.460 GC heap before
{Heap before GC invocations=137 (full 1):
 garbage-first heap   total 128000K, used 111680K [0x0000000083600000, 0x0000000100000000)
  region size 1024K, 65 young (66560K), 1 survivors (1024K)
 Metaspace       used 81580K, committed 82240K, reserved 1179648K
  class space    used 10715K, committed 11072K, reserved 1048576K
}
Event: 63752.462 GC heap after
{Heap after GC invocations=138 (full 1):
 garbage-first heap   total 128000K, used 46164K [0x0000000083600000, 0x0000000100000000)
  region size 1024K, 1 young (1024K), 1 survivors (1024K)
 Metaspace       used 81580K, committed 82240K, reserved 1179648K
  class space    used 10715K, committed 11072K, reserved 1048576K
}
Event: 63798.358 GC heap before
{Heap before GC invocations=138 (full 1):
 garbage-first heap   total 128000K, used 51284K [0x0000000083600000, 0x0000000100000000)
  region size 1024K, 6 young (6144K), 1 survivors (1024K)
 Metaspace       used 81580K, committed 82240K, reserved 1179648K
  class space    used 10715K, committed 11072K, reserved 1048576K
}
Event: 63798.374 GC heap after
{Heap after GC invocations=139 (full 1):
 garbage-first heap   total 128000K, used 45488K [0x0000000083600000, 0x0000000100000000)
  region size 1024K, 1 young (1024K), 1 survivors (1024K)
 Metaspace       used 81580K, committed 82240K, reserved 1179648K
  class space    used 10715K, committed 11072K, reserved 1048576K
}
Event: 64385.819 GC heap before
{Heap before GC invocations=139 (full 1):
 garbage-first heap   total 128000K, used 111024K [0x0000000083600000, 0x0000000100000000)
  region size 1024K, 65 young (66560K), 1 survivors (1024K)
 Metaspace       used 81580K, committed 82240K, reserved 1179648K
  class space    used 10715K, committed 11072K, reserved 1048576K
}
Event: 64385.821 GC heap after
{Heap after GC invocations=140 (full 1):
 garbage-first heap   total 128000K, used 45566K [0x0000000083600000, 0x0000000100000000)
  region size 1024K, 1 young (1024K), 1 survivors (1024K)
 Metaspace       used 81580K, committed 82240K, reserved 1179648K
  class space    used 10715K, committed 11072K, reserved 1048576K
}
Event: 64956.758 GC heap before
{Heap before GC invocations=141 (full 1):
 garbage-first heap   total 128000K, used 112126K [0x0000000083600000, 0x0000000100000000)
  region size 1024K, 66 young (67584K), 1 survivors (1024K)
 Metaspace       used 81599K, committed 82240K, reserved 1179648K
  class space    used 10715K, committed 11072K, reserved 1048576K
}
Event: 64956.761 GC heap after
{Heap after GC invocations=142 (full 1):
 garbage-first heap   total 128000K, used 46037K [0x0000000083600000, 0x0000000100000000)
  region size 1024K, 1 young (1024K), 1 survivors (1024K)
 Metaspace       used 81599K, committed 82240K, reserved 1179648K
  class space    used 10715K, committed 11072K, reserved 1048576K
}
Event: 65002.971 GC heap before
{Heap before GC invocations=142 (full 1):
 garbage-first heap   total 128000K, used 51157K [0x0000000083600000, 0x0000000100000000)
  region size 1024K, 6 young (6144K), 1 survivors (1024K)
 Metaspace       used 81599K, committed 82240K, reserved 1179648K
  class space    used 10715K, committed 11072K, reserved 1048576K
}
Event: 65002.977 GC heap after
{Heap after GC invocations=143 (full 1):
 garbage-first heap   total 128000K, used 45628K [0x0000000083600000, 0x0000000100000000)
  region size 1024K, 1 young (1024K), 1 survivors (1024K)
 Metaspace       used 81599K, committed 82240K, reserved 1179648K
  class space    used 10715K, committed 11072K, reserved 1048576K
}

Deoptimization events (20 events):
Event: 49614.235 Thread 0x000000006bc1c9f0 Uncommon trap: trap_request=0xfffffff4 fr.pc=0x00000000122024ec relative=0x00000000000063ac
Event: 49614.237 Thread 0x000000006bc1c9f0 Uncommon trap: reason=null_check action=make_not_entrant pc=0x00000000122024ec method=java.util.jar.JarFile.getManifestFromReference()Ljava/util/jar/Manifest; @ 14 c2
Event: 49614.239 Thread 0x000000006bc1c9f0 DEOPT PACKING pc=0x00000000122024ec sp=0x0000000068f2a6e0
Event: 49614.240 Thread 0x000000006bc1c9f0 DEOPT UNPACKING pc=0x00000000119f5ba3 sp=0x0000000068f2a540 mode 2
Event: 65198.842 Thread 0x000000006bc1d410 Uncommon trap: trap_request=0xffffff45 fr.pc=0x000000001264289c relative=0x000000000000941c
Event: 65198.847 Thread 0x000000006bc1d410 Uncommon trap: reason=unstable_if action=reinterpret pc=0x000000001264289c method=java.io.File.normalizedList()[Ljava/lang/String; @ 34 c2
Event: 65198.851 Thread 0x000000006bc1d410 DEOPT PACKING pc=0x000000001264289c sp=0x0000000069c2f5f0
Event: 65198.854 Thread 0x000000006bc1d410 DEOPT UNPACKING pc=0x00000000119f5ba3 sp=0x0000000069c2f500 mode 2
Event: 65199.256 Thread 0x000000006bc1d410 Uncommon trap: trap_request=0xffffff45 fr.pc=0x00000000123699b8 relative=0x00000000000023b8
Event: 65199.257 Thread 0x000000006bc1d410 Uncommon trap: reason=unstable_if action=reinterpret pc=0x00000000123699b8 method=java.util.AbstractSet.equals(Ljava/lang/Object;)Z @ 31 c2
Event: 65199.257 Thread 0x000000006bc1d410 DEOPT PACKING pc=0x00000000123699b8 sp=0x0000000069c2f6f0
Event: 65199.257 Thread 0x000000006bc1d410 DEOPT UNPACKING pc=0x00000000119f5ba3 sp=0x0000000069c2f560 mode 2
Event: 65199.258 Thread 0x000000006bc1d410 Uncommon trap: trap_request=0xffffff45 fr.pc=0x0000000012127310 relative=0x00000000000000d0
Event: 65199.258 Thread 0x000000006bc1d410 Uncommon trap: reason=unstable_if action=reinterpret pc=0x0000000012127310 method=org.springframework.boot.devtools.filewatch.FileSystemWatcher$Watcher.scan()V @ 37 c2
Event: 65199.259 Thread 0x000000006bc1d410 DEOPT PACKING pc=0x0000000012127310 sp=0x0000000069c2f790
Event: 65199.259 Thread 0x000000006bc1d410 DEOPT UNPACKING pc=0x00000000119f5ba3 sp=0x0000000069c2f720 mode 2
Event: 65199.698 Thread 0x000000006bc1d410 Uncommon trap: trap_request=0xffffff45 fr.pc=0x0000000012127f08 relative=0x0000000000000168
Event: 65199.698 Thread 0x000000006bc1d410 Uncommon trap: reason=unstable_if action=reinterpret pc=0x0000000012127f08 method=java.util.AbstractSet.equals(Ljava/lang/Object;)Z @ 31 c2
Event: 65199.698 Thread 0x000000006bc1d410 DEOPT PACKING pc=0x0000000012127f08 sp=0x0000000069c2f530
Event: 65199.698 Thread 0x000000006bc1d410 DEOPT UNPACKING pc=0x00000000119f5ba3 sp=0x0000000069c2f4b8 mode 2

Classes unloaded (20 events):
Event: 25534.364 Thread 0x0000000020ed0fd0 Unloading class 0x0000000023034400 'java/lang/invoke/LambdaForm$MH+0x0000000023034400'
Event: 25534.364 Thread 0x0000000020ed0fd0 Unloading class 0x0000000023034000 'java/lang/invoke/LambdaForm$MH+0x0000000023034000'
Event: 25534.364 Thread 0x0000000020ed0fd0 Unloading class 0x0000000023018800 'java/lang/invoke/LambdaForm$MH+0x0000000023018800'
Event: 25534.364 Thread 0x0000000020ed0fd0 Unloading class 0x0000000023018400 'java/lang/invoke/LambdaForm$MH+0x0000000023018400'
Event: 25534.364 Thread 0x0000000020ed0fd0 Unloading class 0x0000000023017c00 'java/lang/invoke/LambdaForm$MH+0x0000000023017c00'
Event: 25534.364 Thread 0x0000000020ed0fd0 Unloading class 0x0000000023017800 'java/lang/invoke/LambdaForm$MH+0x0000000023017800'
Event: 25534.364 Thread 0x0000000020ed0fd0 Unloading class 0x0000000023016800 'java/lang/invoke/LambdaForm$MH+0x0000000023016800'
Event: 25534.364 Thread 0x0000000020ed0fd0 Unloading class 0x0000000023016000 'java/lang/invoke/LambdaForm$MH+0x0000000023016000'
Event: 25534.365 Thread 0x0000000020ed0fd0 Unloading class 0x0000000023015c00 'java/lang/invoke/LambdaForm$MH+0x0000000023015c00'
Event: 25534.365 Thread 0x0000000020ed0fd0 Unloading class 0x0000000023015800 'java/lang/invoke/LambdaForm$MH+0x0000000023015800'
Event: 25534.365 Thread 0x0000000020ed0fd0 Unloading class 0x0000000023015400 'java/lang/invoke/LambdaForm$MH+0x0000000023015400'
Event: 25534.365 Thread 0x0000000020ed0fd0 Unloading class 0x0000000023015000 'java/lang/invoke/LambdaForm$MH+0x0000000023015000'
Event: 25534.365 Thread 0x0000000020ed0fd0 Unloading class 0x0000000023014800 'java/lang/invoke/LambdaForm$MH+0x0000000023014800'
Event: 25534.365 Thread 0x0000000020ed0fd0 Unloading class 0x0000000023014000 'java/lang/invoke/LambdaForm$MH+0x0000000023014000'
Event: 31542.253 Thread 0x0000000020ed0fd0 Unloading class 0x0000000023950000 'jdk/internal/reflect/GeneratedConstructorAccessor66'
Event: 31542.253 Thread 0x0000000020ed0fd0 Unloading class 0x0000000023a36c00 'jdk/internal/reflect/GeneratedConstructorAccessor65'
Event: 31542.253 Thread 0x0000000020ed0fd0 Unloading class 0x0000000023a98c00 'jdk/internal/reflect/GeneratedMethodAccessor71'
Event: 48562.618 Thread 0x0000000020ed0fd0 Unloading class 0x00000000232e3000 'jdk/internal/reflect/GeneratedConstructorAccessor69'
Event: 48562.618 Thread 0x0000000020ed0fd0 Unloading class 0x00000000232e5400 'jdk/internal/reflect/GeneratedConstructorAccessor68'
Event: 48562.618 Thread 0x0000000020ed0fd0 Unloading class 0x00000000232ee400 'jdk/internal/reflect/GeneratedConstructorAccessor67'

Classes redefined (0 events):
No events

Internal exceptions (20 events):
Event: 180.429 Thread 0x000000006bc1b5b0 Exception <a 'sun/nio/fs/WindowsException'{0x0000000088f8b460}> (0x0000000088f8b460) 
thrown [s\open\src\hotspot\share\prims\jni.cpp, line 516]
Event: 194.914 Thread 0x0000000067bf3df0 Implicit null exception at 0x000000001240e452 to 0x000000001240e5b0
Event: 194.923 Thread 0x0000000067bf3df0 Implicit null exception at 0x0000000012416b53 to 0x0000000012416c94
Event: 254.139 Thread 0x0000000067bf1060 Exception <a 'java/lang/IncompatibleClassChangeError'{0x000000008951df60}: Found class java.lang.Object, but interface was expected> (0x000000008951df60) 
thrown [s\open\src\hotspot\share\interpreter\linkResolver.cpp, line 826]
Event: 254.177 Thread 0x0000000067bf1060 Exception <a 'java/lang/IncompatibleClassChangeError'{0x0000000089552468}: Found class java.lang.Object, but interface was expected> (0x0000000089552468) 
thrown [s\open\src\hotspot\share\interpreter\linkResolver.cpp, line 826]
Event: 415.182 Thread 0x0000000067bf3df0 Exception <a 'java/lang/NoSuchMethodError'{0x0000000087cee968}: 'int java.lang.invoke.DirectMethodHandle$Holder.invokeStatic(java.lang.Object, java.lang.Object, int, int)'> (0x0000000087cee968) 
thrown [s\open\src\hotspot\share\interpreter\linkResolver.cpp, line 759]
Event: 415.242 Thread 0x0000000067bf3df0 Exception <a 'java/lang/NoSuchMethodError'{0x000000008b39a8c8}: 'java.lang.Object java.lang.invoke.DirectMethodHandle$Holder.invokeInterface(java.lang.Object, java.lang.Object, java.lang.Object, java.lang.Object)'> (0x000000008b39a8c8) 
thrown [s\open\src\hotspot\share\interpreter\linkResolver.cpp, line 759]
Event: 415.301 Thread 0x0000000067bf3df0 Exception <a 'java/lang/IncompatibleClassChangeError'{0x0000000089c75830}: Found class java.lang.Object, but interface was expected> (0x0000000089c75830) 
thrown [s\open\src\hotspot\share\interpreter\linkResolver.cpp, line 826]
Event: 561.847 Thread 0x0000000067bf24a0 Implicit null exception at 0x000000001256a47e to 0x000000001256b494
Event: 16565.829 Thread 0x000000006bc1c9f0 Implicit null exception at 0x0000000012722390 to 0x0000000012722624
Event: 16565.845 Thread 0x000000006bc1c9f0 Implicit null exception at 0x0000000012722390 to 0x0000000012722624
Event: 16565.846 Thread 0x000000006bc1c9f0 Implicit null exception at 0x0000000012722390 to 0x0000000012722624
Event: 16565.846 Thread 0x000000006bc1c9f0 Implicit null exception at 0x0000000012722390 to 0x0000000012722624
Event: 16565.847 Thread 0x000000006bc1c9f0 Implicit null exception at 0x0000000012722c8e to 0x0000000012722f20
Event: 26579.831 Thread 0x0000000067bf29b0 Implicit null exception at 0x00000000120fa230 to 0x00000000120fa914
Event: 31340.967 Thread 0x0000000067bf3df0 Implicit null exception at 0x0000000012139f36 to 0x000000001213a8a4
Event: 31341.040 Thread 0x0000000067bf3df0 Implicit null exception at 0x00000000120a5f56 to 0x00000000120a6a34
Event: 31341.058 Thread 0x0000000067bf3df0 Implicit null exception at 0x000000001251d140 to 0x000000001252479c
Event: 49614.234 Thread 0x000000006bc1c9f0 Implicit null exception at 0x00000000121fd1b1 to 0x00000000122024d4
Event: 65198.839 Thread 0x000000006bc1d410 Implicit null exception at 0x000000001263962b to 0x0000000012642878

VM Operations (20 events):
Event: 64385.819 Executing VM operation: G1CollectForAllocation
Event: 64385.821 Executing VM operation: G1CollectForAllocation done
Event: 64385.857 Executing VM operation: G1Concurrent
Event: 64385.862 Executing VM operation: G1Concurrent done
Event: 64385.881 Executing VM operation: G1Concurrent
Event: 64385.881 Executing VM operation: G1Concurrent done
Event: 64407.983 Executing VM operation: Cleanup
Event: 64407.983 Executing VM operation: Cleanup done
Event: 64418.056 Executing VM operation: Cleanup
Event: 64418.056 Executing VM operation: Cleanup done
Event: 64956.757 Executing VM operation: G1CollectForAllocation
Event: 64956.761 Executing VM operation: G1CollectForAllocation done
Event: 65002.971 Executing VM operation: G1CollectForAllocation
Event: 65002.977 Executing VM operation: G1CollectForAllocation done
Event: 65200.605 Executing VM operation: Cleanup
Event: 65200.606 Executing VM operation: Cleanup done
Event: 65201.606 Executing VM operation: Cleanup
Event: 65201.606 Executing VM operation: Cleanup done
Event: 65233.891 Executing VM operation: Cleanup
Event: 65233.892 Executing VM operation: Cleanup done

Events (20 events):
Event: 64414.010 Thread 0x000000006bc1bac0 Thread added: 0x000000006bc1bac0
Event: 64414.012 Thread 0x0000000067bf29b0 Thread added: 0x0000000067bf29b0
Event: 64422.680 Thread 0x000000006bc1bac0 Thread exited: 0x000000006bc1bac0
Event: 64422.727 Thread 0x0000000067bf29b0 Thread exited: 0x0000000067bf29b0
Event: 64429.338 Thread 0x0000000067bf29b0 Thread added: 0x0000000067bf29b0
Event: 64429.339 Thread 0x000000006bc1bac0 Thread added: 0x000000006bc1bac0
Event: 64434.345 Thread 0x0000000067bf29b0 Thread exited: 0x0000000067bf29b0
Event: 64434.377 Thread 0x000000006bc1bac0 Thread exited: 0x000000006bc1bac0
Event: 64442.011 Thread 0x000000006bc1bac0 Thread added: 0x000000006bc1bac0
Event: 64442.012 Thread 0x0000000067bf29b0 Thread added: 0x0000000067bf29b0
Event: 64447.027 Thread 0x000000006bc1bac0 Thread exited: 0x000000006bc1bac0
Event: 64447.059 Thread 0x0000000067bf29b0 Thread exited: 0x0000000067bf29b0
Event: 64456.842 Thread 0x0000000067bf29b0 Thread added: 0x0000000067bf29b0
Event: 64456.844 Thread 0x000000006bc1bac0 Thread added: 0x000000006bc1bac0
Event: 64461.854 Thread 0x0000000067bf29b0 Thread exited: 0x0000000067bf29b0
Event: 64461.902 Thread 0x000000006bc1bac0 Thread exited: 0x000000006bc1bac0
Event: 64468.125 Thread 0x000000006bc1bac0 Thread added: 0x000000006bc1bac0
Event: 64468.126 Thread 0x0000000067bf29b0 Thread added: 0x0000000067bf29b0
Event: 64473.130 Thread 0x000000006bc1bac0 Thread exited: 0x000000006bc1bac0
Event: 64473.178 Thread 0x0000000067bf29b0 Thread exited: 0x0000000067bf29b0


Dynamic libraries:
0x00007ff6272a0000 - 0x00007ff6272b0000 	C:\Program Files\Java\jdk-17\bin\java.exe
0x00007ff8176e0000 - 0x00007ff817949000 	C:\WINDOWS\SYSTEM32\ntdll.dll
0x00007ff816ff0000 - 0x00007ff8170b9000 	C:\WINDOWS\System32\KERNEL32.DLL
0x00007ff8150b0000 - 0x00007ff8154a3000 	C:\WINDOWS\System32\KERNELBASE.dll
0x00007ff814ea0000 - 0x00007ff814feb000 	C:\WINDOWS\System32\ucrtbase.dll
0x00007fffe7030000 - 0x00007fffe7049000 	C:\Program Files\Java\jdk-17\bin\jli.dll
0x00007fffe4760000 - 0x00007fffe477b000 	C:\Program Files\Java\jdk-17\bin\VCRUNTIME140.dll
0x00007ff817590000 - 0x00007ff817644000 	C:\WINDOWS\System32\ADVAPI32.dll
0x00007ff816330000 - 0x00007ff8163d9000 	C:\WINDOWS\System32\msvcrt.dll
0x00007ff8163e0000 - 0x00007ff816486000 	C:\WINDOWS\System32\sechost.dll
0x00007ff8170c0000 - 0x00007ff8171d8000 	C:\WINDOWS\System32\RPCRT4.dll
0x00007ff8165a0000 - 0x00007ff816764000 	C:\WINDOWS\System32\USER32.dll
0x00007ffff76b0000 - 0x00007ffff7943000 	C:\WINDOWS\WinSxS\amd64_microsoft.windows.common-controls_6595b64144ccf1df_6.0.26100.5074_none_3e0d6f78e32fd63f\COMCTL32.dll
0x00007ff814ff0000 - 0x00007ff815017000 	C:\WINDOWS\System32\win32u.dll
0x00007ff816490000 - 0x00007ff8164bb000 	C:\WINDOWS\System32\GDI32.dll
0x00007ff814a80000 - 0x00007ff814bad000 	C:\WINDOWS\System32\gdi32full.dll
0x00007ff814df0000 - 0x00007ff814e93000 	C:\WINDOWS\System32\msvcp_win.dll
0x00007ff803b00000 - 0x00007ff803b0b000 	C:\WINDOWS\SYSTEM32\VERSION.dll
0x00007ff8162f0000 - 0x00007ff81631f000 	C:\WINDOWS\System32\IMM32.DLL
0x00007ff802980000 - 0x00007ff80298c000 	C:\Program Files\Java\jdk-17\bin\vcruntime140_1.dll
0x00007fffd57f0000 - 0x00007fffd587e000 	C:\Program Files\Java\jdk-17\bin\msvcp140.dll
0x00007fff9e930000 - 0x00007fff9f510000 	C:\Program Files\Java\jdk-17\bin\server\jvm.dll
0x00007ff817260000 - 0x00007ff817268000 	C:\WINDOWS\System32\PSAPI.DLL
0x00007fffeb910000 - 0x00007fffeb91a000 	C:\WINDOWS\SYSTEM32\WSOCK32.dll
0x00007ff816bf0000 - 0x00007ff816c64000 	C:\WINDOWS\System32\WS2_32.dll
0x00007ffffd970000 - 0x00007ffffd9a5000 	C:\WINDOWS\SYSTEM32\WINMM.dll
0x00007ff813620000 - 0x00007ff81363b000 	C:\WINDOWS\SYSTEM32\kernel.appcore.dll
0x00007fffed2a0000 - 0x00007fffed2aa000 	C:\Program Files\Java\jdk-17\bin\jimage.dll
0x00007ff811dc0000 - 0x00007ff812002000 	C:\WINDOWS\SYSTEM32\DBGHELP.DLL
0x00007ff816870000 - 0x00007ff816beb000 	C:\WINDOWS\System32\combase.dll
0x00007ff8164c0000 - 0x00007ff816597000 	C:\WINDOWS\System32\OLEAUT32.dll
0x00007fffed220000 - 0x00007fffed25d000 	C:\WINDOWS\SYSTEM32\dbgcore.DLL
0x00007ff814870000 - 0x00007ff814909000 	C:\WINDOWS\System32\bcryptPrimitives.dll
0x00007fffe45a0000 - 0x00007fffe45c5000 	C:\Program Files\Java\jdk-17\bin\java.dll
0x00007fffd4100000 - 0x00007fffd41d7000 	C:\Program Files\Java\jdk-17\bin\jsvml.dll
0x00007ff815ba0000 - 0x00007ff8162ed000 	C:\WINDOWS\System32\SHELL32.dll
0x00007ff814910000 - 0x00007ff814a7c000 	C:\WINDOWS\System32\wintypes.dll
0x00007ff812490000 - 0x00007ff812ce9000 	C:\WINDOWS\SYSTEM32\windows.storage.dll
0x00007ff8173f0000 - 0x00007ff8174e0000 	C:\WINDOWS\System32\SHCORE.dll
0x00007ff816800000 - 0x00007ff816862000 	C:\WINDOWS\System32\shlwapi.dll
0x00007ff814790000 - 0x00007ff8147b9000 	C:\WINDOWS\SYSTEM32\profapi.dll
0x00007fffe4690000 - 0x00007fffe46a9000 	C:\Program Files\Java\jdk-17\bin\net.dll
0x00007ff8085f0000 - 0x00007ff80870f000 	C:\WINDOWS\SYSTEM32\WINHTTP.dll
0x00007ff813bb0000 - 0x00007ff813c1b000 	C:\WINDOWS\system32\mswsock.dll
0x00007fffe42e0000 - 0x00007fffe42f6000 	C:\Program Files\Java\jdk-17\bin\nio.dll
0x00007fffe42c0000 - 0x00007fffe42d8000 	C:\Program Files\Java\jdk-17\bin\zip.dll
0x00007fffebd10000 - 0x00007fffebd1a000 	C:\Program Files\Java\jdk-17\bin\management.dll
0x00007fffe0110000 - 0x00007fffe011b000 	C:\Program Files\Java\jdk-17\bin\management_ext.dll
0x00007fffdfe70000 - 0x00007fffdfe7e000 	C:\Program Files\Java\jdk-17\bin\sunmscapi.dll
0x00007ff814c70000 - 0x00007ff814de7000 	C:\WINDOWS\System32\CRYPT32.dll
0x00007ff814090000 - 0x00007ff8140c0000 	C:\WINDOWS\SYSTEM32\ncrypt.dll
0x00007ff814040000 - 0x00007ff81407f000 	C:\WINDOWS\SYSTEM32\NTASN1.dll
0x00007ff813e70000 - 0x00007ff813e8b000 	C:\WINDOWS\SYSTEM32\CRYPTSP.dll
0x00007ff813580000 - 0x00007ff8135bb000 	C:\WINDOWS\system32\rsaenh.dll
0x00007ff813c70000 - 0x00007ff813c9b000 	C:\WINDOWS\SYSTEM32\USERENV.dll
0x00007ff814760000 - 0x00007ff814786000 	C:\WINDOWS\SYSTEM32\bcrypt.dll
0x00007ff813e90000 - 0x00007ff813e9c000 	C:\WINDOWS\SYSTEM32\CRYPTBASE.dll
0x00007ff813060000 - 0x00007ff813094000 	C:\WINDOWS\SYSTEM32\IPHLPAPI.DLL
0x00007ff817520000 - 0x00007ff81752a000 	C:\WINDOWS\System32\NSI.dll
0x00007ff80aaa0000 - 0x00007ff80aabe000 	C:\WINDOWS\SYSTEM32\dhcpcsvc6.DLL
0x00007ff80a850000 - 0x00007ff80a873000 	C:\WINDOWS\SYSTEM32\dhcpcsvc.DLL
0x00007ff8130a0000 - 0x00007ff8131c6000 	C:\WINDOWS\SYSTEM32\DNSAPI.dll
0x00007fffdfdf0000 - 0x00007fffdfe00000 	C:\Program Files\Java\jdk-17\bin\verify.dll
0x00007ff8085a0000 - 0x00007ff8085ab000 	C:\Windows\System32\rasadhlp.dll
0x00007ff80ac00000 - 0x00007ff80ac86000 	C:\WINDOWS\System32\fwpuclnt.dll
0x00007fffd0b60000 - 0x00007fffd0b68000 	C:\WINDOWS\system32\wshunix.dll

dbghelp: loaded successfully - version: 4.0.5 - missing functions: none
symbol engine: initialized successfully - sym options: 0x614 - pdb path: .;C:\Program Files\Java\jdk-17\bin;C:\WINDOWS\SYSTEM32;C:\WINDOWS\WinSxS\amd64_microsoft.windows.common-controls_6595b64144ccf1df_6.0.26100.5074_none_3e0d6f78e32fd63f;C:\Program Files\Java\jdk-17\bin\server

VM Arguments:
jvm_args: -XX:+ShowCodeDetailsInExceptionMessages 
java_command: com.example.bake_boss_backend.BakeBossBackendApplication
java_class_path (initial): D:\Programming\workspace\billing_craft\bake_boss_backend\target\classes;C:\Users\hmfar\.m2\repository\org\springframework\boot\spring-boot-starter-data-jpa\3.3.1\spring-boot-starter-data-jpa-3.3.1.jar;C:\Users\hmfar\.m2\repository\org\springframework\boot\spring-boot-starter-aop\3.3.1\spring-boot-starter-aop-3.3.1.jar;C:\Users\hmfar\.m2\repository\org\aspectj\aspectjweaver\1.9.22\aspectjweaver-1.9.22.jar;C:\Users\hmfar\.m2\repository\org\springframework\boot\spring-boot-starter-jdbc\3.3.1\spring-boot-starter-jdbc-3.3.1.jar;C:\Users\hmfar\.m2\repository\com\zaxxer\HikariCP\5.1.0\HikariCP-5.1.0.jar;C:\Users\hmfar\.m2\repository\org\springframework\spring-jdbc\6.1.10\spring-jdbc-6.1.10.jar;C:\Users\hmfar\.m2\repository\org\hibernate\orm\hibernate-core\6.5.2.Final\hibernate-core-6.5.2.Final.jar;C:\Users\hmfar\.m2\repository\jakarta\persistence\jakarta.persistence-api\3.1.0\jakarta.persistence-api-3.1.0.jar;C:\Users\hmfar\.m2\repository\jakarta\transaction\jakarta.transaction-api\2.0.1\jakarta.transaction-api-2.0.1.jar;C:\Users\hmfar\.m2\repository\org\jboss\logging\jboss-logging\3.5.3.Final\jboss-logging-3.5.3.Final.jar;C:\Users\hmfar\.m2\repository\org\hibernate\common\hibernate-commons-annotations\6.0.6.Final\hibernate-commons-annotations-6.0.6.Final.jar;C:\Users\hmfar\.m2\repository\io\smallrye\jandex\3.1.2\jandex-3.1.2.jar;C:\Users\hmfar\.m2\repository\com\fasterxml\classmate\1.7.0\classmate-1.7.0.jar;C:\Users\hmfar\.m2\repository\net\bytebuddy\byte-buddy\1.14.17\byte-buddy-1.14.17.jar;C:\Users\hmfar\.m2\repository\org\glassfish\jaxb\jaxb-runtime\4.0.5\jaxb-runtime-4.0.5.jar;C:\Users\hmfar\.m2\repository\org\glassfish\jaxb\jaxb-core\4.0.5\jaxb-core-4.0.5.jar;C:\Users\hmfar\.m2\repository\org\eclipse\angus\angus-activation\2.0.2\angus-activation-2.0.2.jar;C:\Users\hmfar\.m2\repository\org\glassfish\jaxb\txw2\4.0.5\txw2-4.0.5.jar;C:\Users\hmfar\.m2\repository\com\sun\istack\istack-commons-runtime\4.1.2\istack-commons-runtime-4.1.2.jar;C:\U
Launcher Type: SUN_STANDARD

[Global flags]
     intx CICompilerCount                          = 4                                         {product} {ergonomic}
     uint ConcGCThreads                            = 2                                         {product} {ergonomic}
     uint G1ConcRefinementThreads                  = 8                                         {product} {ergonomic}
   size_t G1HeapRegionSize                         = 1048576                                   {product} {ergonomic}
    uintx GCDrainStackTargetSize                   = 64                                        {product} {ergonomic}
   size_t InitialHeapSize                          = 132120576                                 {product} {ergonomic}
   size_t MarkStackSize                            = 4194304                                   {product} {ergonomic}
   size_t MaxHeapSize                              = 2090860544                                {product} {ergonomic}
   size_t MaxNewSize                               = 1254096896                                {product} {ergonomic}
   size_t MinHeapDeltaBytes                        = 1048576                                   {product} {ergonomic}
   size_t MinHeapSize                              = 8388608                                   {product} {ergonomic}
    uintx NonNMethodCodeHeapSize                   = 5839372                                {pd product} {ergonomic}
    uintx NonProfiledCodeHeapSize                  = 122909434                              {pd product} {ergonomic}
    uintx ProfiledCodeHeapSize                     = 122909434                              {pd product} {ergonomic}
    uintx ReservedCodeCacheSize                    = 251658240                              {pd product} {ergonomic}
     bool SegmentedCodeCache                       = true                                      {product} {ergonomic}
     bool ShowCodeDetailsInExceptionMessages       = true                                   {manageable} {command line}
   size_t SoftMaxHeapSize                          = 2090860544                             {manageable} {ergonomic}
     bool UseCompressedClassPointers               = true                           {product lp64_product} {ergonomic}
     bool UseCompressedOops                        = true                           {product lp64_product} {ergonomic}
     bool UseG1GC                                  = true                                      {product} {ergonomic}
     bool UseLargePagesIndividualAllocation        = false                                  {pd product} {ergonomic}

Logging:
Log output configuration:
 #0: stdout all=warning uptime,level,tags
 #1: stderr all=off uptime,level,tags

Environment Variables:
JAVA_HOME=C:\Program Files\Java\jdk-17
PATH=C:\Program Files\Common Files\Oracle\Java\javapath;C:\Program Files\Java\jdk1.8.0_172\bin;C:\Program Files (x86)\Common Files\Intel\Shared Libraries\redist\intel64\compiler;C:\Python311\Scripts\;C:\Python311\;C:\Program Files (x86)\Common Files\Oracle\Java\javapath;C:\WINDOWS\system32;C:\WINDOWS;C:\WINDOWS\System32\Wbem;C:\WINDOWS\System32\WindowsPowerShell\v1.0\;C:\WINDOWS\System32\OpenSSH\;C:\ProgramData\chocolatey\bin;D:\Programming\apache-maven-3.8.6-bin\apache-maven-3.8.6\bin;C:\Program Files\PuTTY\;C:\Program Files\nodejs\;C:\Program Files\Java\jdk-17\bin;C:\Program Files\Java\jdk-11\bin;C:\Program Files\Git\cmd;C:\Program Files\Cloudflare\Cloudflare WARP\;C:\Users\hmfar\AppData\Local\Microsoft\WindowsApps;C:\Users\hmfar\AppData\Local\Programs\Microsoft VS Code\bin;C:\Users\hmfar\AppData\Roaming\npm;
USERNAME=hmfar
LANG=en_US.UTF-8
OS=Windows_NT
PROCESSOR_IDENTIFIER=Intel64 Family 6 Model 140 Stepping 1, GenuineIntel



---------------  S Y S T E M  ---------------

OS:
 Windows 11 , 64 bit Build 26100 (10.0.26100.5074)
OS uptime: 4 days 3:28 hours
Hyper-V role detected

CPU: total 8 (initial active 8) (4 cores per cpu, 2 threads per core) family 6 model 140 stepping 1 microcode 0x86, cx8, cmov, fxsr, ht, mmx, 3dnowpref, sse, sse2, sse3, ssse3, sse4.1, sse4.2, popcnt, lzcnt, tsc, tscinvbit, avx, avx2, aes, erms, clmul, bmi1, bmi2, adx, avx512f, avx512dq, avx512cd, avx512bw, avx512vl, sha, fma, vzeroupper, avx512_vpopcntdq, avx512_vpclmulqdq, avx512_vaes, avx512_vnni, clflush, clflushopt, clwb, avx512_vbmi2, avx512_vbmi, hv

Memory: 4k page, system-wide physical 7975M (397M free)
TotalPageFile size 26602M (AvailPageFile size 1M)
current process WorkingSet (physical memory assigned to process): 133M, peak: 359M
current process commit charge ("private bytes"): 393M, peak: 397M

vm_info: Java HotSpot(TM) 64-Bit Server VM (17.0.11+7-LTS-207) for windows-amd64 JRE (17.0.11+7-LTS-207), built on Mar 11 2024 19:01:50 by "mach5one" with MS VC++ 17.6 (VS2022)

END.
