#
# There is insufficient memory for the Java Runtime Environment to continue.
# Native memory allocation (malloc) failed to allocate 1102128 bytes. Error detail: Chunk::new
# Possible reasons:
#   The system is out of physical RAM or swap space
#   This process is running with CompressedOops enabled, and the Java Heap may be blocking the growth of the native heap
# Possible solutions:
#   Reduce memory load on the system
#   Increase physical memory or swap space
#   Check if swap backing store is full
#   Decrease Java heap size (-Xmx/-Xms)
#   Decrease number of Java threads
#   Decrease Java thread stack sizes (-Xss)
#   Set larger code cache with -XX:ReservedCodeCacheSize=
#   JVM is running with Unscaled Compressed Oops mode in which the Java heap is
#     placed in the first 4GB address space. The Java Heap base address is the
#     maximum limit for the native heap growth. Please use -XX:HeapBaseMinAddress
#     to set the Java Heap base and to place the Java Heap above 4GB virtual address.
# This output file may be truncated or incomplete.
#
#  Out of Memory Error (arena.cpp:168), pid=16304, tid=9180
#
# JRE version: OpenJDK Runtime Environment Temurin-21.0.8+9 (21.0.8+9) (build 21.0.8+9-LTS)
# Java VM: OpenJDK 64-Bit Server VM Temurin-21.0.8+9 (21.0.8+9-LTS, mixed mode, sharing, tiered, compressed oops, compressed class ptrs, parallel gc, windows-amd64)
# No core dump will be written. Minidumps are not enabled by default on client versions of Windows
#

---------------  S U M M A R Y ------------

Command Line: --add-modules=ALL-SYSTEM --add-opens=java.base/java.util=ALL-UNNAMED --add-opens=java.base/java.lang=ALL-UNNAMED --add-opens=java.base/sun.nio.fs=ALL-UNNAMED -Declipse.application=org.eclipse.jdt.ls.core.id1 -Dosgi.bundles.defaultStartLevel=4 -Declipse.product=org.eclipse.jdt.ls.core.product -Djava.import.generatesMetadataFilesAtProjectRoot=false -DDetectVMInstallationsJob.disabled=true -Dfile.encoding=utf8 -XX:+UseParallelGC -XX:GCTimeRatio=4 -XX:AdaptiveSizePolicyWeight=90 -Dsun.zip.disableMemoryMapping=true -Xmx2G -Xms100m -Xlog:disable -javaagent:c:\Users\hmfar\.vscode\extensions\redhat.java-1.44.0-win32-x64\lombok\lombok-1.18.39-4050.jar -XX:+HeapDumpOnOutOfMemoryError -XX:HeapDumpPath=c:\Users\hmfar\AppData\Roaming\Code\User\workspaceStorage\b6be3db273aae4f6e34850daa762c5b9\redhat.java -Daether.dependencyCollector.impl=bf c:\Users\hmfar\.vscode\extensions\redhat.java-1.44.0-win32-x64\server\plugins\org.eclipse.equinox.launcher_1.7.0.v20250519-0528.jar -configuration c:\Users\hmfar\AppData\Roaming\Code\User\globalStorage\redhat.java\1.44.0\config_win -data c:\Users\hmfar\AppData\Roaming\Code\User\workspaceStorage\b6be3db273aae4f6e34850daa762c5b9\redhat.java\jdt_ws --pipe=\\.\pipe\lsp-67652ae774dc76dfe6f2845fb47367f0-sock

Host: 11th Gen Intel(R) Core(TM) i5-11300H @ 3.10GHz, 8 cores, 7G,  Windows 11 , 64 bit Build 26100 (10.0.26100.4768)
Time: Wed Sep  3 20:06:48 2025 Bangladesh Standard Time elapsed time: 27.308207 seconds (0d 0h 0m 27s)

---------------  T H R E A D  ---------------

Current thread (0x00000000196ff730):  JavaThread "C2 CompilerThread0" daemon [_thread_in_native, id=9180, stack(0x000000005c830000,0x000000005c930000) (1024K)]


Current CompileTask:
C2:27308 15300 %s!   4       org.eclipse.jdt.internal.core.index.DiskIndex::readCategoryTable @ 260 (743 bytes)

Stack: [0x000000005c830000,0x000000005c930000]
Native frames: (J=compiled Java code, j=interpreted, Vv=VM code, C=native code)
V  [jvm.dll+0x6d2449]
V  [jvm.dll+0x8ae341]
V  [jvm.dll+0x8b08be]
V  [jvm.dll+0x8b0fa3]
V  [jvm.dll+0x280c96]
V  [jvm.dll+0xc581d]
V  [jvm.dll+0xc5d53]
V  [jvm.dll+0x3b919c]
V  [jvm.dll+0x1e1213]
V  [jvm.dll+0x249022]
V  [jvm.dll+0x2484af]
V  [jvm.dll+0x1c89ee]
V  [jvm.dll+0x257d4d]
V  [jvm.dll+0x2562ea]
V  [jvm.dll+0x3f2d16]
V  [jvm.dll+0x857e6b]
V  [jvm.dll+0x6d0b0d]
C  [ucrtbase.dll+0x37b0]
C  [KERNEL32.DLL+0x2e8d7]
C  [ntdll.dll+0x3c34c]


---------------  P R O C E S S  ---------------

Threads class SMR info:
_java_thread_list=0x000000006827acf0, length=66, elements={
0x000000000047b0c0, 0x0000000002d3c760, 0x0000000002d3e7d0, 0x00000000196e75f0,
0x00000000196e8240, 0x00000000196ea3f0, 0x00000000196f5a10, 0x00000000196ff730,
0x00000000197037e0, 0x000000005caebb60, 0x000000005cd64f00, 0x0000000061d49470,
0x0000000061bfa860, 0x00000000618bdb10, 0x00000000618be540, 0x0000000061d2c2a0,
0x0000000061be97c0, 0x0000000061ec1410, 0x0000000061ec0d80, 0x0000000061ec27c0,
0x0000000061ec0060, 0x0000000061ec06f0, 0x0000000061ec1aa0, 0x0000000061ec2e50,
0x00000000643b2010, 0x00000000643b26a0, 0x00000000643b1980, 0x00000000643b2d30,
0x00000000643b12f0, 0x00000000643b3a50, 0x00000000643b6840, 0x00000000643b40e0,
0x00000000643b61b0, 0x00000000643b4770, 0x00000000643b5490, 0x00000000643b5b20,
0x00000000643b33c0, 0x00000000643b4e00, 0x00000000643b7560, 0x00000000643b8910,
0x0000000067ad2ff0, 0x0000000067ad0f20, 0x0000000067ad15b0, 0x0000000067ad3680,
0x0000000067ad1c40, 0x0000000067ad2960, 0x0000000067ad3d10, 0x0000000067ad43a0,
0x0000000064dadee0, 0x0000000064dac4a0, 0x0000000064dacb30, 0x0000000064dab0f0,
0x0000000064dad1c0, 0x0000000064dab780, 0x0000000064dabe10, 0x0000000061ebf9d0,
0x0000000065f65960, 0x0000000065f652d0, 0x0000000065f66680, 0x0000000065f66d10,
0x0000000065f64c40, 0x0000000065f6a190, 0x0000000065f6a820, 0x0000000065f6aeb0,
0x0000000065f6c260, 0x0000000071fe11e0
}

Java Threads: ( => current thread )
  0x000000000047b0c0 JavaThread "main"                              [_thread_blocked, id=12492, stack(0x0000000002230000,0x0000000002330000) (1024K)]
  0x0000000002d3c760 JavaThread "Reference Handler"          daemon [_thread_blocked, id=18820, stack(0x000000005c230000,0x000000005c330000) (1024K)]
  0x0000000002d3e7d0 JavaThread "Finalizer"                  daemon [_thread_blocked, id=13352, stack(0x000000005c330000,0x000000005c430000) (1024K)]
  0x00000000196e75f0 JavaThread "Signal Dispatcher"          daemon [_thread_blocked, id=8420, stack(0x000000005c430000,0x000000005c530000) (1024K)]
  0x00000000196e8240 JavaThread "Attach Listener"            daemon [_thread_blocked, id=13284, stack(0x000000005c530000,0x000000005c630000) (1024K)]
  0x00000000196ea3f0 JavaThread "Service Thread"             daemon [_thread_blocked, id=1968, stack(0x000000005c630000,0x000000005c730000) (1024K)]
  0x00000000196f5a10 JavaThread "Monitor Deflation Thread"   daemon [_thread_blocked, id=12028, stack(0x000000005c730000,0x000000005c830000) (1024K)]
=>0x00000000196ff730 JavaThread "C2 CompilerThread0"         daemon [_thread_in_native, id=9180, stack(0x000000005c830000,0x000000005c930000) (1024K)]
  0x00000000197037e0 JavaThread "C1 CompilerThread0"         daemon [_thread_blocked, id=5168, stack(0x000000005c930000,0x000000005ca30000) (1024K)]
  0x000000005caebb60 JavaThread "Common-Cleaner"             daemon [_thread_blocked, id=15688, stack(0x000000005ce30000,0x000000005cf30000) (1024K)]
  0x000000005cd64f00 JavaThread "Notification Thread"        daemon [_thread_blocked, id=19020, stack(0x0000000061900000,0x0000000061a00000) (1024K)]
  0x0000000061d49470 JavaThread "Active Thread: Equinox Container: d3cf12b6-ef17-4e7c-a5c5-e6648fdcf0e2"        [_thread_blocked, id=13248, stack(0x0000000063230000,0x0000000063330000) (1024K)]
  0x0000000061bfa860 JavaThread "Refresh Thread: Equinox Container: d3cf12b6-ef17-4e7c-a5c5-e6648fdcf0e2" daemon [_thread_blocked, id=576, stack(0x0000000063430000,0x0000000063530000) (1024K)]
  0x00000000618bdb10 JavaThread "Framework Event Dispatcher: Equinox Container: d3cf12b6-ef17-4e7c-a5c5-e6648fdcf0e2" daemon [_thread_blocked, id=1912, stack(0x0000000063530000,0x0000000063630000) (1024K)]
  0x00000000618be540 JavaThread "Start Level: Equinox Container: d3cf12b6-ef17-4e7c-a5c5-e6648fdcf0e2" daemon [_thread_blocked, id=23256, stack(0x0000000063630000,0x0000000063730000) (1024K)]
  0x0000000061d2c2a0 JavaThread "Bundle File Closer"         daemon [_thread_blocked, id=17364, stack(0x0000000063830000,0x0000000063930000) (1024K)]
  0x0000000061be97c0 JavaThread "SCR Component Actor"        daemon [_thread_blocked, id=13704, stack(0x0000000063930000,0x0000000063a30000) (1024K)]
  0x0000000061ec1410 JavaThread "Worker-JM"                         [_thread_blocked, id=12480, stack(0x0000000063b30000,0x0000000063c30000) (1024K)]
  0x0000000061ec0d80 JavaThread "JNA Cleaner"                daemon [_thread_blocked, id=16380, stack(0x0000000061a00000,0x0000000061b00000) (1024K)]
  0x0000000061ec27c0 JavaThread "Worker-0: Java indexing... "        [_thread_blocked, id=15276, stack(0x0000000063f70000,0x0000000064070000) (1024K)]
  0x0000000061ec0060 JavaThread "Worker-1"                          [_thread_blocked, id=17244, stack(0x0000000064070000,0x0000000064170000) (1024K)]
  0x0000000061ec06f0 JavaThread "Worker-2"                          [_thread_blocked, id=8152, stack(0x00000000653a0000,0x00000000654a0000) (1024K)]
  0x0000000061ec1aa0 JavaThread "Java indexing"              daemon [_thread_blocked, id=16232, stack(0x0000000065240000,0x0000000065340000) (1024K)]
  0x0000000061ec2e50 JavaThread "Worker-3"                          [_thread_blocked, id=3812, stack(0x0000000066470000,0x0000000066570000) (1024K)]
  0x00000000643b2010 JavaThread "Thread-2"                   daemon [_thread_in_native, id=6180, stack(0x0000000066770000,0x0000000066870000) (1024K)]
  0x00000000643b26a0 JavaThread "Thread-3"                   daemon [_thread_in_native, id=2640, stack(0x0000000066870000,0x0000000066970000) (1024K)]
  0x00000000643b1980 JavaThread "Thread-4"                   daemon [_thread_in_native, id=14684, stack(0x0000000066970000,0x0000000066a70000) (1024K)]
  0x00000000643b2d30 JavaThread "Thread-5"                   daemon [_thread_in_native, id=17260, stack(0x0000000066a70000,0x0000000066b70000) (1024K)]
  0x00000000643b12f0 JavaThread "Thread-6"                   daemon [_thread_in_native, id=3664, stack(0x0000000066b70000,0x0000000066c70000) (1024K)]
  0x00000000643b3a50 JavaThread "Thread-7"                   daemon [_thread_in_native, id=476, stack(0x0000000066c70000,0x0000000066d70000) (1024K)]
  0x00000000643b6840 JavaThread "Thread-8"                   daemon [_thread_in_native, id=1704, stack(0x0000000066d70000,0x0000000066e70000) (1024K)]
  0x00000000643b40e0 JavaThread "Thread-9"                   daemon [_thread_in_native, id=7804, stack(0x0000000066e70000,0x0000000066f70000) (1024K)]
  0x00000000643b61b0 JavaThread "Thread-10"                  daemon [_thread_in_native, id=10508, stack(0x0000000066f70000,0x0000000067070000) (1024K)]
  0x00000000643b4770 JavaThread "Worker-4"                          [_thread_blocked, id=10440, stack(0x0000000067070000,0x0000000067170000) (1024K)]
  0x00000000643b5490 JavaThread "pool-2-thread-1"                   [_thread_blocked, id=20680, stack(0x0000000067170000,0x0000000067270000) (1024K)]
  0x00000000643b5b20 JavaThread "Worker-5"                          [_thread_blocked, id=13132, stack(0x0000000067660000,0x0000000067760000) (1024K)]
  0x00000000643b33c0 JavaThread "Worker-6: Check JDK Index"         [_thread_blocked, id=1892, stack(0x0000000068730000,0x0000000068830000) (1024K)]
  0x00000000643b4e00 JavaThread "Worker-7"                          [_thread_blocked, id=3248, stack(0x0000000068830000,0x0000000068930000) (1024K)]
  0x00000000643b7560 JavaThread "WorkspaceEventsHandler"            [_thread_blocked, id=21908, stack(0x0000000067270000,0x0000000067370000) (1024K)]
  0x00000000643b8910 JavaThread "pool-1-thread-1"                   [_thread_blocked, id=23012, stack(0x0000000067370000,0x0000000067470000) (1024K)]
  0x0000000067ad2ff0 JavaThread "LocalFile Deleter"          daemon [_thread_blocked, id=964, stack(0x0000000071350000,0x0000000071450000) (1024K)]
  0x0000000067ad0f20 JavaThread "LocalFile Deleter"          daemon [_thread_blocked, id=8520, stack(0x0000000071450000,0x0000000071550000) (1024K)]
  0x0000000067ad15b0 JavaThread "LocalFile Deleter"          daemon [_thread_blocked, id=8028, stack(0x0000000071550000,0x0000000071650000) (1024K)]
  0x0000000067ad3680 JavaThread "LocalFile Deleter"          daemon [_thread_blocked, id=18648, stack(0x00000000726d0000,0x00000000727d0000) (1024K)]
  0x0000000067ad1c40 JavaThread "LocalFile Deleter"          daemon [_thread_blocked, id=6936, stack(0x00000000727d0000,0x00000000728d0000) (1024K)]
  0x0000000067ad2960 JavaThread "LocalFile Deleter"          daemon [_thread_blocked, id=18824, stack(0x00000000728d0000,0x00000000729d0000) (1024K)]
  0x0000000067ad3d10 JavaThread "LocalFile Deleter"          daemon [_thread_blocked, id=23144, stack(0x00000000729d0000,0x0000000072ad0000) (1024K)]
  0x0000000067ad43a0 JavaThread "LocalFile Deleter"          daemon [_thread_blocked, id=5024, stack(0x0000000072ad0000,0x0000000072bd0000) (1024K)]
  0x0000000064dadee0 JavaThread "Compiler Source File Reader" daemon [_thread_blocked, id=19004, stack(0x0000000072bd0000,0x0000000072cd0000) (1024K)]
  0x0000000064dac4a0 JavaThread "Compiler Source File Reader" daemon [_thread_blocked, id=11172, stack(0x0000000072cd0000,0x0000000072dd0000) (1024K)]
  0x0000000064dacb30 JavaThread "Compiler Source File Reader" daemon [_thread_blocked, id=18564, stack(0x0000000072dd0000,0x0000000072ed0000) (1024K)]
  0x0000000064dab0f0 JavaThread "Compiler Source File Reader" daemon [_thread_blocked, id=19376, stack(0x0000000072ed0000,0x0000000072fd0000) (1024K)]
  0x0000000064dad1c0 JavaThread "Compiler Source File Reader" daemon [_thread_blocked, id=15940, stack(0x0000000072fd0000,0x00000000730d0000) (1024K)]
  0x0000000064dab780 JavaThread "Compiler Source File Reader" daemon [_thread_blocked, id=9796, stack(0x00000000730d0000,0x00000000731d0000) (1024K)]
  0x0000000064dabe10 JavaThread "Compiler Processing Task"   daemon [_thread_blocked, id=15852, stack(0x0000000063a30000,0x0000000063b30000) (1024K)]
  0x0000000061ebf9d0 JavaThread "Compiler Class File Writer" daemon [_thread_blocked, id=280, stack(0x0000000067470000,0x0000000067570000) (1024K)]
  0x0000000065f65960 JavaThread "Compiler Class File Writer" daemon [_thread_blocked, id=13368, stack(0x0000000068930000,0x0000000068a30000) (1024K)]
  0x0000000065f652d0 JavaThread "Compiler Class File Writer" daemon [_thread_blocked, id=18736, stack(0x0000000068a30000,0x0000000068b30000) (1024K)]
  0x0000000065f66680 JavaThread "Compiler Class File Writer" daemon [_thread_blocked, id=16092, stack(0x00000000731d0000,0x00000000732d0000) (1024K)]
  0x0000000065f66d10 JavaThread "Compiler Class File Writer" daemon [_thread_blocked, id=23240, stack(0x00000000732d0000,0x00000000733d0000) (1024K)]
  0x0000000065f64c40 JavaThread "Compiler Class File Writer" daemon [_thread_blocked, id=3528, stack(0x00000000733d0000,0x00000000734d0000) (1024K)]
  0x0000000065f6a190 JavaThread "ForkJoinPool.commonPool-worker-1" daemon [_thread_blocked, id=21672, stack(0x00000000734d0000,0x00000000735d0000) (1024K)]
  0x0000000065f6a820 JavaThread "ForkJoinPool.commonPool-worker-2" daemon [_thread_blocked, id=21416, stack(0x00000000735d0000,0x00000000736d0000) (1024K)]
  0x0000000065f6aeb0 JavaThread "ForkJoinPool.commonPool-worker-4" daemon [_thread_blocked, id=9696, stack(0x00000000736d0000,0x00000000737d0000) (1024K)]
  0x0000000065f6c260 JavaThread "ForkJoinPool.commonPool-worker-3" daemon [_thread_blocked, id=18184, stack(0x00000000748c0000,0x00000000749c0000) (1024K)]
  0x0000000071fe11e0 JavaThread "ForkJoinPool.commonPool-worker-5" daemon [_thread_blocked, id=21060, stack(0x00000000749c0000,0x0000000074ac0000) (1024K)]
Total: 66

Other Threads:
  0x0000000002d22a10 VMThread "VM Thread"                           [id=14544, stack(0x000000005c130000,0x000000005c230000) (1024K)]
  0x0000000002ceb3a0 WatcherThread "VM Periodic Task Thread"        [id=16200, stack(0x0000000002b30000,0x0000000002c30000) (1024K)]
  0x0000000002c9d250 WorkerThread "GC Thread#0"                     [id=6192, stack(0x0000000002a30000,0x0000000002b30000) (1024K)]
  0x00000000617fddb0 WorkerThread "GC Thread#1"                     [id=10144, stack(0x0000000062c30000,0x0000000062d30000) (1024K)]
  0x00000000617fe890 WorkerThread "GC Thread#2"                     [id=8732, stack(0x0000000062d30000,0x0000000062e30000) (1024K)]
  0x00000000617fcf30 WorkerThread "GC Thread#3"                     [id=1744, stack(0x0000000062e30000,0x0000000062f30000) (1024K)]
  0x00000000617fd2d0 WorkerThread "GC Thread#4"                     [id=10520, stack(0x0000000062f30000,0x0000000063030000) (1024K)]
  0x00000000617fe150 WorkerThread "GC Thread#5"                     [id=10476, stack(0x0000000063030000,0x0000000063130000) (1024K)]
  0x00000000617fda10 WorkerThread "GC Thread#6"                     [id=23440, stack(0x0000000063130000,0x0000000063230000) (1024K)]
  0x00000000617fe4f0 WorkerThread "GC Thread#7"                     [id=19504, stack(0x0000000063330000,0x0000000063430000) (1024K)]
Total: 10

Threads with active compile tasks:
C2 CompilerThread0  27329 15300 %s!   4       org.eclipse.jdt.internal.core.index.DiskIndex::readCategoryTable @ 260 (743 bytes)
Total: 1

VM state: at safepoint (normal execution)

VM Mutex/Monitor currently owned by a thread:  ([mutex/lock_event])
[0x00007ffc03c55458] Threads_lock - owner thread: 0x0000000002d22a10
[0x00007ffc03c55558] Heap_lock - owner thread: 0x0000000061ec1aa0

Heap address: 0x0000000080000000, size: 2048 MB, Compressed Oops mode: 32-bit

CDS archive(s) mapped at: [0x000000001a000000-0x000000001aba0000-0x000000001aba0000), size 12189696, SharedBaseAddress: 0x000000001a000000, ArchiveRelocationMode: 1.
Compressed class space mapped at: 0x000000001b000000-0x000000005b000000, reserved size: 1073741824
Narrow klass base: 0x000000001a000000, Narrow klass shift: 0, Narrow klass range: 0x100000000

GC Precious Log:
 CardTable entry size: 512
 CPUs: 8 total, 8 available
 Memory: 7975M
 Large Page Support: Disabled
 NUMA Support: Disabled
 Compressed Oops: Enabled (32-bit)
 Alignments: Space 512K, Generation 512K, Heap 2M
 Heap Min Capacity: 100M
 Heap Initial Capacity: 100M
 Heap Max Capacity: 2G
 Pre-touch: Disabled
 Parallel Workers: 8

Heap:
 PSYoungGen      total 1536K, used 497K [0x00000000d5580000, 0x00000000d5800000, 0x0000000100000000)
  eden space 1024K, 0% used [0x00000000d5580000,0x00000000d5580000,0x00000000d5680000)
  from space 512K, 97% used [0x00000000d5780000,0x00000000d57fc630,0x00000000d5800000)
  to   space 1024K, 0% used [0x00000000d5680000,0x00000000d5680000,0x00000000d5780000)
 ParOldGen       total 701440K, used 701132K [0x0000000080000000, 0x00000000aad00000, 0x00000000d5580000)
  object space 701440K, 99% used [0x0000000080000000,0x00000000aacb31e0,0x00000000aad00000)
 Metaspace       used 68713K, committed 70208K, reserved 1114112K
  class space    used 7045K, committed 7744K, reserved 1048576K

Card table byte_map: [0x0000000002620000,0x0000000002a30000] _byte_map_base: 0x0000000002220000

Marking Bits: (ParMarkBitMap*) 0x00007ffc03c5a340
 Begin Bits: [0x0000000015120000, 0x0000000017120000)
 End Bits:   [0x0000000017120000, 0x0000000019120000)

Polling page: 0x0000000000a00000

Metaspace:

Usage:
  Non-class:     60.22 MB used.
      Class:      6.88 MB used.
       Both:     67.10 MB used.

Virtual space:
  Non-class space:       64.00 MB reserved,      61.00 MB ( 95%) committed,  1 nodes.
      Class space:        1.00 GB reserved,       7.56 MB ( <1%) committed,  1 nodes.
             Both:        1.06 GB reserved,      68.56 MB (  6%) committed. 

Chunk freelists:
   Non-Class:  2.50 MB
       Class:  8.48 MB
        Both:  10.98 MB

MaxMetaspaceSize: unlimited
CompressedClassSpaceSize: 1.00 GB
Initial GC threshold: 21.00 MB
Current GC threshold: 97.31 MB
CDS: on
 - commit_granule_bytes: 65536.
 - commit_granule_words: 8192.
 - virtual_space_node_default_size: 8388608.
 - enlarge_chunks_in_place: 1.
 - use_allocation_guard: 0.


Internal statistics:

num_allocs_failed_limit: 9.
num_arena_births: 1348.
num_arena_deaths: 14.
num_vsnodes_births: 2.
num_vsnodes_deaths: 0.
num_space_committed: 1097.
num_space_uncommitted: 0.
num_chunks_returned_to_freelist: 23.
num_chunks_taken_from_freelist: 4690.
num_chunk_merges: 13.
num_chunk_splits: 2876.
num_chunks_enlarged: 1573.
num_inconsistent_stats: 0.

CodeHeap 'non-profiled nmethods': size=120000Kb used=10777Kb max_used=10777Kb free=109222Kb
 bounds [0x000000000d940000, 0x000000000e3d0000, 0x0000000014e70000]
CodeHeap 'profiled nmethods': size=120000Kb used=33475Kb max_used=33475Kb free=86524Kb
 bounds [0x0000000005e70000, 0x0000000007f30000, 0x000000000d3a0000]
CodeHeap 'non-nmethods': size=5760Kb used=1461Kb max_used=1533Kb free=4298Kb
 bounds [0x000000000d3a0000, 0x000000000d610000, 0x000000000d940000]
CodeCache: size=245760Kb, used=45713Kb, max_used=45785Kb, free=200044Kb
 total_blobs=15237, nmethods=14470, adapters=672, full_count=0
Compilation: enabled, stopped_count=0, restarted_count=0

Compilation events (20 events):
Event: 26.097 Thread 0x00000000197037e0 15291 %s!   3       org.eclipse.jdt.internal.core.index.DiskIndex::readCategoryTable @ 260 (743 bytes)
Event: 26.099 Thread 0x00000000197037e0 nmethod 15291% 0x0000000007f0e910 code [0x0000000007f0ef80, 0x0000000007f137f0]
Event: 26.101 Thread 0x00000000197037e0 15293 % !   3       org.eclipse.jdt.internal.core.index.Index::getMetaIndexQualifications @ 93 (152 bytes)
Event: 26.102 Thread 0x00000000197037e0 nmethod 15293% 0x0000000007f15b10 code [0x0000000007f15e40, 0x0000000007f17590]
Event: 26.103 Thread 0x00000000197037e0 15294  s!   3       org.eclipse.jdt.internal.core.index.DiskIndex::readCategoryTable (743 bytes)
Event: 26.109 Thread 0x00000000197037e0 nmethod 15294 0x0000000007f18290 code [0x0000000007f188e0, 0x0000000007f1c620]
Event: 26.109 Thread 0x00000000197037e0 15295  s    3       org.eclipse.jdt.internal.core.search.processing.JobManager::currentJobForced (28 bytes)
Event: 26.109 Thread 0x00000000196ff730 nmethod 15290 0x000000000e3c0490 code [0x000000000e3c0660, 0x000000000e3c0e28]
Event: 26.109 Thread 0x00000000197037e0 nmethod 15295 0x0000000007f1e490 code [0x0000000007f1e680, 0x0000000007f1eba0]
Event: 26.110 Thread 0x00000000197037e0 15296   !   3       org.eclipse.jdt.internal.core.index.Index::getMetaIndexQualifications (152 bytes)
Event: 26.110 Thread 0x00000000196ff730 15292 %     4       org.eclipse.jdt.internal.core.index.DiskIndex::addQueryResults @ 97 (739 bytes)
Event: 26.110 Thread 0x00000000197037e0 nmethod 15296 0x0000000007f1ed10 code [0x0000000007f1f000, 0x0000000007f203a0]
Event: 26.124 Thread 0x00000000196ff730 nmethod 15292% 0x000000000e3c1190 code [0x000000000e3c1460, 0x000000000e3c2788]
Event: 26.143 Thread 0x00000000196ff730 15297       4       org.eclipse.jdt.internal.core.index.DiskIndex::addQueryResults (739 bytes)
Event: 26.159 Thread 0x00000000196ff730 nmethod 15297 0x000000000e3c3310 code [0x000000000e3c35a0, 0x000000000e3c4548]
Event: 26.159 Thread 0x00000000196ff730 15298 % !   4       org.eclipse.jdt.internal.core.index.Index::query @ 161 (203 bytes)
Event: 26.162 Thread 0x00000000196ff730 nmethod 15298% 0x000000000e3c4e90 code [0x000000000e3c5040, 0x000000000e3c53e0]
Event: 26.173 Thread 0x00000000196ff730 15299   !   4       org.eclipse.jdt.internal.core.index.Index::query (203 bytes)
Event: 26.179 Thread 0x00000000196ff730 nmethod 15299 0x000000000e3c5590 code [0x000000000e3c5760, 0x000000000e3c5cb8]
Event: 26.194 Thread 0x00000000196ff730 15300 %s!   4       org.eclipse.jdt.internal.core.index.DiskIndex::readCategoryTable @ 260 (743 bytes)

GC Heap History (20 events):
Event: 26.186 GC heap after
{Heap after GC invocations=983 (full 3):
 PSYoungGen      total 2560K, used 626K [0x00000000d5580000, 0x00000000d5980000, 0x0000000100000000)
  eden space 1536K, 0% used [0x00000000d5580000,0x00000000d5580000,0x00000000d5700000)
  from space 1024K, 61% used [0x00000000d5880000,0x00000000d591c808,0x00000000d5980000)
  to   space 1024K, 0% used [0x00000000d5700000,0x00000000d5700000,0x00000000d5800000)
 ParOldGen       total 696832K, used 696642K [0x0000000080000000, 0x00000000aa880000, 0x00000000d5580000)
  object space 696832K, 99% used [0x0000000080000000,0x00000000aa850910,0x00000000aa880000)
 Metaspace       used 68713K, committed 70208K, reserved 1114112K
  class space    used 7045K, committed 7744K, reserved 1048576K
}
Event: 26.195 GC heap before
{Heap before GC invocations=984 (full 3):
 PSYoungGen      total 2560K, used 2162K [0x00000000d5580000, 0x00000000d5980000, 0x0000000100000000)
  eden space 1536K, 100% used [0x00000000d5580000,0x00000000d5700000,0x00000000d5700000)
  from space 1024K, 61% used [0x00000000d5880000,0x00000000d591c808,0x00000000d5980000)
  to   space 1024K, 0% used [0x00000000d5700000,0x00000000d5700000,0x00000000d5800000)
 ParOldGen       total 696832K, used 696642K [0x0000000080000000, 0x00000000aa880000, 0x00000000d5580000)
  object space 696832K, 99% used [0x0000000080000000,0x00000000aa850910,0x00000000aa880000)
 Metaspace       used 68713K, committed 70208K, reserved 1114112K
  class space    used 7045K, committed 7744K, reserved 1048576K
}
Event: 26.197 GC heap after
{Heap after GC invocations=984 (full 3):
 PSYoungGen      total 2560K, used 608K [0x00000000d5580000, 0x00000000d5900000, 0x0000000100000000)
  eden space 1536K, 0% used [0x00000000d5580000,0x00000000d5580000,0x00000000d5700000)
  from space 1024K, 59% used [0x00000000d5700000,0x00000000d5798000,0x00000000d5800000)
  to   space 1024K, 0% used [0x00000000d5800000,0x00000000d5800000,0x00000000d5900000)
 ParOldGen       total 697344K, used 697174K [0x0000000080000000, 0x00000000aa900000, 0x00000000d5580000)
  object space 697344K, 99% used [0x0000000080000000,0x00000000aa8d5a30,0x00000000aa900000)
 Metaspace       used 68713K, committed 70208K, reserved 1114112K
  class space    used 7045K, committed 7744K, reserved 1048576K
}
Event: 26.211 GC heap before
{Heap before GC invocations=985 (full 3):
 PSYoungGen      total 2560K, used 2144K [0x00000000d5580000, 0x00000000d5900000, 0x0000000100000000)
  eden space 1536K, 100% used [0x00000000d5580000,0x00000000d5700000,0x00000000d5700000)
  from space 1024K, 59% used [0x00000000d5700000,0x00000000d5798000,0x00000000d5800000)
  to   space 1024K, 0% used [0x00000000d5800000,0x00000000d5800000,0x00000000d5900000)
 ParOldGen       total 697344K, used 697174K [0x0000000080000000, 0x00000000aa900000, 0x00000000d5580000)
  object space 697344K, 99% used [0x0000000080000000,0x00000000aa8d5a30,0x00000000aa900000)
 Metaspace       used 68713K, committed 70208K, reserved 1114112K
  class space    used 7045K, committed 7744K, reserved 1048576K
}
Event: 26.213 GC heap after
{Heap after GC invocations=985 (full 3):
 PSYoungGen      total 2560K, used 480K [0x00000000d5580000, 0x00000000d5900000, 0x0000000100000000)
  eden space 1536K, 0% used [0x00000000d5580000,0x00000000d5580000,0x00000000d5700000)
  from space 1024K, 46% used [0x00000000d5800000,0x00000000d5878000,0x00000000d5900000)
  to   space 1024K, 0% used [0x00000000d5700000,0x00000000d5700000,0x00000000d5800000)
 ParOldGen       total 697856K, used 697644K [0x0000000080000000, 0x00000000aa980000, 0x00000000d5580000)
  object space 697856K, 99% used [0x0000000080000000,0x00000000aa94b058,0x00000000aa980000)
 Metaspace       used 68713K, committed 70208K, reserved 1114112K
  class space    used 7045K, committed 7744K, reserved 1048576K
}
Event: 26.224 GC heap before
{Heap before GC invocations=986 (full 3):
 PSYoungGen      total 2560K, used 2016K [0x00000000d5580000, 0x00000000d5900000, 0x0000000100000000)
  eden space 1536K, 100% used [0x00000000d5580000,0x00000000d5700000,0x00000000d5700000)
  from space 1024K, 46% used [0x00000000d5800000,0x00000000d5878000,0x00000000d5900000)
  to   space 1024K, 0% used [0x00000000d5700000,0x00000000d5700000,0x00000000d5800000)
 ParOldGen       total 697856K, used 697644K [0x0000000080000000, 0x00000000aa980000, 0x00000000d5580000)
  object space 697856K, 99% used [0x0000000080000000,0x00000000aa94b058,0x00000000aa980000)
 Metaspace       used 68713K, committed 70208K, reserved 1114112K
  class space    used 7045K, committed 7744K, reserved 1048576K
}
Event: 26.225 GC heap after
{Heap after GC invocations=986 (full 3):
 PSYoungGen      total 2560K, used 832K [0x00000000d5580000, 0x00000000d5900000, 0x0000000100000000)
  eden space 1536K, 0% used [0x00000000d5580000,0x00000000d5580000,0x00000000d5700000)
  from space 1024K, 81% used [0x00000000d5700000,0x00000000d57d0000,0x00000000d5800000)
  to   space 1024K, 0% used [0x00000000d5800000,0x00000000d5800000,0x00000000d5900000)
 ParOldGen       total 698368K, used 698065K [0x0000000080000000, 0x00000000aaa00000, 0x00000000d5580000)
  object space 698368K, 99% used [0x0000000080000000,0x00000000aa9b4668,0x00000000aaa00000)
 Metaspace       used 68713K, committed 70208K, reserved 1114112K
  class space    used 7045K, committed 7744K, reserved 1048576K
}
Event: 26.233 GC heap before
{Heap before GC invocations=987 (full 3):
 PSYoungGen      total 2560K, used 2368K [0x00000000d5580000, 0x00000000d5900000, 0x0000000100000000)
  eden space 1536K, 100% used [0x00000000d5580000,0x00000000d5700000,0x00000000d5700000)
  from space 1024K, 81% used [0x00000000d5700000,0x00000000d57d0000,0x00000000d5800000)
  to   space 1024K, 0% used [0x00000000d5800000,0x00000000d5800000,0x00000000d5900000)
 ParOldGen       total 698368K, used 698065K [0x0000000080000000, 0x00000000aaa00000, 0x00000000d5580000)
  object space 698368K, 99% used [0x0000000080000000,0x00000000aa9b4668,0x00000000aaa00000)
 Metaspace       used 68713K, committed 70208K, reserved 1114112K
  class space    used 7045K, committed 7744K, reserved 1048576K
}
Event: 26.235 GC heap after
{Heap after GC invocations=987 (full 3):
 PSYoungGen      total 2560K, used 672K [0x00000000d5580000, 0x00000000d5900000, 0x0000000100000000)
  eden space 1536K, 0% used [0x00000000d5580000,0x00000000d5580000,0x00000000d5700000)
  from space 1024K, 65% used [0x00000000d5800000,0x00000000d58a8000,0x00000000d5900000)
  to   space 1024K, 0% used [0x00000000d5700000,0x00000000d5700000,0x00000000d5800000)
 ParOldGen       total 698880K, used 698562K [0x0000000080000000, 0x00000000aaa80000, 0x00000000d5580000)
  object space 698880K, 99% used [0x0000000080000000,0x00000000aaa30a78,0x00000000aaa80000)
 Metaspace       used 68713K, committed 70208K, reserved 1114112K
  class space    used 7045K, committed 7744K, reserved 1048576K
}
Event: 26.248 GC heap before
{Heap before GC invocations=988 (full 3):
 PSYoungGen      total 2560K, used 2208K [0x00000000d5580000, 0x00000000d5900000, 0x0000000100000000)
  eden space 1536K, 100% used [0x00000000d5580000,0x00000000d5700000,0x00000000d5700000)
  from space 1024K, 65% used [0x00000000d5800000,0x00000000d58a8000,0x00000000d5900000)
  to   space 1024K, 0% used [0x00000000d5700000,0x00000000d5700000,0x00000000d5800000)
 ParOldGen       total 698880K, used 698562K [0x0000000080000000, 0x00000000aaa80000, 0x00000000d5580000)
  object space 698880K, 99% used [0x0000000080000000,0x00000000aaa30a78,0x00000000aaa80000)
 Metaspace       used 68713K, committed 70208K, reserved 1114112K
  class space    used 7045K, committed 7744K, reserved 1048576K
}
Event: 26.251 GC heap after
{Heap after GC invocations=988 (full 3):
 PSYoungGen      total 2560K, used 576K [0x00000000d5580000, 0x00000000d5900000, 0x0000000100000000)
  eden space 1536K, 0% used [0x00000000d5580000,0x00000000d5580000,0x00000000d5700000)
  from space 1024K, 56% used [0x00000000d5700000,0x00000000d5790000,0x00000000d5800000)
  to   space 1024K, 0% used [0x00000000d5800000,0x00000000d5800000,0x00000000d5900000)
 ParOldGen       total 699392K, used 699123K [0x0000000080000000, 0x00000000aab00000, 0x00000000d5580000)
  object space 699392K, 99% used [0x0000000080000000,0x00000000aaabcf60,0x00000000aab00000)
 Metaspace       used 68713K, committed 70208K, reserved 1114112K
  class space    used 7045K, committed 7744K, reserved 1048576K
}
Event: 26.258 GC heap before
{Heap before GC invocations=989 (full 3):
 PSYoungGen      total 2560K, used 2109K [0x00000000d5580000, 0x00000000d5900000, 0x0000000100000000)
  eden space 1536K, 99% used [0x00000000d5580000,0x00000000d56ff4f8,0x00000000d5700000)
  from space 1024K, 56% used [0x00000000d5700000,0x00000000d5790000,0x00000000d5800000)
  to   space 1024K, 0% used [0x00000000d5800000,0x00000000d5800000,0x00000000d5900000)
 ParOldGen       total 699392K, used 699123K [0x0000000080000000, 0x00000000aab00000, 0x00000000d5580000)
  object space 699392K, 99% used [0x0000000080000000,0x00000000aaabcf60,0x00000000aab00000)
 Metaspace       used 68713K, committed 70208K, reserved 1114112K
  class space    used 7045K, committed 7744K, reserved 1048576K
}
Event: 26.260 GC heap after
{Heap after GC invocations=989 (full 3):
 PSYoungGen      total 1536K, used 1024K [0x00000000d5580000, 0x00000000d5b00000, 0x0000000100000000)
  eden space 512K, 0% used [0x00000000d5580000,0x00000000d5580000,0x00000000d5600000)
  from space 1024K, 100% used [0x00000000d5800000,0x00000000d5900000,0x00000000d5900000)
  to   space 2048K, 0% used [0x00000000d5600000,0x00000000d5600000,0x00000000d5800000)
 ParOldGen       total 699904K, used 699602K [0x0000000080000000, 0x00000000aab80000, 0x00000000d5580000)
  object space 699904K, 99% used [0x0000000080000000,0x00000000aab34840,0x00000000aab80000)
 Metaspace       used 68713K, committed 70208K, reserved 1114112K
  class space    used 7045K, committed 7744K, reserved 1048576K
}
Event: 26.269 GC heap before
{Heap before GC invocations=990 (full 3):
 PSYoungGen      total 1536K, used 1528K [0x00000000d5580000, 0x00000000d5b00000, 0x0000000100000000)
  eden space 512K, 98% used [0x00000000d5580000,0x00000000d55fe378,0x00000000d5600000)
  from space 1024K, 100% used [0x00000000d5800000,0x00000000d5900000,0x00000000d5900000)
  to   space 2048K, 0% used [0x00000000d5600000,0x00000000d5600000,0x00000000d5800000)
 ParOldGen       total 699904K, used 699602K [0x0000000080000000, 0x00000000aab80000, 0x00000000d5580000)
  object space 699904K, 99% used [0x0000000080000000,0x00000000aab34840,0x00000000aab80000)
 Metaspace       used 68713K, committed 70208K, reserved 1114112K
  class space    used 7045K, committed 7744K, reserved 1048576K
}
Event: 26.270 GC heap after
{Heap after GC invocations=990 (full 3):
 PSYoungGen      total 1024K, used 274K [0x00000000d5580000, 0x00000000d5880000, 0x0000000100000000)
  eden space 512K, 0% used [0x00000000d5580000,0x00000000d5580000,0x00000000d5600000)
  from space 512K, 53% used [0x00000000d5600000,0x00000000d5644808,0x00000000d5680000)
  to   space 1024K, 0% used [0x00000000d5780000,0x00000000d5780000,0x00000000d5880000)
 ParOldGen       total 700416K, used 700105K [0x0000000080000000, 0x00000000aac00000, 0x00000000d5580000)
  object space 700416K, 99% used [0x0000000080000000,0x00000000aabb2720,0x00000000aac00000)
 Metaspace       used 68713K, committed 70208K, reserved 1114112K
  class space    used 7045K, committed 7744K, reserved 1048576K
}
Event: 26.274 GC heap before
{Heap before GC invocations=991 (full 3):
 PSYoungGen      total 1024K, used 786K [0x00000000d5580000, 0x00000000d5880000, 0x0000000100000000)
  eden space 512K, 100% used [0x00000000d5580000,0x00000000d5600000,0x00000000d5600000)
  from space 512K, 53% used [0x00000000d5600000,0x00000000d5644808,0x00000000d5680000)
  to   space 1024K, 0% used [0x00000000d5780000,0x00000000d5780000,0x00000000d5880000)
 ParOldGen       total 700416K, used 700105K [0x0000000080000000, 0x00000000aac00000, 0x00000000d5580000)
  object space 700416K, 99% used [0x0000000080000000,0x00000000aabb2720,0x00000000aac00000)
 Metaspace       used 68713K, committed 70208K, reserved 1114112K
  class space    used 7045K, committed 7744K, reserved 1048576K
}
Event: 26.275 GC heap after
{Heap after GC invocations=991 (full 3):
 PSYoungGen      total 1536K, used 544K [0x00000000d5580000, 0x00000000d5880000, 0x0000000100000000)
  eden space 512K, 0% used [0x00000000d5580000,0x00000000d5580000,0x00000000d5600000)
  from space 1024K, 53% used [0x00000000d5780000,0x00000000d5808000,0x00000000d5880000)
  to   space 1024K, 0% used [0x00000000d5680000,0x00000000d5680000,0x00000000d5780000)
 ParOldGen       total 700416K, used 700269K [0x0000000080000000, 0x00000000aac00000, 0x00000000d5580000)
  object space 700416K, 99% used [0x0000000080000000,0x00000000aabdb708,0x00000000aac00000)
 Metaspace       used 68713K, committed 70208K, reserved 1114112K
  class space    used 7045K, committed 7744K, reserved 1048576K
}
Event: 26.280 GC heap before
{Heap before GC invocations=992 (full 3):
 PSYoungGen      total 1536K, used 1056K [0x00000000d5580000, 0x00000000d5880000, 0x0000000100000000)
  eden space 512K, 100% used [0x00000000d5580000,0x00000000d5600000,0x00000000d5600000)
  from space 1024K, 53% used [0x00000000d5780000,0x00000000d5808000,0x00000000d5880000)
  to   space 1024K, 0% used [0x00000000d5680000,0x00000000d5680000,0x00000000d5780000)
 ParOldGen       total 700416K, used 700269K [0x0000000080000000, 0x00000000aac00000, 0x00000000d5580000)
  object space 700416K, 99% used [0x0000000080000000,0x00000000aabdb708,0x00000000aac00000)
 Metaspace       used 68713K, committed 70208K, reserved 1114112K
  class space    used 7045K, committed 7744K, reserved 1048576K
}
Event: 26.282 GC heap after
{Heap after GC invocations=992 (full 3):
 PSYoungGen      total 2048K, used 352K [0x00000000d5580000, 0x00000000d5800000, 0x0000000100000000)
  eden space 1024K, 0% used [0x00000000d5580000,0x00000000d5580000,0x00000000d5680000)
  from space 1024K, 34% used [0x00000000d5680000,0x00000000d56d8000,0x00000000d5780000)
  to   space 512K, 0% used [0x00000000d5780000,0x00000000d5780000,0x00000000d5800000)
 ParOldGen       total 700928K, used 700675K [0x0000000080000000, 0x00000000aac80000, 0x00000000d5580000)
  object space 700928K, 99% used [0x0000000080000000,0x00000000aac40dc0,0x00000000aac80000)
 Metaspace       used 68713K, committed 70208K, reserved 1114112K
  class space    used 7045K, committed 7744K, reserved 1048576K
}
Event: 26.284 GC heap before
{Heap before GC invocations=993 (full 3):
 PSYoungGen      total 2048K, used 1376K [0x00000000d5580000, 0x00000000d5800000, 0x0000000100000000)
  eden space 1024K, 100% used [0x00000000d5580000,0x00000000d5680000,0x00000000d5680000)
  from space 1024K, 34% used [0x00000000d5680000,0x00000000d56d8000,0x00000000d5780000)
  to   space 512K, 0% used [0x00000000d5780000,0x00000000d5780000,0x00000000d5800000)
 ParOldGen       total 700928K, used 700675K [0x0000000080000000, 0x00000000aac80000, 0x00000000d5580000)
  object space 700928K, 99% used [0x0000000080000000,0x00000000aac40dc0,0x00000000aac80000)
 Metaspace       used 68713K, committed 70208K, reserved 1114112K
  class space    used 7045K, committed 7744K, reserved 1048576K
}

Dll operation events (10 events):
Event: 0.013 Loaded shared library c:\Users\hmfar\.vscode\extensions\redhat.java-1.44.0-win32-x64\jre\21.0.8-win32-x86_64\bin\java.dll
Event: 0.124 Loaded shared library c:\Users\hmfar\.vscode\extensions\redhat.java-1.44.0-win32-x64\jre\21.0.8-win32-x86_64\bin\zip.dll
Event: 0.149 Loaded shared library C:\Users\hmfar\.vscode\extensions\redhat.java-1.44.0-win32-x64\jre\21.0.8-win32-x86_64\bin\instrument.dll
Event: 0.153 Loaded shared library C:\Users\hmfar\.vscode\extensions\redhat.java-1.44.0-win32-x64\jre\21.0.8-win32-x86_64\bin\net.dll
Event: 0.156 Loaded shared library C:\Users\hmfar\.vscode\extensions\redhat.java-1.44.0-win32-x64\jre\21.0.8-win32-x86_64\bin\nio.dll
Event: 0.161 Loaded shared library C:\Users\hmfar\.vscode\extensions\redhat.java-1.44.0-win32-x64\jre\21.0.8-win32-x86_64\bin\zip.dll
Event: 0.179 Loaded shared library C:\Users\hmfar\.vscode\extensions\redhat.java-1.44.0-win32-x64\jre\21.0.8-win32-x86_64\bin\jimage.dll
Event: 0.252 Loaded shared library c:\Users\hmfar\.vscode\extensions\redhat.java-1.44.0-win32-x64\jre\21.0.8-win32-x86_64\bin\verify.dll
Event: 1.400 Loaded shared library C:\Users\hmfar\AppData\Roaming\Code\User\globalStorage\redhat.java\1.44.0\config_win\org.eclipse.equinox.launcher\org.eclipse.equinox.launcher.win32.win32.x86_64_1.2.1400.v20250730-1736\eclipse_11913.dll
Event: 2.704 Loaded shared library C:\Users\hmfar\AppData\Local\Temp\jna-99394546\jna5934488077620475821.dll

Deoptimization events (20 events):
Event: 25.992 Thread 0x0000000061ec1aa0 DEOPT PACKING pc=0x0000000007ef781e sp=0x000000006533f1d0
Event: 25.992 Thread 0x0000000061ec1aa0 DEOPT UNPACKING pc=0x000000000d3f78e2 sp=0x000000006533e678 mode 0
Event: 25.992 Thread 0x0000000061ec1aa0 DEOPT PACKING pc=0x0000000007ef781e sp=0x000000006533f1d0
Event: 25.992 Thread 0x0000000061ec1aa0 DEOPT UNPACKING pc=0x000000000d3f78e2 sp=0x000000006533e678 mode 0
Event: 25.992 Thread 0x0000000061ec1aa0 DEOPT PACKING pc=0x0000000007ef781e sp=0x000000006533f1d0
Event: 25.992 Thread 0x0000000061ec1aa0 DEOPT UNPACKING pc=0x000000000d3f78e2 sp=0x000000006533e678 mode 0
Event: 25.992 Thread 0x0000000061ec1aa0 DEOPT PACKING pc=0x0000000007ef781e sp=0x000000006533f1d0
Event: 25.992 Thread 0x0000000061ec1aa0 DEOPT UNPACKING pc=0x000000000d3f78e2 sp=0x000000006533e678 mode 0
Event: 25.993 Thread 0x0000000061ec1aa0 DEOPT PACKING pc=0x0000000007ef781e sp=0x000000006533f1d0
Event: 25.993 Thread 0x0000000061ec1aa0 DEOPT UNPACKING pc=0x000000000d3f78e2 sp=0x000000006533e678 mode 0
Event: 26.083 Thread 0x0000000061ec1aa0 Uncommon trap: trap_request=0xffffff45 fr.pc=0x000000000e3bbe74 relative=0x0000000000000434
Event: 26.083 Thread 0x0000000061ec1aa0 Uncommon trap: reason=unstable_if action=reinterpret pc=0x000000000e3bbe74 method=org.eclipse.jdt.internal.core.index.DiskIndex.readStreamDocumentArray(Ljava/io/InputStream;I)[I @ 17 c2
Event: 26.083 Thread 0x0000000061ec1aa0 DEOPT PACKING pc=0x000000000e3bbe74 sp=0x000000006533f0e0
Event: 26.083 Thread 0x0000000061ec1aa0 DEOPT UNPACKING pc=0x000000000d3f6da2 sp=0x000000006533f090 mode 2
Event: 26.143 Thread 0x0000000061ec1aa0 DEOPT PACKING pc=0x0000000007effb9c sp=0x000000006533f230
Event: 26.143 Thread 0x0000000061ec1aa0 DEOPT UNPACKING pc=0x000000000d3f78e2 sp=0x000000006533e7a8 mode 0
Event: 26.158 Thread 0x0000000061ec1aa0 DEOPT PACKING pc=0x0000000007effb9c sp=0x000000006533f230
Event: 26.158 Thread 0x0000000061ec1aa0 DEOPT UNPACKING pc=0x000000000d3f78e2 sp=0x000000006533e7a8 mode 0
Event: 26.173 Thread 0x0000000061ec1aa0 DEOPT PACKING pc=0x0000000007f06c18 sp=0x000000006533f3e0
Event: 26.173 Thread 0x0000000061ec1aa0 DEOPT UNPACKING pc=0x000000000d3f78e2 sp=0x000000006533e8b0 mode 0

Classes loaded (20 events):
Event: 16.073 Loading class java/nio/charset/CharacterCodingException
Event: 16.074 Loading class java/nio/charset/CharacterCodingException done
Event: 16.074 Loading class java/io/SequenceInputStream
Event: 16.074 Loading class java/io/SequenceInputStream done
Event: 16.184 Loading class java/util/concurrent/CompletableFuture$UniApply
Event: 16.185 Loading class java/util/concurrent/CompletableFuture$UniCompletion
Event: 16.185 Loading class java/util/concurrent/CompletableFuture$UniCompletion done
Event: 16.185 Loading class java/util/concurrent/CompletableFuture$UniApply done
Event: 16.186 Loading class java/util/concurrent/CompletableFuture$UniAccept
Event: 16.186 Loading class java/util/concurrent/CompletableFuture$UniAccept done
Event: 16.186 Loading class java/util/concurrent/CompletableFuture$UniExceptionally
Event: 16.186 Loading class java/util/concurrent/CompletableFuture$UniExceptionally done
Event: 16.240 Loading class java/util/Hashtable$KeySet
Event: 16.240 Loading class java/util/Hashtable$KeySet done
Event: 16.465 Loading class java/lang/invoke/MethodHandleImpl$CountingWrapper$1
Event: 16.465 Loading class java/lang/invoke/MethodHandleImpl$CountingWrapper$1 done
Event: 16.636 Loading class java/lang/UnsupportedClassVersionError
Event: 16.637 Loading class java/lang/UnsupportedClassVersionError done
Event: 18.838 Loading class java/util/HashMap$EntrySpliterator
Event: 18.838 Loading class java/util/HashMap$EntrySpliterator done

Classes unloaded (7 events):
Event: 3.188 Thread 0x0000000002d22a10 Unloading class 0x000000001b1a7000 'java/lang/invoke/LambdaForm$MH+0x000000001b1a7000'
Event: 3.188 Thread 0x0000000002d22a10 Unloading class 0x000000001b1a6c00 'java/lang/invoke/LambdaForm$MH+0x000000001b1a6c00'
Event: 3.188 Thread 0x0000000002d22a10 Unloading class 0x000000001b1a6800 'java/lang/invoke/LambdaForm$MH+0x000000001b1a6800'
Event: 3.188 Thread 0x0000000002d22a10 Unloading class 0x000000001b1a6400 'java/lang/invoke/LambdaForm$MH+0x000000001b1a6400'
Event: 3.188 Thread 0x0000000002d22a10 Unloading class 0x000000001b1a6000 'java/lang/invoke/LambdaForm$BMH+0x000000001b1a6000'
Event: 3.188 Thread 0x0000000002d22a10 Unloading class 0x000000001b1a5c00 'java/lang/invoke/LambdaForm$DMH+0x000000001b1a5c00'
Event: 3.188 Thread 0x0000000002d22a10 Unloading class 0x000000001b1a4800 'java/lang/invoke/LambdaForm$DMH+0x000000001b1a4800'

Classes redefined (0 events):
No events

Internal exceptions (20 events):
Event: 23.850 Thread 0x0000000061ec1aa0 Exception <a 'sun/nio/fs/WindowsException'{0x00000000d587d090}> (0x00000000d587d090) 
thrown [s\src\hotspot\share\prims\jni.cpp, line 520]
Event: 23.870 Thread 0x0000000061ec1aa0 Exception <a 'sun/nio/fs/WindowsException'{0x00000000d58ebb90}> (0x00000000d58ebb90) 
thrown [s\src\hotspot\share\prims\jni.cpp, line 520]
Event: 23.901 Thread 0x0000000061ec1aa0 Exception <a 'sun/nio/fs/WindowsException'{0x00000000d5741c30}> (0x00000000d5741c30) 
thrown [s\src\hotspot\share\prims\jni.cpp, line 520]
Event: 23.913 Thread 0x0000000061ec1aa0 Exception <a 'sun/nio/fs/WindowsException'{0x00000000d57714f0}> (0x00000000d57714f0) 
thrown [s\src\hotspot\share\prims\jni.cpp, line 520]
Event: 23.988 Thread 0x0000000061ec1aa0 Exception <a 'sun/nio/fs/WindowsException'{0x00000000d5843f48}> (0x00000000d5843f48) 
thrown [s\src\hotspot\share\prims\jni.cpp, line 520]
Event: 24.040 Thread 0x0000000061ec1aa0 Exception <a 'sun/nio/fs/WindowsException'{0x00000000d56fd278}> (0x00000000d56fd278) 
thrown [s\src\hotspot\share\prims\jni.cpp, line 520]
Event: 24.080 Thread 0x0000000061ec1aa0 Exception <a 'sun/nio/fs/WindowsException'{0x00000000d5976470}> (0x00000000d5976470) 
thrown [s\src\hotspot\share\prims\jni.cpp, line 520]
Event: 24.156 Thread 0x0000000061ec1aa0 Exception <a 'sun/nio/fs/WindowsException'{0x00000000d5965cc0}> (0x00000000d5965cc0) 
thrown [s\src\hotspot\share\prims\jni.cpp, line 520]
Event: 24.184 Thread 0x0000000061ec1aa0 Exception <a 'sun/nio/fs/WindowsException'{0x00000000d57cd268}> (0x00000000d57cd268) 
thrown [s\src\hotspot\share\prims\jni.cpp, line 520]
Event: 24.206 Thread 0x0000000061ec1aa0 Exception <a 'sun/nio/fs/WindowsException'{0x00000000d598a0a8}> (0x00000000d598a0a8) 
thrown [s\src\hotspot\share\prims\jni.cpp, line 520]
Event: 24.229 Thread 0x0000000061ec1aa0 Exception <a 'sun/nio/fs/WindowsException'{0x00000000d59ea838}> (0x00000000d59ea838) 
thrown [s\src\hotspot\share\prims\jni.cpp, line 520]
Event: 24.253 Thread 0x0000000061ec1aa0 Exception <a 'sun/nio/fs/WindowsException'{0x00000000d5613ae0}> (0x00000000d5613ae0) 
thrown [s\src\hotspot\share\prims\jni.cpp, line 520]
Event: 24.273 Thread 0x0000000061ec1aa0 Exception <a 'sun/nio/fs/WindowsException'{0x00000000d56bc860}> (0x00000000d56bc860) 
thrown [s\src\hotspot\share\prims\jni.cpp, line 520]
Event: 24.636 Thread 0x0000000061ec1aa0 Exception <a 'sun/nio/fs/WindowsException'{0x00000000d5772af0}> (0x00000000d5772af0) 
thrown [s\src\hotspot\share\prims\jni.cpp, line 520]
Event: 24.661 Thread 0x0000000061ec1aa0 Exception <a 'sun/nio/fs/WindowsException'{0x00000000d5848388}> (0x00000000d5848388) 
thrown [s\src\hotspot\share\prims\jni.cpp, line 520]
Event: 25.764 Thread 0x0000000061ec1aa0 Exception <a 'sun/nio/fs/WindowsException'{0x00000000d58da678}> (0x00000000d58da678) 
thrown [s\src\hotspot\share\prims\jni.cpp, line 520]
Event: 25.801 Thread 0x0000000061ec1aa0 Exception <a 'sun/nio/fs/WindowsException'{0x00000000d5696398}> (0x00000000d5696398) 
thrown [s\src\hotspot\share\prims\jni.cpp, line 520]
Event: 25.832 Thread 0x0000000061ec1aa0 Exception <a 'sun/nio/fs/WindowsException'{0x00000000d5714aa0}> (0x00000000d5714aa0) 
thrown [s\src\hotspot\share\prims\jni.cpp, line 520]
Event: 25.893 Thread 0x0000000061ec1aa0 Exception <a 'sun/nio/fs/WindowsException'{0x00000000d5825218}> (0x00000000d5825218) 
thrown [s\src\hotspot\share\prims\jni.cpp, line 520]
Event: 25.923 Thread 0x0000000061ec1aa0 Exception <a 'sun/nio/fs/WindowsException'{0x00000000d56758d8}> (0x00000000d56758d8) 
thrown [s\src\hotspot\share\prims\jni.cpp, line 520]

ZGC Phase Switch (0 events):
No events

VM Operations (20 events):
Event: 26.186 Executing VM operation: ParallelGCFailedAllocation (Allocation Failure) done
Event: 26.195 Executing VM operation: ParallelGCFailedAllocation (Allocation Failure)
Event: 26.197 Executing VM operation: ParallelGCFailedAllocation (Allocation Failure) done
Event: 26.211 Executing VM operation: ParallelGCFailedAllocation (Allocation Failure)
Event: 26.213 Executing VM operation: ParallelGCFailedAllocation (Allocation Failure) done
Event: 26.224 Executing VM operation: ParallelGCFailedAllocation (Allocation Failure)
Event: 26.225 Executing VM operation: ParallelGCFailedAllocation (Allocation Failure) done
Event: 26.233 Executing VM operation: ParallelGCFailedAllocation (Allocation Failure)
Event: 26.235 Executing VM operation: ParallelGCFailedAllocation (Allocation Failure) done
Event: 26.248 Executing VM operation: ParallelGCFailedAllocation (Allocation Failure)
Event: 26.251 Executing VM operation: ParallelGCFailedAllocation (Allocation Failure) done
Event: 26.258 Executing VM operation: ParallelGCFailedAllocation (Allocation Failure)
Event: 26.260 Executing VM operation: ParallelGCFailedAllocation (Allocation Failure) done
Event: 26.269 Executing VM operation: ParallelGCFailedAllocation (Allocation Failure)
Event: 26.270 Executing VM operation: ParallelGCFailedAllocation (Allocation Failure) done
Event: 26.274 Executing VM operation: ParallelGCFailedAllocation (Allocation Failure)
Event: 26.275 Executing VM operation: ParallelGCFailedAllocation (Allocation Failure) done
Event: 26.280 Executing VM operation: ParallelGCFailedAllocation (Allocation Failure)
Event: 26.282 Executing VM operation: ParallelGCFailedAllocation (Allocation Failure) done
Event: 26.284 Executing VM operation: ParallelGCFailedAllocation (Allocation Failure)

Memory protections (0 events):
No events

Nmethod flushes (20 events):
Event: 11.654 Thread 0x0000000002d22a10 flushing  nmethod 0x0000000006731690
Event: 11.654 Thread 0x0000000002d22a10 flushing osr nmethod 0x000000000673c310
Event: 11.654 Thread 0x0000000002d22a10 flushing  nmethod 0x000000000675ad90
Event: 11.654 Thread 0x0000000002d22a10 flushing  nmethod 0x0000000006762610
Event: 11.654 Thread 0x0000000002d22a10 flushing  nmethod 0x0000000006767310
Event: 11.654 Thread 0x0000000002d22a10 flushing  nmethod 0x000000000676d510
Event: 11.654 Thread 0x0000000002d22a10 flushing  nmethod 0x000000000676e990
Event: 11.654 Thread 0x0000000002d22a10 flushing  nmethod 0x0000000006771690
Event: 11.654 Thread 0x0000000002d22a10 flushing  nmethod 0x0000000006771a10
Event: 11.654 Thread 0x0000000002d22a10 flushing  nmethod 0x000000000677c010
Event: 11.654 Thread 0x0000000002d22a10 flushing  nmethod 0x00000000067a5610
Event: 11.654 Thread 0x0000000002d22a10 flushing  nmethod 0x00000000067b1d10
Event: 11.654 Thread 0x0000000002d22a10 flushing  nmethod 0x00000000067b2310
Event: 11.654 Thread 0x0000000002d22a10 flushing  nmethod 0x00000000067b2b90
Event: 11.654 Thread 0x0000000002d22a10 flushing  nmethod 0x00000000067b3290
Event: 11.654 Thread 0x0000000002d22a10 flushing  nmethod 0x00000000067b3810
Event: 11.654 Thread 0x0000000002d22a10 flushing  nmethod 0x00000000067b7310
Event: 11.654 Thread 0x0000000002d22a10 flushing  nmethod 0x00000000067c3690
Event: 11.654 Thread 0x0000000002d22a10 flushing  nmethod 0x000000000684b410
Event: 11.654 Thread 0x0000000002d22a10 flushing  nmethod 0x0000000006850a90

Events (20 events):
Event: 14.343 Thread 0x0000000065f6c260 Thread exited: 0x0000000065f6c260
Event: 14.713 Thread 0x0000000061ec2e50 Thread added: 0x0000000065f6a190
Event: 14.714 Thread 0x0000000061ec2e50 Thread added: 0x0000000065f6a820
Event: 14.714 Thread 0x0000000061ec2e50 Thread added: 0x0000000065f6bbd0
Event: 14.715 Thread 0x0000000061ec2e50 Thread added: 0x0000000065f6aeb0
Event: 14.715 Thread 0x0000000061ec2e50 Thread added: 0x0000000065f68750
Event: 14.754 Thread 0x0000000065f6aeb0 Thread exited: 0x0000000065f6aeb0
Event: 14.754 Thread 0x0000000065f68750 Thread exited: 0x0000000065f68750
Event: 14.754 Thread 0x0000000065f6bbd0 Thread exited: 0x0000000065f6bbd0
Event: 14.754 Thread 0x0000000065f6a190 Thread exited: 0x0000000065f6a190
Event: 14.754 Thread 0x0000000065f6a820 Thread exited: 0x0000000065f6a820
Event: 16.186 Thread 0x00000000643b8910 Thread added: 0x0000000065f6a190
Event: 16.197 Thread 0x00000000643b8910 Thread added: 0x0000000065f6a820
Event: 16.297 Thread 0x00000000643b5b20 Thread added: 0x0000000065f6bbd0
Event: 18.462 Thread 0x00000000643b4e00 Thread added: 0x0000000065f6aeb0
Event: 18.462 Thread 0x0000000065f6a820 Thread added: 0x0000000065f6c260
Event: 18.462 Thread 0x0000000065f6a190 Thread added: 0x0000000071fe11e0
Event: 19.919 Thread 0x00000000643fc7a0 Thread exited: 0x00000000643fc7a0
Event: 19.925 Thread 0x000000005cc9f7b0 Thread exited: 0x000000005cc9f7b0
Event: 21.304 Thread 0x0000000065f6bbd0 Thread exited: 0x0000000065f6bbd0


Dynamic libraries:
0x00007ff7f9820000 - 0x00007ff7f982e000 	c:\Users\hmfar\.vscode\extensions\redhat.java-1.44.0-win32-x64\jre\21.0.8-win32-x86_64\bin\java.exe
0x00007ffc97600000 - 0x00007ffc97867000 	C:\WINDOWS\SYSTEM32\ntdll.dll
0x00007ffc955b0000 - 0x00007ffc95679000 	C:\WINDOWS\System32\KERNEL32.DLL
0x00007ffc94d50000 - 0x00007ffc95140000 	C:\WINDOWS\System32\KERNELBASE.dll
0x00007ffc94730000 - 0x00007ffc9487b000 	C:\WINDOWS\System32\ucrtbase.dll
0x00007ffc85980000 - 0x00007ffc85998000 	c:\Users\hmfar\.vscode\extensions\redhat.java-1.44.0-win32-x64\jre\21.0.8-win32-x86_64\bin\jli.dll
0x00007ffc6dff0000 - 0x00007ffc6e00e000 	c:\Users\hmfar\.vscode\extensions\redhat.java-1.44.0-win32-x64\jre\21.0.8-win32-x86_64\bin\VCRUNTIME140.dll
0x00007ffc95ff0000 - 0x00007ffc961b5000 	C:\WINDOWS\System32\USER32.dll
0x00007ffc7c0f0000 - 0x00007ffc7c38a000 	C:\WINDOWS\WinSxS\amd64_microsoft.windows.common-controls_6595b64144ccf1df_6.0.26100.4768_none_3e0c112ce331287c\COMCTL32.dll
0x00007ffc94c80000 - 0x00007ffc94ca7000 	C:\WINDOWS\System32\win32u.dll
0x00007ffc96380000 - 0x00007ffc96429000 	C:\WINDOWS\System32\msvcrt.dll
0x00007ffc961d0000 - 0x00007ffc961fb000 	C:\WINDOWS\System32\GDI32.dll
0x00007ffc94880000 - 0x00007ffc949b8000 	C:\WINDOWS\System32\gdi32full.dll
0x00007ffc94bd0000 - 0x00007ffc94c73000 	C:\WINDOWS\System32\msvcp_win.dll
0x00007ffc95570000 - 0x00007ffc9559f000 	C:\WINDOWS\System32\IMM32.DLL
0x00007ffc84560000 - 0x00007ffc8456c000 	c:\Users\hmfar\.vscode\extensions\redhat.java-1.44.0-win32-x64\jre\21.0.8-win32-x86_64\bin\vcruntime140_1.dll
0x00007ffc37000000 - 0x00007ffc3708d000 	c:\Users\hmfar\.vscode\extensions\redhat.java-1.44.0-win32-x64\jre\21.0.8-win32-x86_64\bin\msvcp140.dll
0x00007ffc02fa0000 - 0x00007ffc03d37000 	c:\Users\hmfar\.vscode\extensions\redhat.java-1.44.0-win32-x64\jre\21.0.8-win32-x86_64\bin\server\jvm.dll
0x00007ffc95390000 - 0x00007ffc95444000 	C:\WINDOWS\System32\ADVAPI32.dll
0x00007ffc95450000 - 0x00007ffc954f6000 	C:\WINDOWS\System32\sechost.dll
0x00007ffc958f0000 - 0x00007ffc95a08000 	C:\WINDOWS\System32\RPCRT4.dll
0x00007ffc95c90000 - 0x00007ffc95d04000 	C:\WINDOWS\System32\WS2_32.dll
0x00007ffc94590000 - 0x00007ffc945ee000 	C:\WINDOWS\SYSTEM32\POWRPROF.dll
0x00007ffc7d560000 - 0x00007ffc7d595000 	C:\WINDOWS\SYSTEM32\WINMM.dll
0x00007ffc83ad0000 - 0x00007ffc83adb000 	C:\WINDOWS\SYSTEM32\VERSION.dll
0x00007ffc94570000 - 0x00007ffc94584000 	C:\WINDOWS\SYSTEM32\UMPDC.dll
0x00007ffc93480000 - 0x00007ffc9349b000 	C:\WINDOWS\SYSTEM32\kernel.appcore.dll
0x00007ffc77480000 - 0x00007ffc7748a000 	c:\Users\hmfar\.vscode\extensions\redhat.java-1.44.0-win32-x64\jre\21.0.8-win32-x86_64\bin\jimage.dll
0x00007ffc91c00000 - 0x00007ffc91e41000 	C:\WINDOWS\SYSTEM32\DBGHELP.DLL
0x00007ffc96ae0000 - 0x00007ffc96e65000 	C:\WINDOWS\System32\combase.dll
0x00007ffc96200000 - 0x00007ffc962e0000 	C:\WINDOWS\System32\OLEAUT32.dll
0x00007ffc78140000 - 0x00007ffc78183000 	C:\WINDOWS\SYSTEM32\dbgcore.DLL
0x00007ffc94cb0000 - 0x00007ffc94d49000 	C:\WINDOWS\System32\bcryptPrimitives.dll
0x00007ffc845c0000 - 0x00007ffc845cf000 	c:\Users\hmfar\.vscode\extensions\redhat.java-1.44.0-win32-x64\jre\21.0.8-win32-x86_64\bin\instrument.dll
0x00007ffc6dfc0000 - 0x00007ffc6dfdf000 	c:\Users\hmfar\.vscode\extensions\redhat.java-1.44.0-win32-x64\jre\21.0.8-win32-x86_64\bin\java.dll
0x00007ffc96e70000 - 0x00007ffc975bd000 	C:\WINDOWS\System32\SHELL32.dll
0x00007ffc94a50000 - 0x00007ffc94bc3000 	C:\WINDOWS\System32\wintypes.dll
0x00007ffc922d0000 - 0x00007ffc92b30000 	C:\WINDOWS\SYSTEM32\windows.storage.dll
0x00007ffc95d10000 - 0x00007ffc95e05000 	C:\WINDOWS\System32\SHCORE.dll
0x00007ffc95500000 - 0x00007ffc9556a000 	C:\WINDOWS\System32\shlwapi.dll
0x00007ffc94650000 - 0x00007ffc94679000 	C:\WINDOWS\SYSTEM32\profapi.dll
0x00007ffc6c670000 - 0x00007ffc6c688000 	c:\Users\hmfar\.vscode\extensions\redhat.java-1.44.0-win32-x64\jre\21.0.8-win32-x86_64\bin\zip.dll
0x00007ffc84430000 - 0x00007ffc84440000 	C:\Users\hmfar\.vscode\extensions\redhat.java-1.44.0-win32-x64\jre\21.0.8-win32-x86_64\bin\net.dll
0x00007ffc83860000 - 0x00007ffc8397e000 	C:\WINDOWS\SYSTEM32\WINHTTP.dll
0x00007ffc939f0000 - 0x00007ffc93a5b000 	C:\WINDOWS\system32\mswsock.dll
0x00007ffc84150000 - 0x00007ffc84166000 	C:\Users\hmfar\.vscode\extensions\redhat.java-1.44.0-win32-x64\jre\21.0.8-win32-x86_64\bin\nio.dll
0x00007ffc84060000 - 0x00007ffc84070000 	c:\Users\hmfar\.vscode\extensions\redhat.java-1.44.0-win32-x64\jre\21.0.8-win32-x86_64\bin\verify.dll
0x00007ffc6a3b0000 - 0x00007ffc6a3f5000 	C:\Users\hmfar\AppData\Roaming\Code\User\globalStorage\redhat.java\1.44.0\config_win\org.eclipse.equinox.launcher\org.eclipse.equinox.launcher.win32.win32.x86_64_1.2.1400.v20250730-1736\eclipse_11913.dll
0x00007ffc95e40000 - 0x00007ffc95fe0000 	C:\WINDOWS\System32\ole32.dll
0x00007ffc93ce0000 - 0x00007ffc93cfb000 	C:\WINDOWS\SYSTEM32\CRYPTSP.dll
0x00007ffc933d0000 - 0x00007ffc9340b000 	C:\WINDOWS\system32\rsaenh.dll
0x00007ffc93aa0000 - 0x00007ffc93acb000 	C:\WINDOWS\SYSTEM32\USERENV.dll
0x00007ffc94620000 - 0x00007ffc94646000 	C:\WINDOWS\SYSTEM32\bcrypt.dll
0x00007ffc93d00000 - 0x00007ffc93d0c000 	C:\WINDOWS\SYSTEM32\CRYPTBASE.dll
0x00007ffc92e50000 - 0x00007ffc92e83000 	C:\WINDOWS\SYSTEM32\IPHLPAPI.DLL
0x00007ffc96620000 - 0x00007ffc9662a000 	C:\WINDOWS\System32\NSI.dll
0x00007ffc66b60000 - 0x00007ffc66ba9000 	C:\Users\hmfar\AppData\Local\Temp\jna-99394546\jna5934488077620475821.dll
0x00007ffc962f0000 - 0x00007ffc962f8000 	C:\WINDOWS\System32\PSAPI.DLL
0x00007ffc810c0000 - 0x00007ffc810df000 	C:\WINDOWS\SYSTEM32\dhcpcsvc6.DLL
0x00007ffc80c10000 - 0x00007ffc80c35000 	C:\WINDOWS\SYSTEM32\dhcpcsvc.DLL

JVMTI agents:
c:\Users\hmfar\.vscode\extensions\redhat.java-1.44.0-win32-x64\lombok\lombok-1.18.39-4050.jar path:c:\Users\hmfar\.vscode\extensions\redhat.java-1.44.0-win32-x64\jre\21.0.8-win32-x86_64\bin\instrument.dll, loaded, initialized, instrumentlib options:none

dbghelp: loaded successfully - version: 4.0.5 - missing functions: none
symbol engine: initialized successfully - sym options: 0x614 - pdb path: .;c:\Users\hmfar\.vscode\extensions\redhat.java-1.44.0-win32-x64\jre\21.0.8-win32-x86_64\bin;C:\WINDOWS\SYSTEM32;C:\WINDOWS\WinSxS\amd64_microsoft.windows.common-controls_6595b64144ccf1df_6.0.26100.4768_none_3e0c112ce331287c;c:\Users\hmfar\.vscode\extensions\redhat.java-1.44.0-win32-x64\jre\21.0.8-win32-x86_64\bin\server;C:\Users\hmfar\AppData\Roaming\Code\User\globalStorage\redhat.java\1.44.0\config_win\org.eclipse.equinox.launcher\org.eclipse.equinox.launcher.win32.win32.x86_64_1.2.1400.v20250730-1736;C:\Users\hmfar\AppData\Local\Temp\jna-99394546

VM Arguments:
jvm_args: --add-modules=ALL-SYSTEM --add-opens=java.base/java.util=ALL-UNNAMED --add-opens=java.base/java.lang=ALL-UNNAMED --add-opens=java.base/sun.nio.fs=ALL-UNNAMED -Declipse.application=org.eclipse.jdt.ls.core.id1 -Dosgi.bundles.defaultStartLevel=4 -Declipse.product=org.eclipse.jdt.ls.core.product -Djava.import.generatesMetadataFilesAtProjectRoot=false -DDetectVMInstallationsJob.disabled=true -Dfile.encoding=utf8 -XX:+UseParallelGC -XX:GCTimeRatio=4 -XX:AdaptiveSizePolicyWeight=90 -Dsun.zip.disableMemoryMapping=true -Xmx2G -Xms100m -Xlog:disable -javaagent:c:\Users\hmfar\.vscode\extensions\redhat.java-1.44.0-win32-x64\lombok\lombok-1.18.39-4050.jar -XX:+HeapDumpOnOutOfMemoryError -XX:HeapDumpPath=c:\Users\hmfar\AppData\Roaming\Code\User\workspaceStorage\b6be3db273aae4f6e34850daa762c5b9\redhat.java -Daether.dependencyCollector.impl=bf 
java_command: c:\Users\hmfar\.vscode\extensions\redhat.java-1.44.0-win32-x64\server\plugins\org.eclipse.equinox.launcher_1.7.0.v20250519-0528.jar -configuration c:\Users\hmfar\AppData\Roaming\Code\User\globalStorage\redhat.java\1.44.0\config_win -data c:\Users\hmfar\AppData\Roaming\Code\User\workspaceStorage\b6be3db273aae4f6e34850daa762c5b9\redhat.java\jdt_ws --pipe=\\.\pipe\lsp-67652ae774dc76dfe6f2845fb47367f0-sock
java_class_path (initial): c:\Users\hmfar\.vscode\extensions\redhat.java-1.44.0-win32-x64\server\plugins\org.eclipse.equinox.launcher_1.7.0.v20250519-0528.jar
Launcher Type: SUN_STANDARD

[Global flags]
    uintx AdaptiveSizePolicyWeight                 = 90                                        {product} {command line}
     intx CICompilerCount                          = 4                                         {product} {ergonomic}
    uintx GCTimeRatio                              = 4                                         {product} {command line}
     bool HeapDumpOnOutOfMemoryError               = true                                   {manageable} {command line}
    ccstr HeapDumpPath                             = c:\Users\hmfar\AppData\Roaming\Code\User\workspaceStorage\b6be3db273aae4f6e34850daa762c5b9\redhat.java         {manageable} {command line}
   size_t InitialHeapSize                          = 104857600                                 {product} {command line}
   size_t MaxHeapSize                              = 2147483648                                {product} {command line}
   size_t MaxNewSize                               = 715653120                                 {product} {ergonomic}
   size_t MinHeapDeltaBytes                        = 524288                                    {product} {ergonomic}
   size_t MinHeapSize                              = 104857600                                 {product} {command line}
   size_t NewSize                                  = 34603008                                  {product} {ergonomic}
    uintx NonNMethodCodeHeapSize                   = 5839372                                {pd product} {ergonomic}
    uintx NonProfiledCodeHeapSize                  = 122909434                              {pd product} {ergonomic}
   size_t OldSize                                  = 70254592                                  {product} {ergonomic}
    uintx ProfiledCodeHeapSize                     = 122909434                              {pd product} {ergonomic}
    uintx ReservedCodeCacheSize                    = 251658240                              {pd product} {ergonomic}
     bool SegmentedCodeCache                       = true                                      {product} {ergonomic}
   size_t SoftMaxHeapSize                          = 2147483648                             {manageable} {ergonomic}
     bool UseCompressedOops                        = true                           {product lp64_product} {ergonomic}
     bool UseLargePagesIndividualAllocation        = false                                  {pd product} {ergonomic}
     bool UseParallelGC                            = true                                      {product} {command line}

Logging:
Log output configuration:
 #0: stdout all=off uptime,level,tags foldmultilines=false
 #1: stderr all=off uptime,level,tags foldmultilines=false

Environment Variables:
JAVA_HOME=C:\Program Files\Java\jdk-17
PATH=C:\Program Files\Common Files\Oracle\Java\javapath;C:\Program Files\Java\jdk1.8.0_172\bin;C:\Program Files (x86)\Common Files\Intel\Shared Libraries\redist\intel64\compiler;C:\Python311\Scripts\;C:\Python311\;C:\Program Files (x86)\Common Files\Oracle\Java\javapath;C:\WINDOWS\system32;C:\WINDOWS;C:\WINDOWS\System32\Wbem;C:\WINDOWS\System32\WindowsPowerShell\v1.0\;C:\WINDOWS\System32\OpenSSH\;C:\ProgramData\chocolatey\bin;D:\Programming\apache-maven-3.8.6-bin\apache-maven-3.8.6\bin;C:\Program Files\PuTTY\;C:\Program Files\nodejs\;C:\Program Files\Java\jdk-17\bin;C:\Program Files\Java\jdk-11\bin;C:\Users\hmfar\AppData\Local\Microsoft\WindowsApps;C:\Users\hmfar\AppData\Local\Programs\Microsoft VS Code\bin;C:\Users\hmfar\AppData\Roaming\npm;
USERNAME=hmfar
OS=Windows_NT
PROCESSOR_IDENTIFIER=Intel64 Family 6 Model 140 Stepping 1, GenuineIntel
TMP=C:\Users\hmfar\AppData\Local\Temp
TEMP=C:\Users\hmfar\AppData\Local\Temp




Periodic native trim disabled

---------------  S Y S T E M  ---------------

OS:
 Windows 11 , 64 bit Build 26100 (10.0.26100.4768)
OS uptime: 1 days 7:52 hours
Hyper-V role detected

CPU: total 8 (initial active 8) (4 cores per cpu, 2 threads per core) family 6 model 140 stepping 1 microcode 0x86, cx8, cmov, fxsr, ht, mmx, 3dnowpref, sse, sse2, sse3, ssse3, sse4.1, sse4.2, popcnt, lzcnt, tsc, tscinvbit, avx, avx2, aes, erms, clmul, bmi1, bmi2, adx, avx512f, avx512dq, avx512cd, avx512bw, avx512vl, sha, fma, vzeroupper, avx512_vpopcntdq, avx512_vpclmulqdq, avx512_vaes, avx512_vnni, clflush, clflushopt, clwb, avx512_vbmi2, avx512_vbmi, hv, rdtscp, rdpid, fsrm, gfni, avx512_bitalg, f16c, cet_ibt, cet_ss, avx512_ifma
Processor Information for the first 8 processors :
  Max Mhz: 3110, Current Mhz: 3110, Mhz Limit: 3110

Memory: 4k page, system-wide physical 7975M (1081M free)
TotalPageFile size 26602M (AvailPageFile size 2M)
current process WorkingSet (physical memory assigned to process): 1042M, peak: 1042M
current process commit charge ("private bytes"): 993M, peak: 994M

vm_info: OpenJDK 64-Bit Server VM (21.0.8+9-LTS) for windows-amd64 JRE (21.0.8+9-LTS), built on 2025-07-15T00:00:00Z by "admin" with MS VC++ 17.7 (VS2022)

END.
